Fallout 4 v1.10.163
Buffout 4 v1.37.0 Mar 12 2025 22:11:48

Unhandled exception "EXCEPTION_ACCESS_VIOLATION" at 0x7FF6649F350D Fallout4.exe+073350D	movzx r14d, word ptr [rcx+rax*2] |  _lambda_984cb5f7ca9e1dc6a90c4fde6fd1366f_::operator()_73350D)
Exception Flags: 0x00000000
Number of Parameters: 2
Access Violation: Tried to read memory at 0x026D18A30000

	[Compatibility]
		F4EE: true
	[Debug]
		Symcache: c:symcache
		WaitForDebugger: false
	[Fixes]
		ActorIsHostileToActor: true
		BGSAIWorldLocationRefRadiusNull: true
		BSLightingShaderMaterialGlowmap: true
		BackportedBA2Support: true
		CellInit: true
		CreateD3DAndSwapChain: true
		EncounterZoneReset: true
		EscapeFreeze: true
		FixScriptPageAllocation: true
		FixToggleScriptsCommand: true
		FollowerStrayBullet: true
		GreyMovies: true
		InteriorNavCut: true
		MagicEffectApplyEvent: true
		MovementPlanner: true
		PackageAllocateLocation: true
		PipboyLightInvFix: true
		SafeExit: true
		TESObjectREFRGetEncounterZone: true
		UnalignedLoad: true
		UtilityShader: true
		WorkBenchSwap: true
	[Patches]
		Achievements: true
		BSMTAManager: true
		BSPreCulledObjects: true
		BSTextureStreamerLocalHeap: false
		HavokMemorySystem: false
		INISettingCollection: true
		InputSwitch: false
		MaxStdIO: 2048
		MemoryManager: false
		MemoryManagerDebug: false
		ScaleformAllocator: false
		SmallBlockAllocator: false
		WorkshopMenu: true
	[Tweaks]
		MaxPapyrusOpsPerFrame: 1000
	[Warnings]
		CreateTexture2D: true
		ImageSpaceAdapter: true

SYSTEM SPECS:
	OS: Microsoft Windows 11 Pro v10.0.26100
	CPU: AuthenticAMD AMD Ryzen 7 7800X3D 8-Core Processor           
	GPU #1: Nvidia AD104 [GeForce RTX 4070]
	GPU #2: Microsoft Basic Render Driver
	PHYSICAL MEMORY: 28.14 GB/63.60 GB


PROBABLE CALL STACK:
	[0] 0x7FF6649F350D Fallout4.exe+073350D	movzx r14d, word ptr [rcx+rax*2] |  _lambda_984cb5f7ca9e1dc6a90c4fde6fd1366f_::operator()_73350D -> 703355+0x6D	movzx r14d, word ptr [rcx+rax*2]
	[1] 0x7FF6649F1444 Fallout4.exe+0731444	inc edi |  BSTempEffectGeometryDecal::DecalProjection(void)_731444 -> 825090+0x664	inc edi
	[2] 0x7FF664441959 Fallout4.exe+0181959	mov rcx, [rsp+0x20] |  BGSDecalManager::ProcessQueuedSkinnedDecals(void)_181959 -> 171892+0x59	mov rcx, [rsp+0x20]
	[3] 0x7FF665E10F26 Fallout4.exe+1B50F26	mov ecx, [rbx+0x0C] |  BSJobs::JobListLocal::RunJobsInternal(uint,BSJobs::ThreadJobListState&,bool)_1B50F26 -> 329005+0xC6	mov ecx, [rbx+0x0C]
	[4] 0x7FF665E11432 Fallout4.exe+1B51432	mov r14d, eax |  BSJobs::JobThread::RunJob(void)_1B51432 -> 194800+0x202	mov r14d, eax
	[5] 0x7FF665E13F67 Fallout4.exe+1B53F67	movzx eax, byte ptr [rbx+0xA74] |  BSJobs::JobThread::ThreadProc(void)_1B53F67 -> 1492866+0x67	movzx eax, byte ptr [rbx+0xA74]
	[6] 0x7FF665DDCFED Fallout4.exe+1B1CFED	mov rcx, [0x00007FF669E1BD38] |  BSThread::CallThreadProc(void)_1B1CFED -> 1079791+0x3D	mov rcx, [0x00007FF669E1BD38]
	[7] 0x7FFC3C00E8D7 KERNEL32.DLL+002E8D7
	[8] 0x7FFC3CB114FC    ntdll.dll+00B14FC

REGISTERS:
	RAX 0x31B438           (size_t) [3257400]
	RCX 0x26D183F9790      (char*) "O"
	RDX 0x23420            (size_t) [144416]
	RBX 0xD5DC07F7F0       (void*)
	RSP 0xD5DC07F6A0       (void*)
	RBP 0x6                (size_t) [6]
	RSI 0x0                (size_t) [0]
	RDI 0xFFEF6E98         (size_t) [4293881496]
	R8  0x0                (size_t) [0]
	R9  0x0                (size_t) [0]
	R10 0x0                (size_t) [0]
	R11 0x7FFB380335D4     (void* -> x-cell-og.dll+00B35D4	vmovdqu [rcx+r8*1-0x20], ymm0 |  D:\a\_work\1\s\src\vctools\crt\vcruntime\src\string\amd64\memset.asm:325 memset)
	R12 0x0                (size_t) [0]
	R13 0x31B439           (size_t) [3257401]
	R14 0x0                (size_t) [0]
	R15 0x0                (size_t) [0]

STACK:
	[RSP+0  ] 0x0                (size_t) [0]
	[RSP+8  ] 0xD5DC07F7F0       (void*)
	[RSP+10 ] 0xFFEF7153         (size_t) [4293882195]
	[RSP+18 ] 0x0                (size_t) [0]
	[RSP+20 ] 0x0                (size_t) [0]
	[RSP+28 ] 0x0                (size_t) [0]
	[RSP+30 ] 0x26FA1D6DD80      (BSTempEffectGeometryDecal*)
	[RSP+38 ] 0x0                (size_t) [0]
	[RSP+40 ] 0x6                (size_t) [6]
	[RSP+48 ] 0xD5DC07F800       (void*)
	[RSP+50 ] 0x26FD8046440      (void*)
	[RSP+58 ] 0x7FF6649F1444     (void* -> Fallout4.exe+0731444	inc edi |  BSTempEffectGeometryDecal::DecalProjection(void)_731444)
	[RSP+60 ] 0x0                (size_t) [0]
	[RSP+68 ] 0x0                (size_t) [0]
	[RSP+70 ] 0x4                (size_t) [4]
	[RSP+78 ] 0xD5DC07F800       (void*)
	[RSP+80 ] 0xD5DC07F830       (void*)
	[RSP+88 ] 0x7FFB37FF1A20     (void* -> x-cell-og.dll+0071A20	lea r11, [rsp+0x190] |  E:\Projects\X-Cell-FO4\depends\vmm\source\vmmmain.cpp:789 voltek::memory_manager::memory_manager::free (mangled: ?free@memory_manager@1voltek@@QEAA_NPEBX@Z))
	[RSP+90 ] 0x26FF1A02401      (void*)
	[RSP+98 ] 0x26DD3E46630      (BSGeometrySegmentData*)
	[RSP+A0 ] 0x2000069C63       (size_t) [137439386723]
	[RSP+A8 ] 0x88               (size_t) [136]
	[RSP+B0 ] 0x26D1C3FDBA0      (void*)
	[RSP+B8 ] 0x26FD8AC7940      (void*)
	[RSP+C0 ] 0x26D15BC76F0      (void*)
	[RSP+C8 ] 0x26F439C4330      (void*)
	[RSP+D0 ] 0x26D183F9790      (char*) "O"
	[RSP+D8 ] 0x2000000008       (size_t) [137438953480]
	[RSP+E0 ] 0x8                (size_t) [8]
	[RSP+E8 ] 0x26FBE9A5140      (void*)
	[RSP+F0 ] 0x8                (size_t) [8]
	[RSP+F8 ] 0x2700A6AC240      (void*)
	[RSP+100] 0x0                (size_t) [0]
	[RSP+108] 0x26CFA239820      (void*)
	[RSP+110] 0x2702DDEC6E0      (void*)
	[RSP+118] 0x26FD8046440      (void*)
	[RSP+120] 0x26D266AD090      (void*)
	[RSP+128] 0x7FFB380A2C00     (void* -> x-cell-og.dll+0122C00	nop |  ??_7simple_scope_lock@_internal@core@voltek@@6B@_122C00)
	[RSP+130] 0x26CBAF98280      (voltek::core::_internal::simple_lock*)
	[RSP+138] 0x556D43AD3653     (size_t) [93927775221331]
	[RSP+140] 0x9C0              (size_t) [2496]
	[RSP+148] 0x26D6BAE0C90      (void*)
	[RSP+150] 0xD5DC07F738       (void*)
	[RSP+158] 0xD5DC07F770       (void*)
	[RSP+160] 0xD5DC07F758       (void*)
	[RSP+168] 0xD5DC07F8D0       (void*)
	[RSP+170] 0xD5DC07F750       (void*)
	[RSP+178] 0xD5DC07F870       (void*)
	[RSP+180] 0xD5DC07F760       (void*)
	[RSP+188] 0xD5DC07FA58       (void*)
	[RSP+190] 0x3C1F052CBC09ACD0 (size_t) [4332187056245157072]
	[RSP+198] 0xBF11ECDC         (size_t) [3205623004]
	[RSP+1A0] 0x3BAC96AEBBF25270 (size_t) [4299977421453677168]
	[RSP+1A8] 0x3F50595A         (size_t) [1062230362]
	[RSP+1B0] 0x3C351CE63C329C35 (size_t) [4338405591219346485]
	[RSP+1B8] 0x3DE6D3CC         (size_t) [1038537676]
	[RSP+1C0] 0xBEE89E26BEC59B50 (size_t) [uint: 13756418951049747280 int: -4690325122659804336]
	[RSP+1C8] 0x3F800000C1E3BECE (size_t) [4575657224661352142]
	[RSP+1D0] 0xD5DC07F768       (void*)
	[RSP+1D8] 0xD5DC07F788       (void*)
	[RSP+1E0] 0xD5DC07F740       (void*)
	[RSP+1E8] 0xD5DC07F798       (void*)
	[RSP+1F0] 0xD5DC07FA48       (void*)
	[RSP+1F8] 0xD5DC07F744       (char*) " "
	[RSP+200] 0xD5DC07F7C0       (void*)
	[RSP+208] 0xD5DC07F77C       (char*) " "
	[RSP+210] 0xD5DC07F778       (void*)
	[RSP+218] 0x26FA1D6DD80      (BSTempEffectGeometryDecal*)
	[RSP+220] 0xD5DC07F750       (void*)
	[RSP+228] 0x0                (size_t) [0]
	[RSP+230] 0xBF50594F3F11ECEA (size_t) [uint: 13785616656276516074 int: -4661127417433035542]
	[RSP+238] 0x3F800000BDE6D3CC (size_t) [4575657224594445260]
	[RSP+240] 0x3F50594FBF11ECEA (size_t) [4562244621569223914]
	[RSP+248] 0xBF8000003DE6D3CC (size_t) [uint: 13799029259301737420 int: -4647714814407814196]
	[RSP+250] 0x0                (size_t) [0]
	[RSP+258] 0x0                (size_t) [0]
	[RSP+260] 0x26CD97B0630      (void*)
	[RSP+268] 0x7FF66501D51C     (void* -> Fallout4.exe+0D5D51C	movzx edx, al |  TaskQueueInterface::QueueShow1stPerson(bool)_D5D51C)
	[RSP+270] 0x0                (size_t) [0]
	[RSP+278] 0x0                (size_t) [0]
	[RSP+280] 0x26FA1CA3920      (BSTempEffectGeometryDecal*)
	[RSP+288] 0x0                (size_t) [0]
	[RSP+290] 0x48               (size_t) [72]
	[RSP+298] 0x26FA1CA3920      (BSTempEffectGeometryDecal*)
	[RSP+2A0] 0x0                (size_t) [0]
	[RSP+2A8] 0x0                (size_t) [0]
	[RSP+2B0] 0x0                (size_t) [0]
	[RSP+2B8] 0x0                (size_t) [0]
	[RSP+2C0] 0x0                (size_t) [0]
	[RSP+2C8] 0x0                (size_t) [0]
	[RSP+2D0] 0x0                (size_t) [0]
	[RSP+2D8] 0x0                (size_t) [0]
	[RSP+2E0] 0x0                (size_t) [0]
	[RSP+2E8] 0x0                (size_t) [0]
	[RSP+2F0] 0x0                (size_t) [0]
	[RSP+2F8] 0x0                (size_t) [0]
	[RSP+300] 0x0                (size_t) [0]
	[RSP+308] 0x0                (size_t) [0]
	[RSP+310] 0x0                (size_t) [0]
	[RSP+318] 0x0                (size_t) [0]
	[RSP+320] 0x0                (size_t) [0]
	[RSP+328] 0x0                (size_t) [0]
	[RSP+330] 0x0                (size_t) [0]
	[RSP+338] 0x0                (size_t) [0]
	[RSP+340] 0x0                (size_t) [0]
	[RSP+348] 0x0                (size_t) [0]
	[RSP+350] 0x500080000        (size_t) [21475360768]
	[RSP+358] 0x7FF669EA8084     (void* -> Fallout4.exe+5BE8084	add [rax], al |  aDiveBombChance_5BE8084)
	[RSP+360] 0x1                (size_t) [1]
	[RSP+368] 0x7FF669EA8080     (void* -> Fallout4.exe+5BE8080	add [rax], al |  aDiveBombChance_5BE8080)
	[RSP+370] 0x7FF669EA8088     (void* -> Fallout4.exe+5BE8088	add [rax], al |  aDiveBombChance_5BE8088)
	[RSP+378] 0x0                (size_t) [0]
	[RSP+380] 0x7FF669D689E0     (BSTCommonStaticMessageQueue<BGSDecalManager::PendingSkinnedDecal,128>*)
	[RSP+388] 0x7FF669EA9630     (void* -> Fallout4.exe+5BE9630	push rax |  aDiveBombChance_5BE9630)
	[RSP+390] 0x0                (size_t) [0]
	[RSP+398] 0x7FF664441959     (void* -> Fallout4.exe+0181959	mov rcx, [rsp+0x20] |  BGSDecalManager::ProcessQueuedSkinnedDecals(void)_181959)
	[RSP+3A0] 0x26FA1D6DD80      (BSTempEffectGeometryDecal*)
	[RSP+3A8] 0x7FF669EA0882     (void* -> Fallout4.exe+5BE0882	 |  aDiveBombChance_5BE0882)
	[RSP+3B0] 0x5B00050430208    (size_t) [1600890276610568]
	[RSP+3B8] 0x7FF600023421     (size_t) [140694538826785]
	[RSP+3C0] 0x26FA1D6DD80      (BSTempEffectGeometryDecal*)
	[RSP+3C8] 0x26FF1026970      (BSSubIndexTriShape*)
		Name: "ScienceF_VTLabCoatDirty"
		RTTIName: "BSSubIndexTriShape"
		Flags: e
		Checking TESObjectREFR: 
			Object Reference: 
			Flags: 0x00000008
			FormID: 0xFF0084E2
			FormType: kNPC_ (45)
		Checking Parent: 
			Name: "SS2E_AA_Dept_Scientist_5 (1800710B)[1]/SS2E_AO_Dept_Scientist_5 (18007124)"
			RTTIName: "NiNode"
			Flags: e
			Checking TESObjectREFR: 
				Object Reference: 
				Flags: 0x00000008
				FormID: 0xFF0084E2
				FormType: kNPC_ (45)
			Checking Parent: 
				Name: "skeleton.nif"
				RTTIName: "BSFadeNode"
				Flags: 200a31480400e
				Checking TESObjectREFR: 
					Object Reference: 
					Flags: 0x00000008
					FormID: 0xFF0084E2
					FormType: kNPC_ (45)
				Checking Parent: 
					RTTIName: "NiNode"
					Flags: 80002000280e
					Checking Parent: 
						RTTIName: "BSMultiBoundNode"
						Flags: 4002000280e
						Checking Parent: 
							Name: "ObjectLODRoot"
							RTTIName: "NiNode"
							Flags: 2000280e
							Checking Parent: 
								Name: "shadow scene node"
								RTTIName: "ShadowSceneNode"
								Flags: 2000280e
								Checking Parent: 
									Name: "WorldRoot Node"
									RTTIName: "SceneGraph"
									Flags: 2000280e
		Name: "ScienceF_VTLabCoatDirty"
	[RSP+3D0] 0x2                (size_t) [2]
	[RSP+3D8] 0x7FFC3A2CCDCF     (void* -> KERNELBASE.dll+004CDCF	nop [rax+rax*1], eax)
	[RSP+3E0] 0x26CEF706050      (void*)
	[RSP+3E8] 0x7FF665E10F26     (void* -> Fallout4.exe+1B50F26	mov ecx, [rbx+0x0C] |  BSJobs::JobListLocal::RunJobsInternal(uint,BSJobs::ThreadJobListState&,bool)_1B50F26)
	[RSP+3F0] 0x7FF669EA9630     (void* -> Fallout4.exe+5BE9630	push rax |  aDiveBombChance_5BE9630)
	[RSP+3F8] 0x7FF600000002     (size_t) [140694538682370]
	[RSP+400] 0x0                (size_t) [0]
	[RSP+408] 0x0                (size_t) [0]
	[RSP+410] 0x0                (size_t) [0]
	[RSP+418] 0x0                (size_t) [0]
	[RSP+420] 0x7FF669EC0C40     (void* -> Fallout4.exe+5C00C40	push rax |  aDiveBombChance_5C00C40)
	[RSP+428] 0x1                (size_t) [1]
	[RSP+430] 0x7FF669EA95C0     (BSJobs::JobThread*)
	[RSP+438] 0x7FF665E11432     (void* -> Fallout4.exe+1B51432	mov r14d, eax |  BSJobs::JobThread::RunJob(void)_1B51432)
	[RSP+440] 0x1                (size_t) [1]
	[RSP+448] 0x7FF669EA95E0     (void* -> Fallout4.exe+5BE95E0	add [rax], al |  aDiveBombChance_5BE95E0)
	[RSP+450] 0x0                (size_t) [0]
	[RSP+458] 0x0                (size_t) [0]
	[RSP+460] 0x0                (size_t) [0]
	[RSP+468] 0x0                (size_t) [0]
	[RSP+470] 0x0                (size_t) [0]
	[RSP+478] 0x7FF665E13F67     (void* -> Fallout4.exe+1B53F67	movzx eax, byte ptr [rbx+0xA74] |  BSJobs::JobThread::ThreadProc(void)_1B53F67)
	[RSP+480] 0x7FF669EA95C0     (BSJobs::JobThread*)
	[RSP+488] 0x0                (size_t) [0]
	[RSP+490] 0x0                (size_t) [0]
	[RSP+498] 0x0                (size_t) [0]
	[RSP+4A0] 0x7FF669EA95C0     (BSJobs::JobThread*)
	[RSP+4A8] 0x7FF665DDCFED     (void* -> Fallout4.exe+1B1CFED	mov rcx, [0x00007FF669E1BD38] |  BSThread::CallThreadProc(void)_1B1CFED)
	[RSP+4B0] 0x5B60             (size_t) [23392]
	[RSP+4B8] 0xD5DC07FB70       (void*)
	[RSP+4C0] 0x26CD97AD4C0      (void*)
	[RSP+4C8] 0x0                (size_t) [0]
	[RSP+4D0] 0x7FF669EA95C0     (BSJobs::JobThread*)
	[RSP+4D8] 0x0                (size_t) [0]
	[RSP+4E0] 0x0                (size_t) [0]
	[RSP+4E8] 0x7FFC3C00E8D7     (void* -> KERNEL32.DLL+002E8D7	mov ecx, eax)
	[RSP+4F0] 0x0                (size_t) [0]
	[RSP+4F8] 0x0                (size_t) [0]
	[RSP+500] 0x0                (size_t) [0]
	[RSP+508] 0x0                (size_t) [0]
	[RSP+510] 0x0                (size_t) [0]
	[RSP+518] 0x7FFC3CB114FC     (void* -> ntdll.dll+00B14FC	jmp 0x00007FFC3CB11526)
	[RSP+520] 0x0                (size_t) [0]
	[RSP+528] 0x0                (size_t) [0]
	[RSP+530] 0x4F0FFFFFB30      (size_t) [5433133628208]
	[RSP+538] 0x4D0FFFFFB30      (size_t) [5295694674736]
	[RSP+540] 0x21               (size_t) [33]
	[RSP+548] 0x7FFC3A399D80     (void* -> KERNELBASE.dll+0119D80	mov [rsp+0x10], rbx)
	[RSP+550] 0xD5DC07E180       (void*)
	[RSP+558] 0xD5DC07E180       (void*)
	[RSP+560] 0x0                (size_t) [0]
	[RSP+568] 0x0                (size_t) [0]
	[RSP+570] 0x0                (size_t) [0]
	[RSP+578] 0x0                (size_t) [0]
	[RSP+580] 0x0                (size_t) [0]
	[RSP+588] 0x0                (size_t) [0]
	[RSP+590] 0x0                (size_t) [0]
	[RSP+598] 0x0                (size_t) [0]
	[RSP+5A0] 0x0                (size_t) [0]
	[RSP+5A8] 0x0                (size_t) [0]
	[RSP+5B0] 0x0                (size_t) [0]
	[RSP+5B8] 0x0                (size_t) [0]
	[RSP+5C0] 0x0                (size_t) [0]
	[RSP+5C8] 0x0                (size_t) [0]
	[RSP+5D0] 0x0                (size_t) [0]
	[RSP+5D8] 0x0                (size_t) [0]
	[RSP+5E0] 0x0                (size_t) [0]
	[RSP+5E8] 0x0                (size_t) [0]
	[RSP+5F0] 0x0                (size_t) [0]
	[RSP+5F8] 0x0                (size_t) [0]
	[RSP+600] 0x0                (size_t) [0]
	[RSP+608] 0x0                (size_t) [0]
	[RSP+610] 0x0                (size_t) [0]
	[RSP+618] 0x0                (size_t) [0]
	[RSP+620] 0x0                (size_t) [0]
	[RSP+628] 0x0                (size_t) [0]
	[RSP+630] 0x0                (size_t) [0]
	[RSP+638] 0x0                (size_t) [0]
	[RSP+640] 0x0                (size_t) [0]
	[RSP+648] 0x0                (size_t) [0]
	[RSP+650] 0x0                (size_t) [0]
	[RSP+658] 0x0                (size_t) [0]
	[RSP+660] 0x0                (size_t) [0]
	[RSP+668] 0x0                (size_t) [0]
	[RSP+670] 0x0                (size_t) [0]
	[RSP+678] 0x0                (size_t) [0]
	[RSP+680] 0x0                (size_t) [0]
	[RSP+688] 0x0                (size_t) [0]
	[RSP+690] 0x0                (size_t) [0]
	[RSP+698] 0x0                (size_t) [0]
	[RSP+6A0] 0x0                (size_t) [0]
	[RSP+6A8] 0x0                (size_t) [0]
	[RSP+6B0] 0x0                (size_t) [0]
	[RSP+6B8] 0x0                (size_t) [0]
	[RSP+6C0] 0x0                (size_t) [0]
	[RSP+6C8] 0x0                (size_t) [0]
	[RSP+6D0] 0x0                (size_t) [0]
	[RSP+6D8] 0x0                (size_t) [0]
	[RSP+6E0] 0x0                (size_t) [0]
	[RSP+6E8] 0x0                (size_t) [0]
	[RSP+6F0] 0x0                (size_t) [0]
	[RSP+6F8] 0x0                (size_t) [0]
	[RSP+700] 0x0                (size_t) [0]
	[RSP+708] 0x0                (size_t) [0]
	[RSP+710] 0x0                (size_t) [0]
	[RSP+718] 0x0                (size_t) [0]
	[RSP+720] 0x0                (size_t) [0]
	[RSP+728] 0x0                (size_t) [0]
	[RSP+730] 0x0                (size_t) [0]
	[RSP+738] 0x0                (size_t) [0]
	[RSP+740] 0x0                (size_t) [0]
	[RSP+748] 0x0                (size_t) [0]
	[RSP+750] 0x0                (size_t) [0]
	[RSP+758] 0x0                (size_t) [0]
	[RSP+760] 0x0                (size_t) [0]
	[RSP+768] 0x0                (size_t) [0]
	[RSP+770] 0x0                (size_t) [0]
	[RSP+778] 0x0                (size_t) [0]
	[RSP+780] 0x0                (size_t) [0]
	[RSP+788] 0x0                (size_t) [0]
	[RSP+790] 0x0                (size_t) [0]
	[RSP+798] 0x0                (size_t) [0]
	[RSP+7A0] 0x0                (size_t) [0]
	[RSP+7A8] 0x0                (size_t) [0]
	[RSP+7B0] 0x0                (size_t) [0]
	[RSP+7B8] 0x0                (size_t) [0]
	[RSP+7C0] 0x0                (size_t) [0]
	[RSP+7C8] 0x0                (size_t) [0]
	[RSP+7D0] 0x0                (size_t) [0]
	[RSP+7D8] 0x0                (size_t) [0]
	[RSP+7E0] 0x0                (size_t) [0]
	[RSP+7E8] 0x0                (size_t) [0]
	[RSP+7F0] 0x0                (size_t) [0]
	[RSP+7F8] 0x0                (size_t) [0]
	[RSP+800] 0x0                (size_t) [0]
	[RSP+808] 0x0                (size_t) [0]
	[RSP+810] 0x0                (size_t) [0]
	[RSP+818] 0x0                (size_t) [0]
	[RSP+820] 0x0                (size_t) [0]
	[RSP+828] 0x0                (size_t) [0]
	[RSP+830] 0x0                (size_t) [0]
	[RSP+838] 0x0                (size_t) [0]
	[RSP+840] 0x0                (size_t) [0]
	[RSP+848] 0x0                (size_t) [0]
	[RSP+850] 0x0                (size_t) [0]
	[RSP+858] 0x0                (size_t) [0]
	[RSP+860] 0x0                (size_t) [0]
	[RSP+868] 0x0                (size_t) [0]
	[RSP+870] 0x0                (size_t) [0]
	[RSP+878] 0x0                (size_t) [0]
	[RSP+880] 0x0                (size_t) [0]
	[RSP+888] 0x0                (size_t) [0]
	[RSP+890] 0x0                (size_t) [0]
	[RSP+898] 0x0                (size_t) [0]
	[RSP+8A0] 0x0                (size_t) [0]
	[RSP+8A8] 0x0                (size_t) [0]
	[RSP+8B0] 0x0                (size_t) [0]
	[RSP+8B8] 0x0                (size_t) [0]
	[RSP+8C0] 0x0                (size_t) [0]
	[RSP+8C8] 0x0                (size_t) [0]
	[RSP+8D0] 0x0                (size_t) [0]
	[RSP+8D8] 0x0                (size_t) [0]
	[RSP+8E0] 0x0                (size_t) [0]
	[RSP+8E8] 0x0                (size_t) [0]
	[RSP+8F0] 0x0                (size_t) [0]
	[RSP+8F8] 0x0                (size_t) [0]
	[RSP+900] 0x0                (size_t) [0]
	[RSP+908] 0x0                (size_t) [0]
	[RSP+910] 0x0                (size_t) [0]
	[RSP+918] 0x0                (size_t) [0]
	[RSP+920] 0x0                (size_t) [0]
	[RSP+928] 0x0                (size_t) [0]
	[RSP+930] 0x0                (size_t) [0]
	[RSP+938] 0x0                (size_t) [0]
	[RSP+940] 0x0                (size_t) [0]
	[RSP+948] 0x0                (size_t) [0]
	[RSP+950] 0x0                (size_t) [0]
	[RSP+958] 0x0                (size_t) [0]

MODULES:
	XINPUT1_3.dll                      0x000000400000
	X3DAudio1_7.dll                    0x00006E660000
	steam_api64.dll                    0x00006E670000
	LL_fourPlay_1_10_163.dll           0x000180000000
	bcryptPrimitives.dll               0x026CA89D0000
	BakaAutoLockpicking.dll            0x026CABAD0000
	WINTRUST.DLL                       0x026D4D930000
	Fallout4.exe                       0x7FF6642C0000
	libxess.dll                        0x7FFB1F920000
	nvAIHDRx.dll                       0x7FFB245C0000
	NvCamera64.dll                     0x7FFB25380000
	nvngx_dlss.dll                     0x7FFB25BF0000
	dxilconv.dll                       0x7FFB358B0000
	d3dcompiler_47_64.dll              0x7FFB35A30000
	nvngx_dlssg.dll                    0x7FFB35E40000
	d3d11on12.dll                      0x7FFB36C50000
	XAudio2_7.dll                      0x7FFB36D00000
	sl.reflex.dll                      0x7FFB37400000
	_nvngx.dll                         0x7FFB37A00000
	sl.dlss_g.dll                      0x7FFB37BE0000
	sl.common.dll                      0x7FFB37CC0000
	gameoverlayrenderer64.dll          0x7FFB37D70000
	XDI.dll                            0x7FFB37F10000
	x-cell-og.dll                      0x7FFB37F80000
	wsfw_identifier.dll                0x7FFB38440000
	WhoseQuestIsItAnywayF4.dll         0x7FFB38540000
	WeightlessItems.dll                0x7FFB38660000
	WeaponDebrisCrashFix.dll           0x7FFB386B0000
	UnlimitedFastTravel.dll            0x7FFB38700000
	SUP_F4SE.dll                       0x7FFB38750000
	SprintStutteringFix.dll            0x7FFB38980000
	SettlementOfUnlimitedSize.dll      0x7FFB389D0000
	RobCo_Patcher.dll                  0x7FFB38A20000
	PowerGridTools.dll                 0x7FFB38B00000
	po3_SpellPerkItemDistributorF4.dll 0x7FFB38B70000
	po3_SimpleOffenceSuppressionF4.dll 0x7FFB38C80000
	po3_BaseObjectSwapperF4.dll        0x7FFB38D10000
	PlotUI.dll                         0x7FFB38E10000
	place.dll                          0x7FFB38E50000
	MODExplorer.dll                    0x7FFB38ED0000
	MentatsF4SE.dll                    0x7FFB38F50000
	mcm.dll                            0x7FFB39060000
	MagicSystemFixes.dll               0x7FFB39100000
	LighthousePapyrusExtender.dll      0x7FFB39180000
	HighFPSPhysicsFix.dll              0x7FFB392D0000
	HHS.dll                            0x7FFB393E0000
	GardenOfEdenPapyrusExtender.dll    0x7FFB394D0000
	GCBugFix.dll                       0x7FFB39870000
	MeleeAndThrow.dll                  0x7FFB399E0000
	PDPerfPlugin.dll                   0x7FFB39A30000
	ffx_backend_dx11_x64.dll           0x7FFB39CB0000
	Interior-NavCut-Fix.dll            0x7FFB3A5E0000
	FollowerStrayBulletFix.dll         0x7FFB3A630000
	sl.interposer.dll                  0x7FFB3A6B0000
	Fallout4Upscaler.dll               0x7FFB3A730000
	f4ee.dll                           0x7FFB3B1B0000
	Buffout4.dll                       0x7FFB3B2C0000
	BackportedBA2Support.dll           0x7FFB3B640000
	f4se_steam_loader.dll              0x7FFB3C300000
	cudart64_75.dll                    0x7FFB3C340000
	VoltekLib.RelocationDatabase.dll   0x7FFB3C3A0000
	VoltekLib.Detours.dll              0x7FFB3C3E0000
	dxgi.dll                           0x7FFB3C460000
	flexRelease_x64.dll                0x7FFB3C980000
	MSVCR110.dll                       0x7FFB3CAD0000
	WINHTTP.dll                        0x7FFB3CBB0000
	FollowerAIApproachReactionFix.dll  0x7FFB3D0E0000
	EscapeFreeze.dll                   0x7FFB3D130000
	DisableCompanionCollision.dll      0x7FFB3D1F0000
	crafting_highlight_fix.dll         0x7FFB3D250000
	ConsoleUtilF4.dll                  0x7FFB3D2A0000
	ConsoleEx.dll                      0x7FFB3D2F0000
	BakaPowerArmorStorage.dll          0x7FFB3D330000
	BakaPowerArmorHUD.dll              0x7FFB3D420000
	GFSDK_SSAO_D3D11.win64.dll         0x7FFB3F460000
	GFSDK_GodraysLib.x64.dll           0x7FFB4A3C0000
	flexExtRelease_x64.dll             0x7FFB4A420000
	MSVCP110.dll                       0x7FFB4A480000
	bink2w64.dll                       0x7FFB4B800000
	BakaFullscreenPipboy.dll           0x7FFB4BA80000
	BakaFramework.dll                  0x7FFB4BB60000
	f4se_1_10_163.dll                  0x7FFB4BCF0000
	BetterConsole.dll                  0x7FFB4C490000
	ArmorPenetrationBugFix.dll         0x7FFB4C500000
	encounter_zone_recalculation.dll   0x7FFB6DB90000
	VCOMP140.DLL                       0x7FFB72F50000
	VoltekLib.MemoryManager.dll        0x7FFB73E70000
	xinput1_4.dll                      0x7FFB833F0000
	VoltekLib.UnicodeConverter.dll     0x7FFB87D80000
	CONCRT140.dll                      0x7FFB8A580000
	msdmo.dll                          0x7FFB8A5D0000
	ResampleDmo.DLL                    0x7FFB8A5F0000
	DSOUND.DLL                         0x7FFB8A6C0000
	tier0_s64.dll                      0x7FFB96D80000
	steamclient64.dll                  0x7FFB96F20000
	vstdlib_s64.dll                    0x7FFB9CAD0000
	D3D12Core.dll                      0x7FFBAAC40000
	D3DSCache.dll                      0x7FFBBDFA0000
	usvfs_x64.dll                      0x7FFBC0530000
	nvcuda64.dll                       0x7FFBC5D20000
	nvdxgdmal64.dll                    0x7FFBDFF90000
	MSVCP140_ATOMIC_WAIT.dll           0x7FFBE04F0000
	NvTelemetryBridge64.dll            0x7FFBE8440000
	MessageBus.dll                     0x7FFBE98E0000
	nvwgf2umx.dll                      0x7FFBF7D60000
	dbgcore.DLL                        0x7FFBFFB50000
	DINPUT8.dll                        0x7FFC049A0000
	nvspcap64.dll                      0x7FFC0A850000
	nvppex.dll                         0x7FFC0BC70000
	winmmbase.dll                      0x7FFC120F0000
	NvTelemetryAPI64.dll               0x7FFC121E0000
	ondemandconnroutehelper.dll        0x7FFC1B020000
	webio.dll                          0x7FFC1B270000
	ncryptsslp.dll                     0x7FFC1B500000
	MpOav.dll                          0x7FFC1CD70000
	Windows.UI.dll                     0x7FFC1CFD0000
	MSVCP140.dll                       0x7FFC1D510000
	fastprox.dll                       0x7FFC1E4B0000
	wbemsvc.dll                        0x7FFC1E630000
	amsi.dll                           0x7FFC1E750000
	VCRUNTIME140_1.dll                 0x7FFC1EEE0000
	wbemprox.dll                       0x7FFC1F120000
	srvcli.dll                         0x7FFC1F4A0000
	iertutil.dll                       0x7FFC1F4D0000
	VCRUNTIME140.dll                   0x7FFC1FF50000
	wbemcomn.dll                       0x7FFC20270000
	DEVRTL.dll                         0x7FFC204F0000
	WININET.dll                        0x7FFC20D10000
	COMCTL32.dll                       0x7FFC21080000
	NvMessageBus.dll                   0x7FFC23170000
	AUDIOSES.DLL                       0x7FFC23650000
	d3d12.dll                          0x7FFC23970000
	nvapi64.dll                        0x7FFC23DA0000
	dbghelp.dll                        0x7FFC24860000
	SPINF.dll                          0x7FFC27460000
	inputhost.dll                      0x7FFC28D20000
	gdiplus.dll                        0x7FFC28F10000
	nvgpucomp64.dll                    0x7FFC290F0000
	rasadhlp.dll                       0x7FFC2CFE0000
	twinapi.appcore.dll                0x7FFC2DCB0000
	WINMM.dll                          0x7FFC2DFA0000
	textinputframework.dll             0x7FFC2E050000
	fwpuclnt.dll                       0x7FFC2E340000
	dhcpcsvc.DLL                       0x7FFC2E670000
	dhcpcsvc6.DLL                      0x7FFC2E6A0000
	XINPUT9_1_0.dll                    0x7FFC31210000
	nvToolsExt64_1.dll                 0x7FFC31220000
	ffx_fsr3_x64.dll                   0x7FFC31230000
	ffx_fsr3upscaler_x64.dll           0x7FFC31240000
	CoreUIComponents.dll               0x7FFC313E0000
	NvMemMapStoragex.dll               0x7FFC31790000
	D3DCOMPILER_47.dll                 0x7FFC31CF0000
	WINHTTP.DLL                        0x7FFC32180000
	MMDevApi.dll                       0x7FFC32AE0000
	drvstore.dll                       0x7FFC32B80000
	cryptnet.dll                       0x7FFC32D00000
	VERSION.dll                        0x7FFC33070000
	avrt.dll                           0x7FFC33C50000
	WINNSI.DLL                         0x7FFC35120000
	d3d11.dll                          0x7FFC35360000
	WindowsCodecs.dll                  0x7FFC355D0000
	nvldumdx.dll                       0x7FFC360E0000
	dcomp.dll                          0x7FFC36330000
	CoreMessaging.dll                  0x7FFC369E0000
	Microsoft.Internal.WarpPal.dll     0x7FFC36D40000
	MSIMG32.dll                        0x7FFC36D70000
	Secur32.dll                        0x7FFC36DF0000
	UxTheme.dll                        0x7FFC36F10000
	dxcore.dll                         0x7FFC37010000
	directxdatabasehelper.dll          0x7FFC37060000
	dxgi.dll                           0x7FFC370D0000
	dwmapi.dll                         0x7FFC37230000
	resourcepolicyclient.dll           0x7FFC374C0000
	windows.storage.dll                0x7FFC378C0000
	HID.DLL                            0x7FFC38120000
	netutils.dll                       0x7FFC38410000
	IPHLPAPI.DLL                       0x7FFC38420000
	DNSAPI.dll                         0x7FFC384B0000
	schannel.DLL                       0x7FFC38840000
	rsaenh.dll                         0x7FFC38970000
	kernel.appcore.dll                 0x7FFC38A10000
	ntmarta.dll                        0x7FFC38BA0000
	SSPICLI.DLL                        0x7FFC38D20000
	UMPDC.dll                          0x7FFC38F00000
	POWRPROF.dll                       0x7FFC38FC0000
	MSWSOCK.dll                        0x7FFC39030000
	gpapi.dll                          0x7FFC390A0000
	USERENV.dll                        0x7FFC390D0000
	CRYPTBASE.DLL                      0x7FFC39260000
	wldp.dll                           0x7FFC39300000
	cryptsp.dll                        0x7FFC393E0000
	msasn1.dll                         0x7FFC39440000
	NTASN1.dll                         0x7FFC394E0000
	ncrypt.dll                         0x7FFC39530000
	devobj.dll                         0x7FFC39870000
	CFGMGR32.dll                       0x7FFC398A0000
	DPAPI.DLL                          0x7FFC39930000
	bcrypt.dll                         0x7FFC39B20000
	profapi.dll                        0x7FFC39B50000
	msvcp_win.dll                      0x7FFC39C40000
	gdi32full.dll                      0x7FFC39CF0000
	win32u.dll                         0x7FFC39EF0000
	CRYPT32.dll                        0x7FFC39F20000
	ucrtbase.dll                       0x7FFC3A130000
	KERNELBASE.dll                     0x7FFC3A280000
	wintypes.dll                       0x7FFC3A650000
	COMDLG32.dll                       0x7FFC3A860000
	USER32.dll                         0x7FFC3A960000
	msvcrt.dll                         0x7FFC3AB30000
	OLEAUT32.dll                       0x7FFC3ABE0000
	GDI32.dll                          0x7FFC3ACC0000
	shcore.dll                         0x7FFC3AD50000
	SHELL32.dll                        0x7FFC3AE40000
	ADVAPI32.dll                       0x7FFC3B570000
	MSCTF.dll                          0x7FFC3B6D0000
	SHLWAPI.dll                        0x7FFC3B830000
	NSI.dll                            0x7FFC3B930000
	combase.dll                        0x7FFC3B940000
	RPCRT4.dll                         0x7FFC3BCD0000
	ole32.dll                          0x7FFC3BDF0000
	KERNEL32.DLL                       0x7FFC3BFE0000
	IMM32.dll                          0x7FFC3C290000
	sechost.dll                        0x7FFC3C2D0000
	WS2_32.dll                         0x7FFC3C380000
	SETUPAPI.dll                       0x7FFC3C420000
	imagehlp.dll                       0x7FFC3C8B0000
	clbcatq.dll                        0x7FFC3C960000
	PSAPI.DLL                          0x7FFC3CA10000
	ntdll.dll                          0x7FFC3CA60000

F4SE PLUGINS:
	ArmorPenetrationBugFix.dll v1
	BackportedBA2Support.dll v1
	BakaAutoLockpicking.dll v2
	BakaFramework.dll v1.10
	BakaFullscreenPipboy.dll v1.8
	BakaPowerArmorHUD.dll v1.1
	BakaPowerArmorStorage.dll v1.3
	BetterConsole.dll
	Buffout4.dll v1.37
	ConsoleEx.dll v1.2
	ConsoleUtilF4.dll v1.0.1
	crafting_highlight_fix.dll
	DisableCompanionCollision.dll v1.0.1
	encounter_zone_recalculation.dll
	EscapeFreeze.dll v1
	f4ee.dll
	Fallout4Upscaler.dll v1
	FollowerAIApproachReactionFix.dll v1
	FollowerStrayBulletFix.dll v1
	GardenOfEdenPapyrusExtender.dll v19.5
	GCBugFix.dll
	HHS.dll
	HighFPSPhysicsFix.dll v0.8.11
	Interior-NavCut-Fix.dll v1.0.3
	LighthousePapyrusExtender.dll v1.13
	LL_fourPlay_1_10_163.dll
	MagicSystemFixes.dll v1.1
	mcm.dll
	MeleeAndThrow.dll v1
	MentatsF4SE.dll v1
	MODExplorer.dll
	place.dll
	PlotUI.dll
	po3_BaseObjectSwapperF4.dll v1.1
	po3_SimpleOffenceSuppressionF4.dll v1
	po3_SpellPerkItemDistributorF4.dll v2
	PowerGridTools.dll
	RobCo_Patcher.dll v3.6
	SettlementOfUnlimitedSize.dll
	SprintStutteringFix.dll v1.3
	SUP_F4SE.dll
	UnlimitedFastTravel.dll
	WeaponDebrisCrashFix.dll v1.3
	WeightlessItems.dll
	WhoseQuestIsItAnywayF4.dll v1
	wsfw_identifier.dll
	x-cell-og.dll v2
	XDI.dll

PLUGINS:
	Light: 354	Regular: 115	Total: 469
	[00]     Fallout4.esm
	[01]     DLCRobot.esm
	[02]     DLCworkshop01.esm
	[03]     DLCCoast.esm
	[04]     DLCworkshop02.esm
	[05]     DLCworkshop03.esm
	[06]     DLCNukaWorld.esm
	[07]     ccrzrfo4001-tunnelsnakes.esm
	[08]     ccswkfo4001-astronautpowerarmor.esm
	[09]     cczsef04001-bhouse.esm
	[0A]     cctosfo4001-neosky.esm
	[0B]     cczsefo4002-smanor.esm
	[0C]     cctosfo4002_neonflats.esm
	[0D]     unofficial fallout 4 patch.esp
	[0E]     WorkshopFramework.esm
	[0F]     SS2.esm
	[10]     SS2_XPAC_Chapter2.esm
	[11]     SS2_XPAC_Chapter3.esm
	[12]     XDI.esm
	[13]     SS2_Plotapalooza_AllInOne.esm
	[14]     Random Robots - True Leveled.esm
	[15]     AshlandStationSettlement.esp
	[16]     HUDFramework.esm
	[17]     Vault88AreaExtension.esp
	[18]     SS2Extended.esp
	[19]     Vault 88 Template - Optimised.esp
	[1A]     SettlementMenuManager.esp
	[1B]     DiverseWasteland.esp
	[1C]     Rebuild_Settlements.esp
	[1D]     Vault88 - Essentials.esp
	[1E]     ESPExplorerFO4.esp
	[1F]     WorkshopPlus.esp
	[20]     Vault-Tec Workshop Overhaul Redux.esp
	[21]     GarageHomesAndSensibleSecurity.esp
	[22]     Useful_Companions.esp
	[23]     TheRon_MapMarker.esp
	[24]     ohSIM_Sim2_Settlements_Scrappers_Addon.esp
	[25]     [SS2 Addon] SimSettlements SuperStructures.esp
	[26]     VisibleCompanionAffinity.esp
	[27]     SS2WastelandVenturers.esp
	[28]     SS2_WastelandDefense.esp
	[29]     SS2HappyTrails.esp
	[2A]     SS2_STRA_Buildings_and_Skins.esp
	[2B]     GtN_SettlersatPlay.esp
	[2C]     SS2_MsB_PlainPlans.esp
	[2D]     SS2_STRA_Support_Buildings.esp
	[2E]     MS Contraptions - SS2 ASAM Builder.esp
	[2F]     Better Randomized Robots - vanilla loot patch.esp
	[30]     AutomatronUnlockedNukaParts.esp
	[31]     DZK_1x1_Pack.esp
	[32]     Mors Shortcut to Curie.esp
	[33]     SGOWastelandExpansion.esp
	[34]     SS2_FDK_TinyLiving.esp
	[35]     SS2_ruined_simsettlement_addonpack.esp
	[36]     SS2CaravanSnatex.esp
	[37]     SS2UI.esp
	[38]     SS2_SIMPDDDD.esp
	[39]     SKKFastBOS.esp
	[3A]     SKKFastRailroad.esp
	[3B]     SKKFastReunions.esp
	[3C]     SKKFastStartNewGame.esp
	[3D]     SS2_Addon_R2R.esp
	[3E]     SS2-PraRandomAddon.esp
	[3F]     MercerRescuedSynths.esp
	[40]     JunkTownTwo.esp
	[41]     PersistentVolumeSliders.esp
	[42]     BaselinePlotsBrotherhood.esp
	[43]     CompanionStatus.esp
	[44]     Dogmeat  A True Companion Normal.esp
	[45]     CreationClubDelay.esp
	[46]     SS2_Addon_NWE.esp
	[47]     CheatTerminal.esp
	[48]     SS2-Jampads2.esp
	[49]     EasyStartCheatBox_FO4.esp
	[4A]     HandyOverhaul2k.esp
	[4B]     HoloTime_2.esp
	[4C]     llamaCompanionHeatherv2.esp
	[4D]     MYS_RogueSS2AddOnPack.esp
	[4E]     MYS_SuperDuperMacKenzie_SS2AddOn.esp
	[4F]     LooksMenu Customization Compendium.esp
	[50]     NoSharedDogmeatTemplate.esp
	[51]     SS2_CityPlanContestAssistant.esp
	[52]     SS2_Addon_FHE.esp
	[53]     HHFootsteps.esp
	[54]     PortableCloningDevice.esp
	[55]     VtawWardrobe9.esp
	[56]     VtawWardrobe4.esp
	[57]     VtawWardrobe5.esp
	[58]     VtawWardrobe8.esp
	[59]     VtawUtilityPack1.esp
	[5A]     VtawWardrobe1.esp
	[5B]     VtawWardrobe2.esp
	[5C]     VtawWardrobe6.esp
	[5D]     VtawWardrobe7.esp
	[5E]     VtawSynthHMS.esp
	[5F]     VtawWidowmaker.esp
	[60]     VtawJumpsuit.esp
	[61]     VtawScientist.esp
	[62]     VtawDetectiveN.esp
	[63]     VtawSonyaNE.esp
	[64]     VtawGothicDressNe.esp
	[65]     VtawMaxyDressNE.esp
	[66]     VtawDoctorCurie.esp
	[67]     VtawSchoolGirl2023.esp
	[68]     VtawLittleDanger.esp
	[69]     VtawCowGirl.esp
	[6A]     VtawOfficer.esp
	[6B]     GreaseRatGarbs.esp
	[6C]     VtawNurse.esp
	[6D]     Dual44.esp
	[6E]     DualGun.esp
	[6F]     SelectShotgun.esp
	[70]     MarksmansMistress.esp
	[71]     FaceMaxson.esp
	[72]     Settlement Electricity Overhaul.esp
	[FE:000] ccbgsfo4003-pipboy(camo01).esl
	[FE:001] ccbgsfo4016-prey.esl
	[FE:002] ccbgsfo4018-gaussrifleprototype.esl
	[FE:003] ccbgsfo4019-chinesestealtharmor.esl
	[FE:004] ccbgsfo4042-bfg.esl
	[FE:005] ccBGSFO4044-HellfirePowerArmor.esl
	[FE:006] ccfsvfo4001-modularmilitarybackpack.esl
	[FE:007] ccfsvfo4002-midcenturymodern.esl
	[FE:008] ccfrsfo4001-handmadeshotgun.esl
	[FE:009] cceejfo4001-decorationpack.esl
	[FE:00A] ccbgsfo4045-advarccab.esl
	[FE:00B] ccfsvfo4003-slocum.esl
	[FE:00C] ccfrsfo4002-antimaterielrifle.esl
	[FE:00D] cceejfo4002-nuka.esl
	[FE:00E] ccsbjfo4001-solarflare.esl
	[FE:00F] cckgjfo4001-bastion.esl
	[FE:010] ccqdrfo4001_powerarmorai.esl
	[FE:011] ccBGSFO4115-X02.esl
	[FE:012] ccrzrfo4002-disintegrate.esl
	[FE:013] ccBGSFO4116-HeavyFlamer.esl
	[FE:014] ccBGSFO4110-WS_Enclave.esl
	[FE:015] ccBGSFO4096-AS_Enclave.esl
	[FE:016] ccbgsfo4035-pint.esl
	[FE:017] ccjvdfo4001-holiday.esl
	[FE:018] ccbgsfo4047-qthund.esl
	[FE:019] ccfrsfo4003-cr75l.esl
	[FE:01A] ccbgsfo4040-vrworkshop01.esl
	[FE:01B] ccfsvfo4005-vrdesertisland.esl
	[FE:01C] ccfsvfo4006-vrwasteland.esl
	[FE:01D] ccFSVFO4007-Halloween.esl
	[FE:01E] ccsbjfo4002_manwellrifle.esl
	[FE:01F] ccbgsfo4117-capmerc.esl
	[FE:020] ccfsvfo4004-vrworkshopgnrplaza.esl
	[FE:021] ccBGSFO4046-TesCan.esl
	[FE:022] cccrsfo4001-pipcoa.esl
	[FE:023] ccSBJFO4003-Grenade.esl
	[FE:024] ccOTMFO4001-Remnants.esl
	[FE:025] community fixes merged.esp
	[FE:026] ppf.esm
	[FE:027] REFramework.esm
	[FE:028] ppf-neonflats-cr.esm
	[FE:029] Cho1_Vault88_Metro_Plan.esl
	[FE:02A] Reina_Vault88-SS2.esl
	[FE:02B] ThrowMoneyAtSS2.esl
	[FE:02C] Rebuild_SharedResources.esm
	[FE:02D] UniversalDisassembler.esl
	[FE:02E] StealthBoyBuffWithRecipe.esl
	[FE:02F] ZJ PerfPlan - Taffington.esl
	[FE:030] ZJ PerfPlan - Sunshine.esl
	[FE:031] ZJ PerfPlan - Sanctuary.esl
	[FE:032] ZJ PerfPlan - RedRocket.esl
	[FE:033] ZJ PerfPlan - Abernathy.esl
	[FE:034] ZJ PerfPlan - Tenpines.esl
	[FE:035] ZJ PerfPlan - Zimonja.esl
	[FE:036] ZJ-Starlight-PerfPlan.esl
	[FE:037] Munitions - An Ammo Expansion.esl
	[FE:038] Munitions - Vanilla Ammo Addon.esl
	[FE:039] BakaFramework.esm
	[FE:03A] Vee_SS2_Chapter2_SettlersEssentialPatch.esl
	[FE:03B] Populator.esm
	[FE:03C] Vee_SS2_SettlersEssentialPatch.esl
	[FE:03D] SmartMIRV.esl
	[FE:03E] CanarySaveFileMonitor.esl
	[FE:03F] ImmersiveTeleportation.esl
	[FE:040] NPCRespawnFix.esl
	[FE:041] ConfigurableHotkeys.esl
	[FE:042] Craftable Nuka-World Grenades.esl
	[FE:043] SS2_Addon_PSC_Plots.esl
	[FE:044] OCsNWAIO_Master.esp
	[FE:045] LIF.esl
	[FE:046] LIF_RandomPA.esl
	[FE:047] MysticRogue_AbernathyFarm and Outpost.esl
	[FE:048] nukes_denerfed.esl
	[FE:049] OCsHubologistCamp.esp
	[FE:04A] OCsNorthpointDam.esp
	[FE:04B] OCsNukaIsland.esp
	[FE:04C] OCsWindTower.esp
	[FE:04D] OCsShovelMuseum.esp
	[FE:04E] OCsDRGEmployeeArea.esp
	[FE:04F] HoloGlowNS21.esl
	[FE:050] BakaAutoLockpicking.esm
	[FE:051] BakaPowerArmorHUD.esm
	[FE:052] BakaFullscreenPipboy.esm
	[FE:053] TesCanUpdate.esl
	[FE:054] BakaPowerArmorStorage.esm
	[FE:055] prp-ss2-cr.esm
	[FE:056] Optimized Vanilla Tree LODs.esp
	[FE:057] Far Harbor 3d Tree LODs.esp
	[FE:058] FO4LODGen.esp
	[FE:059] FOLIP - New LODs.esp
	[FE:05A] OCsVault88Fixes.esp
	[FE:05B] V88-MoleRatsDisabled.esp
	[FE:05C] NoVault88Radiation.esp
	[FE:05D] Vault88LightFix.esp
	[FE:05E] Settlement_BoS_Fort_Strong.esp
	[FE:05F] Settlement_CoA_Radiant_Crest_Shrine.esp
	[FE:060] DiverseWastelandImmersionPack.esp
	[FE:061] Settlement_CoA_Crater_of_Atom.esp
	[FE:062] Yagisan_SSSL_Lakeside_Cabin_Settlement.esp
	[FE:063] Yagisan_SSSL_Bridgeport_Settlement.esp
	[FE:064] Yagisan_SSSL_Red_Rocket_Settlements.esp
	[FE:065] [SS2] BBVault 88.esp
	[FE:066] Yagisan_SSSL_Quick_Fill_Settlements.esp
	[FE:067] Yagisan_SSSL_Reeb_Marina_Settlement.esp
	[FE:068] M8rDisablePipboyEffects.esp
	[FE:069] UniqueFacesAiO.esp
	[FE:06A] WCLI_North_Point_Park.esp
	[FE:06B] TheCastleMinutemenSettlers.esp
	[FE:06C] ScrapZapper2.esp
	[FE:06D] ScrapZapper2_RebuildAIO.esp
	[FE:06E] Rebuild_Workshop.esp
	[FE:06F] WhoIsTheGeneral.esp
	[FE:070] Keeper of the Commonwealth Radiants.esp
	[FE:071] WTG_KCR_Patch.esp
	[FE:072] SS2AOP_VaultTecTools.esp
	[FE:073] TheSlogGhoulSettlers.esp
	[FE:074] TheSlogGhoulSettlersDiverseWasteland.esp
	[FE:075] NoirCC_PreVisFix.esp
	[FE:076] Cho1_SuperDuper_Settlement.esp
	[FE:077] Invisible M-Sat and Radar Beacon.esp
	[FE:078] SmokeHomingBeaconGrenadeThrowArc.esp
	[FE:079] DiverseWasteland-WSFW-SS2-Compat.esp
	[FE:07A] MinimalMinutemenRadiants.esp
	[FE:07B] MMR_NoRadiantsForOwnedSettlements.esp
	[FE:07C] SS2_RobotMod.esp
	[FE:07D] SS2_RobotMod_NukaWorld.esp
	[FE:07E] Stealth Field Stability, C.esp
	[FE:07F] OCsSunkenGarage.esp
	[FE:080] OCsSunkenGarageCoASettlers.esp
	[FE:081] [SS2 Addon] BloodMoonRaiders.esp
	[FE:082] SS2_CLB_MunitionsPatch.esp
	[FE:083] SS2 Lexington Underground Fix.esp
	[FE:084] SS2_Addon_ShazbotsCots.esp
	[FE:085] SS2_CLB_DLCSuppliesPatch.esp
	[FE:086] SS2_DLCSettlerPatch.esp
	[FE:087] SS2Addon_MS_BareEssentials.esp
	[FE:088] Munitions-Additional Ammo.esp
	[FE:089] MS RazeSettlement.esp
	[FE:08A] MS Raze Settlement - Sim Settlements 2 Patch.esp
	[FE:08B] MS SPECIAL Zapper.esp
	[FE:08C] MS SPECIAL Zapper SS2 Patch.esp
	[FE:08D] hardened auto_attackdamage zero.esp
	[FE:08E] AutomatronMiscBuffs.esp
	[FE:08F] AutomatronUnlocked.esp
	[FE:090] Simple Creation Club Delayed NG.esp
	[FE:091] Skip DIMA memories.esp
	[FE:092] SimHomestead2.esp
	[FE:093] SimSettlements2_AddOnPack_ApocalypticAdditions_SirLach.esp
	[FE:094] SkipHSH.esp
	[FE:095] SS2-eXoPatch.esp
	[FE:096] LooksMenu.esp
	[FE:097] BugSwarmCrashFix.esp
	[FE:098] NegativeAffinityIsPositiveAffinity.esp
	[FE:099] NegativeAffinityIsPositiveAffinitySeason.esp
	[FE:09A] NoAffinityCooldown.esp
	[FE:09B] Faster Upfront Training SS2.esp
	[FE:09C] Lost Soul No Hostility.esp
	[FE:09D] LostSoulExpanded.esp
	[FE:09E] Lost Soul No Hostility Expanded.esp
	[FE:09F] LostSoulExpandedImmersionPack.esp
	[FE:0A0] Lost Soul No Hostility - Rescued Synths Go to Mercer Safehouse Patch.esp
	[FE:0A1] DiverseCapitalWastelandMercenaries.esp
	[FE:0A2] DiverseCapitalWastelandImmersion.esp
	[FE:0A3] DiverseCWM-DiverseWasteland-Compat.esp
	[FE:0A4] PA-Quick Animations.esp
	[FE:0A5] PA_UnderwearPerks.esp
	[FE:0A6] CIO.esp
	[FE:0A7] Vault-Tec Wall Lights(colored).esp
	[FE:0A8] ArtilleryChanges.esp
	[FE:0A9] CC_SlocumCoffee_Overhaul.esp
	[FE:0AA] Cho1-SS2-Cosmosplot.esp
	[FE:0AB] SKI_ccBFGTurret.esp
	[FE:0AC] ImmersiveTeleportation_quickstart.esp
	[FE:0AD] ImmersiveTeleportation_lessPower.esp
	[FE:0AE] ImmersiveTeleportation_lessRads.esp
	[FE:0AF] IT_SS2.esp
	[FE:0B0] JunkTown-FENCES2.esp
	[FE:0B1] JunkTown2 - EXTREME.esp
	[FE:0B2] AdvSettleTurretSet.esp
	[FE:0B3] Actual Legendary Rust Devils.esp
	[FE:0B4] AdvPortableTurretSet.esp
	[FE:0B5] AdvPortableTurretSet-Extension.esp
	[FE:0B6] Cho1_SS2_Nuka_Plot.esp
	[FE:0B7] Colored Workshop Lights.esp
	[FE:0B8] Computer Console illuminated.esp
	[FE:0B9] birds.esp
	[FE:0BA] BostonAirport_WorkshopFix.esp
	[FE:0BB] LIF_DLC_Grenade.esp
	[FE:0BC] FusionGenerator.esp
	[FE:0BD] NewtonsRegards.esp
	[FE:0BE] LIF_DLC_Cola.esp
	[FE:0BF] ccTeslaCannon Patch.esp
	[FE:0C0] Classic 10mm Pistol - Unofficial Update.esp
	[FE:0C1] COMR.esp
	[FE:0C2] ConsoleEx.esp
	[FE:0C3] CR-74L - Unofficial Update.esp
	[FE:0C4] craftable nuka mines & grenades.esp
	[FE:0C5] RahCreations_Radroaches.esp
	[FE:0C6] Dank_ECO.esp
	[FE:0C7] Dank_ECO-UniversalDisassembler.esp
	[FE:0C8] Dank_ECO-Munitions.esp
	[FE:0C9] Dank_ECO_DLCCoast.esp
	[FE:0CA] Dank_ECO_DLCNukaWorld.esp
	[FE:0CB] Dank_ECO_DLCRobot.esp
	[FE:0CC] More Legendary Effects.esp
	[FE:0CD] SS2_Addon_Favelabulous.esp
	[FE:0CE] EHC_FastTravelFix.esp
	[FE:0CF] Esk_NoTeleportingCreatures.esp
	[FE:0D0] Face Fixes - All in One.esp
	[FE:0D1] Faster Terminal Displays (20x).esp
	[FE:0D2] HeavyGunnerBuffs.esp
	[FE:0D3] Fixed Gobo Effects.esp
	[FE:0D4] FS_FarHarborBoatFastTravel.esp
	[FE:0D5] FS_NukaWorldTramFastTravel.esp
	[FE:0D6] GaS2BVTurretsBroke.esp
	[FE:0D7] LegendariesTheyCanUse.esp
	[FE:0D8] Legendary Mod Additions.esp
	[FE:0D9] LIF_DLC_Ammo.esp
	[FE:0DA] LIF_DLC_Armor.esp
	[FE:0DB] LIF_DLC_Guns.esp
	[FE:0DC] MakeshiftDistribution.esp
	[FE:0DD] Manwell Rifle - Unofficial Update.esp
	[FE:0DE] MapMarkerFixes.esp
	[FE:0DF] MechLairPathfindingFix.esp
	[FE:0E0] MidnightCultFix.esp
	[FE:0E1] MoreWeathervanes.esp
	[FE:0E2] NanotechWaterpump_FoodWaterHappy.esp
	[FE:0E3] NISTRONFactoryLights.esp
	[FE:0E4] NO MORE HAMMERS.esp
	[FE:0E5] PR_Automatron.esp
	[FE:0E6] SS2-AUR-HangmansAlleyCityPlan.esp
	[FE:0E7] SS2-AUR-HangmansAlleyCityPlanTweaks.esp
	[FE:0E8] SS2BadNeighbors.esp
	[FE:0E9] Dank_LEO.esp
	[FE:0EA] Dank_LEO-NeoSky.esp
	[FE:0EB] Dank_LEO-MLM.esp
	[FE:0EC] Dank_LEO-LME.esp
	[FE:0ED] Dank_LEO-CapMerc.esp
	[FE:0EE] Dank_LEO_DLCCoast.esp
	[FE:0EF] Dank_LEO-Automatron.esp
	[FE:0F0] Dank_LEO-LMA.esp
	[FE:0F1] Dank_LEO_ChipCraft_Mats_ECO.esp
	[FE:0F2] Dank_LEO_DLCNukaWorld.esp
	[FE:0F3] Dank_ECO-LEO.esp
	[FE:0F4] Dank_LEO-MLE.esp
	[FE:0F5] AtomsRadiance_veelynnlove.esp
	[FE:0F6] SaveAcadiaFromBoS.esp
	[FE:0F7] LooksMenu1stPersonViewItemsFix.esp
	[FE:0F8] CBBE.esp
	[FE:0F9] FO4HHS.esp
	[FE:0FA] LiveLove - Heather.esp
	[FE:0FB] HighlightConsoleReference.esp
	[FE:0FC] HHFootsteps_extended.esp
	[FE:0FD] MechanistLairWorkshopFix.esp
	[FE:0FE] CWRCW.esp
	[FE:0FF] ToughGirlAttire.esp
	[FE:100] VtawJumpsuit Previews.esp
	[FE:101] VtawDetectiveN Previews.esp
	[FE:102] VtawGothicDressNe Previews.esp
	[FE:103] Vault-Tec Armor Redux - Modular Expansion & Fixes.esp
	[FE:104] Vault-Tec Armor Redux - SPECIAL Buffs.esp
	[FE:105] VtawDoctorCurie Previews.esp
	[FE:106] VtawMaxyDress Previews.esp
	[FE:107] VtawScientist Previews.esp
	[FE:108] VtawSynthHMS Previews.esp
	[FE:109] VtawUtilityPack1 Previews.esp
	[FE:10A] ToughGirlAttire Previews.esp
	[FE:10B] VtawWidowmaker Previews.esp
	[FE:10C] VtawWardrobe9 Previews.esp
	[FE:10D] VtawWardrobe1 Previews.esp
	[FE:10E] VtawWardrobe5 Previews.esp
	[FE:10F] VtawWardrobe4 Previews.esp
	[FE:110] VtawSonyaNE Previews.esp
	[FE:111] VtawWardrobe2 Previews.esp
	[FE:112] VtawWardrobe6 Previews.esp
	[FE:113] VtawWardrobe7 Previews.esp
	[FE:114] VtawWardrobe8 Previews.esp
	[FE:115] Vault-Tec Armor Redux - Modular Expansion and Fixes Previews.esp
	[FE:116] VtawBecca.esp
	[FE:117] VtawLullaby.esp
	[FE:118] VtawPhantom.esp
	[FE:119] VtawReverseBunnySuit.esp
	[FE:11A] Institute Suit.esp
	[FE:11B] DX Courser X-92 Power Suit.esp
	[FE:11C] SPECIAL-070.esp
	[FE:11D] Dank_LAB.esp
	[FE:11E] Dank_LAB_DLCNukaWorld.esp
	[FE:11F] Dank_LAB_LEO.esp
	[FE:120] B85 Ham Radio Recruitment - CW.esp
	[FE:121] SEO - DLC & NextGen Update.esp
	[FE:122] prp.esp
	[FE:123] prp-vault88-template-patch.esp
	[FE:124] Rebuild_Settlements_Previs.esp
	[FE:125] OCsPeabodyHouse.esp
	[FE:126] Yagisan_SSSL_Reeb_Marina_Settlement_Previs.esp
	[FE:127] Yagisan_SSSL_Lakeside_Cabin_Settlement_Previs.esp
	[FE:128] Yagisan_SSSL_Bridgeport_Settlement_Previs.esp
	[FE:129] Settlement_CoA_Crater_of_Atom_Previs.esp
	[FE:12A] Settlement_CoA_Radiant_Crest_Shrine_Previs.esp
	[FE:12B] Settlement_BoS_Fort_Strong_Previs.esp
	[FE:12C] Yagisan_SSSL_Red_Rocket_Settlements_Previs.esp
	[FE:12D] NorthPointSpawnFix.esp
	[FE:12E] WCLINPP_Previs.esp
	[FE:12F] UNDRCVR_SimplySettledNPointPark.esp
	[FE:130] PondSettlement.esp
	[FE:131] OCsKStation.esp
	[FE:132] OCsUniversityPoint.esp
	[FE:133] OCsV81TradeCamp.esp
	[FE:134] OCsV81TradeCampGrassReduced.esp
	[FE:135] OCsv81TradeCampInstantUnlock.esp
	[FE:136] OCsCharlesviewAmpitheater.esp
	[FE:137] CharlesviewHappyCult.esp
	[FE:138] CharlesviewGrowCult.esp
	[FE:139] DiverseWasteland-CharlesviewAmphitheater-Compat.esp
	[FE:13A] Ultimate Window Overhaul.esp
	[FE:13B] Ultimate Window Overhaul Cubemaps.esp
	[FE:13C] OCsOldPondHouse.esp
	[FE:13D] OCsOldPondHouseAltName.esp
	[FE:13E] OCsRuinedChurch.esp
	[FE:13F] OCsRuinedChurch_IRLName.esp
	[FE:140] OCsProspectPark.esp
	[FE:141] AshlandEssentialNPC.esp
	[FE:142] OCsNukaTransitCenter.esp
	[FE:143] EdenMeadowsSettlement.esp
	[FE:144] fairlinesettlement.esp
	[FE:145] OCsCochituate.esp
	[FE:146] OCsCochituateReducedGrass.esp
	[FE:147] OCsFiddlersGreen.esp
	[FE:148] FiddlersGreenTarberrySwap.esp
	[FE:149] OCsLakeQ.esp
	[FE:14A] OCsNWAIO_Previs.esp
	[FE:14B] NukaWorldFarmSettlement.esp
	[FE:14C] X-SensuousCore.esp
	[FE:14D] DiscreteFemaleSkeleton.esp
	[FE:14E] LMCC 2k Face Textures.esp
	[FE:14F] Facegen_RealHD_SDK.esp
	[FE:150] X-SENSUOUS-Body and Faces 13 - part 2 - Textures.esp
	[FE:151] VEFS Face.esp
	[FE:152] rsm000rsm Facegen.esp
	[FE:153] Facegen.esp
	[FE:154] LongerPowerLinesInf.esp
	[FE:155] Visitor Facegen Exception.esp
	[FE:156] FOLIP - After Generation.esp
	[FE:157] LO_Previsibines.esp
	[FE:158] xLOGGen_Output.esp
	[FE:159] Dank_ECO-INNR.esp
	[FE:15A] Dank_ECO-Munitions_INNR_CS.esp
	[FE:15B] Dank_LEO-MLE_INNR_CS.esp
	[FE:15C] Wireless Workshop Items.esp
	[FE:15D] Unlock Vault Generators.esp
	[FE:15E] Power_Armors_Redone.esp
	[FE:15F] Yagisan_PP_Mar_2025.esp
	[FE:160] M8r Complex Sorter.esp
	[FE:161] M8r Complex Sorter-part2.esp
