Fallout 4 v1.10.163
Buffout 4 v1.37.0 Mar 12 2025 22:11:48

Unhandled exception "EXCEPTION_ACCESS_VIOLATION" at 0x7FF771F4FECE Fallout4.exe+24AFECE	mov eax, [r15] |  BSNavmesh::FindPortalTriangles(BSNavmeshInfo*,BSScrapArray<int>&)_24AFECE)
Exception Flags: 0x00000000
Number of Parameters: 2
Access Violation: Tried to read memory at 0x000000000000

	[Compatibility]
		F4EE: true
	[Debug]
		Symcache: c:symcache
		WaitForDebugger: false
	[Fixes]
		ActorIsHostileToActor: true
		BGSAIWorldLocationRefRadiusNull: true
		BSLightingShaderMaterialGlowmap: true
		BackportedBA2Support: true
		CellInit: true
		CreateD3DAndSwapChain: true
		EncounterZoneReset: true
		EscapeFreeze: true
		FixScriptPageAllocation: true
		FixToggleScriptsCommand: true
		FollowerStrayBullet: true
		GreyMovies: true
		InteriorNavCut: true
		MagicEffectApplyEvent: true
		MovementPlanner: true
		PackageAllocateLocation: true
		PipboyLightInvFix: true
		SafeExit: true
		TESObjectREFRGetEncounterZone: true
		UnalignedLoad: true
		UtilityShader: true
		WorkBenchSwap: true
	[Patches]
		Achievements: true
		BSMTAManager: true
		BSPreCulledObjects: true
		BSTextureStreamerLocalHeap: false
		HavokMemorySystem: false
		INISettingCollection: true
		InputSwitch: false
		MaxStdIO: 2048
		MemoryManager: false
		MemoryManagerDebug: false
		ScaleformAllocator: false
		SmallBlockAllocator: false
		WorkshopMenu: true
	[Tweaks]
		MaxPapyrusOpsPerFrame: 500
	[Warnings]
		CreateTexture2D: true
		ImageSpaceAdapter: true

SYSTEM SPECS:
	OS: Microsoft Windows 11 Pro v10.0.26100
	CPU: AuthenticAMD AMD Ryzen 7 7800X3D 8-Core Processor           
	GPU #1: Nvidia AD104 [GeForce RTX 4070]
	GPU #2: Microsoft Basic Render Driver
	PHYSICAL MEMORY: 32.27 GB/63.60 GB


PROBABLE CALL STACK:
	[ 0] 0x7FF771F4FECE Fallout4.exe+24AFECE	mov eax, [r15] |  BSNavmesh::FindPortalTriangles(BSNavmeshInfo*,BSScrapArray<int>&)_24AFECE -> 344816+0xDE	mov eax, [r15]
	[ 1] 0x7FF771FC5BA1 Fallout4.exe+2525BA1	mov rsi, [rbp-0x79] |  BSPathBuilder::FindEntryPoint(BSVirtualPathingNode*,BSVirtualPathingNode*,BSPathingLocation&)_2525BA1 -> 175803+0x291	mov rsi, [rbp-0x79]
	[ 2] 0x7FF771FC46F7 Fallout4.exe+25246F7	test al, al |  BSPathBuilder::BuildPathToNavMeshSearchStart(uint,BSScrapArray<BSPathingNode>&,BSScrapArray<BSNavmeshEdgeLocation>&)_25246F7 -> 1459777+0xA7	test al, al
	[ 3] 0x7FF771FC2E41 Fallout4.exe+2522E41	lea rcx, [rbp-0x48] |  BSPathBuilder::BuildNavMeshPathForVirtualNodes(uint,uint)_2522E41 -> 1416572+0x131	lea rcx, [rbp-0x48]
	[ 4] 0x7FF771FC27CA Fallout4.exe+25227CA	test al, al |  BSPathBuilder::BuildDetailedPathForLoadedVirtualNodes(void)_25227CA -> 1405862+0x10A	test al, al
	[ 5] 0x7FF771FC256F Fallout4.exe+252256F	movzx esi, al |  BSPathBuilder::BuildDetailedPath(uint)_252256F -> 197020+0x6F	movzx esi, al
	[ 6] 0x7FF771FC0BA5 Fallout4.exe+2520BA5	test sil, sil |  BSPathBuilder::BuildPath(void)_2520BA5 -> 647839+0x455	test sil, sil
	[ 7] 0x7FF770239F4B Fallout4.exe+0799F4B	lea rcx, [rsp+0x20] |  AutoRegisterPathBuilderFactory<PathingRequestStopMoving,`anonymous_namespace'::PathBuilderStopMovingPath>::`scalar_deleting_destructor'(uint)_799F4B -> 1283293+0x9B	lea rcx, [rsp+0x20]
	[ 8] 0x7FF771F2C961 Fallout4.exe+248C961	movzx edi, al |  BSPathing::BuildPath(BSTSmartPointer<BSPathingRequest,BSTSmartPointerIntrusiveRefCount>&,BSTSmartPointer<BSPathingSolution,BSTSmartPointerIntrusiveRefCount>&)_248C961 -> 402432+0xF1	movzx edi, al
	[ 9] 0x7FF771F45C37 Fallout4.exe+24A5C37	cmp [r14+0x68], r15b |  PathingTaskData::Process(void)_24A5C37 -> 877770+0x417	cmp [r14+0x68], r15b
	[10] 0x7FF771F4C234 Fallout4.exe+24AC234	cmp byte ptr [rsi+0x6B], 0x00 |  `anonymous_namespace'::PathManagerServer::ThreadProc(void)_24AC234 -> 382823+0xE4	cmp byte ptr [rsi+0x6B], 0x00
	[11] 0x7FF7715BCFED Fallout4.exe+1B1CFED	mov rcx, [0x00007FF7755FBD38] |  BSThread::CallThreadProc(void)_1B1CFED -> 1079791+0x3D	mov rcx, [0x00007FF7755FBD38]
	[12] 0x7FFA1536E8D7 KERNEL32.DLL+002E8D7
	[13] 0x7FFA170BC34C    ntdll.dll+003C34C

REGISTERS:
	RAX 0x20               (size_t) [32]
	RCX 0x0                (size_t) [0]
	RDX 0x60               (size_t) [96]
	RBX 0x7E5242F2F0       (void*)
	RSP 0x7E5242F230       (void*)
	RBP 0x0                (size_t) [0]
	RSI 0x0                (size_t) [0]
	RDI 0x0                (size_t) [0]
	R8  0x22B3CBAE336      (char*) " "
	R9  0x22D22E41DA0      (void*)
	R10 0x22B3CBAE330      (void*)
	R11 0x841              (size_t) [2113]
	R12 0x22CC1DD70A0      (void*)
	R13 0xB28              (size_t) [2856]
	R14 0x22D22DFB058      (NavMesh*)
		File: "fairlinesettlement.esp"
		Flags: 0x00000008
		FormID: 0x00183DEF
		FormType: kNAVM (76)
	R15 0x0                (size_t) [0]

STACK:
	[RSP+0  ] 0x7E5242F2F0       (void*)
	[RSP+8  ] 0x7E5242F3F0       (void*)
	[RSP+10 ] 0x0                (size_t) [0]
	[RSP+18 ] 0x22B7F60EE60      (voltek::memory_manager::memory_manager*)
	[RSP+20 ] 0x7E00000004       (size_t) [541165879300]
	[RSP+28 ] 0x7FF917B8C168     (void* -> x-cell-og.dll+006C168	lea r11, [rsp+0x60] |  D:\a\X-Cell-FO4\X-Cell-FO4\depends\vmm\source\vmmmain.cpp:482 voltek::memory_manager::memory_manager::alloc (mangled: ?alloc@memory_manager@1voltek@@QEAAPEAX_K@Z))
	[RSP+30 ] 0x7FF7726E9DB8     (void* -> Fallout4.exe+2C49DB8	loopne 0x00007FF7726E9DD0 |  hkbInternal::hks::execute<0>(hkbInternal::lua_State*,hkbInternal::hksInstruction*,int)_2C49DB8)
	[RSP+38 ] 0x7E5242F2F0       (void*)
	[RSP+40 ] 0x22E31336E08      (void*)
	[RSP+48 ] 0x0                (size_t) [0]
	[RSP+50 ] 0x2                (size_t) [2]
	[RSP+58 ] 0x22CC1DD70A0      (void*)
	[RSP+60 ] 0x22E31336DD0      (void*)
	[RSP+68 ] 0x7FF771FC5BA1     (void* -> Fallout4.exe+2525BA1	mov rsi, [rbp-0x79] |  BSPathBuilder::FindEntryPoint(BSVirtualPathingNode*,BSVirtualPathingNode*,BSPathingLocation&)_2525BA1)
	[RSP+70 ] 0x7E5242F3F0       (void*)
	[RSP+78 ] 0x7E5242F7F0       (BSPathBuilder*)
	[RSP+80 ] 0x7E5242F359       (void*)
	[RSP+88 ] 0x558AF105875D     (size_t) [94055237519197]
	[RSP+90 ] 0x0                (size_t) [0]
	[RSP+98 ] 0xB0               (size_t) [176]
	[RSP+A0 ] 0x2                (size_t) [2]
	[RSP+A8 ] 0x22CC1DD70A0      (void*)
	[RSP+B0 ] 0x22D22DFB058      (NavMesh*)
		File: "fairlinesettlement.esp"
		Flags: 0x00000008
		FormID: 0x00183DEF
		FormType: kNAVM (76)
	[RSP+B8 ] 0x7FF917B2BD1D     (void* -> x-cell-og.dll+000BD1D	mov rbx, [rsp+0xB0] |  D:\a\X-Cell-FO4\X-Cell-FO4\source\XCellModuleMemory.cpp:72 XCell::memory_manager::alloc (mangled: ?alloc@memory_manager@XCell@@SAPEAX_K0_N1@Z))
	[RSP+C0 ] 0x22CC1DD79C0      (void*)
	[RSP+C8 ] 0x22D740524F0      (void*)
	[RSP+D0 ] 0x7E00000064       (size_t) [541165879396]
	[RSP+D8 ] 0x0                (size_t) [0]
	[RSP+E0 ] 0x7FF917C3A9A8     (char*) "(alignment != 0) && ((alignment % 2) == 0)"
	[RSP+E8 ] 0x7FF917B2BACC     (void* -> x-cell-og.dll+000BACC	xor eax, eax |  C:\Program Files (x86)\Windows Kits\10\Include\10.0.26100.0\ucrt\corecrt_memcpy_s.h:64 ??$_Emplace_reallocate@AEBV?$shared_ptr@VModule@XCell@@@std@@@?$vector@V?$shared_ptr@VModule@XCell@@@std@@V?$allocator@V?$shared_ptr@VModule@XCell@@@std@@@2@@std@@AEAAPEAV?$shared_ptr@VModule@XCell@@@1@QEAV21@AEBV21@@Z)
	[RSP+F0 ] 0x7FF7726E9DB8     (void* -> Fallout4.exe+2C49DB8	loopne 0x00007FF7726E9DD0 |  hkbInternal::hks::execute<0>(hkbInternal::lua_State*,hkbInternal::hksInstruction*,int)_2C49DB8)
	[RSP+F8 ] 0x7E5242F2F0       (void*)
	[RSP+100] 0x10               (size_t) [16]
	[RSP+108] 0x7E5242F360       (void*)
	[RSP+110] 0x7FF917C412A8     (void* -> x-cell-og.dll+01212A8	 |  ??_7simple_scope_lock@_internal@core@voltek@@6B@_1212A8)
	[RSP+118] 0x7FF917B2BACC     (void* -> x-cell-og.dll+000BACC	xor eax, eax |  C:\Program Files (x86)\Windows Kits\10\Include\10.0.26100.0\ucrt\corecrt_memcpy_s.h:64 ??$_Emplace_reallocate@AEBV?$shared_ptr@VModule@XCell@@@std@@@?$vector@V?$shared_ptr@VModule@XCell@@@std@@V?$allocator@V?$shared_ptr@VModule@XCell@@@std@@@2@@std@@AEAAPEAV?$shared_ptr@VModule@XCell@@@1@QEAV21@AEBV21@@Z)
	[RSP+120] 0x558AF10584ED     (size_t) [94055237518573]
	[RSP+128] 0x7E5242F550       (void*)
	[RSP+130] 0x0                (size_t) [0]
	[RSP+138] 0xB0               (size_t) [176]
	[RSP+140] 0x42800000         (size_t) [1115684864]
	[RSP+148] 0x0                (size_t) [0]
	[RSP+150] 0x2                (size_t) [2]
	[RSP+158] 0x0                (size_t) [0]
	[RSP+160] 0x7E5242F520       (void*)
	[RSP+168] 0x7E5242F7F0       (BSPathBuilder*)
	[RSP+170] 0x22E31336DD0      (void*)
	[RSP+178] 0x22E31336E08      (void*)
	[RSP+180] 0x7E5242F4E0       (void*)
	[RSP+188] 0x7FF771FC46F7     (void* -> Fallout4.exe+25246F7	test al, al |  BSPathBuilder::BuildPathToNavMeshSearchStart(uint,BSScrapArray<BSPathingNode>&,BSScrapArray<BSNavmeshEdgeLocation>&)_25246F7)
	[RSP+190] 0x22CC1DD70A0      (void*)
	[RSP+198] 0x22D86746495      (void*)
	[RSP+1A0] 0xE8               (size_t) [232]
	[RSP+1A8] 0x7E5242F3F0       (void*)
	[RSP+1B0] 0x7E5242F3F0       (void*)
	[RSP+1B8] 0x7E5242F428       (void*)
	[RSP+1C0] 0x7F7FFFFF7F7FFFFF (size_t) [9187343237679939583]
	[RSP+1C8] 0x7FF77F7FFFFF     (size_t) [140700972744703]
	[RSP+1D0] 0x0                (size_t) [0]
	[RSP+1D8] 0x0                (size_t) [0]
	[RSP+1E0] 0x0                (size_t) [0]
	[RSP+1E8] 0x7FF70000FFFF     (size_t) [140698833715199]
	[RSP+1F0] 0x22D6216E400      (void*)
	[RSP+1F8] 0x7FF771F34CB9     (void* -> Fallout4.exe+2494CB9	mov rax, rbx |  ExpiredNavmeshesAutoReadLock::ExpiredNavmeshesAutoReadLock(void)_2494CB9)
	[RSP+200] 0x7E00215716       (size_t) [541168064278]
	[RSP+208] 0x7FF9901E2595     (size_t) [140709841479061]
	[RSP+210] 0x22D2138219C      (void*)
	[RSP+218] 0x7E5242F7F0       (BSPathBuilder*)
	[RSP+220] 0x0                (size_t) [0]
	[RSP+228] 0x7FF771FC2E41     (void* -> Fallout4.exe+2522E41	lea rcx, [rbp-0x48] |  BSPathBuilder::BuildNavMeshPathForVirtualNodes(uint,uint)_2522E41)
	[RSP+230] 0x7E5242F7F0       (BSPathBuilder*)
	[RSP+238] 0x1                (size_t) [1]
	[RSP+240] 0x7E5242F560       (void*)
	[RSP+248] 0x22D2138219C      (void*)
	[RSP+250] 0x7E5242F5F9       (void*)
	[RSP+258] 0x7FF917B2BD1D     (void* -> x-cell-og.dll+000BD1D	mov rbx, [rsp+0xB0] |  D:\a\X-Cell-FO4\X-Cell-FO4\source\XCellModuleMemory.cpp:72 XCell::memory_manager::alloc (mangled: ?alloc@memory_manager@XCell@@SAPEAX_K0_N1@Z))
	[RSP+260] 0x7FF917C412A8     (void* -> x-cell-og.dll+01212A8	 |  ??_7simple_scope_lock@_internal@core@voltek@@6B@_1212A8)
	[RSP+268] 0x22B7F60EE90      (voltek::core::_internal::simple_lock*)
	[RSP+270] 0x558AF105861D     (size_t) [94055237518877]
	[RSP+278] 0x7FF917B2BB7A     (void* -> x-cell-og.dll+000BB7A	xor eax, eax |  C:\Program Files (x86)\Windows Kits\10\Include\10.0.26100.0\ucrt\corecrt_memcpy_s.h:85 ??$_Emplace_reallocate@AEBV?$shared_ptr@VModule@XCell@@@std@@@?$vector@V?$shared_ptr@VModule@XCell@@@std@@V?$allocator@V?$shared_ptr@VModule@XCell@@@std@@@2@@std@@AEAAPEAV?$shared_ptr@VModule@XCell@@@1@QEAV21@AEBV21@@Z)
	[RSP+280] 0x558AF105810D     (size_t) [94055237517581]
	[RSP+288] 0x1                (size_t) [1]
	[RSP+290] 0x22E312F11B0      (void*)
	[RSP+298] 0x7FF7715B1042     (void* -> Fallout4.exe+1B11042	mov rcx, rax |  BSTArrayHeapAllocator::Allocate(uint,uint)_1B11042)
	[RSP+2A0] 0x22D21382190      (void*)
	[RSP+2A8] 0x7FF7715B1476     (void* -> Fallout4.exe+1B11476	mov [rbx+0x08], rbp |  BSScrapArrayAllocator::Reallocate(uint,uint,uint,uint,uint)_1B11476)
	[RSP+2B0] 0x0                (size_t) [0]
	[RSP+2B8] 0x0                (size_t) [0]
	[RSP+2C0] 0x0                (size_t) [0]
	[RSP+2C8] 0x7FF700000000     (size_t) [140698833649664]
	[RSP+2D0] 0x22E312F11C0      (void*)
	[RSP+2D8] 0x7FF771F6ACF5     (void* -> Fallout4.exe+24CACF5	mov eax, [rbx] |  BSPathingNode::BSPathingNode(BSPathingLocation&,NiPoint3&)_24CACF5)
	[RSP+2E0] 0x7FF7726E9DB8     (void* -> Fallout4.exe+2C49DB8	loopne 0x00007FF7726E9DD0 |  hkbInternal::hks::execute<0>(hkbInternal::lua_State*,hkbInternal::hksInstruction*,int)_2C49DB8)
	[RSP+2E8] 0x2                (size_t) [2]
	[RSP+2F0] 0x0                (size_t) [0]
	[RSP+2F8] 0x0                (size_t) [0]
	[RSP+300] 0x0                (size_t) [0]
	[RSP+308] 0x7FF700000000     (size_t) [140698833649664]
	[RSP+310] 0x7E5242F580       (void*)
	[RSP+318] 0x7FF7726E96C8     (void* -> Fallout4.exe+2C496C8	 |  hkbInternal::hks::execute<0>(hkbInternal::lua_State*,hkbInternal::hksInstruction*,int)_2C496C8)
	[RSP+320] 0x8000000001       (size_t) [549755813889]
	[RSP+328] 0x4500000026       (size_t) [296352743462]
	[RSP+330] 0x7FF773346C90     (void* -> Fallout4.exe+38A6C90	fisubr st0, word ptr [rbp+0xEFBE] |  aDiveBombChance_38A6C90)
	[RSP+338] 0x22CC1DD79C0      (void*)
	[RSP+340] 0x22D32986A30      (void*)
	[RSP+348] 0x22E312F11B0      (void*)
	[RSP+350] 0xC746F1E9C62A7CBB (size_t) [uint: 14359430448271752379 int: -4087313625437799237]
	[RSP+358] 0x450DF1FD         (size_t) [1158541821]
	[RSP+360] 0x0                (size_t) [0]
	[RSP+368] 0x22D20FAB0C0      (void*)
	[RSP+370] 0x22D62226EC0      (PathingCell*)
	[RSP+378] 0x7E0200FFFF       (size_t) [541199499263]
	[RSP+380] 0x0                (size_t) [0]
	[RSP+388] 0x7FF771FC45DA     (void* -> Fallout4.exe+25245DA	mov r14, [rsp+0xB0] |  BSPathBuilder::BuildStraightPathForVirtualNodes(uint,uint)_25245DA)
	[RSP+390] 0x22E312F1120      (void*)
	[RSP+398] 0x7E5242F7F0       (BSPathBuilder*)
	[RSP+3A0] 0x0                (size_t) [0]
	[RSP+3A8] 0x7E5242F690       (void*)
	[RSP+3B0] 0x0                (size_t) [0]
	[RSP+3B8] 0x7FF700000000     (size_t) [140698833649664]
	[RSP+3C0] 0xC746F1E9C62A7CBB (size_t) [uint: 14359430448271752379 int: -4087313625437799237]
	[RSP+3C8] 0x450DF1FD         (size_t) [1158541821]
	[RSP+3D0] 0x0                (size_t) [0]
	[RSP+3D8] 0x22D20FAB0C0      (void*)
	[RSP+3E0] 0x42800000         (size_t) [1115684864]
	[RSP+3E8] 0x0                (size_t) [0]
	[RSP+3F0] 0x0                (size_t) [0]
	[RSP+3F8] 0x22CC1DD7A60      (char*) "J"
	[RSP+400] 0x22CC1DD70A0      (void*)
	[RSP+408] 0x7E5242F7F0       (BSPathBuilder*)
	[RSP+410] 0x22CC1DD7A60      (char*) "J"
	[RSP+418] 0x22D2138219C      (void*)
	[RSP+420] 0x0                (size_t) [0]
	[RSP+428] 0x7FF771FC27CA     (void* -> Fallout4.exe+25227CA	test al, al |  BSPathBuilder::BuildDetailedPathForLoadedVirtualNodes(void)_25227CA)
	[RSP+430] 0x1                (size_t) [1]
	[RSP+438] 0x7FF700000001     (size_t) [140698833649665]
	[RSP+440] 0x1                (size_t) [1]
	[RSP+448] 0x2                (size_t) [2]
	[RSP+450] 0x7FF7726E9DB8     (void* -> Fallout4.exe+2C49DB8	loopne 0x00007FF7726E9DD0 |  hkbInternal::hks::execute<0>(hkbInternal::lua_State*,hkbInternal::hksInstruction*,int)_2C49DB8)
	[RSP+458] 0x7E5242F690       (void*)
	[RSP+460] 0x22CC1DD79C0      (void*)
	[RSP+468] 0x22D21382190      (void*)
	[RSP+470] 0x7E00000002       (size_t) [541165879298]
	[RSP+478] 0x22C00000002      (void*)
	[RSP+480] 0x7E5242F8C8       (void*)
	[RSP+488] 0x7FF771FC256F     (void* -> Fallout4.exe+252256F	movzx esi, al |  BSPathBuilder::BuildDetailedPath(uint)_252256F)
	[RSP+490] 0x7E5242F7F0       (BSPathBuilder*)
	[RSP+498] 0x22D741A5B01      (void*)
	[RSP+4A0] 0x7E5242F7F0       (BSPathBuilder*)
	[RSP+4A8] 0x0                (size_t) [0]
	[RSP+4B0] 0x22D741A5B01      (void*)
	[RSP+4B8] 0x22D741A5B80      (PathingRequest*)
	[RSP+4C0] 0x4A               (size_t) [74]
	[RSP+4C8] 0x7FF771FC0BA5     (void* -> Fallout4.exe+2520BA5	test sil, sil |  BSPathBuilder::BuildPath(void)_2520BA5)
	[RSP+4D0] 0x0                (size_t) [0]
	[RSP+4D8] 0x7FF772AD13F0     (char*) "Building Detailed Path"
	[RSP+4E0] 0x7FF700000002     (size_t) [140698833649666]
	[RSP+4E8] 0x7E5242F6B0       (void*)
	[RSP+4F0] 0x22B42800000      (void*)
	[RSP+4F8] 0x22CC1DD7A60      (char*) "J"
	[RSP+500] 0x22CC1DD7A60      (char*) "J"
	[RSP+508] 0x22D049C4AA8      (void*)
	[RSP+510] 0x7E5242F8C8       (void*)
	[RSP+518] 0x7FF772ACDED8     (void* -> Fallout4.exe+302DED8	add [rdi+0x7FF771F3], ah |  aDiveBombChance_302DED8)
	[RSP+520] 0x4280000000000000 (size_t) [4791830003522207744]
	[RSP+528] 0x7E5242F701       (void*)
	[RSP+530] 0xFF7FFFFF         (size_t) [4286578687]
	[RSP+538] 0x7FF772ACDED8     (void* -> Fallout4.exe+302DED8	add [rdi+0x7FF771F3], ah |  aDiveBombChance_302DED8)
	[RSP+540] 0x4280000000000000 (size_t) [4791830003522207744]
	[RSP+548] 0x7FF775553501     (void* -> Fallout4.exe+5AB3501	cmc |  aDiveBombChance_5AB3501)
	[RSP+550] 0x200FF7FFFFF      (size_t) [2203309834239]
	[RSP+558] 0x7EFFFFFFFF       (size_t) [545460846591]
	[RSP+560] 0x0                (size_t) [0]
	[RSP+568] 0x0                (size_t) [0]
	[RSP+570] 0x22CC1DD7A60      (char*) "J"
	[RSP+578] 0x22D049C4AA8      (void*)
	[RSP+580] 0x22D049C4AA8      (void*)
	[RSP+588] 0x330EB0E3         (size_t) [856600803]
	[RSP+590] 0x22D741A5B80      (PathingRequest*)
	[RSP+598] 0x7FF770239F4B     (void* -> Fallout4.exe+0799F4B	lea rcx, [rsp+0x20] |  AutoRegisterPathBuilderFactory<PathingRequestStopMoving,`anonymous_namespace'::PathBuilderStopMovingPath>::`scalar_deleting_destructor'(uint)_799F4B)
	[RSP+5A0] 0xFFFFFFFF         (size_t) [4294967295]
	[RSP+5A8] 0x22CC1DD7A60      (char*) "J"
	[RSP+5B0] 0x7E5242F8C8       (void*)
	[RSP+5B8] 0x22D049C4AA0      (void*)
	[RSP+5C0] 0x7FF772AD1288     (void* -> Fallout4.exe+3031288	ror byte ptr [rsi+0x7FF771FC], 0x01 |  aDiveBombChance_3031288)
	[RSP+5C8] 0xC746F1E9C62A7CBB (size_t) [uint: 14359430448271752379 int: -4087313625437799237]
	[RSP+5D0] 0x7E450DF1FD       (size_t) [542324421117]
	[RSP+5D8] 0x0                (size_t) [0]
	[RSP+5E0] 0x22D20FAB0C0      (void*)
	[RSP+5E8] 0x22D62226EC0      (PathingCell*)
	[RSP+5F0] 0x22D0900FFFF      (void*)
	[RSP+5F8] 0x22D741A5B80      (PathingRequest*)
	[RSP+600] 0x22E312F1120      (void*)
	[RSP+608] 0x22CC1DD79C0      (void*)
	[RSP+610] 0x22CC1DD7A00      (void*)
	[RSP+618] 0x7FF76FAC44E3     (void* -> Fallout4.exe+00244E3	mov esi, eax |  BSSpinLock::Lock(char*)_244E3)
	[RSP+620] 0x22D049C4AB0      (void*)
	[RSP+628] 0x7FF771F2C961     (void* -> Fallout4.exe+248C961	movzx edi, al |  BSPathing::BuildPath(BSTSmartPointer<BSPathingRequest,BSTSmartPointerIntrusiveRefCount>&,BSTSmartPointer<BSPathingSolution,BSTSmartPointerIntrusiveRefCount>&)_248C961)
	[RSP+630] 0x4A               (size_t) [74]
	[RSP+638] 0x22D741A5B80      (PathingRequest*)
	[RSP+640] 0x7FF775381C00     (void* -> Fallout4.exe+58E1C00	add [rax], al |  aDiveBombChance_58E1C00)
	[RSP+648] 0x0                (size_t) [0]
	[RSP+650] 0x0                (size_t) [0]
	[RSP+658] 0x22D049C4AA0      (void*)
	[RSP+660] 0x22B615FF1A0      (void*)
	[RSP+668] 0x2                (size_t) [2]
	[RSP+670] 0x22D049C4AA0      (void*)
	[RSP+678] 0x7FF771F45C37     (void* -> Fallout4.exe+24A5C37	cmp [r14+0x68], r15b |  PathingTaskData::Process(void)_24A5C37)
	[RSP+680] 0x7E5242F949       (void*)
	[RSP+688] 0x7E20C75C5E       (size_t) [541715815518]
	[RSP+690] 0x22D049C4AA0      (void*)
	[RSP+698] 0x22E312F1120      (void*)
	[RSP+6A0] 0x3                (size_t) [3]
	[RSP+6A8] 0x22E358B7570      (PathingRequest*)
	[RSP+6B0] 0x22D2AA52310      (void*)
	[RSP+6B8] 0x7FFA1715DB84     (void* -> ntdll.dll+00DDB84	mov ebx, eax)
	[RSP+6C0] 0x22D741AF840      (void*)
	[RSP+6C8] 0x22E312F0DF0      (void*)
	[RSP+6D0] 0xBA12DA2500009F80 (size_t) [uint: 13408018893084073856 int: -5038725180625477760]
	[RSP+6D8] 0x7FFA1434D26F     (void* -> KERNELBASE.dll+004D26F	nop [rax+rax*1], eax)
	[RSP+6E0] 0x7E5242F9C0       (void*)
	[RSP+6E8] 0x7FFA14376D21     (void* -> KERNELBASE.dll+0076D21	nop [rax+rax*1], eax)
	[RSP+6F0] 0x0                (size_t) [0]
	[RSP+6F8] 0x0                (size_t) [0]
	[RSP+700] 0x22D049C4CE0      (void*)
	[RSP+708] 0x22D049C4AA0      (void*)
	[RSP+710] 0x48               (size_t) [72]
	[RSP+718] 0x1                (size_t) [1]
	[RSP+720] 0x0                (size_t) [0]
	[RSP+728] 0x0                (size_t) [0]
	[RSP+730] 0x0                (size_t) [0]
	[RSP+738] 0x0                (size_t) [0]
	[RSP+740] 0x0                (size_t) [0]
	[RSP+748] 0x0                (size_t) [0]
	[RSP+750] 0x1                (size_t) [1]
	[RSP+758] 0x22B615FF150      (`anonymous namespace'::PathManagerServer*)
	[RSP+760] 0x1                (size_t) [1]
	[RSP+768] 0x22B615FF1C0      (void*)
	[RSP+770] 0x22D049C4CE0      (void*)
	[RSP+778] 0x7FF771F4C234     (void* -> Fallout4.exe+24AC234	cmp byte ptr [rsi+0x6B], 0x00 |  `anonymous_namespace'::PathManagerServer::ThreadProc(void)_24AC234)
	[RSP+780] 0x22D049C4AA0      (void*)
	[RSP+788] 0x22D049C4AA0      (void*)
	[RSP+790] 0x22B615FF1A0      (void*)
	[RSP+798] 0x6740             (size_t) [26432]
	[RSP+7A0] 0x0                (size_t) [0]
	[RSP+7A8] 0x0                (size_t) [0]
	[RSP+7B0] 0x0                (size_t) [0]
	[RSP+7B8] 0x0                (size_t) [0]
	[RSP+7C0] 0x0                (size_t) [0]
	[RSP+7C8] 0x7FF7715BCFED     (void* -> Fallout4.exe+1B1CFED	mov rcx, [0x00007FF7755FBD38] |  BSThread::CallThreadProc(void)_1B1CFED)
	[RSP+7D0] 0x22B615FF150      (`anonymous namespace'::PathManagerServer*)
	[RSP+7D8] 0x0                (size_t) [0]
	[RSP+7E0] 0x0                (size_t) [0]
	[RSP+7E8] 0x0                (size_t) [0]
	[RSP+7F0] 0x22B615FF150      (`anonymous namespace'::PathManagerServer*)
	[RSP+7F8] 0x0                (size_t) [0]
	[RSP+800] 0x0                (size_t) [0]
	[RSP+808] 0x7FFA1536E8D7     (void* -> KERNEL32.DLL+002E8D7	mov ecx, eax)
	[RSP+810] 0x0                (size_t) [0]
	[RSP+818] 0x0                (size_t) [0]
	[RSP+820] 0x0                (size_t) [0]
	[RSP+828] 0x0                (size_t) [0]
	[RSP+830] 0x0                (size_t) [0]
	[RSP+838] 0x7FFA170BC34C     (void* -> ntdll.dll+003C34C	jmp 0x00007FFA170BC376)
	[RSP+840] 0x0                (size_t) [0]
	[RSP+848] 0x0                (size_t) [0]
	[RSP+850] 0x4F0FFFFFB30      (size_t) [5433133628208]
	[RSP+858] 0x4D0FFFFFB30      (size_t) [5295694674736]
	[RSP+860] 0x21               (size_t) [33]
	[RSP+868] 0x7FFA1441A820     (void* -> KERNELBASE.dll+011A820	mov [rsp+0x10], rbx)
	[RSP+870] 0x7E5242DD00       (void*)
	[RSP+878] 0x7E5242DD00       (void*)
	[RSP+880] 0x0                (size_t) [0]
	[RSP+888] 0x0                (size_t) [0]
	[RSP+890] 0x0                (size_t) [0]
	[RSP+898] 0x0                (size_t) [0]
	[RSP+8A0] 0x0                (size_t) [0]
	[RSP+8A8] 0x0                (size_t) [0]
	[RSP+8B0] 0x0                (size_t) [0]
	[RSP+8B8] 0x0                (size_t) [0]
	[RSP+8C0] 0x0                (size_t) [0]
	[RSP+8C8] 0x0                (size_t) [0]
	[RSP+8D0] 0x0                (size_t) [0]
	[RSP+8D8] 0x0                (size_t) [0]
	[RSP+8E0] 0x0                (size_t) [0]
	[RSP+8E8] 0x0                (size_t) [0]
	[RSP+8F0] 0x0                (size_t) [0]
	[RSP+8F8] 0x0                (size_t) [0]
	[RSP+900] 0x0                (size_t) [0]
	[RSP+908] 0x0                (size_t) [0]
	[RSP+910] 0x0                (size_t) [0]
	[RSP+918] 0x0                (size_t) [0]
	[RSP+920] 0x0                (size_t) [0]
	[RSP+928] 0x0                (size_t) [0]
	[RSP+930] 0x0                (size_t) [0]
	[RSP+938] 0x0                (size_t) [0]
	[RSP+940] 0x0                (size_t) [0]
	[RSP+948] 0x0                (size_t) [0]
	[RSP+950] 0x0                (size_t) [0]
	[RSP+958] 0x0                (size_t) [0]
	[RSP+960] 0x0                (size_t) [0]
	[RSP+968] 0x0                (size_t) [0]
	[RSP+970] 0x0                (size_t) [0]
	[RSP+978] 0x0                (size_t) [0]
	[RSP+980] 0x0                (size_t) [0]
	[RSP+988] 0x0                (size_t) [0]
	[RSP+990] 0x0                (size_t) [0]
	[RSP+998] 0x0                (size_t) [0]
	[RSP+9A0] 0x0                (size_t) [0]
	[RSP+9A8] 0x0                (size_t) [0]
	[RSP+9B0] 0x0                (size_t) [0]
	[RSP+9B8] 0x0                (size_t) [0]
	[RSP+9C0] 0x0                (size_t) [0]
	[RSP+9C8] 0x0                (size_t) [0]
	[RSP+9D0] 0x0                (size_t) [0]
	[RSP+9D8] 0x0                (size_t) [0]
	[RSP+9E0] 0x0                (size_t) [0]
	[RSP+9E8] 0x0                (size_t) [0]
	[RSP+9F0] 0x0                (size_t) [0]
	[RSP+9F8] 0x0                (size_t) [0]
	[RSP+A00] 0x0                (size_t) [0]
	[RSP+A08] 0x0                (size_t) [0]
	[RSP+A10] 0x0                (size_t) [0]
	[RSP+A18] 0x0                (size_t) [0]
	[RSP+A20] 0x0                (size_t) [0]
	[RSP+A28] 0x0                (size_t) [0]
	[RSP+A30] 0x0                (size_t) [0]
	[RSP+A38] 0x0                (size_t) [0]
	[RSP+A40] 0x0                (size_t) [0]
	[RSP+A48] 0x0                (size_t) [0]
	[RSP+A50] 0x0                (size_t) [0]
	[RSP+A58] 0x0                (size_t) [0]
	[RSP+A60] 0x0                (size_t) [0]
	[RSP+A68] 0x0                (size_t) [0]
	[RSP+A70] 0x0                (size_t) [0]
	[RSP+A78] 0x0                (size_t) [0]
	[RSP+A80] 0x0                (size_t) [0]
	[RSP+A88] 0x0                (size_t) [0]
	[RSP+A90] 0x0                (size_t) [0]
	[RSP+A98] 0x0                (size_t) [0]
	[RSP+AA0] 0x0                (size_t) [0]
	[RSP+AA8] 0x0                (size_t) [0]
	[RSP+AB0] 0x0                (size_t) [0]
	[RSP+AB8] 0x0                (size_t) [0]
	[RSP+AC0] 0x0                (size_t) [0]
	[RSP+AC8] 0x0                (size_t) [0]
	[RSP+AD0] 0x0                (size_t) [0]
	[RSP+AD8] 0x0                (size_t) [0]
	[RSP+AE0] 0x0                (size_t) [0]
	[RSP+AE8] 0x0                (size_t) [0]
	[RSP+AF0] 0x0                (size_t) [0]
	[RSP+AF8] 0x0                (size_t) [0]
	[RSP+B00] 0x0                (size_t) [0]
	[RSP+B08] 0x0                (size_t) [0]
	[RSP+B10] 0x0                (size_t) [0]
	[RSP+B18] 0x0                (size_t) [0]
	[RSP+B20] 0x0                (size_t) [0]
	[RSP+B28] 0x0                (size_t) [0]
	[RSP+B30] 0x0                (size_t) [0]
	[RSP+B38] 0x0                (size_t) [0]
	[RSP+B40] 0x0                (size_t) [0]
	[RSP+B48] 0x0                (size_t) [0]
	[RSP+B50] 0x0                (size_t) [0]
	[RSP+B58] 0x0                (size_t) [0]
	[RSP+B60] 0x0                (size_t) [0]
	[RSP+B68] 0x0                (size_t) [0]
	[RSP+B70] 0x0                (size_t) [0]
	[RSP+B78] 0x0                (size_t) [0]
	[RSP+B80] 0x0                (size_t) [0]
	[RSP+B88] 0x0                (size_t) [0]
	[RSP+B90] 0x0                (size_t) [0]
	[RSP+B98] 0x0                (size_t) [0]
	[RSP+BA0] 0x0                (size_t) [0]
	[RSP+BA8] 0x0                (size_t) [0]
	[RSP+BB0] 0x0                (size_t) [0]
	[RSP+BB8] 0x0                (size_t) [0]
	[RSP+BC0] 0x0                (size_t) [0]
	[RSP+BC8] 0x0                (size_t) [0]
	[RSP+BD0] 0x0                (size_t) [0]
	[RSP+BD8] 0x0                (size_t) [0]
	[RSP+BE0] 0x0                (size_t) [0]
	[RSP+BE8] 0x0                (size_t) [0]
	[RSP+BF0] 0x0                (size_t) [0]
	[RSP+BF8] 0x0                (size_t) [0]
	[RSP+C00] 0x0                (size_t) [0]
	[RSP+C08] 0x0                (size_t) [0]
	[RSP+C10] 0x0                (size_t) [0]
	[RSP+C18] 0x0                (size_t) [0]
	[RSP+C20] 0x0                (size_t) [0]
	[RSP+C28] 0x0                (size_t) [0]
	[RSP+C30] 0x0                (size_t) [0]
	[RSP+C38] 0x0                (size_t) [0]
	[RSP+C40] 0x0                (size_t) [0]
	[RSP+C48] 0x0                (size_t) [0]
	[RSP+C50] 0x0                (size_t) [0]
	[RSP+C58] 0x0                (size_t) [0]
	[RSP+C60] 0x0                (size_t) [0]
	[RSP+C68] 0x0                (size_t) [0]
	[RSP+C70] 0x0                (size_t) [0]
	[RSP+C78] 0x0                (size_t) [0]
	[RSP+C80] 0x0                (size_t) [0]
	[RSP+C88] 0x0                (size_t) [0]
	[RSP+C90] 0x0                (size_t) [0]
	[RSP+C98] 0x0                (size_t) [0]
	[RSP+CA0] 0x0                (size_t) [0]
	[RSP+CA8] 0x0                (size_t) [0]
	[RSP+CB0] 0x0                (size_t) [0]
	[RSP+CB8] 0x0                (size_t) [0]
	[RSP+CC0] 0x0                (size_t) [0]
	[RSP+CC8] 0x0                (size_t) [0]
	[RSP+CD0] 0x0                (size_t) [0]
	[RSP+CD8] 0x0                (size_t) [0]
	[RSP+CE0] 0x0                (size_t) [0]
	[RSP+CE8] 0x0                (size_t) [0]
	[RSP+CF0] 0x0                (size_t) [0]
	[RSP+CF8] 0x0                (size_t) [0]
	[RSP+D00] 0x0                (size_t) [0]
	[RSP+D08] 0x0                (size_t) [0]
	[RSP+D10] 0x0                (size_t) [0]
	[RSP+D18] 0x0                (size_t) [0]
	[RSP+D20] 0x0                (size_t) [0]
	[RSP+D28] 0x0                (size_t) [0]
	[RSP+D30] 0x0                (size_t) [0]
	[RSP+D38] 0x0                (size_t) [0]
	[RSP+D40] 0x0                (size_t) [0]
	[RSP+D48] 0x0                (size_t) [0]
	[RSP+D50] 0x0                (size_t) [0]
	[RSP+D58] 0x0                (size_t) [0]
	[RSP+D60] 0x0                (size_t) [0]
	[RSP+D68] 0x0                (size_t) [0]
	[RSP+D70] 0x0                (size_t) [0]
	[RSP+D78] 0x0                (size_t) [0]
	[RSP+D80] 0x0                (size_t) [0]
	[RSP+D88] 0x0                (size_t) [0]
	[RSP+D90] 0x0                (size_t) [0]
	[RSP+D98] 0x0                (size_t) [0]
	[RSP+DA0] 0x0                (size_t) [0]
	[RSP+DA8] 0x0                (size_t) [0]
	[RSP+DB0] 0x0                (size_t) [0]
	[RSP+DB8] 0x0                (size_t) [0]
	[RSP+DC0] 0x0                (size_t) [0]
	[RSP+DC8] 0x0                (size_t) [0]

MODULES:
	XINPUT1_3.dll                      0x000000400000
	X3DAudio1_7.dll                    0x000073970000
	steam_api64.dll                    0x000073980000
	LL_fourPlay_1_10_163.dll           0x000180000000
	Fallout4.exe                       0x7FF76FAA0000
	CONCRT140.dll                      0x7FF8C7260000
	d3d11on12.dll                      0x7FF913D00000
	dxilconv.dll                       0x7FF914ED0000
	d3dcompiler_47_64.dll              0x7FF915140000
	XAudio2_7.dll                      0x7FF915760000
	NvCamera64.dll                     0x7FF9158A0000
	nvngx_dlssg.dll                    0x7FF916780000
	_nvngx.dll                         0x7FF9175A0000
	sl.dlss_g.dll                      0x7FF917720000
	sl.common.dll                      0x7FF917860000
	gameoverlayrenderer64.dll          0x7FF917910000
	XDI.dll                            0x7FF917AB0000
	x-cell-og.dll                      0x7FF917B20000
	wsfw_identifier.dll                0x7FF917C70000
	WhoseQuestIsItAnywayF4.dll         0x7FF917D70000
	WeightlessItems.dll                0x7FF917DD0000
	WeaponDebrisCrashFix.dll           0x7FF917E20000
	UnlimitedFastTravel.dll            0x7FF917E70000
	SUP_F4SE.dll                       0x7FF917EC0000
	SprintStutteringFix.dll            0x7FF9180F0000
	ShowAllArmorsAndOutfits.dll        0x7FF918140000
	SettlementOfUnlimitedSize.dll      0x7FF9181D0000
	RobCo_Patcher.dll                  0x7FF918220000
	PRKF.dll                           0x7FF918300000
	PowerGridTools.dll                 0x7FF918390000
	po3_SpellPerkItemDistributorF4.dll 0x7FF918400000
	PapyrusCommonLibrary.dll           0x7FF918510000
	ffx_backend_dx11_x64.dll           0x7FF918920000
	libxess.dll                        0x7FF919130000
	po3_SimpleOffenceSuppressionF4.dll 0x7FF91D2B0000
	po3_BaseObjectSwapperF4.dll        0x7FF91D340000
	place.dll                          0x7FF91D440000
	MODExplorer.dll                    0x7FF91D4C0000
	MentatsF4SE.dll                    0x7FF91D540000
	mcm.dll                            0x7FF91D650000
	LighthousePapyrusExtender.dll      0x7FF91D6F0000
	HighFPSPhysicsFix.dll              0x7FF91D840000
	nvngx_dlss.dll                     0x7FF91D950000
	Fallout4Upscaler.dll               0x7FF920840000
	BackportedBA2Support.dll           0x7FF9212C0000
	PipboyTabs.dll                     0x7FF922AE0000
	GardenOfEdenPapyrusExtender.dll    0x7FF922B40000
	PDPerfPlugin.dll                   0x7FF922E40000
	InvisibleDeadBodyFix.dll           0x7FF9231B0000
	dxgi.dll                           0x7FF923250000
	steamclient64.dll                  0x7FF930C30000
	Outfit-ReDress-Fix.dll             0x7FF93F730000
	MagicSystemFixes.dll               0x7FF93F900000
	MeleeAndThrow.dll                  0x7FF93FA90000
	tier0_s64.dll                      0x7FF9452D0000
	vstdlib_s64.dll                    0x7FF947270000
	Interior-NavCut-Fix.dll            0x7FF948C30000
	GCBugFix.dll                       0x7FF948C80000
	Buffout4.dll                       0x7FF948D70000
	FollowerStrayBulletFix.dll         0x7FF949200000
	f4ee.dll                           0x7FF949280000
	GLXRM_NoInteriorFog.dll            0x7FF94BAE0000
	FollowerAIApproachReactionFix.dll  0x7FF94BB30000
	BakaPowerArmorStorage.dll          0x7FF94BB80000
	D3D12Core.dll                      0x7FF94D5A0000
	EscapeFreeze.dll                   0x7FF94E7B0000
	BakaPowerArmorHUD.dll              0x7FF94E870000
	BakaFramework.dll                  0x7FF94E930000
	flexRelease_x64.dll                0x7FF94EA20000
	D3DSCache.dll                      0x7FF94FC10000
	nvdxgdmal64.dll                    0x7FF952180000
	nvcuda64.dll                       0x7FF952240000
	msdmo.dll                          0x7FF954C70000
	ResampleDmo.DLL                    0x7FF954C90000
	DSOUND.DLL                         0x7FF954D50000
	sl.interposer.dll                  0x7FF95D100000
	PlotUI.dll                         0x7FF96D440000
	BulletCountedReload.dll            0x7FF96DDF0000
	MSVCP140_ATOMIC_WAIT.dll           0x7FF977920000
	d3d12.dll                          0x7FF97B490000
	BakaFullscreenPipboy.dll           0x7FF97E160000
	DisableCompanionCollision.dll      0x7FF980850000
	crafting_highlight_fix.dll         0x7FF980C60000
	BakaAutoLockpicking.dll            0x7FF989950000
	f4se_1_10_163.dll                  0x7FF98DF50000
	ConsoleUtilF4.dll                  0x7FF994930000
	BetterConsole.dll                  0x7FF9959D0000
	ArmorPenetrationBugFix.dll         0x7FF9962A0000
	VoltekLib.Detours.dll              0x7FF9962F0000
	winmmbase.dll                      0x7FF99A720000
	ConsoleEx.dll                      0x7FF99E3A0000
	f4se_steam_loader.dll              0x7FF99F2B0000
	sl.reflex.dll                      0x7FF9B4200000
	cudart64_75.dll                    0x7FF9B44D0000
	DINPUT8.dll                        0x7FF9B5D40000
	VoltekLib.RelocationDatabase.dll   0x7FF9BB100000
	GFSDK_GodraysLib.x64.dll           0x7FF9BB140000
	nvspcap64.dll                      0x7FF9BD7A0000
	nvppex.dll                         0x7FF9CB4E0000
	xinput1_4.dll                      0x7FF9CB9A0000
	GFSDK_SSAO_D3D11.win64.dll         0x7FF9CB9C0000
	MessageBus.dll                     0x7FF9CBFA0000
	encounter_zone_recalculation.dll   0x7FF9D01C0000
	XINPUT9_1_0.dll                    0x7FF9D0230000
	VoltekLib.MemoryManager.dll        0x7FF9D0240000
	VoltekLib.UnicodeConverter.dll     0x7FF9D1290000
	ffx_fsr3_x64.dll                   0x7FF9D2D90000
	flexExtRelease_x64.dll             0x7FF9D2DA0000
	MSVCR110.dll                       0x7FF9D2E00000
	MSVCP110.dll                       0x7FF9D2EE0000
	WINHTTP.dll                        0x7FF9D2F90000
	bink2w64.dll                       0x7FF9D32C0000
	ffx_fsr3upscaler_x64.dll           0x7FF9D5AF0000
	nvToolsExt64_1.dll                 0x7FF9D6090000
	UIAutomationCore.DLL               0x7FF9D81E0000
	NvTelemetryBridge64.dll            0x7FF9DCD10000
	threadpoolwinrt.dll                0x7FF9E0FB0000
	NvTelemetryAPI64.dll               0x7FF9E5420000
	ncryptsslp.dll                     0x7FF9EC1D0000
	MSVCP140.dll                       0x7FF9EF9C0000
	webio.dll                          0x7FF9F17E0000
	VCRUNTIME140.dll                   0x7FF9F18D0000
	VCRUNTIME140_1.dll                 0x7FF9F18F0000
	ondemandconnroutehelper.dll        0x7FF9F1B90000
	WININET.dll                        0x7FF9F5E50000
	Windows.UI.dll                     0x7FF9F6AB0000
	iertutil.dll                       0x7FF9F6FB0000
	OLEACC.dll                         0x7FF9F84A0000
	COMCTL32.dll                       0x7FF9F86B0000
	gdiplus.dll                        0x7FF9F8950000
	dbgcore.DLL                        0x7FF9FA7B0000
	NvMessageBus.dll                   0x7FF9FBD70000
	AUDIOSES.DLL                       0x7FF9FC0E0000
	inputhost.dll                      0x7FF9FC6E0000
	nvapi64.dll                        0x7FF9FC8D0000
	MSIMG32.dll                        0x7FF9FD690000
	textinputframework.dll             0x7FF9FD780000
	dbghelp.dll                        0x7FF9FD940000
	nvwgf2umx.dll                      0x7FFA00300000
	MpOav.dll                          0x7FFA05800000
	amsi.dll                           0x7FFA058A0000
	SPINF.dll                          0x7FFA05F90000
	wbemsvc.dll                        0x7FFA06890000
	twinapi.appcore.dll                0x7FFA069E0000
	fastprox.dll                       0x7FFA06C20000
	WINMM.dll                          0x7FFA06F70000
	NvMemMapStoragex.dll               0x7FFA070D0000
	DEVRTL.dll                         0x7FFA075E0000
	wbemprox.dll                       0x7FFA078C0000
	rasadhlp.dll                       0x7FFA07D40000
	nvgpucomp64.dll                    0x7FFA08180000
	srvcli.dll                         0x7FFA0C110000
	wbemcomn.dll                       0x7FFA0C3A0000
	drvstore.dll                       0x7FFA0C4D0000
	cryptnet.dll                       0x7FFA0C650000
	fwpuclnt.dll                       0x7FFA0C690000
	nvldumdx.dll                       0x7FFA0C8A0000
	CoreUIComponents.dll               0x7FFA0CC40000
	dhcpcsvc.DLL                       0x7FFA0D410000
	WINHTTP.DLL                        0x7FFA0D440000
	VERSION.dll                        0x7FFA0D8E0000
	dhcpcsvc6.DLL                      0x7FFA0D8F0000
	MMDevApi.dll                       0x7FFA0DAA0000
	avrt.dll                           0x7FFA0DF70000
	D3DCOMPILER_47.dll                 0x7FFA0EBC0000
	WindowsCodecs.dll                  0x7FFA0F050000
	Microsoft.Internal.WarpPal.dll     0x7FFA0F2A0000
	d3d11.dll                          0x7FFA0F530000
	dcomp.dll                          0x7FFA0FDE0000
	CoreMessaging.dll                  0x7FFA10710000
	apphelp.dll                        0x7FFA11180000
	Secur32.dll                        0x7FFA11290000
	UxTheme.dll                        0x7FFA11370000
	WINNSI.DLL                         0x7FFA114C0000
	dxcore.dll                         0x7FFA11530000
	directxdatabasehelper.dll          0x7FFA11580000
	dxgi.dll                           0x7FFA11610000
	dwmapi.dll                         0x7FFA11770000
	resourcepolicyclient.dll           0x7FFA11B00000
	windows.storage.dll                0x7FFA11E10000
	HID.DLL                            0x7FFA12670000
	netutils.dll                       0x7FFA12950000
	IPHLPAPI.DLL                       0x7FFA12960000
	DNSAPI.dll                         0x7FFA129F0000
	schannel.DLL                       0x7FFA12D80000
	rsaenh.dll                         0x7FFA12EB0000
	kernel.appcore.dll                 0x7FFA12F50000
	ntmarta.dll                        0x7FFA13070000
	SSPICLI.DLL                        0x7FFA13260000
	MSWSOCK.dll                        0x7FFA13530000
	gpapi.dll                          0x7FFA135A0000
	UMPDC.dll                          0x7FFA135D0000
	USERENV.dll                        0x7FFA135F0000
	POWRPROF.dll                       0x7FFA13620000
	CRYPTBASE.DLL                      0x7FFA13800000
	wldp.dll                           0x7FFA138A0000
	cryptsp.dll                        0x7FFA139A0000
	msasn1.dll                         0x7FFA13A00000
	NTASN1.dll                         0x7FFA13AA0000
	ncrypt.dll                         0x7FFA13AF0000
	devobj.dll                         0x7FFA13E30000
	CFGMGR32.dll                       0x7FFA13E80000
	DPAPI.DLL                          0x7FFA13EE0000
	bcrypt.dll                         0x7FFA140B0000
	profapi.dll                        0x7FFA140E0000
	bcryptPrimitives.dll               0x7FFA141D0000
	WINTRUST.DLL                       0x7FFA14270000
	KERNELBASE.dll                     0x7FFA14300000
	CRYPT32.dll                        0x7FFA146F0000
	msvcp_win.dll                      0x7FFA14870000
	ucrtbase.dll                       0x7FFA14920000
	wintypes.dll                       0x7FFA14A70000
	win32u.dll                         0x7FFA14BF0000
	gdi32full.dll                      0x7FFA14C20000
	RPCRT4.dll                         0x7FFA14EC0000
	GDI32.dll                          0x7FFA14FE0000
	USER32.dll                         0x7FFA15010000
	WS2_32.dll                         0x7FFA151E0000
	KERNEL32.DLL                       0x7FFA15340000
	ole32.dll                          0x7FFA15410000
	PSAPI.DLL                          0x7FFA155C0000
	clbcatq.dll                        0x7FFA155D0000
	IMM32.DLL                          0x7FFA15680000
	sechost.dll                        0x7FFA158A0000
	SHELL32.dll                        0x7FFA15950000
	ADVAPI32.dll                       0x7FFA160A0000
	imagehlp.dll                       0x7FFA16160000
	SHLWAPI.dll                        0x7FFA161B0000
	combase.dll                        0x7FFA16220000
	MSCTF.dll                          0x7FFA165B0000
	shcore.dll                         0x7FFA16720000
	OLEAUT32.dll                       0x7FFA16820000
	msvcrt.dll                         0x7FFA16990000
	COMDLG32.dll                       0x7FFA16A40000
	SETUPAPI.dll                       0x7FFA16BA0000
	NSI.dll                            0x7FFA17030000
	ntdll.dll                          0x7FFA17080000

F4SE PLUGINS:
	ArmorPenetrationBugFix.dll v1
	BackportedBA2Support.dll v1
	BakaAutoLockpicking.dll v2
	BakaFramework.dll v1.10
	BakaFullscreenPipboy.dll v1.8
	BakaPowerArmorHUD.dll v1.1
	BakaPowerArmorStorage.dll v1.3
	BetterConsole.dll
	Buffout4.dll v1.37
	BulletCountedReload.dll
	ConsoleEx.dll v1.2
	ConsoleUtilF4.dll v1.0.1
	crafting_highlight_fix.dll
	DisableCompanionCollision.dll v1.0.1
	encounter_zone_recalculation.dll
	EscapeFreeze.dll v1
	f4ee.dll
	Fallout4Upscaler.dll v1
	FollowerAIApproachReactionFix.dll v1
	FollowerStrayBulletFix.dll v1
	GardenOfEdenPapyrusExtender.dll v19.5
	GCBugFix.dll
	GLXRM_NoInteriorFog.dll v1
	HighFPSPhysicsFix.dll v0.8.11
	Interior-NavCut-Fix.dll v1.0.3
	InvisibleDeadBodyFix.dll v1
	LighthousePapyrusExtender.dll v1.13
	LL_fourPlay_1_10_163.dll
	MagicSystemFixes.dll v1.1
	mcm.dll
	MeleeAndThrow.dll v1
	MentatsF4SE.dll v1
	MODExplorer.dll
	Outfit-ReDress-Fix.dll v1
	PapyrusCommonLibrary.dll v1.6.1
	PipboyTabs.dll
	place.dll
	PlotUI.dll
	po3_BaseObjectSwapperF4.dll v1.1
	po3_SimpleOffenceSuppressionF4.dll v1
	po3_SpellPerkItemDistributorF4.dll v2
	PowerGridTools.dll
	PRKF.dll
	RobCo_Patcher.dll v3.6
	SettlementOfUnlimitedSize.dll
	ShowAllArmorsAndOutfits.dll v1.1
	SprintStutteringFix.dll v1.3
	SUP_F4SE.dll
	UnlimitedFastTravel.dll
	WeaponDebrisCrashFix.dll v1.3
	WeightlessItems.dll
	WhoseQuestIsItAnywayF4.dll v1
	wsfw_identifier.dll
	x-cell-og.dll v2.1
	XDI.dll

PLUGINS:
	Light: 367	Regular: 132	Total: 499
	[00]     Fallout4.esm
	[01]     DLCRobot.esm
	[02]     DLCworkshop01.esm
	[03]     DLCCoast.esm
	[04]     DLCworkshop02.esm
	[05]     DLCworkshop03.esm
	[06]     DLCNukaWorld.esm
	[07]     ccrzrfo4001-tunnelsnakes.esm
	[08]     ccswkfo4001-astronautpowerarmor.esm
	[09]     cczsef04001-bhouse.esm
	[0A]     cctosfo4001-neosky.esm
	[0B]     cczsefo4002-smanor.esm
	[0C]     cctosfo4002_neonflats.esm
	[0D]     unofficial fallout 4 patch.esp
	[0E]     XDI.esm
	[0F]     HUDFramework.esm
	[10]     WorkshopFramework.esm
	[11]     OCsNWAIO_Master.esp
	[12]     OCsDRGEmployeeArea.esp
	[13]     OCsHubologistCamp.esp
	[14]     OCsShovelMuseum.esp
	[15]     SS2.esm
	[16]     SS2_XPAC_Chapter2.esm
	[17]     SS2_XPAC_Chapter3.esm
	[18]     Random Robots - True Leveled.esm
	[19]     OCsNukaIsland.esp
	[1A]     OCsNorthpointDam.esp
	[1B]     OCsWindTower.esp
	[1C]     AshlandStationSettlement.esp
	[1D]     SS2_Plotapalooza_AllInOne.esm
	[1E]     SS2Extended.esp
	[1F]     NoSharedDogmeatTemplate.esp
	[20]     VisibleCompanionAffinity.esp
	[21]     Rebuild_Settlements.esp
	[22]     OCsSunkenGarage.esp
	[23]     DiverseWasteland.esp
	[24]     FaceMaxson.esp
	[25]     CheatTerminal.esp
	[26]     SKKFastReunions.esp
	[27]     InstituteSettlements2.esp
	[28]     SKKFastStartNewGame.esp
	[29]     CreationClubDelay.esp
	[2A]     SS2_FDK_TinyLiving.esp
	[2B]     Vault 88 Template - Optimised.esp
	[2C]     GtN_SettlersatPlay.esp
	[2D]     MYS_RogueSS2AddOnPack.esp
	[2E]     SS2HappyTrails.esp
	[2F]     SS2-Jampads2.esp
	[30]     F4NVLaserPistol.esp
	[31]     Full Artillery System Overhaul.esp
	[32]     SKKWorkshopUtilities.esp
	[33]     CWMerchants.esp
	[34]     SS2WastelandVenturers.esp
	[35]     ohSIM_Sim2_Settlements_Scrappers_Addon.esp
	[36]     Cho1_SS2_Encv_Plots.esp
	[37]     MYS_SuperDuperMacKenzie_SS2AddOn.esp
	[38]     [SS2 Addon] SimSettlements SuperStructures.esp
	[39]     SelectRevolver.esp
	[3A]     AttachPack.esp
	[3B]     DakEnergyPistol.esp
	[3C]     DakPoliceShotgun.esp
	[3D]     SS2WastelandReconstructionKit.esp
	[3E]     SS2_NCRP.esp
	[3F]     SS2_Addon_NWE.esp
	[40]     SS2_Addon_BLPlotapalooza3.esp
	[41]     Mystic_RoguesDen.esp
	[42]     SGOWastelandExpansion.esp
	[43]     SS2Addon_FPh_AlleyCabaret.esp
	[44]     SS2_Addon_R2R.esp
	[45]     SS2_STRA_Buildings_and_Skins.esp
	[46]     SS2_STRA_Support_Buildings.esp
	[47]     SS2_ruined_simsettlement_addonpack.esp
	[48]     DZK_1x1_Pack.esp
	[49]     GarageHomesAndSensibleSecurity.esp
	[4A]     HandyOverhaul2k.esp
	[4B]     ERIKA_Plotapalooza_Pack.esp
	[4C]     BaselinePlotsBrotherhood.esp
	[4D]     SS2_Addon_FHE.esp
	[4E]     SS2_Addon_PSC_Plots.esp
	[4F]     JunkTownTwo.esp
	[50]     SS2-PraRandomAddon.esp
	[51]     ConceptPlasma.esp
	[52]     Dak20mm.esp
	[53]     EasyStartCheatBox_FO4.esp
	[54]     DakFR2.esp
	[55]     DakRiotShotgun.esp
	[56]     Useful_Companions.esp
	[57]     SKKFastMinutemen.esp
	[58]     SS2CaravanSnatex.esp
	[59]     SS2PeskyRebirth.esp
	[5A]     SS2_Addon_BrickNClay.esp
	[5B]     Dogmeat  A True Companion Normal.esp
	[5C]     WorkshopPlus.esp
	[5D]     DakMateba.esp
	[5E]     22Pack.esp
	[5F]     DAKMAC.esp
	[60]     Dak127mmPistol.esp
	[61]     DakJudgeRevolver.esp
	[62]     DakM202.esp
	[63]     DakSCAMP.esp
	[64]     DakSW59.esp
	[65]     DakLolife.esp
	[66]     PigAAMDeag.esp
	[67]     LooksMenu Customization Compendium.esp
	[68]     ESPExplorerFO4.esp
	[69]     Better Randomized Robots - vanilla loot patch.esp
	[6A]     AutomatronUnlockedNukaParts.esp
	[6B]     Settlement Electricity Overhaul.esp
	[6C]     RocketRifle.esp
	[6D]     Dak4570Pistol.esp
	[6E]     DakDeagle.esp
	[6F]     SS2_CityPlanContestAssistant.esp
	[70]     CompanionStatus.esp
	[71]     HoloTime_2.esp
	[72]     MercerRescuedSynths.esp
	[73]     MS Contraptions - SS2 ASAM Builder.esp
	[74]     PersistentVolumeSliders.esp
	[75]     pulsecarbine.esp
	[76]     AzarPonytailHairstyles.esp
	[77]     SettlementMenuManager.esp
	[78]     SKKFastBOS.esp
	[79]     SS2_MsB_PlainPlans.esp
	[7A]     Mors Shortcut to Curie.esp
	[7B]     SS2UI.esp
	[7C]     SS2_SIMPDDDD.esp
	[7D]     TheRon_MapMarker.esp
	[7E]     Vault-Tec Workshop Overhaul Redux.esp
	[7F]     WestTekTacticalOptics.esp
	[80]     Vault88 - Essentials.esp
	[81]     Vault88AreaExtension.esp
	[82]     SS2_WastelandDefense.esp
	[83]     BostonLibrarySettlement.esp
	[FE:000] ccbgsfo4003-pipboy(camo01).esl
	[FE:001] ccbgsfo4016-prey.esl
	[FE:002] ccbgsfo4018-gaussrifleprototype.esl
	[FE:003] ccbgsfo4019-chinesestealtharmor.esl
	[FE:004] ccbgsfo4042-bfg.esl
	[FE:005] ccBGSFO4044-HellfirePowerArmor.esl
	[FE:006] ccfsvfo4001-modularmilitarybackpack.esl
	[FE:007] ccfsvfo4002-midcenturymodern.esl
	[FE:008] ccfrsfo4001-handmadeshotgun.esl
	[FE:009] cceejfo4001-decorationpack.esl
	[FE:00A] ccbgsfo4045-advarccab.esl
	[FE:00B] ccfsvfo4003-slocum.esl
	[FE:00C] ccfrsfo4002-antimaterielrifle.esl
	[FE:00D] cceejfo4002-nuka.esl
	[FE:00E] ccsbjfo4001-solarflare.esl
	[FE:00F] cckgjfo4001-bastion.esl
	[FE:010] ccqdrfo4001_powerarmorai.esl
	[FE:011] ccBGSFO4115-X02.esl
	[FE:012] ccrzrfo4002-disintegrate.esl
	[FE:013] ccBGSFO4116-HeavyFlamer.esl
	[FE:014] ccBGSFO4110-WS_Enclave.esl
	[FE:015] ccBGSFO4096-AS_Enclave.esl
	[FE:016] ccbgsfo4035-pint.esl
	[FE:017] ccjvdfo4001-holiday.esl
	[FE:018] ccbgsfo4047-qthund.esl
	[FE:019] ccfrsfo4003-cr75l.esl
	[FE:01A] ccFSVFO4007-Halloween.esl
	[FE:01B] ccsbjfo4002_manwellrifle.esl
	[FE:01C] ccBGSFO4046-TesCan.esl
	[FE:01D] cccrsfo4001-pipcoa.esl
	[FE:01E] ccSBJFO4003-Grenade.esl
	[FE:01F] ccOTMFO4001-Remnants.esl
	[FE:020] community fixes merged.esp
	[FE:021] BakaFramework.esm
	[FE:022] REFramework.esm
	[FE:023] ppf.esm
	[FE:024] Munitions - An Ammo Expansion.esl
	[FE:025] TesCanUpdate.esl
	[FE:026] No Player Archetypes - PowerArmorKeyword.esl
	[FE:027] DaltonGardens.esl
	[FE:028] Yagisans_BSO_-_Warwick_Outpost.esl
	[FE:029] [ChaoticNeuThrall]WarwickOutpost.esl
	[FE:02A] Yagisans_BSO_-_Reeb_Outpost.esl
	[FE:02B] MysticRogue_OberlandStation.esl
	[FE:02C] MysticRogue_FinchFarm.esl
	[FE:02D] MysticRogue_CC-City-and-Outpost.esl
	[FE:02E] KezzDaddy's sanc outpost.esl
	[FE:02F] OutpostEgret.esl
	[FE:030] Vana's Fort Tenpines Outpost.esl
	[FE:031] Vana's Fort Oberland.esl
	[FE:032] Vana'sOutpostWarwickHomestead.esl
	[FE:033] 4estGimp - HDTP.esl
	[FE:034] K198Recruit.esl
	[FE:035] prp-ss2-cr.esm
	[FE:036] BakaFullscreenPipboy.esm
	[FE:037] BakaPowerArmorHUD.esm
	[FE:038] BakaAutoLockpicking.esm
	[FE:039] BakaPowerArmorStorage.esm
	[FE:03A] CanarySaveFileMonitor.esl
	[FE:03B] Craftable Nuka-World Grenades.esl
	[FE:03C] ConfigurableHotkeys.esl
	[FE:03D] NPCRespawnFix.esl
	[FE:03E] HoloGlowNS21.esl
	[FE:03F] ImmersiveTeleportation.esl
	[FE:040] LIF.esl
	[FE:041] LIF_RandomPA.esl
	[FE:042] nukes_denerfed.esl
	[FE:043] Munitions - Vanilla Ammo Addon.esl
	[FE:044] ppf-neonflats-cr.esm
	[FE:045] SettlerSpawner.esl
	[FE:046] Populator.esm
	[FE:047] StealthBoyBuffWithRecipe.esl
	[FE:048] SmartMIRV.esl
	[FE:049] Yagisans_BSO_-_Super_Duper_Mega_Mart.esl
	[FE:04A] Vee_SS2_Chapter2_SettlersEssentialPatch.esl
	[FE:04B] Vee_SS2_SettlersEssentialPatch.esl
	[FE:04C] UniversalDisassembler.esl
	[FE:04D] ThrowMoneyAtSS2.esl
	[FE:04E] Rebuild_SharedResources.esm
	[FE:04F] Cho1_Vault88_Metro_Plan.esl
	[FE:050] MysticRogue_AbernathyFarm and Outpost.esl
	[FE:051] Reina_Vault88-SS2.esl
	[FE:052] DakVintageRepeater.esp
	[FE:053] Fixed Gobo Effects.esp
	[FE:054] FO4LODGen.esp
	[FE:055] FOLIP - New LODs.esp
	[FE:056] Cho1_SuperDuper_Settlement.esp
	[FE:057] Rebuild_Settlements_NoRepair.esp
	[FE:058] WHN AiO.esp
	[FE:059] Yagisan_SSSL_Reeb_Marina_Settlement.esp
	[FE:05A] Yagisan_SSSL_Lakeside_Cabin_Settlement.esp
	[FE:05B] Yagisan_SSSL_Bridgeport_Settlement.esp
	[FE:05C] DiverseWastelandImmersionPack.esp
	[FE:05D] OCsCharlesviewAmpitheater.esp
	[FE:05E] Settlement_BoS_Fort_Strong.esp
	[FE:05F] NewtonsRegards.esp
	[FE:060] WCLI_North_Point_Park.esp
	[FE:061] Settlement_CoA_Crater_of_Atom.esp
	[FE:062] MoreWeathervanes.esp
	[FE:063] ScrapZapper2.esp
	[FE:064] SS2-AUR-HangmansAlleyCityPlanTweaks.esp
	[FE:065] NoVault88Radiation.esp
	[FE:066] NO MORE HAMMERS.esp
	[FE:067] Dank_LEO.esp
	[FE:068] HookedOnPonics.esp
	[FE:069] Cho1_SS2_Neon_Bar.esp
	[FE:06A] Cho1_Extended_Plots.esp
	[FE:06B] Dank_ECO.esp
	[FE:06C] V88-MoleRatsDisabled.esp
	[FE:06D] Vault88LightFix.esp
	[FE:06E] MechLairPathfindingFix.esp
	[FE:06F] Settlement_CoA_Radiant_Crest_Shrine.esp
	[FE:070] FS_FarHarborBoatFastTravel.esp
	[FE:071] CWHuntingShotgun.esp
	[FE:072] CWRCW.esp
	[FE:073] Cho1-SS2-Cosmosplot.esp
	[FE:074] SS2-eXoPatch.esp
	[FE:075] CWPlasmaDefender.esp
	[FE:076] SS2AOP_VaultTecTools.esp
	[FE:077] CWAR180.esp
	[FE:078] MW_DPS_Patch.esp
	[FE:079] CWShotgunRevolver.esp
	[FE:07A] SS2_Addon_Favelabulous.esp
	[FE:07B] Yagisan_PP_Mar_2025.esp
	[FE:07C] SNC_SS2Addon_GardenMaze.esp
	[FE:07D] SS2Addon_MS_BareEssentials.esp
	[FE:07E] MS SPECIAL Zapper.esp
	[FE:07F] MS SPECIAL Zapper SS2 Patch.esp
	[FE:080] CWM82.esp
	[FE:081] BostonAirport_WorkshopFix.esp
	[FE:082] CWThrowables.esp
	[FE:083] CharlesviewGrowCult.esp
	[FE:084] ScrapZapper2_RebuildAIO.esp
	[FE:085] CWRaffica.esp
	[FE:086] EHC_FastTravelFix.esp
	[FE:087] LSC-WHN AiO Patch.esp
	[FE:088] TheSlogGhoulSettlers.esp
	[FE:089] TheCastleMinutemenSettlers.esp
	[FE:08A] GRY_R8.esp
	[FE:08B] CWFlamerRifle.esp
	[FE:08C] CWPolicePistol.esp
	[FE:08D] SS2_RobotMod.esp
	[FE:08E] MS Workshop Framework Door Additions.esp
	[FE:08F] CWShotgunRevolverCWUnique.esp
	[FE:090] MS RazeSettlement.esp
	[FE:091] MS Raze Settlement - Sim Settlements 2 Patch.esp
	[FE:092] MidnightCultFix.esp
	[FE:093] GRY_R8_Crafting_Patch.esp
	[FE:094] GRY_R8_Munitions_Patch.esp
	[FE:095] Realistic_conversations - More_NPCs.esp
	[FE:096] Outpost Egrit by Karvoc.esp
	[FE:097] [CSR]SS2_Warwick_Outpost.esp
	[FE:098] Outpost Oberland.esp
	[FE:099] GtN_PaP Plot-a-Palooza October 2024.esp
	[FE:09A] SS2_CityPlan_TheAlley Cabaret.esp
	[FE:09B] Reina_SS2_Plotapalooza_SigTrg.esp
	[FE:09C] Fort Tenpines.esp
	[FE:09D] Simple Creation Club Delayed NG.esp
	[FE:09E] CW9mmPistol.esp
	[FE:09F] CWMK23.esp
	[FE:0A0] CW45MP.esp
	[FE:0A1] LooksMenu1stPersonViewItemsFix.esp
	[FE:0A2] FONVLaserPistolAnimationFix.esp
	[FE:0A3] SimHomestead2.esp
	[FE:0A4] MakeshiftWeaponPack_MunitionsProjectile.esp
	[FE:0A5] Dank_ECO-INNR.esp
	[FE:0A6] Dank_ECO-Munitions.esp
	[FE:0A7] Dank_ECO-Munitions_INNR_CS.esp
	[FE:0A8] Dank_ECO-UniversalDisassembler.esp
	[FE:0A9] Dank_ECO_DLCCoast.esp
	[FE:0AA] SkipHSH.esp
	[FE:0AB] Dank_ECO_DLCNukaWorld.esp
	[FE:0AC] Dank_ECO_DLCRobot.esp
	[FE:0AD] COMR.esp
	[FE:0AE] WhoIsTheGeneral.esp
	[FE:0AF] Keeper of the Commonwealth Radiants.esp
	[FE:0B0] WTG_KCR_Patch.esp
	[FE:0B1] MinimalMinutemenRadiants.esp
	[FE:0B2] MMR_NoRadiantsForOwnedSettlements.esp
	[FE:0B3] Facegen_RealHD_SDK.esp
	[FE:0B4] UniqueFacesAiO.esp
	[FE:0B5] Actual Legendary Rust Devils.esp
	[FE:0B6] CWAR18MunitionsPatch.esp
	[FE:0B7] SKI_Attachpack_Turrets.esp
	[FE:0B8] AdvPortableTurretSet.esp
	[FE:0B9] AdvPortableTurretSet-Extension.esp
	[FE:0BA] ArtilleryChanges.esp
	[FE:0BB] AdvSettleTurretSet.esp
	[FE:0BC] AutomatronMiscBuffs.esp
	[FE:0BD] B85 Ham Radio Recruitment - CW.esp
	[FE:0BE] SS2BadNeighbors.esp
	[FE:0BF] AshlandEssentialNPC.esp
	[FE:0C0] GaS2BVTurretsBroke.esp
	[FE:0C1] AutomatronUnlocked.esp
	[FE:0C2] SKI_ccBFGTurret.esp
	[FE:0C3] CC_SlocumCoffee_Overhaul.esp
	[FE:0C4] BugSwarmCrashFix.esp
	[FE:0C5] FUHD Sentry Bots - 4K.esp
	[FE:0C6] Classic 10mm Pistol - Unofficial Update.esp
	[FE:0C7] Manwell Rifle - Unofficial Update.esp
	[FE:0C8] Cho1_SS2_Nuka_Plot.esp
	[FE:0C9] NanotechWaterpump_FoodWaterHappy.esp
	[FE:0CA] craftable nuka mines & grenades.esp
	[FE:0CB] CWCrowbar.esp
	[FE:0CC] SPECIAL-070.esp
	[FE:0CD] ConsoleEx.esp
	[FE:0CE] DiverseWasteland-WSFW-SS2-Compat.esp
	[FE:0CF] CR-74L - Unofficial Update.esp
	[FE:0D0] DiverseSettlerBuilder-DW-SBesl.esp
	[FE:0D1] Computer Console illuminated.esp
	[FE:0D2] CWHuntingShotgunMerchantUnique.esp
	[FE:0D3] DiverseWasteland-CharlesviewAmphitheater-Compat.esp
	[FE:0D4] CharlesviewHappyCult.esp
	[FE:0D5] DiverseWastelandWHNAiO.esp
	[FE:0D6] Esk_NoTeleportingCreatures.esp
	[FE:0D7] Faster Terminal Displays (20x).esp
	[FE:0D8] M8rDisablePipboyEffects.esp
	[FE:0D9] Faster Upfront Training SS2.esp
	[FE:0DA] Far Harbor 3d Tree LODs.esp
	[FE:0DB] HeavyGunnerBuffs.esp
	[FE:0DC] CWAR18-SMPatch.esp
	[FE:0DD] Dak127mmPistolSMPatch.esp
	[FE:0DE] DakDeagleSMPatch.esp
	[FE:0DF] DakLolifeSMPatch.esp
	[FE:0E0] DakMacSMPatch.esp
	[FE:0E1] DakRiotShotgunSMPatch.esp
	[FE:0E2] DakRocketRifleSMPatch.esp
	[FE:0E3] DakSCAMPSMPatch.esp
	[FE:0E4] FusionGenerator.esp
	[FE:0E5] Flutter Flicker Fixer For Foliage.esp
	[FE:0E6] Attach Pack Modcol.esp
	[FE:0E7] HighlightConsoleReference.esp
	[FE:0E8] SmokeHomingBeaconGrenadeThrowArc.esp
	[FE:0E9] Heavy Incinerator restoration.esp
	[FE:0EA] ImTalkingToYou.esp
	[FE:0EB] JunkTown2 - EXTREME.esp
	[FE:0EC] IT_SS2.esp
	[FE:0ED] K9TacticalHarness.esp
	[FE:0EE] Invisible M-Sat and Radar Beacon.esp
	[FE:0EF] JunkTown-FENCES2.esp
	[FE:0F0] ImmersiveTeleportation_lessPower.esp
	[FE:0F1] ImmersiveTeleportation_lessRads.esp
	[FE:0F2] ImmersiveTeleportation_quickstart.esp
	[FE:0F3] LOD Fixes and Additons.esp
	[FE:0F4] Legendary Mod Additions.esp
	[FE:0F5] Dank_LAB.esp
	[FE:0F6] SS2_RobotMod_NukaWorld.esp
	[FE:0F7] Dank_LAB_DLCNukaWorld.esp
	[FE:0F8] LongerPowerLinesInf.esp
	[FE:0F9] LostSoulExpanded.esp
	[FE:0FA] Lost Soul No Hostility.esp
	[FE:0FB] Lost Soul No Hostility - Rescued Synths Go to Mercer Safehouse Patch.esp
	[FE:0FC] LostSoulExpandedImmersionPack.esp
	[FE:0FD] LooksMenu.esp
	[FE:0FE] Lost Soul No Hostility Expanded.esp
	[FE:0FF] MapMarkerFixes.esp
	[FE:100] MakeshiftDistribution.esp
	[FE:101] LIF_DLC_Ammo.esp
	[FE:102] LIF_DLC_Armor.esp
	[FE:103] LIF_DLC_Cola.esp
	[FE:104] LIF_DLC_Grenade.esp
	[FE:105] LIF_DLC_Guns.esp
	[FE:106] More Legendary Effects.esp
	[FE:107] MechanistLairWorkshopFix.esp
	[FE:108] Munitions-Additional Ammo.esp
	[FE:109] birds.esp
	[FE:10A] PR_Automatron.esp
	[FE:10B] NoAffinityCooldown.esp
	[FE:10C] SuperAffinity.esp
	[FE:10D] SuperAffinitySeason.esp
	[FE:10E] NoirCC_PreVisFix.esp
	[FE:10F] FS_NukaWorldTramFastTravel.esp
	[FE:110] Optimized Vanilla Tree LODs.esp
	[FE:111] Dank_LEO_DLCNukaWorld.esp
	[FE:112] Dank_ECO-LEO.esp
	[FE:113] Dank_LEO-Automatron.esp
	[FE:114] Dank_LEO-LMA.esp
	[FE:115] Dank_LEO-LME.esp
	[FE:116] Dank_LEO-MLE.esp
	[FE:117] Dank_LEO-MLE_INNR_CS.esp
	[FE:118] Dank_LEO-MLM.esp
	[FE:119] Dank_LEO-NeoSky.esp
	[FE:11A] Dank_LEO_ChipCraft_Free_ECO.esp
	[FE:11B] Dank_LEO_DLCCoast.esp
	[FE:11C] PA-Quick Animations.esp
	[FE:11D] PPL3_PraSpiralGarden.esp
	[FE:11E] PA_UnderwearPerks.esp
	[FE:11F] Radium Rifle Improvements.esp
	[FE:120] RadiumAttachCompat.esp
	[FE:121] Rebuild_Workshop.esp
	[FE:122] Power_Armors_Redone.esp
	[FE:123] Al_SettlerBuilder_SMM_DiverseWasteland.esp
	[FE:124] SEO - DLC & NextGen Update.esp
	[FE:125] SS2_DLCSettlerPatch.esp
	[FE:126] [SS2 Addon] BloodMoonRaiders.esp
	[FE:127] SS2 Lexington Underground Fix.esp
	[FE:128] SS2_CLB_MunitionsPatch.esp
	[FE:129] SS2_CLB_DLCSuppliesPatch.esp
	[FE:12A] Kumaga_SS2RP.esp
	[FE:12B] SS2_Addon_ShazbotsCots.esp
	[FE:12C] SaveAcadiaFromBoS.esp
	[FE:12D] [SS2] BBVault 88.esp
	[FE:12E] SimSettlements2_AddOnPack_ApocalypticAdditions_SirLach.esp
	[FE:12F] Skip DIMA memories.esp
	[FE:130] OCsSunkenGarageCoASettlers.esp
	[FE:131] Stealth Field Stability, C.esp
	[FE:132] TheSlogGhoulSettlersDiverseWasteland.esp
	[FE:133] UniqueFacesImmersionPack.esp
	[FE:134] WTTO - Colour Targeting HUD.esp
	[FE:135] WestTekTacticalOptics-eXoInjection.esp
	[FE:136] OCsVault88Fixes.esp
	[FE:137] Wireless Workshop Items.esp
	[FE:138] FlickerFixer-eXofied.esp
	[FE:139] FUHD Sentry Automatron Paint 4K.esp
	[FE:13A] FUHD Sentry Nuka World Paint 4K.esp
	[FE:13B] AtomsRadiance_veelynnlove.esp
	[FE:13C] SS2-AUR-HangmansAlleyCityPlan.esp
	[FE:13D] Kogre Settlements Collection.esp
	[FE:13E] SS2_CityPlan_Aurie_Oberland.esp
	[FE:13F] UNDRCVR_SimplySettledNPointPark.esp
	[FE:140] GRY_R8_Skins.esp
	[FE:141] CIO.esp
	[FE:142] PoliceRevolverNick.esp
	[FE:143] prp.esp
	[FE:144] EdenMeadowsSettlement.esp
	[FE:145] OCsNukaTransitCenter.esp
	[FE:146] OCsNWAIO_Previs.esp
	[FE:147] OCsRuinedChurch.esp
	[FE:148] fairlinesettlement.esp
	[FE:149] OCsProspectPark.esp
	[FE:14A] OCsLakeQ.esp
	[FE:14B] OCsFiddlersGreen.esp
	[FE:14C] NukaWorldFarmSettlement.esp
	[FE:14D] OCsOldPondHouse.esp
	[FE:14E] PondSettlement.esp
	[FE:14F] OCsKStation.esp
	[FE:150] OCsPeabodyHouse.esp
	[FE:151] OCsCochituate.esp
	[FE:152] Yagisan_SSSL_Bridgeport_Settlement_Previs.esp
	[FE:153] Settlement_CoA_Crater_of_Atom_Previs.esp
	[FE:154] Settlement_BoS_Fort_Strong_Previs.esp
	[FE:155] Yagisan_SSSL_Lakeside_Cabin_Settlement_Previs.esp
	[FE:156] OCsCochituateReducedGrass.esp
	[FE:157] prp-vault88-template-patch.esp
	[FE:158] Settlement_CoA_Radiant_Crest_Shrine_Previs.esp
	[FE:159] WCLINPP_Previs.esp
	[FE:15A] Yagisan_SSSL_Reeb_Marina_Settlement_Previs.esp
	[FE:15B] BostonLibrarySettlementSS2.esp
	[FE:15C] BostonLibrarySettlementRobots.esp
	[FE:15D] LibraryExtras.esp
	[FE:15E] BostonLibrarySettlementPRP.esp
	[FE:15F] vee_BLRP_outpost.esp
	[FE:160] NorthPointSpawnFix.esp
	[FE:161] OCsOldPondHouseAltName.esp
	[FE:162] OCsRuinedChurch_IRLName.esp
	[FE:163] Rebuild_Settlements_Previs.esp
	[FE:164] OCsUniversityPoint.esp
	[FE:165] CompanionStealth.esp
	[FE:166] FOLIP - After Generation.esp
	[FE:167] rsm000rsm Facegen.esp
	[FE:168] Facegen.esp
	[FE:169] LO_Previsibines.esp
	[FE:16A] xLODGen_Output.esp
	[FE:16B] Ultimate Window Overhaul.esp
	[FE:16C] Ultimate Window Overhaul Cubemaps.esp
	[FE:16D] M8r Complex Sorter.esp
	[FE:16E] M8r Complex Sorter-part2.esp
