Fallout 4 v1.10.163
Buffout 4 v1.37.0 Mar 12 2025 22:11:48

Unhandled exception "EXCEPTION_ACCESS_VIOLATION" at 0x7FFB6BABFF18 Fallout4Upscaler.dll+01DFF18	call [rax+0x38]
Exception Flags: 0x00000000
Number of Parameters: 2
Access Violation: Tried to read memory at 0xFFFFFFFFFFFFFFFF

	[Compatibility]
		F4EE: true
	[Debug]
		Symcache: c:symcache
		WaitForDebugger: false
	[Fixes]
		ActorIsHostileToActor: true
		BGSAIWorldLocationRefRadiusNull: true
		BSLightingShaderMaterialGlowmap: true
		BackportedBA2Support: true
		CellInit: true
		CreateD3DAndSwapChain: true
		EncounterZoneReset: true
		EscapeFreeze: true
		FixScriptPageAllocation: true
		FixToggleScriptsCommand: true
		FollowerStrayBullet: true
		GreyMovies: true
		InteriorNavCut: true
		MagicEffectApplyEvent: true
		MovementPlanner: true
		PackageAllocateLocation: true
		PipboyLightInvFix: true
		SafeExit: true
		TESObjectREFRGetEncounterZone: true
		UnalignedLoad: true
		UtilityShader: true
		WorkBenchSwap: true
	[Patches]
		Achievements: true
		BSMTAManager: true
		BSPreCulledObjects: true
		BSTextureStreamerLocalHeap: false
		HavokMemorySystem: false
		INISettingCollection: true
		InputSwitch: false
		MaxStdIO: 2048
		MemoryManager: false
		MemoryManagerDebug: false
		ScaleformAllocator: false
		SmallBlockAllocator: false
		WorkshopMenu: true
	[Tweaks]
		MaxPapyrusOpsPerFrame: 500
	[Warnings]
		CreateTexture2D: true
		ImageSpaceAdapter: true

SYSTEM SPECS:
	OS: Microsoft Windows 11 Pro v10.0.26100
	CPU: AuthenticAMD AMD Ryzen 7 7800X3D 8-Core Processor           
	GPU #1: Nvidia AD104 [GeForce RTX 4070]
	GPU #2: Microsoft Basic Render Driver
	PHYSICAL MEMORY: 59.12 GB/63.60 GB


PROBABLE CALL STACK:
	[ 0] 0x7FFB6BABFF18 Fallout4Upscaler.dll+01DFF18
	[ 1] 0x7FFB6BABFC24 Fallout4Upscaler.dll+01DFC24
	[ 2] 0x7FFB672C60C8        x-cell-og.dll+00060C8	nop |  D:\a\X-Cell-FO4\X-Cell-FO4\source\XCellModuleControlSamples.cpp:104 XCell::ModuleControlSamples::XSSetSamplers const volatile (mangled: ?PreXSSetSamplers@ModuleControlSamples@XCell@@QEAAXPEAPEAUID3D11SamplerState@@IIPEBQEAU3@@Z)
	[ 3] 0x7FF71B493E31         Fallout4.exe+1D13E31	add rsi, 0x18 |  BSGraphics::Renderer::ProcessCommandBuffer(char**)_1D13E31 -> 673619+0x421	add rsi, 0x18
	[ 4] 0x7FF71C00018C         Fallout4.exe+288018C	mov rbx, [rbx] |  BSBatchRenderer::RenderCommandBufferPassesImpl(int,BSBatchRenderer::CommandBufferPassesData*,uint,bool)_288018C -> 1184461+0xBC	mov rbx, [rbx]
	[ 5] 0x7FF71BFFF43C         Fallout4.exe+287F43C	jmp 0x00007FF71BFFF455 |  BSBatchRenderer::RenderBatches(int,bool,uint)_287F43C -> 1083446+0xBC	jmp 0x00007FF71BFFF455
	[ 6] 0x7FF71BFAEFD5         Fallout4.exe+282EFD5	test rdi, rdi |  BSShaderAccumulator::RenderBatches(int,bool,int)_282EFD5 -> 1048494+0x65	test rdi, rdi
	[ 7] 0x7FF71BFD101F         Fallout4.exe+285101F	mov rax, [0x00007FF71FEA3238] |  DrawWorld::DeferredPrePass(void)_285101F -> 56596+0x36F	mov rax, [0x00007FF71FEA3238]
	[ 8] 0x7FF71BFD7604         Fallout4.exe+2857604	call 0x00007FF71BFD1190 |  DrawWorld::Render_PreUI(void)_2857604 -> 984743+0x184	call 0x00007FF71BFD1190
	[ 9] 0x7FF71A4BCCBF         Fallout4.exe+0D3CCBF	test dil, dil |  Main::DrawWorld_And_UI(bool)_D3CCBF -> 408683+0xDF	test dil, dil
	[10] 0x7FF71A4B8906         Fallout4.exe+0D38906	jmp 0x00007FF71A4B89C7 |  Main::Swap(void)_D38906 -> 1075087+0x206	jmp 0x00007FF71A4B89C7
	[11] 0x7FF71A4B9551         Fallout4.exe+0D39551	xor ecx, ecx |  Main::OnIdle(void)_D39551 -> 633524+0x6F1	xor ecx, ecx
	[12] 0x7FF71A4B6E10         Fallout4.exe+0D36E10	mov rcx, [0x00007FF71F224278] |  Main::Run(void)_D36E10 -> 1125396+0xC0	mov rcx, [0x00007FF71F224278]
	[13] 0x7FF71A4B5950         Fallout4.exe+0D35950	call 0x00007FF69C3A0083 |  WinMain_D35950 -> 668528+0x20	call 0x00007FF69C3A0083
	[14] 0x7FF71C0B7157         Fallout4.exe+2937157	mov [0x00007FF71FEB47C8], eax |  entry_2937157 -> 1104651+0x143	mov [0x00007FF71FEB47C8], eax
	[15] 0x7FFC0266E8D7         KERNEL32.DLL+002E8D7
	[16] 0x7FFC03FBC34C            ntdll.dll+003C34C

REGISTERS:
	RAX 0x736464C31BAE0D   (size_t) [32480006254603789]
	RCX 0x7FF71F7B6910     (void* -> Fallout4.exe+6036910	or eax, 0x64C31BAE |  aDiveBombChance_6036910)
	RDX 0x2A946FF480       (void*)
	RBX 0x1                (size_t) [1]
	RSP 0x2A946FF400       (void*)
	RBP 0x2A946FF4B9       (void*)
	RSI 0x2A946FF540       (void*)
	RDI 0x7FFB6BC34E94     (void* -> Fallout4Upscaler.dll+0354E94	add [rax], al)
	R8  0x7FF71F7B6910     (void* -> Fallout4.exe+6036910	or eax, 0x64C31BAE |  aDiveBombChance_6036910)
	R9  0x223640D06F0      (void*)
	R10 0x7FFBDFF60000     (void*)
	R11 0x2A946FD810       (void*)
	R12 0xCBF29CE484222325 (size_t) [uint: 14695981039346656037 int: -3750763034362895579]
	R13 0x224F4B9D1F0      (void*)
	R14 0x1                (size_t) [1]
	R15 0x100000001B3      (size_t) [1099511628211]

STACK:
	[RSP+0  ] 0x4                (size_t) [4]
	[RSP+8  ] 0x7FFBFD06C48A     (void* -> d3d11.dll+016C48A	add rsp, 0x48)
	[RSP+10 ] 0x2259E2B0238      (void*)
	[RSP+18 ] 0x7FFBFD081C1A     (void* -> d3d11.dll+0181C1A	nop)
	[RSP+20 ] 0x4                (size_t) [4]
	[RSP+28 ] 0x223DBA7D220      (void*)
	[RSP+30 ] 0x7FF71F7B6910     (void* -> Fallout4.exe+6036910	or eax, 0x64C31BAE |  aDiveBombChance_6036910)
	[RSP+38 ] 0x1                (size_t) [1]
	[RSP+40 ] 0x0                (size_t) [0]
	[RSP+48 ] 0x7FFB672C5CE1     (void* -> x-cell-og.dll+0005CE1	add rsp, 0x68 |  D:\a\X-Cell-FO4\X-Cell-FO4\source\XCellModuleControlSamples.cpp:48 XCell::eckAddrState volatile (mangled: ?CheckAddrState@XCell@@YA_NPEAUID3D11SamplerState@@@Z) D:\a\X-Cell-FO4\X-Cell-FO4\source\XCellModuleControlSamples.cpp:56 XCell::eckAddrState volatile (mangled: ?CheckAddrState@XCell@@YA_NPEAUID3D11SamplerState@@@Z))
	[RSP+50 ] 0x0                (size_t) [0]
	[RSP+58 ] 0x7FFB6D1255B1     (void* -> dxgi.dll+01055B1	mov [rsp+0x30], eax)
	[RSP+60 ] 0x22327A9C398      (void*)
	[RSP+68 ] 0x7FFBFD080855     (void* -> d3d11.dll+0180855	nop)
	[RSP+70 ] 0x200000001        (size_t) [8589934593]
	[RSP+78 ] 0x800000009        (size_t) [34359738377]
	[RSP+80 ] 0x0                (size_t) [0]
	[RSP+88 ] 0x2A946FF510       (void*)
	[RSP+90 ] 0x223DBA7D220      (void*)
	[RSP+98 ] 0x2                (size_t) [2]
	[RSP+A0 ] 0x224F4B9D1F0      (void*)
	[RSP+A8 ] 0x818ACE7B05D3     (size_t) [142433169638867]
	[RSP+B0 ] 0x2238237FBB0      (void*)
	[RSP+B8 ] 0x7FFB672C6057     (void* -> x-cell-og.dll+0006057	add rsp, 0xE0 |  D:\a\X-Cell-FO4\X-Cell-FO4\source\XCellModuleControlSamples.cpp:92 XCell::ModuleControlSamples::XSSetSamplers const volatile (mangled: ?PreXSSetSamplers@ModuleControlSamples@XCell@@QEAAXPEAPEAUID3D11SamplerState@@IIPEBQEAU3@@Z))
	[RSP+C0 ] 0x1                (size_t) [1]
	[RSP+C8 ] 0x7FFB6D1258DA     (void* -> dxgi.dll+01058DA	mov rax, [0x00007FFB6D458A60])
	[RSP+D0 ] 0x22327A9C3D4      (void*)
	[RSP+D8 ] 0x2238237FBB0      (void*)
	[RSP+E0 ] 0x2A00000000       (size_t) [180388626432]
	[RSP+E8 ] 0x2238237FBB0      (void*)
	[RSP+F0 ] 0x429BE0CC         (size_t) [1117511884]
	[RSP+F8 ] 0x0                (size_t) [0]
	[RSP+100] 0x224F4B9D0A0      (void*)
	[RSP+108] 0x22360DBA738      (void*)
	[RSP+110] 0x2A946FF7A0       (void*)
	[RSP+118] 0x7FFB6BABFC24     (void* -> Fallout4Upscaler.dll+01DFC24	lea r9, [rsp+0x20])
	[RSP+120] 0x1                (size_t) [1]
	[RSP+128] 0x1                (size_t) [1]
	[RSP+130] 0x223DBA7D220      (void*)
	[RSP+138] 0x1                (size_t) [1]
	[RSP+140] 0x7FF71F7B6910     (void* -> Fallout4.exe+6036910	or eax, 0x64C31BAE |  aDiveBombChance_6036910)
	[RSP+148] 0x8000000080       (size_t) [549755814016]
	[RSP+150] 0x223DBA7D220      (void*)
	[RSP+158] 0x22386A1E6F8      (void*)
	[RSP+160] 0x226636FE1D8      (void*)
	[RSP+168] 0x22386A1E6F8      (void*)
	[RSP+170] 0x3116478E36A6     (size_t) [53971759543974]
	[RSP+178] 0x818ACE7B0543     (size_t) [142433169638723]
	[RSP+180] 0x429BE0CC         (size_t) [1117511884]
	[RSP+188] 0x0                (size_t) [0]
	[RSP+190] 0x224F4B9D1F0      (void*)
	[RSP+198] 0x1                (size_t) [1]
	[RSP+1A0] 0x224F4B9D0A0      (void*)
	[RSP+1A8] 0x22360DBA738      (void*)
	[RSP+1B0] 0x1                (size_t) [1]
	[RSP+1B8] 0x1                (size_t) [1]
	[RSP+1C0] 0x1                (size_t) [1]
	[RSP+1C8] 0x7FFB672C60C8     (void* -> x-cell-og.dll+00060C8	nop |  D:\a\X-Cell-FO4\X-Cell-FO4\source\XCellModuleControlSamples.cpp:104 XCell::ModuleControlSamples::XSSetSamplers const volatile (mangled: ?PreXSSetSamplers@ModuleControlSamples@XCell@@QEAAXPEAPEAUID3D11SamplerState@@IIPEBQEAU3@@Z))
	[RSP+1D0] 0x1                (size_t) [1]
	[RSP+1D8] 0x224F4B9D1C0      (void*)
	[RSP+1E0] 0x0                (size_t) [0]
	[RSP+1E8] 0x1                (size_t) [1]
	[RSP+1F0] 0x2A946FF750       (void*)
	[RSP+1F8] 0x22327A9BF00      (void*)
	[RSP+200] 0x7FF71F7B6910     (void* -> Fallout4.exe+6036910	or eax, 0x64C31BAE |  aDiveBombChance_6036910)
	[RSP+208] 0x2258C683E78      (void*)
	[RSP+210] 0x600000001        (size_t) [25769803777]
	[RSP+218] 0x7                (size_t) [7]
	[RSP+220] 0x224F4B9D0A0      (void*)
	[RSP+228] 0x22360DBA738      (void*)
	[RSP+230] 0x224F4B9D1F0      (void*)
	[RSP+238] 0x1                (size_t) [1]
	[RSP+240] 0x1                (size_t) [1]
	[RSP+248] 0x1                (size_t) [1]
	[RSP+250] 0x1                (size_t) [1]
	[RSP+258] 0x7FFB6D125261     (void* -> dxgi.dll+0105261	mov rbx, [rsp+0x40])
	[RSP+260] 0x224F4B9D0A0      (void*)
	[RSP+268] 0x22300000001      (void*)
	[RSP+270] 0x22381E91B70      (void*)
	[RSP+278] 0x223DBA7D220      (void*)
	[RSP+280] 0x818ACE7B0453     (size_t) [142433169638483]
	[RSP+288] 0x22360DBA738      (void*)
	[RSP+290] 0x224F4B9D1F0      (void*)
	[RSP+298] 0x7FF71B493E31     (void* -> Fallout4.exe+1D13E31	add rsi, 0x18 |  BSGraphics::Renderer::ProcessCommandBuffer(char**)_1D13E31)
	[RSP+2A0] 0x224DA4D67E8      (void*)
	[RSP+2A8] 0x2A946FF7A0       (void*)
	[RSP+2B0] 0x224F4B9D1C0      (void*)
	[RSP+2B8] 0x223DBA7D220      (void*)
	[RSP+2C0] 0x22600000000      (void*)
	[RSP+2C8] 0x2A946FF740       (void*)
	[RSP+2D0] 0x0                (size_t) [0]
	[RSP+2D8] 0x0                (size_t) [0]
	[RSP+2E0] 0x22300000000      (void*)
	[RSP+2E8] 0x223A0036C20      (void*)
	[RSP+2F0] 0x223FED580E0      (void*)
	[RSP+2F8] 0x100000001        (size_t) [4294967297]
	[RSP+300] 0x7FF700000080     (size_t) [140698833649792]
	[RSP+308] 0x22432169E88      (void*)
	[RSP+310] 0x0                (size_t) [0]
	[RSP+318] 0x2A946FF7A0       (void*)
	[RSP+320] 0x22600000000      (void*)
	[RSP+328] 0x2232798CD48      (void*)
	[RSP+330] 0x224F4B9D1F0      (void*)
	[RSP+338] 0x224F4B9D128      (void*)
	[RSP+340] 0x22695ADED00      (void*)
	[RSP+348] 0x8000000080       (size_t) [549755814016]
	[RSP+350] 0x7FF71F7B6910     (void* -> Fallout4.exe+6036910	or eax, 0x64C31BAE |  aDiveBombChance_6036910)
	[RSP+358] 0x22360DBA740      (void*)
	[RSP+360] 0x22300000000      (void*)
	[RSP+368] 0x7FF71BF83D97     (void* -> Fallout4.exe+2803D97	mov rax, [rsp+0x30] |  BSGraphics::Renderer::GetShaderConstantGroup(BSGraphics::VertexShader*,BSGraphics::ConstantGroupLevel)_2803D97)
	[RSP+370] 0x3116478E3526     (size_t) [53971759543590]
	[RSP+378] 0x7FF71C011F91     (void* -> Fallout4.exe+2891F91	mov al, 0x01 |  BSShader::BeginTechnique(uint,uint,uint,uint)_2891F91)
	[RSP+380] 0x223FEA90F88      (void*)
	[RSP+388] 0x7FF71F7B6910     (void* -> Fallout4.exe+6036910	or eax, 0x64C31BAE |  aDiveBombChance_6036910)
	[RSP+390] 0x223FEA90F88      (void*)
	[RSP+398] 0x0                (size_t) [0]
	[RSP+3A0] 0x0                (size_t) [0]
	[RSP+3A8] 0x0                (size_t) [0]
	[RSP+3B0] 0x0                (size_t) [0]
	[RSP+3B8] 0x0                (size_t) [0]
	[RSP+3C0] 0x0                (size_t) [0]
	[RSP+3C8] 0x0                (size_t) [0]
	[RSP+3D0] 0x0                (size_t) [0]
	[RSP+3D8] 0x0                (size_t) [0]
	[RSP+3E0] 0x0                (size_t) [0]
	[RSP+3E8] 0x0                (size_t) [0]
	[RSP+3F0] 0x0                (size_t) [0]
	[RSP+3F8] 0x0                (size_t) [0]
	[RSP+400] 0x0                (size_t) [0]
	[RSP+408] 0x2233D0C04D8      (BSBatchRenderer*)
	[RSP+410] 0x0                (size_t) [0]
	[RSP+418] 0x11A              (size_t) [282]
	[RSP+420] 0x223294F6C30      (void*)
	[RSP+428] 0x22323A93EB0      (BSDFPrePassShader*)
	[RSP+430] 0x11A              (size_t) [282]
	[RSP+438] 0x7FF71C00018C     (void* -> Fallout4.exe+288018C	mov rbx, [rbx] |  BSBatchRenderer::RenderCommandBufferPassesImpl(int,BSBatchRenderer::CommandBufferPassesData*,uint,bool)_288018C)
	[RSP+440] 0x224F8E1B2C0      (void*)
	[RSP+448] 0x223294F6E40      (void*)
	[RSP+450] 0x22400000000      (void*)
	[RSP+458] 0x22300000001      (void*)
	[RSP+460] 0x1                (size_t) [1]
	[RSP+468] 0x224F8E1B2C0      (void*)
	[RSP+470] 0x16               (size_t) [22]
	[RSP+478] 0x7FF71BFFF43C     (void* -> Fallout4.exe+287F43C	jmp 0x00007FF71BFFF455 |  BSBatchRenderer::RenderBatches(int,bool,uint)_287F43C)
	[RSP+480] 0x160              (size_t) [352]
	[RSP+488] 0x2233D0C04D8      (BSBatchRenderer*)
	[RSP+490] 0x2233D0C0538      (void*)
	[RSP+498] 0x0                (size_t) [0]
	[RSP+4A0] 0x0                (size_t) [0]
	[RSP+4A8] 0x0                (size_t) [0]
	[RSP+4B0] 0x0                (size_t) [0]
	[RSP+4B8] 0x2233D0C0410      (BSShaderAccumulator*)
	[RSP+4C0] 0x0                (size_t) [0]
	[RSP+4C8] 0x0                (size_t) [0]
	[RSP+4D0] 0x0                (size_t) [0]
	[RSP+4D8] 0x4                (size_t) [4]
	[RSP+4E0] 0xFFFFFFFFFFFFFFFF (size_t) [uint: 18446744073709551615 int: -1]
	[RSP+4E8] 0x7FF71BFAEFD5     (void* -> Fallout4.exe+282EFD5	test rdi, rdi |  BSShaderAccumulator::RenderBatches(int,bool,int)_282EFD5)
	[RSP+4F0] 0x2233D0C04D8      (BSBatchRenderer*)
	[RSP+4F8] 0x4                (size_t) [4]
	[RSP+500] 0x0                (size_t) [0]
	[RSP+508] 0x223FFFFFFFF      (void*)
	[RSP+510] 0x0                (size_t) [0]
	[RSP+518] 0x22360DBA5E0      (void*)
	[RSP+520] 0x22360DB9C20      (void*)
	[RSP+528] 0x7FF71BFD101F     (void* -> Fallout4.exe+285101F	mov rax, [0x00007FF71FEA3238] |  DrawWorld::DeferredPrePass(void)_285101F)
	[RSP+530] 0xB20              (size_t) [2848]
	[RSP+538] 0x223A00350B0      (void*)
	[RSP+540] 0x223A0036C20      (void*)
	[RSP+548] 0xA2000000C1       (size_t) [695784702145]
	[RSP+550] 0x3F800000         (size_t) [1065353216]
	[RSP+558] 0x3C23D70A         (size_t) [1008981770]
	[RSP+560] 0x3F800000         (size_t) [1065353216]
	[RSP+568] 0x22360DBA5E0      (void*)
	[RSP+570] 0x402DE2DA402DE2DA (size_t) [4624601819386864346]
	[RSP+578] 0x402DE2DA402DE2DA (size_t) [4624601819386864346]
	[RSP+580] 0x3F4F1451         (size_t) [1062147153]
	[RSP+588] 0x0                (size_t) [0]
	[RSP+590] 0x3EE8F6DD80000000 (size_t) [4533144456144093184]
	[RSP+598] 0x0                (size_t) [0]
	[RSP+5A0] 0x0                (size_t) [0]
	[RSP+5A8] 0xBF7FFFD200000000 (size_t) [uint: 13799029060694704128 int: -4647715013014847488]
	[RSP+5B0] 0xB8B812113825A9DB (size_t) [uint: 13310408563859237339 int: -5136335509850314277]
	[RSP+5B8] 0x3F8000013F800001 (size_t) [4575657226768744449]
	[RSP+5C0] 0x0                (size_t) [0]
	[RSP+5C8] 0x7FF71BFD7604     (void* -> Fallout4.exe+2857604	call 0x00007FF71BFD1190 |  DrawWorld::Render_PreUI(void)_2857604)
	[RSP+5D0] 0x2                (size_t) [2]
	[RSP+5D8] 0x0                (size_t) [0]
	[RSP+5E0] 0x0                (size_t) [0]
	[RSP+5E8] 0x0                (size_t) [0]
	[RSP+5F0] 0x2A946FFA00       (void*)
	[RSP+5F8] 0x7FF700000000     (size_t) [140698833649664]
	[RSP+600] 0xBF7232B2BE6E317E (size_t) [uint: 13795144351869710718 int: -4651599721839840898]
	[RSP+608] 0x7FFBBE66D42D     (size_t) [140719207928877]
	[RSP+610] 0xBF73BB9ABE6B9D2A (size_t) [uint: 13795576356860042538 int: -4651167716849509078]
	[RSP+618] 0x7FF7BE4E53BC     (size_t) [140702026453948]
	[RSP+620] 0xC6C772B3468A234E (size_t) [uint: 14323543254183322446 int: -4123200819526229170]
	[RSP+628] 0x449A0D53         (size_t) [1150946643]
	[RSP+630] 0xC6C772B3468A234E (size_t) [uint: 14323543254183322446 int: -4123200819526229170]
	[RSP+638] 0x223449A0D53      (void*)
	[RSP+640] 0x22338E7D1A0      (Main*)
	[RSP+648] 0x7FF71A4BCCBF     (void* -> Fallout4.exe+0D3CCBF	test dil, dil |  Main::DrawWorld_And_UI(bool)_D3CCBF)
	[RSP+650] 0x2                (size_t) [2]
	[RSP+658] 0x0                (size_t) [0]
	[RSP+660] 0x3E000000         (size_t) [1040187392]
	[RSP+668] 0x22338E7D1A0      (Main*)
	[RSP+670] 0x0                (size_t) [0]
	[RSP+678] 0x7FF71A4B8906     (void* -> Fallout4.exe+0D38906	jmp 0x00007FF71A4B89C7 |  Main::Swap(void)_D38906)
	[RSP+680] 0x22338E7D1A0      (Main*)
	[RSP+688] 0x0                (size_t) [0]
	[RSP+690] 0x1                (size_t) [1]
	[RSP+698] 0x0                (size_t) [0]
	[RSP+6A0] 0x22346502F00      (Actor*)
		Object Reference: 
		Flags: 0x00000008
		FormID: 0xFF00920D
		FormType: kNPC_ (45)
		File: "SS2_XPAC_Chapter2.esm"
		Flags: 0x00470409
		FormID: 0x0016C1CD
		FormType: kACHR (65)
	[RSP+6A8] 0x7FF719813A1B     (void* -> Fallout4.exe+0093A1B	test rax, rax |  ExtraDataList::GetPrimitive(void)_93A1B)
	[RSP+6B0] 0x22338E7D1A8      (void*)
	[RSP+6B8] 0x7FF71A4C2F81     (void* -> Fallout4.exe+0D42F81	cmp eax, 0xFFFFFFFF |  BSTArray<BSTTuple<float,BSPointerHandle<Actor,BSUntypedPointerHandle<21,5>>>,BSTArrayHeapAllocator>::Add<float,BSPointerHandle<Actor,BSUntypedPointerHandle<21,5>>>(float,BSPointerHandle<Actor,BSUntypedPointerHandle<21,5>>)_D42F81)
	[RSP+6C0] 0x22338E82F10      (ShadowSceneNode*)
		Name: "shadow scene node"
		RTTIName: "ShadowSceneNode"
		Flags: 2000280e
		Checking Parent: 
			Name: "WorldRoot Node"
			RTTIName: "SceneGraph"
			Flags: 2000280e
		Name: "shadow scene node"
	[RSP+6C8] 0x7FF71987E71F     (void* -> Fallout4.exe+00FE71F	add rbx, 0x08 |  TES::UpdateMultiBoundVisibility(BSCullingProcess*)_FE71F)
	[RSP+6D0] 0x226C4C074C8      (void*)
	[RSP+6D8] 0x7FF719C007E3     (void* -> Fallout4.exe+04807E3	test rax, rax |  TESObjectREFR::GetMultiBoundHalfExtent(void)_4807E3)
	[RSP+6E0] 0x7FF71C3CA948     (void* -> Fallout4.exe+2C4A948	shl byte ptr [rdx], 0x01 |  hkbInternal::hks::execute<0>(hkbInternal::lua_State*,hkbInternal::hksInstruction*,int)_2C4A948)
	[RSP+6E8] 0x22338E7D1A8      (void*)
	[RSP+6F0] 0x9C0              (size_t) [2496]
	[RSP+6F8] 0x0                (size_t) [0]
	[RSP+700] 0x2A946FFB80       (void*)
	[RSP+708] 0x7FF71A4C1B0A     (void* -> Fallout4.exe+0D41B0A	mov rcx, [rax+0x108] |  _lambda_774c312478e3f5808debc6c3e76528a0_::operator()_D41B0A)
	[RSP+710] 0x22360DB9C20      (void*)
	[RSP+718] 0x2255D7F5174      (void*)
	[RSP+720] 0x22338E7D1A8      (void*)
	[RSP+728] 0x7FF71A4C31CB     (void* -> Fallout4.exe+0D431CB	mov eax, [rsi+0x10] |  ArrayQuickSortRecursive<BSTTuple<float,BSPointerHandle<Actor,BSUntypedPointerHandle<21,5>>>,TupleUtils::FirstObjectSortingFunctor<float,BSPointerHandle<Actor,BSUntypedPointerHandle<21,5>>>,BSTArrayHeapAllocator>(BSTArray<BSTTuple<float,BSPointerHandle<Actor,BSUntypedPointerHandle<21,5>>>,BSTArrayHeapAllocator>&,TupleUtils::FirstObjectSortingFunctor<float,BSPointerHandle<Actor,BSUntypedPointerHandle<21,5>>>&,uint,uint)_D431CB)
	[RSP+730] 0x1                (size_t) [1]
	[RSP+738] 0x22338E7D1A8      (void*)
	[RSP+740] 0x2                (size_t) [2]
	[RSP+748] 0x0                (size_t) [0]
	[RSP+750] 0x2                (size_t) [2]
	[RSP+758] 0x7FF71A4BAADC     (void* -> Fallout4.exe+0D3AADC	mov rbx, [rsp+0x80] |  Main::OnIdle_UpdateHighActorsArraySorted(float)_D3AADC)
	[RSP+760] 0x1                (size_t) [1]
	[RSP+768] 0x2A946FFBD8       (void*)
	[RSP+770] 0x22338E7D1A8      (void*)
	[RSP+778] 0x3                (size_t) [3]
	[RSP+780] 0x2A946FFBD0       (void*)
	[RSP+788] 0x22338E7D1A0      (Main*)
	[RSP+790] 0x429BE0CC         (size_t) [1117511884]
	[RSP+798] 0x0                (size_t) [0]
	[RSP+7A0] 0x0                (size_t) [0]
	[RSP+7A8] 0x0                (size_t) [0]
	[RSP+7B0] 0x22338E7D1A0      (Main*)
	[RSP+7B8] 0x1                (size_t) [1]
	[RSP+7C0] 0x22338E7D1A0      (Main*)
	[RSP+7C8] 0x7FF71A4B9551     (void* -> Fallout4.exe+0D39551	xor ecx, ecx |  Main::OnIdle(void)_D39551)
	[RSP+7D0] 0x7FF71F1E6DD0     (UI*)
	[RSP+7D8] 0x209D25           (size_t) [2137381]
	[RSP+7E0] 0x7FF71F1E6DD0     (UI*)
	[RSP+7E8] 0x5B48             (size_t) [23368]
	[RSP+7F0] 0x1                (size_t) [1]
	[RSP+7F8] 0x0                (size_t) [0]
	[RSP+800] 0x0                (size_t) [0]
	[RSP+808] 0x0                (size_t) [0]
	[RSP+810] 0x0                (size_t) [0]
	[RSP+818] 0x7FF71A4B6E10     (void* -> Fallout4.exe+0D36E10	mov rcx, [0x00007FF71F224278] |  Main::Run(void)_D36E10)
	[RSP+820] 0x7C085E           (size_t) [8128606]
	[RSP+828] 0xA                (size_t) [10]
	[RSP+830] 0xA                (size_t) [10]
	[RSP+838] 0x224C8632720      (BGSSoundCategory*)
		File: "Fallout4.esm"
		Flags: 0x00000009
		EditorID: "_AudioCategoryMaster"
		FormID: 0x000EB803
		FormType: kSNCT (134)
		GetFullName: "$Master"
	[RSP+840] 0x0                (size_t) [0]
	[RSP+848] 0x7FF71A4B5950     (void* -> Fallout4.exe+0D35950	call 0x00007FF69C3A0083 |  WinMain_D35950)
	[RSP+850] 0x22360DBDD9A      (void*)
	[RSP+858] 0x7C085E           (size_t) [8128606]
	[RSP+860] 0x68523EAB         (size_t) [1750220459]
	[RSP+868] 0x22360DBDD9A      (void*)
	[RSP+870] 0x0                (size_t) [0]
	[RSP+878] 0x7FF71C0B7157     (void* -> Fallout4.exe+2937157	mov [0x00007FF71FEB47C8], eax |  entry_2937157)
	[RSP+880] 0x22360DBDD99      (char*) """
	[RSP+888] 0xA                (size_t) [10]
	[RSP+890] 0x0                (size_t) [0]
	[RSP+898] 0xA                (size_t) [10]
	[RSP+8A0] 0x0                (size_t) [0]
	[RSP+8A8] 0x22360DBDD9A      (void*)
	[RSP+8B0] 0x0                (size_t) [0]
	[RSP+8B8] 0x7FFC0266E8D7     (void* -> KERNEL32.DLL+002E8D7	mov ecx, eax)
	[RSP+8C0] 0x0                (size_t) [0]
	[RSP+8C8] 0x0                (size_t) [0]
	[RSP+8D0] 0x0                (size_t) [0]
	[RSP+8D8] 0x0                (size_t) [0]
	[RSP+8E0] 0x0                (size_t) [0]
	[RSP+8E8] 0x7FFC03FBC34C     (void* -> ntdll.dll+003C34C	jmp 0x00007FFC03FBC376)
	[RSP+8F0] 0x0                (size_t) [0]
	[RSP+8F8] 0x0                (size_t) [0]
	[RSP+900] 0x4F0FFFFFB30      (size_t) [5433133628208]
	[RSP+908] 0x4D0FFFFFB30      (size_t) [5295694674736]
	[RSP+910] 0x21               (size_t) [33]
	[RSP+918] 0x7FFC016CA820     (void* -> KERNELBASE.dll+011A820	mov [rsp+0x10], rbx)
	[RSP+920] 0x2A946FDF00       (void*)
	[RSP+928] 0x2A946FDF00       (void*)
	[RSP+930] 0x0                (size_t) [0]
	[RSP+938] 0x0                (size_t) [0]
	[RSP+940] 0x0                (size_t) [0]
	[RSP+948] 0x0                (size_t) [0]
	[RSP+950] 0x0                (size_t) [0]
	[RSP+958] 0x0                (size_t) [0]
	[RSP+960] 0x0                (size_t) [0]
	[RSP+968] 0x0                (size_t) [0]
	[RSP+970] 0x0                (size_t) [0]
	[RSP+978] 0x0                (size_t) [0]
	[RSP+980] 0x0                (size_t) [0]
	[RSP+988] 0x0                (size_t) [0]
	[RSP+990] 0x0                (size_t) [0]
	[RSP+998] 0x0                (size_t) [0]
	[RSP+9A0] 0x0                (size_t) [0]
	[RSP+9A8] 0x0                (size_t) [0]
	[RSP+9B0] 0x0                (size_t) [0]
	[RSP+9B8] 0x0                (size_t) [0]
	[RSP+9C0] 0x0                (size_t) [0]
	[RSP+9C8] 0x0                (size_t) [0]
	[RSP+9D0] 0x0                (size_t) [0]
	[RSP+9D8] 0x0                (size_t) [0]
	[RSP+9E0] 0x0                (size_t) [0]
	[RSP+9E8] 0x0                (size_t) [0]
	[RSP+9F0] 0x0                (size_t) [0]
	[RSP+9F8] 0x0                (size_t) [0]
	[RSP+A00] 0x0                (size_t) [0]
	[RSP+A08] 0x0                (size_t) [0]
	[RSP+A10] 0x0                (size_t) [0]
	[RSP+A18] 0x0                (size_t) [0]
	[RSP+A20] 0x0                (size_t) [0]
	[RSP+A28] 0x0                (size_t) [0]
	[RSP+A30] 0x0                (size_t) [0]
	[RSP+A38] 0x0                (size_t) [0]
	[RSP+A40] 0x0                (size_t) [0]
	[RSP+A48] 0x0                (size_t) [0]
	[RSP+A50] 0x0                (size_t) [0]
	[RSP+A58] 0x0                (size_t) [0]
	[RSP+A60] 0x0                (size_t) [0]
	[RSP+A68] 0x0                (size_t) [0]
	[RSP+A70] 0x0                (size_t) [0]
	[RSP+A78] 0x0                (size_t) [0]
	[RSP+A80] 0x0                (size_t) [0]
	[RSP+A88] 0x0                (size_t) [0]
	[RSP+A90] 0x0                (size_t) [0]
	[RSP+A98] 0x0                (size_t) [0]
	[RSP+AA0] 0x0                (size_t) [0]
	[RSP+AA8] 0x0                (size_t) [0]
	[RSP+AB0] 0x0                (size_t) [0]
	[RSP+AB8] 0x0                (size_t) [0]
	[RSP+AC0] 0x0                (size_t) [0]
	[RSP+AC8] 0x0                (size_t) [0]
	[RSP+AD0] 0x0                (size_t) [0]
	[RSP+AD8] 0x0                (size_t) [0]
	[RSP+AE0] 0x0                (size_t) [0]
	[RSP+AE8] 0x0                (size_t) [0]
	[RSP+AF0] 0x0                (size_t) [0]
	[RSP+AF8] 0x0                (size_t) [0]
	[RSP+B00] 0x0                (size_t) [0]
	[RSP+B08] 0x0                (size_t) [0]
	[RSP+B10] 0x0                (size_t) [0]
	[RSP+B18] 0x0                (size_t) [0]
	[RSP+B20] 0x0                (size_t) [0]
	[RSP+B28] 0x0                (size_t) [0]
	[RSP+B30] 0x0                (size_t) [0]
	[RSP+B38] 0x0                (size_t) [0]
	[RSP+B40] 0x0                (size_t) [0]
	[RSP+B48] 0x0                (size_t) [0]
	[RSP+B50] 0x0                (size_t) [0]
	[RSP+B58] 0x0                (size_t) [0]
	[RSP+B60] 0x0                (size_t) [0]
	[RSP+B68] 0x0                (size_t) [0]
	[RSP+B70] 0x0                (size_t) [0]
	[RSP+B78] 0x0                (size_t) [0]
	[RSP+B80] 0x0                (size_t) [0]
	[RSP+B88] 0x0                (size_t) [0]
	[RSP+B90] 0x0                (size_t) [0]
	[RSP+B98] 0x0                (size_t) [0]
	[RSP+BA0] 0x0                (size_t) [0]
	[RSP+BA8] 0x0                (size_t) [0]
	[RSP+BB0] 0x0                (size_t) [0]
	[RSP+BB8] 0x0                (size_t) [0]
	[RSP+BC0] 0x0                (size_t) [0]
	[RSP+BC8] 0x0                (size_t) [0]
	[RSP+BD0] 0x0                (size_t) [0]
	[RSP+BD8] 0x0                (size_t) [0]
	[RSP+BE0] 0x0                (size_t) [0]
	[RSP+BE8] 0x0                (size_t) [0]
	[RSP+BF0] 0x0                (size_t) [0]
	[RSP+BF8] 0x0                (size_t) [0]

MODULES:
	XINPUT1_3.dll                      0x000000400000
	X3DAudio1_7.dll                    0x000066F10000
	steam_api64.dll                    0x000066F20000
	LL_fourPlay_1_10_163.dll           0x000180000000
	imagehlp.dll                       0x0223610C0000
	BakaFramework.dll                  0x02236F590000
	WINTRUST.DLL                       0x0223D9040000
	Fallout4.exe                       0x7FF719780000
	libxess.dll                        0x7FFA87F50000
	tier0_s64.dll                      0x7FFAED5D0000
	vstdlib_s64.dll                    0x7FFAED770000
	steamclient64.dll                  0x7FFAED840000
	D3D12Core.dll                      0x7FFB2A9D0000
	D3DSCache.dll                      0x7FFB2D290000
	nvdxgdmal64.dll                    0x7FFB3C230000
	nvcuda64.dll                       0x7FFB3C2D0000
	msdmo.dll                          0x7FFB3E510000
	ResampleDmo.DLL                    0x7FFB3E530000
	DSOUND.DLL                         0x7FFB3E5F0000
	winmmbase.dll                      0x7FFB3E7E0000
	d3dcompiler_47_64.dll              0x7FFB413F0000
	NvCamera64.dll                     0x7FFB41800000
	MSVCP140_ATOMIC_WAIT.dll           0x7FFB59360000
	d3d12.dll                          0x7FFB5F2C0000
	d3d11on12.dll                      0x7FFB65970000
	dxilconv.dll                       0x7FFB65A20000
	nvngx_dlssg.dll                    0x7FFB66380000
	_nvngx.dll                         0x7FFB66E60000
	sl.dlss_g.dll                      0x7FFB66FE0000
	sl.common.dll                      0x7FFB67070000
	gameoverlayrenderer64.dll          0x7FFB67120000
	x-cell-og.dll                      0x7FFB672C0000
	wsfw_identifier.dll                0x7FFB67410000
	SUP_F4SE.dll                       0x7FFB67510000
	PapyrusCommonLibrary.dll           0x7FFB67740000
	GardenOfEdenPapyrusExtender.dll    0x7FFB67B50000
	PDPerfPlugin.dll                   0x7FFB67E50000
	nvngx_dlss.dll                     0x7FFB680D0000
	ffx_backend_dx11_x64.dll           0x7FFB6B0D0000
	Fallout4Upscaler.dll               0x7FFB6B8E0000
	BackportedBA2Support.dll           0x7FFB6C360000
	dxgi.dll                           0x7FFB6D020000
	XDI.dll                            0x7FFB6D700000
	WhoseQuestIsItAnywayF4.dll         0x7FFB6D770000
	Buffout4.dll                       0x7FFB6D7D0000
	RobCo_Patcher.dll                  0x7FFB6DD20000
	ShowAllArmorsAndOutfits.dll        0x7FFB6DE70000
	po3_SpellPerkItemDistributorF4.dll 0x7FFB6E060000
	PRKF.dll                           0x7FFB6E560000
	po3_BaseObjectSwapperF4.dll        0x7FFB6E690000
	WeightlessItems.dll                0x7FFB6E7C0000
	WeaponDebrisCrashFix.dll           0x7FFB6ED10000
	PowerGridTools.dll                 0x7FFB7C130000
	po3_SimpleOffenceSuppressionF4.dll 0x7FFB82480000
	place.dll                          0x7FFB82510000
	MentatsF4SE.dll                    0x7FFB82590000
	UnlimitedFastTravel.dll            0x7FFB82970000
	MODExplorer.dll                    0x7FFB829C0000
	LighthousePapyrusExtender.dll      0x7FFB82A40000
	HighFPSPhysicsFix.dll              0x7FFB82D90000
	GCBugFix.dll                       0x7FFB83260000
	PipboyTabs.dll                     0x7FFB86EF0000
	f4ee.dll                           0x7FFB86F50000
	BakaPowerArmorStorage.dll          0x7FFB87060000
	mcm.dll                            0x7FFB884E0000
	InvisibleDeadBodyFix.dll           0x7FFB88CD0000
	MagicSystemFixes.dll               0x7FFB8B380000
	DINPUT8.dll                        0x7FFB8B400000
	MessageBus.dll                     0x7FFB8B580000
	CONCRT140.dll                      0x7FFB8E260000
	SprintStutteringFix.dll            0x7FFB8E300000
	SettlementOfUnlimitedSize.dll      0x7FFB8E630000
	FollowerStrayBulletFix.dll         0x7FFB92B00000
	Outfit-ReDress-Fix.dll             0x7FFB93B00000
	EscapeFreeze.dll                   0x7FFBB6B10000
	sl.interposer.dll                  0x7FFBB7E70000
	BulletCountedReload.dll            0x7FFBBAF70000
	MeleeAndThrow.dll                  0x7FFBBB1C0000
	Interior-NavCut-Fix.dll            0x7FFBBB490000
	BakaFullscreenPipboy.dll           0x7FFBBB4E0000
	WINHTTP.dll                        0x7FFBBB5C0000
	f4se_1_10_163.dll                  0x7FFBBBEF0000
	GLXRM_NoInteriorFog.dll            0x7FFBBC110000
	FollowerAIApproachReactionFix.dll  0x7FFBBC5D0000
	DisableCompanionCollision.dll      0x7FFBBC6B0000
	flexRelease_x64.dll                0x7FFBBC710000
	crafting_highlight_fix.dll         0x7FFBBC950000
	ConsoleUtilF4.dll                  0x7FFBBCFE0000
	MSVCR110.dll                       0x7FFBBEC00000
	nvppex.dll                         0x7FFBBFFD0000
	nvspcap64.dll                      0x7FFBC0E40000
	BakaPowerArmorHUD.dll              0x7FFBC1F00000
	PlotUI.dll                         0x7FFBC2620000
	BetterConsole.dll                  0x7FFBC2660000
	BakaAutoLockpicking.dll            0x7FFBC27E0000
	ConsoleEx.dll                      0x7FFBC2FF0000
	ArmorPenetrationBugFix.dll         0x7FFBC3030000
	f4se_steam_loader.dll              0x7FFBC4760000
	cudart64_75.dll                    0x7FFBC47A0000
	uiautomationcore.dll               0x7FFBC4AB0000
	AUDIOSES.DLL                       0x7FFBC6080000
	NvTelemetryBridge64.dll            0x7FFBC9B90000
	NvTelemetryAPI64.dll               0x7FFBC9F70000
	VoltekLib.Detours.dll              0x7FFBCB900000
	GFSDK_GodraysLib.x64.dll           0x7FFBD11E0000
	sl.reflex.dll                      0x7FFBD12E0000
	threadpoolwinrt.dll                0x7FFBD1360000
	VoltekLib.RelocationDatabase.dll   0x7FFBD1650000
	textinputframework.dll             0x7FFBD2A20000
	inputhost.dll                      0x7FFBD2B80000
	Windows.UI.dll                     0x7FFBD4BD0000
	XAudio2_7.dll                      0x7FFBD57E0000
	encounter_zone_recalculation.dll   0x7FFBD5AC0000
	GFSDK_SSAO_D3D11.win64.dll         0x7FFBD5AF0000
	dbgcore.DLL                        0x7FFBDBCA0000
	ncryptsslp.dll                     0x7FFBDD6E0000
	ondemandconnroutehelper.dll        0x7FFBDE8F0000
	MSVCP110.dll                       0x7FFBDEEC0000
	bink2w64.dll                       0x7FFBDEF70000
	VoltekLib.UnicodeConverter.dll     0x7FFBDF070000
	flexExtRelease_x64.dll             0x7FFBDF720000
	webio.dll                          0x7FFBDF970000
	xinput1_4.dll                      0x7FFBDFC20000
	MSVCP140.dll                       0x7FFBDFEC0000
	VCRUNTIME140_1.dll                 0x7FFBDFF50000
	VCRUNTIME140.dll                   0x7FFBDFF60000
	gdiplus.dll                        0x7FFBE09F0000
	VoltekLib.MemoryManager.dll        0x7FFBE4F10000
	WININET.dll                        0x7FFBE4F90000
	COMCTL32.dll                       0x7FFBE54B0000
	MSIMG32.dll                        0x7FFBE5770000
	MpOav.dll                          0x7FFBE5BF0000
	iertutil.dll                       0x7FFBE5E70000
	wbemsvc.dll                        0x7FFBE63F0000
	fastprox.dll                       0x7FFBE6430000
	OLEACC.dll                         0x7FFBE9020000
	amsi.dll                           0x7FFBE9710000
	NvMessageBus.dll                   0x7FFBE9C60000
	nvapi64.dll                        0x7FFBEAFA0000
	wbemprox.dll                       0x7FFBEB540000
	dbghelp.dll                        0x7FFBEB800000
	SPINF.dll                          0x7FFBEDD90000
	XINPUT9_1_0.dll                    0x7FFBEDDD0000
	nvwgf2umx.dll                      0x7FFBEE850000
	rasadhlp.dll                       0x7FFBF3E70000
	DEVRTL.dll                         0x7FFBF4460000
	srvcli.dll                         0x7FFBF5000000
	twinapi.appcore.dll                0x7FFBF5320000
	WINMM.dll                          0x7FFBF5690000
	NvMemMapStoragex.dll               0x7FFBF5700000
	wbemcomn.dll                       0x7FFBF5860000
	fwpuclnt.dll                       0x7FFBF5D20000
	dhcpcsvc.DLL                       0x7FFBF6080000
	dhcpcsvc6.DLL                      0x7FFBF60B0000
	WINHTTP.DLL                        0x7FFBF61A0000
	nvgpucomp64.dll                    0x7FFBF62D0000
	MMDevApi.dll                       0x7FFBFA5A0000
	drvstore.dll                       0x7FFBFA7E0000
	cryptnet.dll                       0x7FFBFA9B0000
	VERSION.dll                        0x7FFBFAAC0000
	nvldumdx.dll                       0x7FFBFAAD0000
	CoreUIComponents.dll               0x7FFBFAEF0000
	avrt.dll                           0x7FFBFBA70000
	WINNSI.DLL                         0x7FFBFC3C0000
	D3DCOMPILER_47.dll                 0x7FFBFC5A0000
	Microsoft.Internal.WarpPal.dll     0x7FFBFCA30000
	WindowsCodecs.dll                  0x7FFBFCA50000
	d3d11.dll                          0x7FFBFCF00000
	dcomp.dll                          0x7FFBFD7B0000
	CoreMessaging.dll                  0x7FFBFDE40000
	ffx_fsr3_x64.dll                   0x7FFBFE160000
	ffx_fsr3upscaler_x64.dll           0x7FFBFE170000
	nvToolsExt64_1.dll                 0x7FFBFE180000
	Secur32.dll                        0x7FFBFE220000
	UxTheme.dll                        0x7FFBFE330000
	dxcore.dll                         0x7FFBFE430000
	directxdatabasehelper.dll          0x7FFBFE4A0000
	dxgi.dll                           0x7FFBFE510000
	dwmapi.dll                         0x7FFBFE670000
	resourcepolicyclient.dll           0x7FFBFEA00000
	windows.storage.dll                0x7FFBFED10000
	HID.DLL                            0x7FFBFF570000
	netutils.dll                       0x7FFBFF850000
	IPHLPAPI.DLL                       0x7FFBFF860000
	DNSAPI.dll                         0x7FFBFF8F0000
	schannel.DLL                       0x7FFBFFC80000
	rsaenh.dll                         0x7FFBFFDB0000
	kernel.appcore.dll                 0x7FFBFFE50000
	ntmarta.dll                        0x7FFBFFFE0000
	SSPICLI.DLL                        0x7FFC00160000
	UMPDC.dll                          0x7FFC00430000
	MSWSOCK.dll                        0x7FFC00450000
	POWRPROF.dll                       0x7FFC004C0000
	gpapi.dll                          0x7FFC00530000
	USERENV.dll                        0x7FFC00560000
	CRYPTBASE.DLL                      0x7FFC00700000
	wldp.dll                           0x7FFC007A0000
	cryptsp.dll                        0x7FFC008A0000
	msasn1.dll                         0x7FFC00900000
	NTASN1.dll                         0x7FFC009A0000
	ncrypt.dll                         0x7FFC009F0000
	CFGMGR32.dll                       0x7FFC00D30000
	devobj.dll                         0x7FFC00D90000
	DPAPI.DLL                          0x7FFC00DE0000
	bcrypt.dll                         0x7FFC00FB0000
	profapi.dll                        0x7FFC00FE0000
	win32u.dll                         0x7FFC010D0000
	CRYPT32.dll                        0x7FFC01100000
	msvcp_win.dll                      0x7FFC01310000
	ucrtbase.dll                       0x7FFC013C0000
	bcryptPrimitives.dll               0x7FFC01510000
	KERNELBASE.dll                     0x7FFC015B0000
	wintypes.dll                       0x7FFC019A0000
	gdi32full.dll                      0x7FFC01BE0000
	sechost.dll                        0x7FFC01D50000
	USER32.dll                         0x7FFC01E00000
	COMDLG32.dll                       0x7FFC01FD0000
	shcore.dll                         0x7FFC020D0000
	OLEAUT32.dll                       0x7FFC021D0000
	SHLWAPI.dll                        0x7FFC022C0000
	ADVAPI32.dll                       0x7FFC02330000
	GDI32.dll                          0x7FFC023F0000
	NSI.dll                            0x7FFC02420000
	clbcatq.dll                        0x7FFC02590000
	KERNEL32.DLL                       0x7FFC02640000
	combase.dll                        0x7FFC02730000
	SHELL32.dll                        0x7FFC02AC0000
	ole32.dll                          0x7FFC03210000
	WS2_32.dll                         0x7FFC033E0000
	IMM32.DLL                          0x7FFC03640000
	PSAPI.DLL                          0x7FFC03680000
	SETUPAPI.dll                       0x7FFC03690000
	RPCRT4.dll                         0x7FFC03B20000
	msvcrt.dll                         0x7FFC03D20000
	MSCTF.dll                          0x7FFC03DD0000
	ntdll.dll                          0x7FFC03F80000

F4SE PLUGINS:
	ArmorPenetrationBugFix.dll v1
	BackportedBA2Support.dll v1
	BakaAutoLockpicking.dll v2
	BakaFramework.dll v1.10
	BakaFullscreenPipboy.dll v1.8
	BakaPowerArmorHUD.dll v1.1
	BakaPowerArmorStorage.dll v1.3
	BetterConsole.dll
	Buffout4.dll v1.37
	BulletCountedReload.dll
	ConsoleEx.dll v1.2
	ConsoleUtilF4.dll v1.0.1
	crafting_highlight_fix.dll
	DisableCompanionCollision.dll v1.0.1
	encounter_zone_recalculation.dll
	EscapeFreeze.dll v1
	f4ee.dll
	Fallout4Upscaler.dll v1
	FollowerAIApproachReactionFix.dll v1
	FollowerStrayBulletFix.dll v1
	GardenOfEdenPapyrusExtender.dll v19.5
	GCBugFix.dll
	GLXRM_NoInteriorFog.dll v1
	HighFPSPhysicsFix.dll v0.8.11
	Interior-NavCut-Fix.dll v1.0.3
	InvisibleDeadBodyFix.dll v1
	LighthousePapyrusExtender.dll v1.13
	LL_fourPlay_1_10_163.dll
	MagicSystemFixes.dll v1.1
	mcm.dll
	MeleeAndThrow.dll v1
	MentatsF4SE.dll v1
	MODExplorer.dll
	Outfit-ReDress-Fix.dll v1
	PapyrusCommonLibrary.dll v1.6.1
	PipboyTabs.dll
	place.dll
	PlotUI.dll
	po3_BaseObjectSwapperF4.dll v1.1
	po3_SimpleOffenceSuppressionF4.dll v1
	po3_SpellPerkItemDistributorF4.dll v2
	PowerGridTools.dll
	PRKF.dll
	RobCo_Patcher.dll v3.6
	SettlementOfUnlimitedSize.dll
	ShowAllArmorsAndOutfits.dll v1.1
	SprintStutteringFix.dll v1.3
	SUP_F4SE.dll
	UnlimitedFastTravel.dll
	WeaponDebrisCrashFix.dll v1.3
	WeightlessItems.dll
	WhoseQuestIsItAnywayF4.dll v1
	wsfw_identifier.dll
	x-cell-og.dll v2.1
	XDI.dll

PLUGINS:
	Light: 366	Regular: 132	Total: 498
	[00]     Fallout4.esm
	[01]     DLCRobot.esm
	[02]     DLCworkshop01.esm
	[03]     DLCCoast.esm
	[04]     DLCworkshop02.esm
	[05]     DLCworkshop03.esm
	[06]     DLCNukaWorld.esm
	[07]     ccrzrfo4001-tunnelsnakes.esm
	[08]     ccswkfo4001-astronautpowerarmor.esm
	[09]     cczsef04001-bhouse.esm
	[0A]     cctosfo4001-neosky.esm
	[0B]     cczsefo4002-smanor.esm
	[0C]     cctosfo4002_neonflats.esm
	[0D]     unofficial fallout 4 patch.esp
	[0E]     XDI.esm
	[0F]     HUDFramework.esm
	[10]     WorkshopFramework.esm
	[11]     OCsNWAIO_Master.esp
	[12]     OCsDRGEmployeeArea.esp
	[13]     OCsHubologistCamp.esp
	[14]     OCsShovelMuseum.esp
	[15]     SS2.esm
	[16]     Random Robots - True Leveled.esm
	[17]     SS2_XPAC_Chapter2.esm
	[18]     SS2_XPAC_Chapter3.esm
	[19]     OCsNukaIsland.esp
	[1A]     OCsNorthpointDam.esp
	[1B]     OCsWindTower.esp
	[1C]     AshlandStationSettlement.esp
	[1D]     SS2_Plotapalooza_AllInOne.esm
	[1E]     SS2Extended.esp
	[1F]     NoSharedDogmeatTemplate.esp
	[20]     VisibleCompanionAffinity.esp
	[21]     Rebuild_Settlements.esp
	[22]     OCsSunkenGarage.esp
	[23]     FaceMaxson.esp
	[24]     DiverseWasteland.esp
	[25]     CheatTerminal.esp
	[26]     SKKFastReunions.esp
	[27]     InstituteSettlements2.esp
	[28]     SKKFastStartNewGame.esp
	[29]     CreationClubDelay.esp
	[2A]     SS2_FDK_TinyLiving.esp
	[2B]     Vault 88 Template - Optimised.esp
	[2C]     GtN_SettlersatPlay.esp
	[2D]     MYS_RogueSS2AddOnPack.esp
	[2E]     SS2HappyTrails.esp
	[2F]     SS2-Jampads2.esp
	[30]     F4NVLaserPistol.esp
	[31]     Full Artillery System Overhaul.esp
	[32]     SKKWorkshopUtilities.esp
	[33]     CWMerchants.esp
	[34]     SS2WastelandVenturers.esp
	[35]     ohSIM_Sim2_Settlements_Scrappers_Addon.esp
	[36]     Cho1_SS2_Encv_Plots.esp
	[37]     MYS_SuperDuperMacKenzie_SS2AddOn.esp
	[38]     [SS2 Addon] SimSettlements SuperStructures.esp
	[39]     SelectRevolver.esp
	[3A]     AttachPack.esp
	[3B]     DakEnergyPistol.esp
	[3C]     DakPoliceShotgun.esp
	[3D]     ConceptPlasma.esp
	[3E]     Dak20mm.esp
	[3F]     EasyStartCheatBox_FO4.esp
	[40]     DakFR2.esp
	[41]     DakRiotShotgun.esp
	[42]     Useful_Companions.esp
	[43]     SS2WastelandReconstructionKit.esp
	[44]     SS2_NCRP.esp
	[45]     SS2_Addon_NWE.esp
	[46]     SS2_Addon_BLPlotapalooza3.esp
	[47]     Mystic_RoguesDen.esp
	[48]     SGOWastelandExpansion.esp
	[49]     SS2Addon_FPh_AlleyCabaret.esp
	[4A]     SS2_Addon_R2R.esp
	[4B]     SS2_STRA_Buildings_and_Skins.esp
	[4C]     SS2_STRA_Support_Buildings.esp
	[4D]     SS2_ruined_simsettlement_addonpack.esp
	[4E]     DZK_1x1_Pack.esp
	[4F]     GarageHomesAndSensibleSecurity.esp
	[50]     HandyOverhaul2k.esp
	[51]     ERIKA_Plotapalooza_Pack.esp
	[52]     BaselinePlotsBrotherhood.esp
	[53]     SS2_Addon_FHE.esp
	[54]     SS2_Addon_PSC_Plots.esp
	[55]     JunkTownTwo.esp
	[56]     SKKFastMinutemen.esp
	[57]     SS2CaravanSnatex.esp
	[58]     SS2PeskyRebirth.esp
	[59]     SS2_Addon_BrickNClay.esp
	[5A]     Dogmeat  A True Companion Normal.esp
	[5B]     WorkshopPlus.esp
	[5C]     DakMateba.esp
	[5D]     22Pack.esp
	[5E]     DAKMAC.esp
	[5F]     Dak127mmPistol.esp
	[60]     DakJudgeRevolver.esp
	[61]     DakM202.esp
	[62]     DakSCAMP.esp
	[63]     DakSW59.esp
	[64]     DakLolife.esp
	[65]     PigAAMDeag.esp
	[66]     LooksMenu Customization Compendium.esp
	[67]     ESPExplorerFO4.esp
	[68]     Better Randomized Robots - vanilla loot patch.esp
	[69]     AutomatronUnlockedNukaParts.esp
	[6A]     Settlement Electricity Overhaul.esp
	[6B]     RocketRifle.esp
	[6C]     Dak4570Pistol.esp
	[6D]     DakDeagle.esp
	[6E]     SS2_CityPlanContestAssistant.esp
	[6F]     CompanionStatus.esp
	[70]     HoloTime_2.esp
	[71]     SS2-PraRandomAddon.esp
	[72]     MercerRescuedSynths.esp
	[73]     MS Contraptions - SS2 ASAM Builder.esp
	[74]     PersistentVolumeSliders.esp
	[75]     pulsecarbine.esp
	[76]     AzarPonytailHairstyles.esp
	[77]     SettlementMenuManager.esp
	[78]     SKKFastBOS.esp
	[79]     SS2_MsB_PlainPlans.esp
	[7A]     Mors Shortcut to Curie.esp
	[7B]     SS2UI.esp
	[7C]     SS2_SIMPDDDD.esp
	[7D]     TheRon_MapMarker.esp
	[7E]     Vault-Tec Workshop Overhaul Redux.esp
	[7F]     WestTekTacticalOptics.esp
	[80]     Vault88 - Essentials.esp
	[81]     Vault88AreaExtension.esp
	[82]     SS2_WastelandDefense.esp
	[83]     BostonLibrarySettlement.esp
	[FE:000] ccbgsfo4003-pipboy(camo01).esl
	[FE:001] ccbgsfo4016-prey.esl
	[FE:002] ccbgsfo4018-gaussrifleprototype.esl
	[FE:003] ccbgsfo4019-chinesestealtharmor.esl
	[FE:004] ccbgsfo4042-bfg.esl
	[FE:005] ccBGSFO4044-HellfirePowerArmor.esl
	[FE:006] ccfsvfo4001-modularmilitarybackpack.esl
	[FE:007] ccfsvfo4002-midcenturymodern.esl
	[FE:008] ccfrsfo4001-handmadeshotgun.esl
	[FE:009] cceejfo4001-decorationpack.esl
	[FE:00A] ccbgsfo4045-advarccab.esl
	[FE:00B] ccfsvfo4003-slocum.esl
	[FE:00C] ccfrsfo4002-antimaterielrifle.esl
	[FE:00D] cceejfo4002-nuka.esl
	[FE:00E] ccsbjfo4001-solarflare.esl
	[FE:00F] cckgjfo4001-bastion.esl
	[FE:010] ccqdrfo4001_powerarmorai.esl
	[FE:011] ccBGSFO4115-X02.esl
	[FE:012] ccrzrfo4002-disintegrate.esl
	[FE:013] ccBGSFO4116-HeavyFlamer.esl
	[FE:014] ccBGSFO4110-WS_Enclave.esl
	[FE:015] ccBGSFO4096-AS_Enclave.esl
	[FE:016] ccbgsfo4035-pint.esl
	[FE:017] ccjvdfo4001-holiday.esl
	[FE:018] ccbgsfo4047-qthund.esl
	[FE:019] ccfrsfo4003-cr75l.esl
	[FE:01A] ccFSVFO4007-Halloween.esl
	[FE:01B] ccsbjfo4002_manwellrifle.esl
	[FE:01C] ccBGSFO4046-TesCan.esl
	[FE:01D] cccrsfo4001-pipcoa.esl
	[FE:01E] ccSBJFO4003-Grenade.esl
	[FE:01F] ccOTMFO4001-Remnants.esl
	[FE:020] community fixes merged.esp
	[FE:021] BakaFramework.esm
	[FE:022] REFramework.esm
	[FE:023] ppf.esm
	[FE:024] No Player Archetypes - PowerArmorKeyword.esl
	[FE:025] DaltonGardens.esl
	[FE:026] Yagisans_BSO_-_Warwick_Outpost.esl
	[FE:027] [ChaoticNeuThrall]WarwickOutpost.esl
	[FE:028] Yagisans_BSO_-_Reeb_Outpost.esl
	[FE:029] MysticRogue_OberlandStation.esl
	[FE:02A] MysticRogue_FinchFarm.esl
	[FE:02B] MysticRogue_CC-City-and-Outpost.esl
	[FE:02C] KezzDaddy's sanc outpost.esl
	[FE:02D] OutpostEgret.esl
	[FE:02E] Vana's Fort Tenpines Outpost.esl
	[FE:02F] Vana's Fort Oberland.esl
	[FE:030] Vana'sOutpostWarwickHomestead.esl
	[FE:031] 4estGimp - HDTP.esl
	[FE:032] K198Recruit.esl
	[FE:033] prp-ss2-cr.esm
	[FE:034] BakaFullscreenPipboy.esm
	[FE:035] BakaPowerArmorHUD.esm
	[FE:036] BakaAutoLockpicking.esm
	[FE:037] BakaPowerArmorStorage.esm
	[FE:038] CanarySaveFileMonitor.esl
	[FE:039] Craftable Nuka-World Grenades.esl
	[FE:03A] ConfigurableHotkeys.esl
	[FE:03B] NPCRespawnFix.esl
	[FE:03C] HoloGlowNS21.esl
	[FE:03D] ImmersiveTeleportation.esl
	[FE:03E] LIF.esl
	[FE:03F] LIF_RandomPA.esl
	[FE:040] nukes_denerfed.esl
	[FE:041] Munitions - An Ammo Expansion.esl
	[FE:042] Munitions - Vanilla Ammo Addon.esl
	[FE:043] ppf-neonflats-cr.esm
	[FE:044] SettlerSpawner.esl
	[FE:045] Populator.esm
	[FE:046] StealthBoyBuffWithRecipe.esl
	[FE:047] SmartMIRV.esl
	[FE:048] Yagisans_BSO_-_Super_Duper_Mega_Mart.esl
	[FE:049] Vee_SS2_Chapter2_SettlersEssentialPatch.esl
	[FE:04A] Vee_SS2_SettlersEssentialPatch.esl
	[FE:04B] TesCanUpdate.esl
	[FE:04C] UniversalDisassembler.esl
	[FE:04D] ThrowMoneyAtSS2.esl
	[FE:04E] Rebuild_SharedResources.esm
	[FE:04F] Cho1_Vault88_Metro_Plan.esl
	[FE:050] MysticRogue_AbernathyFarm and Outpost.esl
	[FE:051] Reina_Vault88-SS2.esl
	[FE:052] Fixed Gobo Effects.esp
	[FE:053] FO4LODGen.esp
	[FE:054] FOLIP - New LODs.esp
	[FE:055] Cho1_SuperDuper_Settlement.esp
	[FE:056] Rebuild_Settlements_NoRepair.esp
	[FE:057] WHN AiO.esp
	[FE:058] Yagisan_SSSL_Reeb_Marina_Settlement.esp
	[FE:059] Yagisan_SSSL_Lakeside_Cabin_Settlement.esp
	[FE:05A] Yagisan_SSSL_Bridgeport_Settlement.esp
	[FE:05B] DiverseWastelandImmersionPack.esp
	[FE:05C] OCsCharlesviewAmpitheater.esp
	[FE:05D] Settlement_BoS_Fort_Strong.esp
	[FE:05E] NewtonsRegards.esp
	[FE:05F] WCLI_North_Point_Park.esp
	[FE:060] Settlement_CoA_Crater_of_Atom.esp
	[FE:061] MoreWeathervanes.esp
	[FE:062] ScrapZapper2.esp
	[FE:063] SS2-AUR-HangmansAlleyCityPlanTweaks.esp
	[FE:064] NoVault88Radiation.esp
	[FE:065] NO MORE HAMMERS.esp
	[FE:066] Dank_LEO.esp
	[FE:067] HookedOnPonics.esp
	[FE:068] Cho1_SS2_Neon_Bar.esp
	[FE:069] Cho1_Extended_Plots.esp
	[FE:06A] Dank_ECO.esp
	[FE:06B] V88-MoleRatsDisabled.esp
	[FE:06C] Vault88LightFix.esp
	[FE:06D] MechLairPathfindingFix.esp
	[FE:06E] Settlement_CoA_Radiant_Crest_Shrine.esp
	[FE:06F] FS_FarHarborBoatFastTravel.esp
	[FE:070] CWHuntingShotgun.esp
	[FE:071] CWRCW.esp
	[FE:072] Cho1-SS2-Cosmosplot.esp
	[FE:073] SS2-eXoPatch.esp
	[FE:074] CWPlasmaDefender.esp
	[FE:075] SS2AOP_VaultTecTools.esp
	[FE:076] CWAR180.esp
	[FE:077] MW_DPS_Patch.esp
	[FE:078] CWShotgunRevolver.esp
	[FE:079] CWM82.esp
	[FE:07A] BostonAirport_WorkshopFix.esp
	[FE:07B] CWThrowables.esp
	[FE:07C] CharlesviewGrowCult.esp
	[FE:07D] ScrapZapper2_RebuildAIO.esp
	[FE:07E] CWRaffica.esp
	[FE:07F] EHC_FastTravelFix.esp
	[FE:080] LSC-WHN AiO Patch.esp
	[FE:081] TheSlogGhoulSettlers.esp
	[FE:082] TheCastleMinutemenSettlers.esp
	[FE:083] GRY_R8.esp
	[FE:084] CWFlamerRifle.esp
	[FE:085] CWPolicePistol.esp
	[FE:086] SS2_RobotMod.esp
	[FE:087] MS Workshop Framework Door Additions.esp
	[FE:088] SS2_Addon_Favelabulous.esp
	[FE:089] Yagisan_PP_Mar_2025.esp
	[FE:08A] SNC_SS2Addon_GardenMaze.esp
	[FE:08B] CWShotgunRevolverCWUnique.esp
	[FE:08C] MS RazeSettlement.esp
	[FE:08D] MS Raze Settlement - Sim Settlements 2 Patch.esp
	[FE:08E] MidnightCultFix.esp
	[FE:08F] GRY_R8_Crafting_Patch.esp
	[FE:090] GRY_R8_Munitions_Patch.esp
	[FE:091] Realistic_conversations - More_NPCs.esp
	[FE:092] Outpost Egrit by Karvoc.esp
	[FE:093] [CSR]SS2_Warwick_Outpost.esp
	[FE:094] Outpost Oberland.esp
	[FE:095] GtN_PaP Plot-a-Palooza October 2024.esp
	[FE:096] SS2_CityPlan_TheAlley Cabaret.esp
	[FE:097] Reina_SS2_Plotapalooza_SigTrg.esp
	[FE:098] Fort Tenpines.esp
	[FE:099] Simple Creation Club Delayed NG.esp
	[FE:09A] CW9mmPistol.esp
	[FE:09B] CWMK23.esp
	[FE:09C] CW45MP.esp
	[FE:09D] LooksMenu1stPersonViewItemsFix.esp
	[FE:09E] FONVLaserPistolAnimationFix.esp
	[FE:09F] SimHomestead2.esp
	[FE:0A0] MakeshiftWeaponPack_MunitionsProjectile.esp
	[FE:0A1] Dank_ECO-INNR.esp
	[FE:0A2] Dank_ECO-Munitions.esp
	[FE:0A3] Dank_ECO-Munitions_INNR_CS.esp
	[FE:0A4] Dank_ECO-UniversalDisassembler.esp
	[FE:0A5] Dank_ECO_DLCCoast.esp
	[FE:0A6] SkipHSH.esp
	[FE:0A7] Dank_ECO_DLCNukaWorld.esp
	[FE:0A8] Dank_ECO_DLCRobot.esp
	[FE:0A9] COMR.esp
	[FE:0AA] WhoIsTheGeneral.esp
	[FE:0AB] Keeper of the Commonwealth Radiants.esp
	[FE:0AC] WTG_KCR_Patch.esp
	[FE:0AD] MinimalMinutemenRadiants.esp
	[FE:0AE] MMR_NoRadiantsForOwnedSettlements.esp
	[FE:0AF] Facegen_RealHD_SDK.esp
	[FE:0B0] UniqueFacesAiO.esp
	[FE:0B1] Actual Legendary Rust Devils.esp
	[FE:0B2] CWAR18MunitionsPatch.esp
	[FE:0B3] SKI_Attachpack_Turrets.esp
	[FE:0B4] AdvPortableTurretSet.esp
	[FE:0B5] AdvPortableTurretSet-Extension.esp
	[FE:0B6] ArtilleryChanges.esp
	[FE:0B7] AdvSettleTurretSet.esp
	[FE:0B8] AutomatronMiscBuffs.esp
	[FE:0B9] B85 Ham Radio Recruitment - CW.esp
	[FE:0BA] SS2BadNeighbors.esp
	[FE:0BB] AshlandEssentialNPC.esp
	[FE:0BC] GaS2BVTurretsBroke.esp
	[FE:0BD] AutomatronUnlocked.esp
	[FE:0BE] SKI_ccBFGTurret.esp
	[FE:0BF] CC_SlocumCoffee_Overhaul.esp
	[FE:0C0] BugSwarmCrashFix.esp
	[FE:0C1] FUHD Sentry Bots - 4K.esp
	[FE:0C2] Classic 10mm Pistol - Unofficial Update.esp
	[FE:0C3] Manwell Rifle - Unofficial Update.esp
	[FE:0C4] Cho1_SS2_Nuka_Plot.esp
	[FE:0C5] NanotechWaterpump_FoodWaterHappy.esp
	[FE:0C6] craftable nuka mines & grenades.esp
	[FE:0C7] CWCrowbar.esp
	[FE:0C8] SPECIAL-070.esp
	[FE:0C9] ConsoleEx.esp
	[FE:0CA] DiverseWasteland-WSFW-SS2-Compat.esp
	[FE:0CB] CR-74L - Unofficial Update.esp
	[FE:0CC] DiverseSettlerBuilder-DW-SBesl.esp
	[FE:0CD] Computer Console illuminated.esp
	[FE:0CE] CWHuntingShotgunMerchantUnique.esp
	[FE:0CF] DiverseWasteland-CharlesviewAmphitheater-Compat.esp
	[FE:0D0] CharlesviewHappyCult.esp
	[FE:0D1] DiverseWastelandWHNAiO.esp
	[FE:0D2] Esk_NoTeleportingCreatures.esp
	[FE:0D3] Faster Terminal Displays (20x).esp
	[FE:0D4] M8rDisablePipboyEffects.esp
	[FE:0D5] Faster Upfront Training SS2.esp
	[FE:0D6] Far Harbor 3d Tree LODs.esp
	[FE:0D7] HeavyGunnerBuffs.esp
	[FE:0D8] CWAR18-SMPatch.esp
	[FE:0D9] Dak127mmPistolSMPatch.esp
	[FE:0DA] DakDeagleSMPatch.esp
	[FE:0DB] DakLolifeSMPatch.esp
	[FE:0DC] DakMacSMPatch.esp
	[FE:0DD] DakRiotShotgunSMPatch.esp
	[FE:0DE] DakRocketRifleSMPatch.esp
	[FE:0DF] DakSCAMPSMPatch.esp
	[FE:0E0] FusionGenerator.esp
	[FE:0E1] Flutter Flicker Fixer For Foliage.esp
	[FE:0E2] Attach Pack Modcol.esp
	[FE:0E3] HighlightConsoleReference.esp
	[FE:0E4] SmokeHomingBeaconGrenadeThrowArc.esp
	[FE:0E5] Heavy Incinerator restoration.esp
	[FE:0E6] ImTalkingToYou.esp
	[FE:0E7] JunkTown2 - EXTREME.esp
	[FE:0E8] IT_SS2.esp
	[FE:0E9] K9TacticalHarness.esp
	[FE:0EA] Invisible M-Sat and Radar Beacon.esp
	[FE:0EB] JunkTown-FENCES2.esp
	[FE:0EC] ImmersiveTeleportation_lessPower.esp
	[FE:0ED] ImmersiveTeleportation_lessRads.esp
	[FE:0EE] ImmersiveTeleportation_quickstart.esp
	[FE:0EF] LOD Fixes and Additons.esp
	[FE:0F0] Legendary Mod Additions.esp
	[FE:0F1] Dank_LAB.esp
	[FE:0F2] SS2_RobotMod_NukaWorld.esp
	[FE:0F3] Dank_LAB_DLCNukaWorld.esp
	[FE:0F4] LongerPowerLinesInf.esp
	[FE:0F5] LostSoulExpanded.esp
	[FE:0F6] Lost Soul No Hostility.esp
	[FE:0F7] Lost Soul No Hostility - Rescued Synths Go to Mercer Safehouse Patch.esp
	[FE:0F8] LostSoulExpandedImmersionPack.esp
	[FE:0F9] LooksMenu.esp
	[FE:0FA] Lost Soul No Hostility Expanded.esp
	[FE:0FB] MapMarkerFixes.esp
	[FE:0FC] MakeshiftDistribution.esp
	[FE:0FD] LIF_DLC_Ammo.esp
	[FE:0FE] LIF_DLC_Armor.esp
	[FE:0FF] LIF_DLC_Cola.esp
	[FE:100] LIF_DLC_Grenade.esp
	[FE:101] LIF_DLC_Guns.esp
	[FE:102] MS SPECIAL Zapper.esp
	[FE:103] MS SPECIAL Zapper SS2 Patch.esp
	[FE:104] More Legendary Effects.esp
	[FE:105] MechanistLairWorkshopFix.esp
	[FE:106] Munitions-Additional Ammo.esp
	[FE:107] birds.esp
	[FE:108] PR_Automatron.esp
	[FE:109] NoAffinityCooldown.esp
	[FE:10A] SuperAffinity.esp
	[FE:10B] SuperAffinitySeason.esp
	[FE:10C] NoirCC_PreVisFix.esp
	[FE:10D] FS_NukaWorldTramFastTravel.esp
	[FE:10E] Optimized Vanilla Tree LODs.esp
	[FE:10F] Dank_LEO_DLCNukaWorld.esp
	[FE:110] Dank_ECO-LEO.esp
	[FE:111] Dank_LEO-Automatron.esp
	[FE:112] Dank_LEO-LMA.esp
	[FE:113] Dank_LEO-LME.esp
	[FE:114] Dank_LEO-MLE.esp
	[FE:115] Dank_LEO-MLE_INNR_CS.esp
	[FE:116] Dank_LEO-MLM.esp
	[FE:117] Dank_LEO-NeoSky.esp
	[FE:118] Dank_LEO_ChipCraft_Free_ECO.esp
	[FE:119] Dank_LEO_DLCCoast.esp
	[FE:11A] PA-Quick Animations.esp
	[FE:11B] PPL3_PraSpiralGarden.esp
	[FE:11C] PA_UnderwearPerks.esp
	[FE:11D] Radium Rifle Improvements.esp
	[FE:11E] RadiumAttachCompat.esp
	[FE:11F] Rebuild_Workshop.esp
	[FE:120] Power_Armors_Redone.esp
	[FE:121] Al_SettlerBuilder_SMM_DiverseWasteland.esp
	[FE:122] SEO - DLC & NextGen Update.esp
	[FE:123] SS2_DLCSettlerPatch.esp
	[FE:124] [SS2 Addon] BloodMoonRaiders.esp
	[FE:125] SS2 Lexington Underground Fix.esp
	[FE:126] SS2_CLB_MunitionsPatch.esp
	[FE:127] SS2_CLB_DLCSuppliesPatch.esp
	[FE:128] Kumaga_SS2RP.esp
	[FE:129] SS2_Addon_ShazbotsCots.esp
	[FE:12A] SaveAcadiaFromBoS.esp
	[FE:12B] SS2Addon_MS_BareEssentials.esp
	[FE:12C] [SS2] BBVault 88.esp
	[FE:12D] SimSettlements2_AddOnPack_ApocalypticAdditions_SirLach.esp
	[FE:12E] Skip DIMA memories.esp
	[FE:12F] OCsSunkenGarageCoASettlers.esp
	[FE:130] Stealth Field Stability, C.esp
	[FE:131] TheSlogGhoulSettlersDiverseWasteland.esp
	[FE:132] UniqueFacesImmersionPack.esp
	[FE:133] WTTO - Colour Targeting HUD.esp
	[FE:134] WestTekTacticalOptics-eXoInjection.esp
	[FE:135] OCsVault88Fixes.esp
	[FE:136] Wireless Workshop Items.esp
	[FE:137] FlickerFixer-eXofied.esp
	[FE:138] FUHD Sentry Automatron Paint 4K.esp
	[FE:139] FUHD Sentry Nuka World Paint 4K.esp
	[FE:13A] AtomsRadiance_veelynnlove.esp
	[FE:13B] SS2-AUR-HangmansAlleyCityPlan.esp
	[FE:13C] Kogre Settlements Collection.esp
	[FE:13D] SS2_CityPlan_Aurie_Oberland.esp
	[FE:13E] UNDRCVR_SimplySettledNPointPark.esp
	[FE:13F] GRY_R8_Skins.esp
	[FE:140] CIO.esp
	[FE:141] PoliceRevolverNick.esp
	[FE:142] prp.esp
	[FE:143] EdenMeadowsSettlement.esp
	[FE:144] OCsNukaTransitCenter.esp
	[FE:145] OCsNWAIO_Previs.esp
	[FE:146] OCsRuinedChurch.esp
	[FE:147] fairlinesettlement.esp
	[FE:148] OCsProspectPark.esp
	[FE:149] OCsLakeQ.esp
	[FE:14A] OCsFiddlersGreen.esp
	[FE:14B] NukaWorldFarmSettlement.esp
	[FE:14C] OCsOldPondHouse.esp
	[FE:14D] PondSettlement.esp
	[FE:14E] OCsKStation.esp
	[FE:14F] OCsPeabodyHouse.esp
	[FE:150] OCsCochituate.esp
	[FE:151] Yagisan_SSSL_Bridgeport_Settlement_Previs.esp
	[FE:152] Settlement_CoA_Crater_of_Atom_Previs.esp
	[FE:153] Settlement_BoS_Fort_Strong_Previs.esp
	[FE:154] Yagisan_SSSL_Lakeside_Cabin_Settlement_Previs.esp
	[FE:155] OCsCochituateReducedGrass.esp
	[FE:156] prp-vault88-template-patch.esp
	[FE:157] Settlement_CoA_Radiant_Crest_Shrine_Previs.esp
	[FE:158] WCLINPP_Previs.esp
	[FE:159] Yagisan_SSSL_Reeb_Marina_Settlement_Previs.esp
	[FE:15A] BostonLibrarySettlementSS2.esp
	[FE:15B] BostonLibrarySettlementRobots.esp
	[FE:15C] LibraryExtras.esp
	[FE:15D] BostonLibrarySettlementPRP.esp
	[FE:15E] vee_BLRP_outpost.esp
	[FE:15F] NorthPointSpawnFix.esp
	[FE:160] OCsOldPondHouseAltName.esp
	[FE:161] OCsRuinedChurch_IRLName.esp
	[FE:162] Rebuild_Settlements_Previs.esp
	[FE:163] OCsUniversityPoint.esp
	[FE:164] CompanionStealth.esp
	[FE:165] FOLIP - After Generation.esp
	[FE:166] rsm000rsm Facegen.esp
	[FE:167] Facegen.esp
	[FE:168] LO_Previsibines.esp
	[FE:169] xLODGen_Output.esp
	[FE:16A] Ultimate Window Overhaul.esp
	[FE:16B] Ultimate Window Overhaul Cubemaps.esp
	[FE:16C] M8r Complex Sorter.esp
	[FE:16D] M8r Complex Sorter-part2.esp
