Fallout 4 v1.10.163
Buffout 4 v1.37.0 Mar 12 2025 22:11:48

Unhandled exception "EXCEPTION_ACCESS_VIOLATION" at 0x7FF6A6675B45 Fallout4.exe+22E5B45	mov r8, [r13+0x48] |  BSScaleformImageLoader::LoadProtocolImage(Scaleform::GFx::ImageCreateInfo&,Scaleform::String&)_22E5B45)
Exception Flags: 0x00000000
Number of Parameters: 2
Access Violation: Tried to read memory at 0x000000000048

	[Compatibility]
		F4EE: true
	[Debug]
		Symcache: c:symcache
		WaitForDebugger: false
	[Fixes]
		ActorIsHostileToActor: true
		BGSAIWorldLocationRefRadiusNull: true
		BSLightingShaderMaterialGlowmap: true
		BackportedBA2Support: true
		CellInit: true
		CreateD3DAndSwapChain: true
		EncounterZoneReset: true
		EscapeFreeze: true
		FixScriptPageAllocation: true
		FixToggleScriptsCommand: true
		FollowerStrayBullet: true
		GreyMovies: true
		InteriorNavCut: true
		MagicEffectApplyEvent: true
		MovementPlanner: true
		PackageAllocateLocation: true
		PipboyLightInvFix: true
		SafeExit: true
		TESObjectREFRGetEncounterZone: true
		UnalignedLoad: true
		UtilityShader: true
		WorkBenchSwap: true
	[Patches]
		Achievements: true
		BSMTAManager: true
		BSPreCulledObjects: true
		BSTextureStreamerLocalHeap: false
		HavokMemorySystem: false
		INISettingCollection: true
		InputSwitch: false
		MaxStdIO: 2048
		MemoryManager: false
		MemoryManagerDebug: false
		ScaleformAllocator: false
		SmallBlockAllocator: false
		WorkshopMenu: true
	[Tweaks]
		MaxPapyrusOpsPerFrame: 1000
	[Warnings]
		CreateTexture2D: true
		ImageSpaceAdapter: true

SYSTEM SPECS:
	OS: Microsoft Windows 11 Pro v10.0.26100
	CPU: AuthenticAMD AMD Ryzen 7 7800X3D 8-Core Processor           
	GPU #1: Nvidia AD104 [GeForce RTX 4070]
	GPU #2: AMD Raphael
	GPU #3: Microsoft Basic Render Driver
	PHYSICAL MEMORY: 21.38 GB/63.10 GB


PROBABLE CALL STACK:
	[0] 0x7FF6A6675B45 Fallout4.exe+22E5B45	mov r8, [r13+0x48] |  BSScaleformImageLoader::LoadProtocolImage(Scaleform::GFx::ImageCreateInfo&,Scaleform::String&)_22E5B45 -> 142311+0x75	mov r8, [r13+0x48]
	[1] 0x7FF6A563051A Fallout4.exe+12A051A	lea rcx, [rbp+0x150] |  MainMenu::MainMenu(UIMessage&)_12A051A -> 1079380+0x5EA	lea rcx, [rbp+0x150]
	[2] 0x7FF6A5636C1A Fallout4.exe+12A6C1A	mov [rdi], ebx |  nsMainMenu::NoDurangoUserSignedInCallback::`scalar_deleting_destructor'(uint)_12A6C1A -> 543460+0x5A	mov [rdi], ebx
	[3] 0x7FF6A63D2D1C Fallout4.exe+2042D1C	mov rcx, [rsp+0x40] |  UI::ProcessMessages(void)_2042D1C -> 239710+0x8EC	mov rcx, [rsp+0x40]
	[4] 0x7FF6A504FF35 Fallout4.exe+0CBFF35	mov rcx, [0x00007FF6A9C60898] |  long (mangled: JobListManager::ServingThread::DisplayLoadingScreen(void))_CBFF35 -> 132841+0x105	mov rcx, [0x00007FF6A9C60898]
	[5] 0x7FF6A505079D Fallout4.exe+0CC079D	jmp 0x00007FF6A50507A7 |  long (mangled: JobListManager::ServingThread::ThreadProc(void))_CC079D -> 1166392+0x7D	jmp 0x00007FF6A50507A7
	[6] 0x7FF6A5EACFED Fallout4.exe+1B1CFED	mov rcx, [0x00007FF6A9EEBD38] |  BSThread::CallThreadProc(void)_1B1CFED -> 1079791+0x3D	mov rcx, [0x00007FF6A9EEBD38]
	[7] 0x7FFC744EE8D7 KERNEL32.DLL+002E8D7
	[8] 0x7FFC756FBF6C    ntdll.dll+00BBF6C

REGISTERS:
	RAX 0xD6465A81         (size_t) [3594934913]
	RCX 0xF                (size_t) [15]
	RDX 0x467409           (size_t) [4617225]
	RBX 0x0                (size_t) [0]
	RSP 0x84AE65EE80       (void*)
	RBP 0x84AE65EEF8       (void*)
	RSI 0x248C8EEEAA8      (void*)
	RDI 0x0                (size_t) [0]
	R8  0x90F969           (size_t) [9501033]
	R9  0x90F969A0         (size_t) [2432264608]
	R10 0x3866             (size_t) [14438]
	R11 0x84AE65EF30       (void*)
	R12 0x248C8EEEA38      (MainMenu*)
	R13 0x0                (size_t) [0]
	R14 0x248C8EEE810      (MainMenu*)
	R15 0x0                (size_t) [0]

STACK:
	[RSP+0   ] 0x0                (size_t) [0]
	[RSP+8   ] 0x0                (size_t) [0]
	[RSP+10  ] 0x248C8EEEAA8      (void*)
	[RSP+18  ] 0x0                (size_t) [0]
	[RSP+20  ] 0x84AE65F020       (void*)
	[RSP+28  ] 0x248C8EEEAB8      (void*)
	[RSP+30  ] 0x24799D6F410      (NiTexture*)
		Name: "Textures\Interface\DLCBannerDLC01.DDS"
		RTTIName: "NiTexture"
	[RSP+38  ] 0x7FF6A5ED1EB2     (void* -> Fallout4.exe+1B41EB2	mov rax, rbx |  BSFixedString::operator<<(char*)_1B41EB2)
	[RSP+40  ] 0x0                (size_t) [0]
	[RSP+48  ] 0x0                (size_t) [0]
	[RSP+50  ] 0x7FF600000000     (size_t) [140694538682368]
	[RSP+58  ] 0x84AE65F280       (char*) "Textures\Interface\DLCBannerDLC01.dds"
	[RSP+60  ] 0x248C8EEE810      (MainMenu*)
	[RSP+68  ] 0x7FF6A64A44C4     (void* -> Fallout4.exe+21144C4	mov rcx, [rbx] |  BSScaleformExternalTexture::SetTexture(NiTexture*)_21144C4)
	[RSP+70  ] 0x0                (size_t) [0]
	[RSP+78  ] 0x1                (size_t) [1]
	[RSP+80  ] 0xFFFFFFFFFFFFFFFF (size_t) [uint: 18446744073709551615 int: -1]
	[RSP+88  ] 0x7FF6A711B1F4     (char*) "Grey"
	[RSP+90  ] 0x84AE65F020       (void*)
	[RSP+98  ] 0x7FF6A563051A     (void* -> Fallout4.exe+12A051A	lea rcx, [rbp+0x150] |  MainMenu::MainMenu(UIMessage&)_12A051A)
	[RSP+A0  ] 0x0                (size_t) [0]
	[RSP+A8  ] 0x0                (size_t) [0]
	[RSP+B0  ] 0xD6465A81         (size_t) [3594934913]
	[RSP+B8  ] 0x7FF63866CB10     (size_t) [140695484943120]
	[RSP+C0  ] 0x7FF600000000     (size_t) [140694538682368]
	[RSP+C8  ] 0x0                (size_t) [0]
	[RSP+D0  ] 0x247D37C1D00      (void*)
	[RSP+D8  ] 0x7FFC75659E01     (char*) "0"
	[RSP+E0  ] 0x24794C57340      (void*)
	[RSP+E8  ] 0x10000            (size_t) [65536]
	[RSP+F0  ] 0x0                (size_t) [0]
	[RSP+F8  ] 0x20               (size_t) [32]
	[RSP+100 ] 0x0                (size_t) [0]
	[RSP+108 ] 0x247D6FB9B50      (voltek::memory_manager::memory_manager*)
	[RSP+110 ] 0x84AE65F000       (void*)
	[RSP+118 ] 0x7FFB2CD20D58     (void* -> x-cell-og.dll+0070D58	lea r11, [rsp+0x60] |  E:\Projects\X-Cell-FO4\depends\vmm\source\vmmmain.cpp:482 voltek::memory_manager::memory_manager::alloc (mangled: ?alloc@memory_manager@1voltek@@QEAAPEAX_K@Z))
	[RSP+120 ] 0x4                (size_t) [4]
	[RSP+128 ] 0x84AE65EFD0       (void*)
	[RSP+130 ] 0x0                (size_t) [0]
	[RSP+138 ] 0x24700000002      (size_t) [2503965933570]
	[RSP+140 ] 0x0                (size_t) [0]
	[RSP+148 ] 0x7FFB2CCBB2CD     (void* -> x-cell-og.dll+000B2CD	mov rbx, [rsp+0xB0] |  E:\Projects\X-Cell-FO4\source\XCellModuleMemory.cpp:72 XCell::memory_manager::alloc (mangled: ?alloc@memory_manager@XCell@@SAPEAX_K0_N1@Z))
	[RSP+150 ] 0x0                (size_t) [0]
	[RSP+158 ] 0x24700000002      (size_t) [2503965933570]
	[RSP+160 ] 0x0                (size_t) [0]
	[RSP+168 ] 0x248C8AF6EF0      (ButtonBarMenu*)
	[RSP+170 ] 0x247D6FB9B80      (voltek::core::_internal::simple_lock*)
	[RSP+178 ] 0xF17ABC6F4307     (size_t) [265509449712391]
	[RSP+180 ] 0x0                (size_t) [0]
	[RSP+188 ] 0x248C8AF6EF0      (ButtonBarMenu*)
	[RSP+190 ] 0x7FF6A9DF6DD0     (UI*)
	[RSP+198 ] 0x24795CBB6C8      (void*)
	[RSP+1A0 ] 0x0                (size_t) [0]
	[RSP+1A8 ] 0x7FFB2CCBB2CD     (void* -> x-cell-og.dll+000B2CD	mov rbx, [rsp+0xB0] |  E:\Projects\X-Cell-FO4\source\XCellModuleMemory.cpp:72 XCell::memory_manager::alloc (mangled: ?alloc@memory_manager@XCell@@SAPEAX_K0_N1@Z))
	[RSP+1B0 ] 0x4                (size_t) [4]
	[RSP+1B8 ] 0x0                (size_t) [0]
	[RSP+1C0 ] 0x8                (size_t) [8]
	[RSP+1C8 ] 0x20               (size_t) [32]
	[RSP+1D0 ] 0x7FFB2CDCC260     (char*) "(alignment != 0) && ((alignment % 2) == 0)"
	[RSP+1D8 ] 0x4                (size_t) [4]
	[RSP+1E0 ] 0x4074A00000000000 (size_t) [4644513037586268160]
	[RSP+1E8 ] 0x84AE65EF70       (void*)
	[RSP+1F0 ] 0x247998C2AC0      (void*)
	[RSP+1F8 ] 0x247FFA44630      (voltek::memory_manager::page_t<voltek::memory_manager::block_base_t<128>,voltek::core::bits_regions>*)
	[RSP+200 ] 0x0                (size_t) [0]
	[RSP+208 ] 0x248C8AF6EF0      (ButtonBarMenu*)
	[RSP+210 ] 0x7FF6A9DF6DD0     (UI*)
	[RSP+218 ] 0x24795CBB6C8      (void*)
	[RSP+220 ] 0x247998C2AD0      (BSGFxDisplayObject*)
	[RSP+228 ] 0x7FF6A70AAD40     (char*) "textField"
	[RSP+230 ] 0xF17ABC6F5C97     (size_t) [265509449718935]
	[RSP+238 ] 0x0                (size_t) [0]
	[RSP+240 ] 0x7FF6A9DF7058     (void* -> Fallout4.exe+5A67058	xor [rcx+0x24795CB], bh |  aDiveBombChance_5A67058)
	[RSP+248 ] 0x7FF6A5EA1042     (void* -> Fallout4.exe+1B11042	mov rcx, rax |  BSTArrayHeapAllocator::Allocate(uint,uint)_1B11042)
	[RSP+250 ] 0x84AE65ECB0       (void*)
	[RSP+258 ] 0x7FF6A43B44E3     (void* -> Fallout4.exe+00244E3	mov esi, eax |  BSSpinLock::Lock(char*)_244E3)
	[RSP+260 ] 0x4                (size_t) [4]
	[RSP+268 ] 0x200              (size_t) [512]
	[RSP+270 ] 0x248C8AF6FD0      (ButtonBarMenu*)
	[RSP+278 ] 0x7FF6A5EA0DBA     (void* -> Fallout4.exe+1B10DBA	test al, al |  BSTArrayBase::AddUninitialized(BSTArrayBase::IAllocatorFunctor&,uint,uint)_1B10DBA)
	[RSP+280 ] 0x7FF6A9DF7068     (void* -> Fallout4.exe+5A67068	add [rax], eax |  aDiveBombChance_5A67068)
	[RSP+288 ] 0x7FF6A9DF7058     (void* -> Fallout4.exe+5A67058	xor [rcx+0x24795CB], bh |  aDiveBombChance_5A67058)
	[RSP+290 ] 0x7FF6A9EEBC70     (void* -> Fallout4.exe+5B5BC70	add [rax], al |  aDiveBombChance_5B5BC70)
	[RSP+298 ] 0x84AE65F510       (void*)
	[RSP+2A0 ] 0x7FF6A9EEBC70     (void* -> Fallout4.exe+5B5BC70	add [rax], al |  aDiveBombChance_5B5BC70)
	[RSP+2A8 ] 0x248C9013000      (void*)
	[RSP+2B0 ] 0x7FF6A9DF7050     (void* -> Fallout4.exe+5A67050	add [rax], al |  aDiveBombChance_5A67050)
	[RSP+2B8 ] 0x7FF6A4E98D0B     (void* -> Fallout4.exe+0B08D0B	cmp eax, 0xFFFFFFFF |  BSTEventSource<ButtonBarMenuUpdateEvent>::RegisterSink(BSTEventSink<ButtonBarMenuUpdateEvent>*)_B08D0B)
	[RSP+2C0 ] 0x7FF6A9DF7050     (void* -> Fallout4.exe+5A67050	add [rax], al |  aDiveBombChance_5A67050)
	[RSP+2C8 ] 0x84AE65F510       (void*)
	[RSP+2D0 ] 0x24795CBB6C0      (UIMessage*)
	[RSP+2D8 ] 0x7FF6A9EEBC78     (void* -> Fallout4.exe+5B5BC78	cdq |  aDiveBombChance_5B5BC78)
	[RSP+2E0 ] 0x7FF6A9DF7040     (BSTGlobalEvent::EventSource<ButtonBarMenuUpdateEvent>*)
	[RSP+2E8 ] 0x7FF6A4E97297     (void* -> Fallout4.exe+0B07297	mov rbx, [rsp+0x30] |  BSTGlobalEvent::EventSource<ButtonBarMenuUpdateEvent>::EventSource<ButtonBarMenuUpdateEvent>(BSTGlobalEvent::KillSDMEventSource*)_B07297)
	[RSP+2F0 ] 0x84AE65F510       (void*)
	[RSP+2F8 ] 0x7FF6A9EEBC70     (void* -> Fallout4.exe+5B5BC70	add [rax], al |  aDiveBombChance_5B5BC70)
	[RSP+300 ] 0x7FF6A6FDA948     (void* -> Fallout4.exe+2C4A948	shl byte ptr [rdx], 0x01 |  hkbInternal::hks::execute<0>(hkbInternal::lua_State*,hkbInternal::hksInstruction*,int)_2C4A948)
	[RSP+308 ] 0x7FF6A9DF7058     (void* -> Fallout4.exe+5A67058	xor [rcx+0x24795CB], bh |  aDiveBombChance_5A67058)
	[RSP+310 ] 0x247AAC1B1B0      (BSGFxShaderFXTarget*)
	[RSP+318 ] 0x7FF6A4E95C63     (void* -> Fallout4.exe+0B05C63	lea r11, [rsp+0x220] |  ButtonBarMenu::ButtonBarMenu(UIMessage&)_B05C63)
	[RSP+320 ] 0x84AE65F510       (void*)
	[RSP+328 ] 0x24795CBB6C0      (UIMessage*)
	[RSP+330 ] 0x248C8AF6F60      (void*)
	[RSP+338 ] 0x247AAC1B1B0      (BSGFxShaderFXTarget*)
	[RSP+340 ] 0x7FF6A70AACD8     (char*) "root1"
	[RSP+348 ] 0x24700000002      (size_t) [2503965933570]
	[RSP+350 ] 0x0                (size_t) [0]
	[RSP+358 ] 0x84AE65F610       (void*)
	[RSP+360 ] 0x7FF6A6FDA948     (void* -> Fallout4.exe+2C4A948	shl byte ptr [rdx], 0x01 |  hkbInternal::hks::execute<0>(hkbInternal::lua_State*,hkbInternal::hksInstruction*,int)_2C4A948)
	[RSP+368 ] 0x248C8AF6F60      (void*)
	[RSP+370 ] 0x247AAC1B1B0      (BSGFxShaderFXTarget*)
	[RSP+378 ] 0x0                (size_t) [0]
	[RSP+380 ] 0x401C000000000000 (size_t) [4619567317775286272]
	[RSP+388 ] 0x4008000000000000 (size_t) [4613937818241073152]
	[RSP+390 ] 0x0                (size_t) [0]
	[RSP+398 ] 0x4059000000000000 (size_t) [4636737291354636288]
	[RSP+3A0 ] 0x4059000000000000 (size_t) [4636737291354636288]
	[RSP+3A8 ] 0x7FF6A43B44E3     (void* -> Fallout4.exe+00244E3	mov esi, eax |  BSSpinLock::Lock(char*)_244E3)
	[RSP+3B0 ] 0x0                (size_t) [0]
	[RSP+3B8 ] 0x0                (size_t) [0]
	[RSP+3C0 ] 0x0                (size_t) [0]
	[RSP+3C8 ] 0x4059000000000000 (size_t) [4636737291354636288]
	[RSP+3D0 ] 0x7FF6A9DF6200     (void* -> Fallout4.exe+5A66200	add [rax], al |  aDiveBombChance_5A66200)
	[RSP+3D8 ] 0x7FF6A4F0D76D     (void* -> Fallout4.exe+0B7D76D	xor r12d, r12d |  BSTEventSource<MultiActivateUseRolloverEvent>::Notify(MultiActivateUseRolloverEvent&)_B7D76D)
	[RSP+3E0 ] 0x7FF6A9E438B8     (void* -> Fallout4.exe+5AB38B8	add [rax], al |  aDiveBombChance_5AB38B8)
	[RSP+3E8 ] 0x84AE65F510       (void*)
	[RSP+3F0 ] 0x7FF6A9E437E0     (MultiActivateManager*)
	[RSP+3F8 ] 0x84AE65F280       (char*) "Textures\Interface\DLCBannerDLC01.dds"
	[RSP+400 ] 0x7365727574786554 (size_t) [8315178135800276308]
	[RSP+408 ] 0x61667265746E495C (size_t) [7018422849374144860]
	[RSP+410 ] 0x6142434C445C6563 (size_t) [7008237964985394531]
	[RSP+418 ] 0x30434C4472656E6E (size_t) [3477707194120892014]
	[RSP+420 ] 0x3F80007364642E31 (size_t) [4575657717013950001]
	[RSP+428 ] 0x7FF6A668244A     (void* -> Fallout4.exe+22F244A	movzx eax, al |  Scaleform::HeapPT::TreeBin::FindBest(unsigned___int64)_22F244A)
	[RSP+430 ] 0x0                (size_t) [0]
	[RSP+438 ] 0x7FF6A43B44E3     (void* -> Fallout4.exe+00244E3	mov esi, eax |  BSSpinLock::Lock(char*)_244E3)
	[RSP+440 ] 0x7FF6A9E437E0     (MultiActivateManager*)
	[RSP+448 ] 0x84AE65F510       (void*)
	[RSP+450 ] 0x3F               (size_t) [63]
	[RSP+458 ] 0x7FF6A6682FD7     (void* -> Fallout4.exe+22F2FD7	mov rdx, rdi |  Scaleform::HeapPT::FreeBin::Push(uchar*)_22F2FD7)
	[RSP+460 ] 0x248C86721D0      (void*)
	[RSP+468 ] 0x0                (size_t) [0]
	[RSP+470 ] 0x1                (size_t) [1]
	[RSP+478 ] 0x84AE65F328       (void*)
	[RSP+480 ] 0x248C8EEE810      (MainMenu*)
	[RSP+488 ] 0x7FF6A67AEEFB     (void* -> Fallout4.exe+241EEFB	mov rax, [rsp+0x60] |  Scaleform::HeapPT::AllocBitSet2::Alloc(unsigned___int64,Scaleform::Heap::HeapSegment**)_241EEFB)
	[RSP+490 ] 0x140              (size_t) [320]
	[RSP+498 ] 0x3F               (size_t) [63]
	[RSP+4A0 ] 0x248C8EEE810      (MainMenu*)
	[RSP+4A8 ] 0x0                (size_t) [0]
	[RSP+4B0 ] 0x0                (size_t) [0]
	[RSP+4B8 ] 0x24795CBB8D8      (void*)
	[RSP+4C0 ] 0x3F0              (size_t) [1008]
	[RSP+4C8 ] 0x3E8              (size_t) [1000]
	[RSP+4D0 ] 0x84AE65F510       (void*)
	[RSP+4D8 ] 0x7FF6A6685781     (void* -> Fallout4.exe+22F5781	mov rcx, rax |  Scaleform::HeapPT::AllocEngine::allocBitSet(unsigned___int64,unsigned___int64)_22F5781)
	[RSP+4E0 ] 0x248C8672198      (void*)
	[RSP+4E8 ] 0x7FF6A9DF6DD0     (UI*)
	[RSP+4F0 ] 0x84AE65F3C0       (void*)
	[RSP+4F8 ] 0x0                (size_t) [0]
	[RSP+500 ] 0x0                (size_t) [0]
	[RSP+508 ] 0x0                (size_t) [0]
	[RSP+510 ] 0x0                (size_t) [0]
	[RSP+518 ] 0x0                (size_t) [0]
	[RSP+520 ] 0x7FF6A9DF6DD0     (UI*)
	[RSP+528 ] 0x24795CBB8D8      (void*)
	[RSP+530 ] 0x0                (size_t) [0]
	[RSP+538 ] 0x0                (size_t) [0]
	[RSP+540 ] 0x2485E798200      (char*) "B"
	[RSP+548 ] 0x42               (size_t) [66]
	[RSP+550 ] 0x84AE65F510       (void*)
	[RSP+558 ] 0x7FF6A5636C1A     (void* -> Fallout4.exe+12A6C1A	mov [rdi], ebx |  nsMainMenu::NoDurangoUserSignedInCallback::`scalar_deleting_destructor'(uint)_12A6C1A)
	[RSP+560 ] 0x42               (size_t) [66]
	[RSP+568 ] 0x24795CBB8D0      (UIMessage*)
	[RSP+570 ] 0x24799D6F410      (NiTexture*)
		Name: "Textures\Interface\DLCBannerDLC01.DDS"
		RTTIName: "NiTexture"
	[RSP+578 ] 0x0                (size_t) [0]
	[RSP+580 ] 0x24795CBB8D0      (UIMessage*)
	[RSP+588 ] 0x7FF6A63D2D1C     (void* -> Fallout4.exe+2042D1C	mov rcx, [rsp+0x40] |  UI::ProcessMessages(void)_2042D1C)
	[RSP+590 ] 0x0                (size_t) [0]
	[RSP+598 ] 0x7FF6A9DF6F80     (void* -> Fallout4.exe+5A66F80	add [rax], al |  aDiveBombChance_5A66F80)
	[RSP+5A0 ] 0x84AE65F510       (void*)
	[RSP+5A8 ] 0x7FF6A9DF6F80     (void* -> Fallout4.exe+5A66F80	add [rax], al |  aDiveBombChance_5A66F80)
	[RSP+5B0 ] 0x84AE65F450       (void*)
	[RSP+5B8 ] 0x84AE65F7E8       (void*)
	[RSP+5C0 ] 0x24795CBB8D0      (UIMessage*)
	[RSP+5C8 ] 0x0                (size_t) [0]
	[RSP+5D0 ] 0x0                (size_t) [0]
	[RSP+5D8 ] 0x7FF6A5636BC0     (void* -> Fallout4.exe+12A6BC0	mov [rsp+0x08], rbx |  nsMainMenu::NoDurangoUserSignedInCallback::`scalar_deleting_destructor'(uint)_12A6BC0)
	[RSP+5E0 ] 0x0                (size_t) [0]
	[RSP+5E8 ] 0x140000000000     (size_t) [21990232555520]
	[RSP+5F0 ] 0x0                (size_t) [0]
	[RSP+5F8 ] 0x6B8B918700       (size_t) [461903070976]
	[RSP+600 ] 0x84AE65F590       (void*)
	[RSP+608 ] 0x671C29C3         (size_t) [1729898947]
	[RSP+610 ] 0x500              (size_t) [1280]
	[RSP+618 ] 0x7FD3F80000000000 (size_t) [9210978341786484736]
	[RSP+620 ] 0x2485E798200      (char*) "B"
	[RSP+628 ] 0x671C29C3         (size_t) [1729898947]
	[RSP+630 ] 0xAFB27039         (size_t) [2947706937]
	[RSP+638 ] 0x84AE65F598       (void*)
	[RSP+640 ] 0x608              (size_t) [1544]
	[RSP+648 ] 0x15               (size_t) [21]
	[RSP+650 ] 0x0                (size_t) [0]
	[RSP+658 ] 0x24795CBB7C0      (void*)
	[RSP+660 ] 0x84AE65F620       (void*)
	[RSP+668 ] 0x84AE65F628       (void*)
	[RSP+670 ] 0x248E8776C60      (void*)
	[RSP+678 ] 0x0                (size_t) [0]
	[RSP+680 ] 0x247D39D0001      (void*)
	[RSP+688 ] 0x8400000000       (size_t) [566935683072]
	[RSP+690 ] 0x248E8776C60      (void*)
	[RSP+698 ] 0x7FFBE8D2A3E6     (void* -> tier0_s64.dll+000A3E6	mov rbx, rax)
	[RSP+6A0 ] 0x84AE65F568       (void*)
	[RSP+6A8 ] 0x7FFB0011400C     (size_t) [140716014649356]
	[RSP+6B0 ] 0x0                (size_t) [0]
	[RSP+6B8 ] 0x7FFB00000000     (size_t) [140716013518848]
	[RSP+6C0 ] 0x248E8776C60      (void*)
	[RSP+6C8 ] 0x15               (size_t) [21]
	[RSP+6D0 ] 0x7FFB00000000     (size_t) [140716013518848]
	[RSP+6D8 ] 0x5468             (size_t) [21608]
	[RSP+6E0 ] 0x0                (size_t) [0]
	[RSP+6E8 ] 0x0                (size_t) [0]
	[RSP+6F0 ] 0x10               (size_t) [16]
	[RSP+6F8 ] 0x30               (size_t) [48]
	[RSP+700 ] 0x80000040         (size_t) [2147483712]
	[RSP+708 ] 0x24795CBB6C0      (UIMessage*)
	[RSP+710 ] 0x24795CBB8D0      (UIMessage*)
	[RSP+718 ] 0x0                (size_t) [0]
	[RSP+720 ] 0x0                (size_t) [0]
	[RSP+728 ] 0x7FFBE8D2A78B     (void* -> tier0_s64.dll+000A78B	jmp 0x00007FFBE8D2A7A1)
	[RSP+730 ] 0x0                (size_t) [0]
	[RSP+738 ] 0x247DBA90480      (void*)
	[RSP+740 ] 0x0                (size_t) [0]
	[RSP+748 ] 0x7FFBB17139CB     (void* -> steamclient64.dll+08839CB	test eax, eax)
	[RSP+750 ] 0x84AE65F6E0       (void*)
	[RSP+758 ] 0x247DBA905D0      (void*)
	[RSP+760 ] 0x0                (size_t) [0]
	[RSP+768 ] 0x247DBA90480      (void*)
	[RSP+770 ] 0x84AE65F770       (void*)
	[RSP+778 ] 0x247DBA905D0      (void*)
	[RSP+780 ] 0x84AE65F679       (void*)
	[RSP+788 ] 0x7FFBB17105D0     (void* -> steamclient64.dll+08805D0	movzx eax, bl)
	[RSP+790 ] 0x24700000000      (size_t) [2503965933568]
	[RSP+798 ] 0x8400000000       (size_t) [566935683072]
	[RSP+7A0 ] 0x24700000000      (size_t) [2503965933568]
	[RSP+7A8 ] 0x84AE65F700       (void*)
	[RSP+7B0 ] 0x247DBA90500      (void*)
	[RSP+7B8 ] 0x7FFBB16BDB5D     (void* -> steamclient64.dll+082DB5D	movsxd rcx, dword ptr [rbx+0x28])
	[RSP+7C0 ] 0x247DBA517E0      (void*)
	[RSP+7C8 ] 0x9B0001           (size_t) [10158081]
	[RSP+7D0 ] 0x7FFBE8D810F0     (void* -> tier0_s64.dll+00610F0	rcl byte ptr [rdi], 0xA5)
	[RSP+7D8 ] 0x7FFBE8D2C384     (void* -> tier0_s64.dll+000C384	mov rbx, [rsp+0x40])
	[RSP+7E0 ] 0x247DBA517C0      (void*)
	[RSP+7E8 ] 0x7FFBE8D2C4BE     (void* -> tier0_s64.dll+000C4BE	test rax, rax)
	[RSP+7F0 ] 0x0                (size_t) [0]
	[RSP+7F8 ] 0x0                (size_t) [0]
	[RSP+800 ] 0x0                (size_t) [0]
	[RSP+808 ] 0x7FF6A43B44E3     (void* -> Fallout4.exe+00244E3	mov esi, eax |  BSSpinLock::Lock(char*)_244E3)
	[RSP+810 ] 0x247DBAE0070      (void*)
	[RSP+818 ] 0x7FFBB16BFC86     (void* -> steamclient64.dll+082FC86	mov [rdi], r15)
	[RSP+820 ] 0x0                (size_t) [0]
	[RSP+828 ] 0x247DBA41920      (char*) "p"
	[RSP+830 ] 0x7FF6A9E4D378     (void* -> Fallout4.exe+5ABD378	add [rax], al |  aDiveBombChance_5ABD378)
	[RSP+838 ] 0x7FF6A4F956ED     (void* -> Fallout4.exe+0C056ED	xor r12d, r12d |  BSTEventSource<PipboyValueChangedEvent>::Notify(PipboyValueChangedEvent&)_C056ED)
	[RSP+840 ] 0x7FF6A9E4D450     (void* -> Fallout4.exe+5ABD450	xor al, cl |  aDiveBombChance_5ABD450)
	[RSP+848 ] 0x1                (size_t) [1]
	[RSP+850 ] 0xB                (size_t) [11]
	[RSP+858 ] 0x7FFBB16BEF43     (void* -> steamclient64.dll+082EF43	cmp dword ptr [rbx+0x08], 0x20)
	[RSP+860 ] 0x84AE65F779       (void*)
	[RSP+868 ] 0x7FF6A4F943B4     (void* -> Fallout4.exe+0C043B4	inc ebx |  PipboyArray::ClearDirtyToGame(void)_C043B4)
	[RSP+870 ] 0x0                (size_t) [0]
	[RSP+878 ] 0x5F9FFC50         (void* -> steam_api64.dll+002FC50	and byte ptr [rdx+0x6F], 0xFF)
	[RSP+880 ] 0x1                (size_t) [1]
	[RSP+888 ] 0x0                (size_t) [0]
	[RSP+890 ] 0x247972EE3E0      (void*)
	[RSP+898 ] 0x7FF6A4FC15E6     (void* -> Fallout4.exe+0C315E6	add rbx, 0x18 |  PipboyObject::ClearDirtyToGame(void)_C315E6)
	[RSP+8A0 ] 0x247972EE320      (void*)
	[RSP+8A8 ] 0x1                (size_t) [1]
	[RSP+8B0 ] 0x7FF6A9E4D450     (void* -> Fallout4.exe+5ABD450	xor al, cl |  aDiveBombChance_5ABD450)
	[RSP+8B8 ] 0x0                (size_t) [0]
	[RSP+8C0 ] 0x247972EE1D0      (void*)
	[RSP+8C8 ] 0x7FF6A4FC15E6     (void* -> Fallout4.exe+0C315E6	add rbx, 0x18 |  PipboyObject::ClearDirtyToGame(void)_C315E6)
	[RSP+8D0 ] 0x0                (size_t) [0]
	[RSP+8D8 ] 0x7FF6A9E4C790     (void* -> Fallout4.exe+5ABC790	add [rax], al |  aDiveBombChance_5ABC790)
	[RSP+8E0 ] 0x7FF6A9E4D4A8     (void* -> Fallout4.exe+5ABD4A8	add [rax], al |  aDiveBombChance_5ABD4A8)
	[RSP+8E8 ] 0x1                (size_t) [1]
	[RSP+8F0 ] 0x0                (size_t) [0]
	[RSP+8F8 ] 0x7FF6A5EA093F     (void* -> Fallout4.exe+1B1093F	cmp [rdi], eax |  BSReadWriteLock::LockForRead(void)_1B1093F)
	[RSP+900 ] 0x7FF6A9E4D450     (void* -> Fallout4.exe+5ABD450	xor al, cl |  aDiveBombChance_5ABD450)
	[RSP+908 ] 0x2                (size_t) [2]
	[RSP+910 ] 0x0                (size_t) [0]
	[RSP+918 ] 0x0                (size_t) [0]
	[RSP+920 ] 0x0                (size_t) [0]
	[RSP+928 ] 0x0                (size_t) [0]
	[RSP+930 ] 0x0                (size_t) [0]
	[RSP+938 ] 0x7FF6A9DFBDC0     (JobListManager::ServingThread*)
	[RSP+940 ] 0x2485E797840      (void*)
	[RSP+948 ] 0x2                (size_t) [2]
	[RSP+950 ] 0x9C0              (size_t) [2496]
	[RSP+958 ] 0x7FF6A504FF35     (void* -> Fallout4.exe+0CBFF35	mov rcx, [0x00007FF6A9C60898] |  long (mangled: JobListManager::ServingThread::DisplayLoadingScreen(void))_CBFF35)
	[RSP+960 ] 0x24800000001      (void*)
	[RSP+968 ] 0x1                (size_t) [1]
	[RSP+970 ] 0x0                (size_t) [0]
	[RSP+978 ] 0x45               (size_t) [69]
	[RSP+980 ] 0x0                (size_t) [0]
	[RSP+988 ] 0x7FF6A505079D     (void* -> Fallout4.exe+0CC079D	jmp 0x00007FF6A50507A7 |  long (mangled: JobListManager::ServingThread::ThreadProc(void))_CC079D)
	[RSP+990 ] 0x7FF6A9DFBDC0     (JobListManager::ServingThread*)
	[RSP+998 ] 0x0                (size_t) [0]
	[RSP+9A0 ] 0x0                (size_t) [0]
	[RSP+9A8 ] 0x53D8             (size_t) [21464]
	[RSP+9B0 ] 0x7FF6A9DFBDC0     (JobListManager::ServingThread*)
	[RSP+9B8 ] 0x7FF6A5EACFED     (void* -> Fallout4.exe+1B1CFED	mov rcx, [0x00007FF6A9EEBD38] |  BSThread::CallThreadProc(void)_1B1CFED)
	[RSP+9C0 ] 0x5448             (size_t) [21576]
	[RSP+9C8 ] 0x84AE65F860       (void*)
	[RSP+9D0 ] 0x24795C854C0      (void*)
	[RSP+9D8 ] 0x0                (size_t) [0]
	[RSP+9E0 ] 0x7FF6A9DFBDC0     (JobListManager::ServingThread*)
	[RSP+9E8 ] 0x0                (size_t) [0]
	[RSP+9F0 ] 0x0                (size_t) [0]
	[RSP+9F8 ] 0x7FFC744EE8D7     (void* -> KERNEL32.DLL+002E8D7	mov ecx, eax)
	[RSP+A00 ] 0x0                (size_t) [0]
	[RSP+A08 ] 0x0                (size_t) [0]
	[RSP+A10 ] 0x0                (size_t) [0]
	[RSP+A18 ] 0x0                (size_t) [0]
	[RSP+A20 ] 0x0                (size_t) [0]
	[RSP+A28 ] 0x7FFC756FBF6C     (void* -> ntdll.dll+00BBF6C	jmp 0x00007FFC756FBF96)
	[RSP+A30 ] 0x0                (size_t) [0]
	[RSP+A38 ] 0x0                (size_t) [0]
	[RSP+A40 ] 0x4F0FFFFFB30      (size_t) [5433133628208]
	[RSP+A48 ] 0x4D0FFFFFB30      (size_t) [5295694674736]
	[RSP+A50 ] 0x21               (size_t) [33]
	[RSP+A58 ] 0x7FFC72CFAD90     (void* -> KERNELBASE.dll+011AD90	mov [rsp+0x10], rbx)
	[RSP+A60 ] 0x84AE65D980       (void*)
	[RSP+A68 ] 0x84AE65D980       (void*)
	[RSP+A70 ] 0x0                (size_t) [0]
	[RSP+A78 ] 0x0                (size_t) [0]
	[RSP+A80 ] 0x0                (size_t) [0]
	[RSP+A88 ] 0x0                (size_t) [0]
	[RSP+A90 ] 0x0                (size_t) [0]
	[RSP+A98 ] 0x0                (size_t) [0]
	[RSP+AA0 ] 0x0                (size_t) [0]
	[RSP+AA8 ] 0x0                (size_t) [0]
	[RSP+AB0 ] 0x0                (size_t) [0]
	[RSP+AB8 ] 0x0                (size_t) [0]
	[RSP+AC0 ] 0x0                (size_t) [0]
	[RSP+AC8 ] 0x0                (size_t) [0]
	[RSP+AD0 ] 0x0                (size_t) [0]
	[RSP+AD8 ] 0x0                (size_t) [0]
	[RSP+AE0 ] 0x0                (size_t) [0]
	[RSP+AE8 ] 0x0                (size_t) [0]
	[RSP+AF0 ] 0x0                (size_t) [0]
	[RSP+AF8 ] 0x0                (size_t) [0]
	[RSP+B00 ] 0x0                (size_t) [0]
	[RSP+B08 ] 0x0                (size_t) [0]
	[RSP+B10 ] 0x0                (size_t) [0]
	[RSP+B18 ] 0x0                (size_t) [0]
	[RSP+B20 ] 0x0                (size_t) [0]
	[RSP+B28 ] 0x0                (size_t) [0]
	[RSP+B30 ] 0x0                (size_t) [0]
	[RSP+B38 ] 0x0                (size_t) [0]
	[RSP+B40 ] 0x0                (size_t) [0]
	[RSP+B48 ] 0x0                (size_t) [0]
	[RSP+B50 ] 0x0                (size_t) [0]
	[RSP+B58 ] 0x0                (size_t) [0]
	[RSP+B60 ] 0x0                (size_t) [0]
	[RSP+B68 ] 0x0                (size_t) [0]
	[RSP+B70 ] 0x0                (size_t) [0]
	[RSP+B78 ] 0x0                (size_t) [0]
	[RSP+B80 ] 0x0                (size_t) [0]
	[RSP+B88 ] 0x0                (size_t) [0]
	[RSP+B90 ] 0x0                (size_t) [0]
	[RSP+B98 ] 0x0                (size_t) [0]
	[RSP+BA0 ] 0x0                (size_t) [0]
	[RSP+BA8 ] 0x0                (size_t) [0]
	[RSP+BB0 ] 0x0                (size_t) [0]
	[RSP+BB8 ] 0x0                (size_t) [0]
	[RSP+BC0 ] 0x0                (size_t) [0]
	[RSP+BC8 ] 0x0                (size_t) [0]
	[RSP+BD0 ] 0x0                (size_t) [0]
	[RSP+BD8 ] 0x0                (size_t) [0]
	[RSP+BE0 ] 0x0                (size_t) [0]
	[RSP+BE8 ] 0x0                (size_t) [0]
	[RSP+BF0 ] 0x0                (size_t) [0]
	[RSP+BF8 ] 0x0                (size_t) [0]
	[RSP+C00 ] 0x0                (size_t) [0]
	[RSP+C08 ] 0x0                (size_t) [0]
	[RSP+C10 ] 0x0                (size_t) [0]
	[RSP+C18 ] 0x0                (size_t) [0]
	[RSP+C20 ] 0x0                (size_t) [0]
	[RSP+C28 ] 0x0                (size_t) [0]
	[RSP+C30 ] 0x0                (size_t) [0]
	[RSP+C38 ] 0x0                (size_t) [0]
	[RSP+C40 ] 0x0                (size_t) [0]
	[RSP+C48 ] 0x0                (size_t) [0]
	[RSP+C50 ] 0x0                (size_t) [0]
	[RSP+C58 ] 0x0                (size_t) [0]
	[RSP+C60 ] 0x0                (size_t) [0]
	[RSP+C68 ] 0x0                (size_t) [0]
	[RSP+C70 ] 0x0                (size_t) [0]
	[RSP+C78 ] 0x0                (size_t) [0]
	[RSP+C80 ] 0x0                (size_t) [0]
	[RSP+C88 ] 0x0                (size_t) [0]
	[RSP+C90 ] 0x0                (size_t) [0]
	[RSP+C98 ] 0x0                (size_t) [0]
	[RSP+CA0 ] 0x0                (size_t) [0]
	[RSP+CA8 ] 0x0                (size_t) [0]
	[RSP+CB0 ] 0x0                (size_t) [0]
	[RSP+CB8 ] 0x0                (size_t) [0]
	[RSP+CC0 ] 0x0                (size_t) [0]
	[RSP+CC8 ] 0x0                (size_t) [0]
	[RSP+CD0 ] 0x0                (size_t) [0]
	[RSP+CD8 ] 0x0                (size_t) [0]
	[RSP+CE0 ] 0x0                (size_t) [0]
	[RSP+CE8 ] 0x0                (size_t) [0]
	[RSP+CF0 ] 0x0                (size_t) [0]
	[RSP+CF8 ] 0x0                (size_t) [0]
	[RSP+D00 ] 0x0                (size_t) [0]
	[RSP+D08 ] 0x0                (size_t) [0]
	[RSP+D10 ] 0x0                (size_t) [0]
	[RSP+D18 ] 0x0                (size_t) [0]
	[RSP+D20 ] 0x0                (size_t) [0]
	[RSP+D28 ] 0x0                (size_t) [0]
	[RSP+D30 ] 0x0                (size_t) [0]
	[RSP+D38 ] 0x0                (size_t) [0]
	[RSP+D40 ] 0x0                (size_t) [0]
	[RSP+D48 ] 0x0                (size_t) [0]
	[RSP+D50 ] 0x0                (size_t) [0]
	[RSP+D58 ] 0x0                (size_t) [0]
	[RSP+D60 ] 0x0                (size_t) [0]
	[RSP+D68 ] 0x0                (size_t) [0]
	[RSP+D70 ] 0x0                (size_t) [0]
	[RSP+D78 ] 0x0                (size_t) [0]
	[RSP+D80 ] 0x0                (size_t) [0]
	[RSP+D88 ] 0x0                (size_t) [0]
	[RSP+D90 ] 0x0                (size_t) [0]
	[RSP+D98 ] 0x0                (size_t) [0]
	[RSP+DA0 ] 0x0                (size_t) [0]
	[RSP+DA8 ] 0x0                (size_t) [0]
	[RSP+DB0 ] 0x0                (size_t) [0]
	[RSP+DB8 ] 0x0                (size_t) [0]
	[RSP+DC0 ] 0x0                (size_t) [0]
	[RSP+DC8 ] 0x0                (size_t) [0]
	[RSP+DD0 ] 0x0                (size_t) [0]
	[RSP+DD8 ] 0x0                (size_t) [0]
	[RSP+DE0 ] 0x0                (size_t) [0]
	[RSP+DE8 ] 0x0                (size_t) [0]
	[RSP+DF0 ] 0x0                (size_t) [0]
	[RSP+DF8 ] 0x0                (size_t) [0]
	[RSP+E00 ] 0x0                (size_t) [0]
	[RSP+E08 ] 0x0                (size_t) [0]
	[RSP+E10 ] 0x0                (size_t) [0]
	[RSP+E18 ] 0x0                (size_t) [0]
	[RSP+E20 ] 0x0                (size_t) [0]
	[RSP+E28 ] 0x0                (size_t) [0]
	[RSP+E30 ] 0x0                (size_t) [0]
	[RSP+E38 ] 0x0                (size_t) [0]
	[RSP+E40 ] 0x0                (size_t) [0]
	[RSP+E48 ] 0x0                (size_t) [0]
	[RSP+E50 ] 0x0                (size_t) [0]
	[RSP+E58 ] 0x0                (size_t) [0]
	[RSP+E60 ] 0x0                (size_t) [0]
	[RSP+E68 ] 0x0                (size_t) [0]
	[RSP+E70 ] 0x0                (size_t) [0]
	[RSP+E78 ] 0x0                (size_t) [0]
	[RSP+E80 ] 0x0                (size_t) [0]
	[RSP+E88 ] 0x0                (size_t) [0]
	[RSP+E90 ] 0x0                (size_t) [0]
	[RSP+E98 ] 0x0                (size_t) [0]
	[RSP+EA0 ] 0x0                (size_t) [0]
	[RSP+EA8 ] 0x0                (size_t) [0]
	[RSP+EB0 ] 0x0                (size_t) [0]
	[RSP+EB8 ] 0x0                (size_t) [0]
	[RSP+EC0 ] 0x0                (size_t) [0]
	[RSP+EC8 ] 0x0                (size_t) [0]
	[RSP+ED0 ] 0x0                (size_t) [0]
	[RSP+ED8 ] 0x0                (size_t) [0]
	[RSP+EE0 ] 0x0                (size_t) [0]
	[RSP+EE8 ] 0x0                (size_t) [0]
	[RSP+EF0 ] 0x0                (size_t) [0]
	[RSP+EF8 ] 0x0                (size_t) [0]
	[RSP+F00 ] 0x0                (size_t) [0]
	[RSP+F08 ] 0x0                (size_t) [0]
	[RSP+F10 ] 0x0                (size_t) [0]
	[RSP+F18 ] 0x0                (size_t) [0]
	[RSP+F20 ] 0x0                (size_t) [0]
	[RSP+F28 ] 0x0                (size_t) [0]
	[RSP+F30 ] 0x0                (size_t) [0]
	[RSP+F38 ] 0x0                (size_t) [0]
	[RSP+F40 ] 0x0                (size_t) [0]
	[RSP+F48 ] 0x0                (size_t) [0]
	[RSP+F50 ] 0x0                (size_t) [0]
	[RSP+F58 ] 0x0                (size_t) [0]
	[RSP+F60 ] 0x0                (size_t) [0]
	[RSP+F68 ] 0x0                (size_t) [0]
	[RSP+F70 ] 0x0                (size_t) [0]
	[RSP+F78 ] 0x0                (size_t) [0]
	[RSP+F80 ] 0x0                (size_t) [0]
	[RSP+F88 ] 0x0                (size_t) [0]
	[RSP+F90 ] 0x0                (size_t) [0]
	[RSP+F98 ] 0x0                (size_t) [0]
	[RSP+FA0 ] 0x0                (size_t) [0]
	[RSP+FA8 ] 0x0                (size_t) [0]
	[RSP+FB0 ] 0x0                (size_t) [0]
	[RSP+FB8 ] 0x0                (size_t) [0]
	[RSP+FC0 ] 0x0                (size_t) [0]
	[RSP+FC8 ] 0x0                (size_t) [0]
	[RSP+FD0 ] 0x0                (size_t) [0]
	[RSP+FD8 ] 0x0                (size_t) [0]
	[RSP+FE0 ] 0x0                (size_t) [0]
	[RSP+FE8 ] 0x0                (size_t) [0]
	[RSP+FF0 ] 0x0                (size_t) [0]
	[RSP+FF8 ] 0x0                (size_t) [0]
	[RSP+1000] 0x0                (size_t) [0]
	[RSP+1008] 0x0                (size_t) [0]
	[RSP+1010] 0x0                (size_t) [0]
	[RSP+1018] 0x0                (size_t) [0]
	[RSP+1020] 0x0                (size_t) [0]
	[RSP+1028] 0x0                (size_t) [0]
	[RSP+1030] 0x0                (size_t) [0]
	[RSP+1038] 0x0                (size_t) [0]
	[RSP+1040] 0x0                (size_t) [0]
	[RSP+1048] 0x0                (size_t) [0]
	[RSP+1050] 0x0                (size_t) [0]
	[RSP+1058] 0x0                (size_t) [0]
	[RSP+1060] 0x0                (size_t) [0]
	[RSP+1068] 0x0                (size_t) [0]
	[RSP+1070] 0x0                (size_t) [0]
	[RSP+1078] 0x0                (size_t) [0]
	[RSP+1080] 0x0                (size_t) [0]
	[RSP+1088] 0x0                (size_t) [0]
	[RSP+1090] 0x0                (size_t) [0]
	[RSP+1098] 0x0                (size_t) [0]
	[RSP+10A0] 0x0                (size_t) [0]
	[RSP+10A8] 0x0                (size_t) [0]
	[RSP+10B0] 0x0                (size_t) [0]
	[RSP+10B8] 0x0                (size_t) [0]
	[RSP+10C0] 0x0                (size_t) [0]
	[RSP+10C8] 0x0                (size_t) [0]
	[RSP+10D0] 0x0                (size_t) [0]
	[RSP+10D8] 0x0                (size_t) [0]
	[RSP+10E0] 0x0                (size_t) [0]
	[RSP+10E8] 0x0                (size_t) [0]
	[RSP+10F0] 0x0                (size_t) [0]
	[RSP+10F8] 0x0                (size_t) [0]
	[RSP+1100] 0x0                (size_t) [0]
	[RSP+1108] 0x0                (size_t) [0]
	[RSP+1110] 0x0                (size_t) [0]
	[RSP+1118] 0x0                (size_t) [0]
	[RSP+1120] 0x0                (size_t) [0]
	[RSP+1128] 0x0                (size_t) [0]
	[RSP+1130] 0x0                (size_t) [0]
	[RSP+1138] 0x0                (size_t) [0]
	[RSP+1140] 0x0                (size_t) [0]
	[RSP+1148] 0x0                (size_t) [0]
	[RSP+1150] 0x0                (size_t) [0]
	[RSP+1158] 0x0                (size_t) [0]
	[RSP+1160] 0x0                (size_t) [0]
	[RSP+1168] 0x0                (size_t) [0]
	[RSP+1170] 0x0                (size_t) [0]
	[RSP+1178] 0x0                (size_t) [0]

MODULES:
	XINPUT1_3.dll                      0x000000400000
	X3DAudio1_7.dll                    0x00005F9C0000
	steam_api64.dll                    0x00005F9D0000
	LL_fourPlay_1_10_163.dll           0x000180000000
	BakaAutoLockpicking.dll            0x0247DB2D0000
	Fallout4.exe                       0x7FF6A4390000
	XAudio2_7.dll                      0x7FFB2BD90000
	d3dcompiler_47_64.dll              0x7FFB2BE20000
	NvCamera64.dll                     0x7FFB2C230000
	gameoverlayrenderer64.dll          0x7FFB2CAA0000
	XDI.dll                            0x7FFB2CC40000
	x-cell-og.dll                      0x7FFB2CCB0000
	wsfw_identifier.dll                0x7FFB2CE00000
	WhoseQuestIsItAnywayF4.dll         0x7FFB2CF00000
	WeaponDebrisCrashFix.dll           0x7FFB2CF60000
	UnlimitedFastTravel.dll            0x7FFB2CFB0000
	SUP_F4SE.dll                       0x7FFB2D000000
	SprintStutteringFix.dll            0x7FFB2D230000
	SettlementOfUnlimitedSize.dll      0x7FFB2D280000
	ScaleformCopyPaste.dll             0x7FFB2D2D0000
	RobCo_Patcher.dll                  0x7FFB2D320000
	PRKF.dll                           0x7FFB2D400000
	PowerGridTools.dll                 0x7FFB2D490000
	po3_SpellPerkItemDistributorF4.dll 0x7FFB2D500000
	po3_SimpleOffenceSuppressionF4.dll 0x7FFB2D610000
	po3_BaseObjectSwapperF4.dll        0x7FFB2D6A0000
	PlotUI.dll                         0x7FFB2D7A0000
	place.dll                          0x7FFB2D7E0000
	PipboyTabs.dll                     0x7FFB2D860000
	PapyrusCommonLibrary.dll           0x7FFB2D8C0000
	Outfit-ReDress-Fix.dll             0x7FFB2DCD0000
	MODExplorer.dll                    0x7FFB2DD20000
	MentatsF4SE.dll                    0x7FFB2DDA0000
	MagicSystemFixes.dll               0x7FFB2DEB0000
	LighthousePapyrusExtender.dll      0x7FFB2DF30000
	BackportedBA2Support.dll           0x7FFB2E080000
	MeleeAndThrow.dll                  0x7FFB35890000
	Interior-NavCut-Fix.dll            0x7FFB358E0000
	HighFPSPhysicsFix.dll              0x7FFB35930000
	GardenOfEdenPapyrusExtender.dll    0x7FFB35A40000
	HHS.dll                            0x7FFB35E40000
	GLXRM_NoInteriorFog.dll            0x7FFB36410000
	GCBugFix.dll                       0x7FFB36460000
	FollowerStrayBulletFix.dll         0x7FFB36550000
	FollowerAIApproachReactionFix.dll  0x7FFB365D0000
	f4ee.dll                           0x7FFB36620000
	EscapeFreeze.dll                   0x7FFB36730000
	F4z Ro D'oh.dll                    0x7FFB36ED0000
	encounter_zone_recalculation.dll   0x7FFB36F40000
	DisableCompanionCollision.dll      0x7FFB36F70000
	DirectHit.dll                      0x7FFB36FD0000
	crafting_highlight_fix.dll         0x7FFB37030000
	ConsoleUtilF4.dll                  0x7FFB37080000
	ConsoleEx.dll                      0x7FFB370D0000
	Buffout4.dll                       0x7FFB37110000
	BakaPowerArmorStorage.dll          0x7FFB37490000
	BakaPowerArmorHUD.dll              0x7FFB37580000
	BakaFullscreenPipboy.dll           0x7FFB37640000
	cbp.dll                            0x7FFB377F0000
	BakaFramework.dll                  0x7FFB37870000
	f4se_1_10_163.dll                  0x7FFB37A00000
	ArmorPenetrationBugFix.dll         0x7FFB39030000
	f4se_steam_loader.dll              0x7FFB39080000
	VCOMP140.DLL                       0x7FFB390C0000
	VoltekLib.RelocationDatabase.dll   0x7FFB390F0000
	VoltekLib.MemoryManager.dll        0x7FFB39130000
	VoltekLib.Detours.dll              0x7FFB39160000
	cudart64_75.dll                    0x7FFB391E0000
	WINHTTP.dll                        0x7FFB39240000
	GFSDK_GodraysLib.x64.dll           0x7FFB3E180000
	GFSDK_SSAO_D3D11.win64.dll         0x7FFB3E1E0000
	flexExtRelease_x64.dll             0x7FFB3E270000
	flexRelease_x64.dll                0x7FFB3E2D0000
	MSVCR110.dll                       0x7FFB3E420000
	MSVCP110.dll                       0x7FFB3E500000
	bink2w64.dll                       0x7FFB3E5B0000
	VoltekLib.UnicodeConverter.dll     0x7FFB52980000
	CONCRT140.dll                      0x7FFBAB450000
	steamclient64.dll                  0x7FFBB0E90000
	MSVCP140_ATOMIC_WAIT.dll           0x7FFBB2D50000
	ResampleDmo.DLL                    0x7FFBB6660000
	DSOUND.DLL                         0x7FFBB6720000
	msdmo.dll                          0x7FFBB7DE0000
	vstdlib_s64.dll                    0x7FFBE8C60000
	tier0_s64.dll                      0x7FFBE8D20000
	XINPUT9_1_0.dll                    0x7FFBF75F0000
	nvToolsExt64_1.dll                 0x7FFBFDAB0000
	DINPUT8.dll                        0x7FFC1A8F0000
	nvppex.dll                         0x7FFC33880000
	nvspcap64.dll                      0x7FFC38080000
	winmmbase.dll                      0x7FFC47C10000
	TextShaping.dll                    0x7FFC4F920000
	inputhost.dll                      0x7FFC50CF0000
	OneCoreCommonProxyStub.dll         0x7FFC51800000
	textinputframework.dll             0x7FFC520A0000
	Windows.UI.dll                     0x7FFC53F80000
	MSVCP140.dll                       0x7FFC58830000
	WININET.dll                        0x7FFC58A90000
	VCRUNTIME140_1.dll                 0x7FFC58D20000
	VCRUNTIME140.dll                   0x7FFC592D0000
	AUDIOSES.DLL                       0x7FFC5AFF0000
	COMCTL32.dll                       0x7FFC5D3C0000
	gdiplus.dll                        0x7FFC5D680000
	NvMessageBus.dll                   0x7FFC5E3C0000
	nvapi64.dll                        0x7FFC5E730000
	nvwgf2umx.dll                      0x7FFC5FA30000
	OneCoreUAPCommonProxyStub.dll      0x7FFC65360000
	WINMM.dll                          0x7FFC65E50000
	NvMemMapStoragex.dll               0x7FFC65E90000
	MSIMG32.dll                        0x7FFC66180000
	dbghelp.dll                        0x7FFC66300000
	nvgpucomp64.dll                    0x7FFC673E0000
	drvstore.dll                       0x7FFC6ADC0000
	cryptnet.dll                       0x7FFC6AF40000
	VERSION.dll                        0x7FFC6AF80000
	nvldumdx.dll                       0x7FFC6AFD0000
	WINHTTP.DLL                        0x7FFC6B4B0000
	CoreUIComponents.dll               0x7FFC6B5E0000
	avrt.dll                           0x7FFC6BC70000
	MMDevApi.dll                       0x7FFC6C160000
	Microsoft.Internal.WarpPal.dll     0x7FFC6DB90000
	WindowsCodecs.dll                  0x7FFC6DBB0000
	d3d11.dll                          0x7FFC6EC80000
	dcomp.dll                          0x7FFC6EEF0000
	CoreMessaging.dll                  0x7FFC6F570000
	apphelp.dll                        0x7FFC6F9A0000
	Secur32.dll                        0x7FFC6FA40000
	UxTheme.dll                        0x7FFC6FAE0000
	directxdatabasehelper.dll          0x7FFC6FC70000
	dxcore.dll                         0x7FFC6FCD0000
	dxgi.dll                           0x7FFC6FD20000
	dwmapi.dll                         0x7FFC6FE80000
	resourcepolicyclient.dll           0x7FFC70200000
	windows.storage.dll                0x7FFC70500000
	HID.DLL                            0x7FFC70D50000
	IPHLPAPI.DLL                       0x7FFC71040000
	rsaenh.dll                         0x7FFC71580000
	kernel.appcore.dll                 0x7FFC71620000
	ntmarta.dll                        0x7FFC717B0000
	SSPICLI.DLL                        0x7FFC71930000
	UMPDC.dll                          0x7FFC71B10000
	POWRPROF.dll                       0x7FFC71B30000
	MSWSOCK.dll                        0x7FFC71C30000
	gpapi.dll                          0x7FFC71CA0000
	CRYPTBASE.DLL                      0x7FFC71E60000
	wldp.dll                           0x7FFC71F00000
	CRYPTSP.dll                        0x7FFC71FE0000
	msasn1.dll                         0x7FFC72040000
	bcrypt.dll                         0x7FFC72170000
	devobj.dll                         0x7FFC724A0000
	CFGMGR32.dll                       0x7FFC724F0000
	profapi.dll                        0x7FFC72750000
	CRYPT32.dll                        0x7FFC72840000
	win32u.dll                         0x7FFC729C0000
	msvcp_win.dll                      0x7FFC729F0000
	gdi32full.dll                      0x7FFC72AA0000
	KERNELBASE.dll                     0x7FFC72BE0000
	wintypes.dll                       0x7FFC72FB0000
	ucrtbase.dll                       0x7FFC73120000
	wintrust.dll                       0x7FFC73270000
	bcryptPrimitives.dll               0x7FFC733C0000
	shcore.dll                         0x7FFC73460000
	msvcrt.dll                         0x7FFC73570000
	IMM32.DLL                          0x7FFC73620000
	SHELL32.dll                        0x7FFC736E0000
	USER32.dll                         0x7FFC73E70000
	MSCTF.dll                          0x7FFC74040000
	ADVAPI32.dll                       0x7FFC741A0000
	SHLWAPI.dll                        0x7FFC74260000
	ole32.dll                          0x7FFC74310000
	KERNEL32.DLL                       0x7FFC744C0000
	imagehlp.dll                       0x7FFC74590000
	PSAPI.DLL                          0x7FFC745D0000
	GDI32.dll                          0x7FFC74670000
	OLEAUT32.dll                       0x7FFC74720000
	clbcatq.dll                        0x7FFC749E0000
	WS2_32.dll                         0x7FFC74A90000
	sechost.dll                        0x7FFC74B10000
	SETUPAPI.dll                       0x7FFC74BC0000
	COMDLG32.dll                       0x7FFC75050000
	RPCRT4.dll                         0x7FFC75150000
	combase.dll                        0x7FFC75270000
	ntdll.dll                          0x7FFC75640000

F4SE PLUGINS:
	ArmorPenetrationBugFix.dll v1
	BackportedBA2Support.dll v1
	BakaAutoLockpicking.dll v2
	BakaFramework.dll v1.10
	BakaFullscreenPipboy.dll v1.8
	BakaPowerArmorHUD.dll v1.1
	BakaPowerArmorStorage.dll v1.3
	Buffout4.dll v1.37
	cbp.dll
	ConsoleEx.dll v1.2
	ConsoleUtilF4.dll v1.0.1
	crafting_highlight_fix.dll
	DirectHit.dll v1
	DisableCompanionCollision.dll v1.0.1
	encounter_zone_recalculation.dll
	EscapeFreeze.dll v1
	f4ee.dll
	F4z Ro D'oh.dll v1.1.6.1030
	FollowerAIApproachReactionFix.dll v1
	FollowerStrayBulletFix.dll v1
	GardenOfEdenPapyrusExtender.dll v19.4
	GCBugFix.dll
	GLXRM_NoInteriorFog.dll v1
	HHS.dll
	HighFPSPhysicsFix.dll v0.8.11
	Interior-NavCut-Fix.dll v1.0.3
	LighthousePapyrusExtender.dll v1.13
	LL_fourPlay_1_10_163.dll
	MagicSystemFixes.dll v1.1
	MeleeAndThrow.dll v1
	MentatsF4SE.dll v1
	MODExplorer.dll
	Outfit-ReDress-Fix.dll v1
	PapyrusCommonLibrary.dll v1.6.1
	PipboyTabs.dll
	place.dll
	PlotUI.dll
	po3_BaseObjectSwapperF4.dll v1.1
	po3_SimpleOffenceSuppressionF4.dll v1
	po3_SpellPerkItemDistributorF4.dll v2
	PowerGridTools.dll
	PRKF.dll
	RobCo_Patcher.dll v3.6
	ScaleformCopyPaste.dll v1
	SettlementOfUnlimitedSize.dll
	SprintStutteringFix.dll v1.3
	SUP_F4SE.dll
	UnlimitedFastTravel.dll
	WeaponDebrisCrashFix.dll v1.3
	WhoseQuestIsItAnywayF4.dll v1
	wsfw_identifier.dll
	x-cell-og.dll v2
	XDI.dll

PLUGINS:
