Fallout 4 v1.10.163
Buffout 4 v1.28.6

Unhandled exception "EXCEPTION_ACCESS_VIOLATION" at 0x7FF7D8629300 Fallout4.exe+0DB9300

	[Compatibility]
		F4EE: true
	[Crashlog]
		AutoOpen: false
		PromptUpload: false
	[Fixes]
		ActorIsHostileToActor: true
		CellInit: true
		CreateD3DAndSwapChain: true
		EncounterZoneReset: true
		GreyMovies: true
		MagicEffectApplyEvent: true
		MovementPlanner: true
		PackageAllocateLocation: true
		SafeExit: true
		TESObjectREFRGetEncounterZone: true
		UnalignedLoad: true
		UtilityShader: true
	[Patches]
		Achievements: true
		ArchiveLimit: false
		BSMTAManager: true
		BSPreCulledObjects: true
		BSTextureStreamerLocalHeap: false
		HavokMemorySystem: true
		INISettingCollection: true
		InputSwitch: false
		MaxStdIO: 2048
		MemoryManager: true
		MemoryManagerDebug: false
		ScaleformAllocator: true
		SmallBlockAllocator: true
		WorkshopMenu: true
	[Warnings]
		CreateTexture2D: true
		ImageSpaceAdapter: true

SYSTEM SPECS:
	OS: Microsoft Windows 11 Pro v10.0.22631
	CPU: AuthenticAMD AMD Ryzen 7 7800X3D 8-Core Processor           
	GPU #1: Nvidia AD104 [GeForce RTX 4070]
	GPU #2: AMD Raphael
	GPU #3: Microsoft Basic Render Driver
	PHYSICAL MEMORY: 45.15 GB/63.15 GB

PROBABLE CALL STACK:
	[ 0] 0x7FF7D8629300      Fallout4.exe+0DB9300 -> 62480+0x10
	[ 1] 0x7FF7D861DBCC      Fallout4.exe+0DADBCC -> 643034+0xEC
	[ 2] 0x7FF7D79C2C3C      Fallout4.exe+0152C3C -> 1420843+0x7C
	[ 3] 0x7FF7D85AE89A      Fallout4.exe+0D3E89A -> 330940+0xCA
	[ 4] 0x7FF7D85A7D0D      Fallout4.exe+0D37D0D -> 708657+0x32D
	[ 5] 0x7FF7D85AF253      Fallout4.exe+0D3F253 -> 407290+0x263
	[ 6] 0x7FF7D85C35A9      Fallout4.exe+0D535A9 -> 1085735+0x29
	[ 7] 0x7FF91AFCA8AC f4se_1_10_163.dll+000A8AC
	[ 8] 0x7FF7D938CFED      Fallout4.exe+1B1CFED -> 1079791+0x3D
	[ 9] 0x7FFA5571257D      KERNEL32.DLL+001257D
	[10] 0x7FFA56FAAF28         ntdll.dll+005AF28

REGISTERS:
	RAX 0x0                (size_t)
	RCX 0x178C8473040      (PlayerCharacter*)
		Object Reference: 
			File: ""
			Flags: 0x00000008
			Form ID: 0x00000007
			Form Type: 45
		File: ""
		Flags: 0x00000408
		Form ID: 0x00000014
		Form Type: 65
	RDX 0x0                (size_t)
	RBX 0x178C8473040      (PlayerCharacter*)
		Object Reference: 
			File: ""
			Flags: 0x00000008
			Form ID: 0x00000007
			Form Type: 45
		File: ""
		Flags: 0x00000408
		Form ID: 0x00000014
		Form Type: 65
	RSP 0x74E5DEF3C0       (void*)
	RBP 0x9C0              (size_t)
	RSI 0x178C8473040      (PlayerCharacter*)
		Object Reference: 
			File: ""
			Flags: 0x00000008
			Form ID: 0x00000007
			Form Type: 45
		File: ""
		Flags: 0x00000408
		Form ID: 0x00000014
		Form Type: 65
	RDI 0x178C8473040      (PlayerCharacter*)
		Object Reference: 
			File: ""
			Flags: 0x00000008
			Form ID: 0x00000007
			Form Type: 45
		File: ""
		Flags: 0x00000408
		Form ID: 0x00000014
		Form Type: 65
	R8  0x17850424300      (void*)
	R9  0x178C869CE10      (void*)
	R10 0x47D50001         (size_t)
	R11 0x74E5DEEDB8       (void*)
	R12 0x0                (size_t)
	R13 0x0                (size_t)
	R14 0x178B3C97CE0      (void*)
	R15 0x9C0              (size_t)

STACK:
	[RSP+0  ] 0x178C8473040      (PlayerCharacter*)
		Object Reference: 
			File: ""
			Flags: 0x00000008
			Form ID: 0x00000007
			Form Type: 45
		File: ""
		Flags: 0x00000408
		Form ID: 0x00000014
		Form Type: 65
	[RSP+8  ] 0x9C0              (size_t)
	[RSP+10 ] 0x178B3C986A0      (char*) "b"
	[RSP+18 ] 0x178C8473040      (PlayerCharacter*)
		Object Reference: 
			File: ""
			Flags: 0x00000008
			Form ID: 0x00000007
			Form Type: 45
		File: ""
		Flags: 0x00000408
		Form ID: 0x00000014
		Form Type: 65
	[RSP+20 ] 0x178B3C986A0      (char*) "b"
	[RSP+28 ] 0x7FF7D861DBCC     (void* -> Fallout4.exe+0DADBCC)
	[RSP+30 ] 0x178C8473040      (PlayerCharacter*)
		Object Reference: 
			File: ""
			Flags: 0x00000008
			Form ID: 0x00000007
			Form Type: 45
		File: ""
		Flags: 0x00000408
		Form ID: 0x00000014
		Form Type: 65
	[RSP+38 ] 0x6700000066       (size_t)
	[RSP+40 ] 0x0                (size_t)
	[RSP+48 ] 0x0                (size_t)
	[RSP+50 ] 0x66               (size_t)
	[RSP+58 ] 0x7FF7D79C2C3C     (void* -> Fallout4.exe+0152C3C)
	[RSP+60 ] 0x178C8473040      (PlayerCharacter*)
		Object Reference: 
			File: ""
			Flags: 0x00000008
			Form ID: 0x00000007
			Form Type: 45
		File: ""
		Flags: 0x00000408
		Form ID: 0x00000014
		Form Type: 65
	[RSP+68 ] 0x66               (size_t)
	[RSP+70 ] 0x0                (size_t)
	[RSP+78 ] 0x0                (size_t)
	[RSP+80 ] 0x178C8473040      (PlayerCharacter*)
		Object Reference: 
			File: ""
			Flags: 0x00000008
			Form ID: 0x00000007
			Form Type: 45
		File: ""
		Flags: 0x00000408
		Form ID: 0x00000014
		Form Type: 65
	[RSP+88 ] 0x0                (size_t)
	[RSP+90 ] 0x0                (size_t)
	[RSP+98 ] 0x0                (size_t)
	[RSP+A0 ] 0x0                (size_t)
	[RSP+A8 ] 0x0                (size_t)
	[RSP+B0 ] 0x0                (size_t)
	[RSP+B8 ] 0x0                (size_t)
	[RSP+C0 ] 0x0                (size_t)
	[RSP+C8 ] 0x0                (size_t)
	[RSP+D0 ] 0x0                (size_t)
	[RSP+D8 ] 0x0                (size_t)
	[RSP+E0 ] 0x0                (size_t)
	[RSP+E8 ] 0x0                (size_t)
	[RSP+F0 ] 0x0                (size_t)
	[RSP+F8 ] 0x0                (size_t)
	[RSP+100] 0x0                (size_t)
	[RSP+108] 0x0                (size_t)
	[RSP+110] 0x0                (size_t)
	[RSP+118] 0x0                (size_t)
	[RSP+120] 0x0                (size_t)
	[RSP+128] 0x0                (size_t)
	[RSP+130] 0x0                (size_t)
	[RSP+138] 0x0                (size_t)
	[RSP+140] 0x0                (size_t)
	[RSP+148] 0x0                (size_t)
	[RSP+150] 0x0                (size_t)
	[RSP+158] 0x0                (size_t)
	[RSP+160] 0x0                (size_t)
	[RSP+168] 0x0                (size_t)
	[RSP+170] 0x0                (size_t)
	[RSP+178] 0x0                (size_t)
	[RSP+180] 0x0                (size_t)
	[RSP+188] 0x0                (size_t)
	[RSP+190] 0x0                (size_t)
	[RSP+198] 0x0                (size_t)
	[RSP+1A0] 0x0                (size_t)
	[RSP+1A8] 0x0                (size_t)
	[RSP+1B0] 0x0                (size_t)
	[RSP+1B8] 0x0                (size_t)
	[RSP+1C0] 0x0                (size_t)
	[RSP+1C8] 0x0                (size_t)
	[RSP+1D0] 0x0                (size_t)
	[RSP+1D8] 0x0                (size_t)
	[RSP+1E0] 0x0                (size_t)
	[RSP+1E8] 0x0                (size_t)
	[RSP+1F0] 0x178B3C97C00      (void*)
	[RSP+1F8] 0x7FF7D85AE89A     (void* -> Fallout4.exe+0D3E89A)
	[RSP+200] 0x2                (size_t)
	[RSP+208] 0x0                (size_t)
	[RSP+210] 0x0                (size_t)
	[RSP+218] 0x0                (size_t)
	[RSP+220] 0x0                (size_t)
	[RSP+228] 0x178B3C97C00      (void*)
	[RSP+230] 0x4500000045000000 (size_t)
	[RSP+238] 0x0                (size_t)
	[RSP+240] 0x17850322800      (SceneGraph*)
		Name: "WorldRoot Node"
	[RSP+248] 0x7FF7D85A7D0D     (void* -> Fallout4.exe+0D37D0D)
	[RSP+250] 0x7FF7DAFFE400     (void* -> Fallout4.exe+378E400)
	[RSP+258] 0x1785042CCC0      (NiNode*)
		Name: "ObjectLODRoot"
	[RSP+260] 0x7FF7DAFFE400     (void* -> Fallout4.exe+378E400)
	[RSP+268] 0x178B3C97C00      (void*)
	[RSP+270] 0x0                (size_t)
	[RSP+278] 0x1785042CF40      (NiNode*)
		Name: "WaterLOD"
	[RSP+280] 0x0                (size_t)
	[RSP+288] 0x0                (size_t)
	[RSP+290] 0x80000            (size_t)
	[RSP+298] 0x7FF700000000     (size_t)
	[RSP+2A0] 0x0                (size_t)
	[RSP+2A8] 0x0                (size_t)
	[RSP+2B0] 0x0                (size_t)
	[RSP+2B8] 0x0                (size_t)
	[RSP+2C0] 0x7FF7DD34D640     (GameScript::PathingCallbackMgr*)
	[RSP+2C8] 0x7FF7D9380DBA     (void* -> Fallout4.exe+1B10DBA)
	[RSP+2D0] 0x7FF7DD315178     (void* -> Fallout4.exe+5AA5178)
	[RSP+2D8] 0x7FF7DD315168     (void* -> Fallout4.exe+5AA5168)
	[RSP+2E0] 0x0                (size_t)
	[RSP+2E8] 0x0                (size_t)
	[RSP+2F0] 0x0                (size_t)
	[RSP+2F8] 0x0                (size_t)
	[RSP+300] 0x7FF7DD315160     (void* -> Fallout4.exe+5AA5160)
	[RSP+308] 0x7FF7D8BB1B9B     (void* -> Fallout4.exe+1341B9B)
	[RSP+310] 0x7FF7DD315160     (void* -> Fallout4.exe+5AA5160)
	[RSP+318] 0x0                (size_t)
	[RSP+320] 0x178B3C986A0      (char*) "b"
	[RSP+328] 0x178C59FB640      (void*)
	[RSP+330] 0x57C0             (size_t)
	[RSP+338] 0x7FF9146DBDCE     (void* -> Buffout4.dll+004BDCE)
	[RSP+340] 0x0                (size_t)
	[RSP+348] 0x57C0             (size_t)
	[RSP+350] 0x7FF7DA4BA948     (void* -> Fallout4.exe+2C4A948)
	[RSP+358] 0x7FF7DD315168     (void* -> Fallout4.exe+5AA5168)
	[RSP+360] 0x7FF7DD34D640     (GameScript::PathingCallbackMgr*)
	[RSP+368] 0x7FF7D8BAFDE6     (void* -> Fallout4.exe+133FDE6)
	[RSP+370] 0x0                (size_t)
	[RSP+378] 0x178B3C986A0      (char*) "b"
	[RSP+380] 0x2                (size_t)
	[RSP+388] 0x0                (size_t)
	[RSP+390] 0x178B3C986A0      (char*) "b"
	[RSP+398] 0x7FF7D8BE1DAA     (void* -> Fallout4.exe+1371DAA)
	[RSP+3A0] 0x2                (size_t)
	[RSP+3A8] 0x0                (size_t)
	[RSP+3B0] 0x0                (size_t)
	[RSP+3B8] 0x0                (size_t)
	[RSP+3C0] 0x0                (size_t)
	[RSP+3C8] 0x7FF7D85AF253     (void* -> Fallout4.exe+0D3F253)
	[RSP+3D0] 0x2                (size_t)
	[RSP+3D8] 0x0                (size_t)
	[RSP+3E0] 0x0                (size_t)
	[RSP+3E8] 0x178B3C986A0      (char*) "b"
	[RSP+3F0] 0x0                (size_t)
	[RSP+3F8] 0x7FF7D85C35A9     (void* -> Fallout4.exe+0D535A9)
	[RSP+400] 0x1783896B100      (`anonymous namespace'::InitGameDataThread*)
	[RSP+408] 0x0                (size_t)
	[RSP+410] 0x0                (size_t)
	[RSP+418] 0x0                (size_t)
	[RSP+420] 0x1783896B100      (`anonymous namespace'::InitGameDataThread*)
	[RSP+428] 0x7FF91AFCA8AC     (void* -> f4se_1_10_163.dll+000A8AC)
	[RSP+430] 0x0                (size_t)
	[RSP+438] 0x0                (size_t)
	[RSP+440] 0x0                (size_t)
	[RSP+448] 0x0                (size_t)
	[RSP+450] 0x0                (size_t)
	[RSP+458] 0x0                (size_t)
	[RSP+460] 0x1783896B100      (`anonymous namespace'::InitGameDataThread*)
	[RSP+468] 0x0                (size_t)
	[RSP+470] 0x0                (size_t)
	[RSP+478] 0x7FF7D938CFED     (void* -> Fallout4.exe+1B1CFED)
	[RSP+480] 0x0                (size_t)
	[RSP+488] 0x74E5DEF860       (void*)
	[RSP+490] 0x1785030BC90      (void*)
	[RSP+498] 0x0                (size_t)
	[RSP+4A0] 0x1783896B100      (`anonymous namespace'::InitGameDataThread*)
	[RSP+4A8] 0x0                (size_t)
	[RSP+4B0] 0x0                (size_t)
	[RSP+4B8] 0x7FFA5571257D     (void* -> KERNEL32.DLL+001257D)
	[RSP+4C0] 0x0                (size_t)
	[RSP+4C8] 0x0                (size_t)
	[RSP+4D0] 0x0                (size_t)
	[RSP+4D8] 0x0                (size_t)
	[RSP+4E0] 0x0                (size_t)
	[RSP+4E8] 0x7FFA56FAAF28     (void* -> ntdll.dll+005AF28)
	[RSP+4F0] 0x0                (size_t)
	[RSP+4F8] 0x0                (size_t)
	[RSP+500] 0x0                (size_t)
	[RSP+508] 0x0                (size_t)
	[RSP+510] 0x0                (size_t)
	[RSP+518] 0x0                (size_t)
	[RSP+520] 0xC344E8B300000000 (size_t)
	[RSP+528] 0x0                (size_t)
	[RSP+530] 0x4F0FFFFFB30      (size_t)
	[RSP+538] 0x7FFA543D0920     (void* -> KERNELBASE.dll+0160920)
	[RSP+540] 0x74E5DEDEC0       (void*)
	[RSP+548] 0xFFF52EF3C326000  (size_t)
	[RSP+550] 0x7FFA9779E193     (size_t)
	[RSP+558] 0x74E5DEDEC0       (void*)
	[RSP+560] 0x0                (size_t)
	[RSP+568] 0x0                (size_t)
	[RSP+570] 0x0                (size_t)
	[RSP+578] 0x0                (size_t)
	[RSP+580] 0x0                (size_t)
	[RSP+588] 0x0                (size_t)
	[RSP+590] 0x0                (size_t)
	[RSP+598] 0x0                (size_t)
	[RSP+5A0] 0x0                (size_t)
	[RSP+5A8] 0x0                (size_t)
	[RSP+5B0] 0x0                (size_t)
	[RSP+5B8] 0x0                (size_t)
	[RSP+5C0] 0x0                (size_t)
	[RSP+5C8] 0x0                (size_t)
	[RSP+5D0] 0x0                (size_t)
	[RSP+5D8] 0x0                (size_t)
	[RSP+5E0] 0x0                (size_t)
	[RSP+5E8] 0x0                (size_t)
	[RSP+5F0] 0x0                (size_t)
	[RSP+5F8] 0x0                (size_t)
	[RSP+600] 0x0                (size_t)
	[RSP+608] 0x0                (size_t)
	[RSP+610] 0x0                (size_t)
	[RSP+618] 0x0                (size_t)
	[RSP+620] 0x0                (size_t)
	[RSP+628] 0x0                (size_t)
	[RSP+630] 0x0                (size_t)
	[RSP+638] 0x0                (size_t)
	[RSP+640] 0x0                (size_t)
	[RSP+648] 0x0                (size_t)
	[RSP+650] 0x0                (size_t)
	[RSP+658] 0x0                (size_t)
	[RSP+660] 0x0                (size_t)
	[RSP+668] 0x0                (size_t)
	[RSP+670] 0x0                (size_t)
	[RSP+678] 0x0                (size_t)
	[RSP+680] 0x0                (size_t)
	[RSP+688] 0x0                (size_t)
	[RSP+690] 0x0                (size_t)
	[RSP+698] 0x0                (size_t)
	[RSP+6A0] 0x0                (size_t)
	[RSP+6A8] 0x0                (size_t)
	[RSP+6B0] 0x0                (size_t)
	[RSP+6B8] 0x0                (size_t)
	[RSP+6C0] 0x0                (size_t)
	[RSP+6C8] 0x0                (size_t)
	[RSP+6D0] 0x0                (size_t)
	[RSP+6D8] 0x0                (size_t)
	[RSP+6E0] 0x0                (size_t)
	[RSP+6E8] 0x0                (size_t)
	[RSP+6F0] 0x0                (size_t)
	[RSP+6F8] 0x0                (size_t)
	[RSP+700] 0x0                (size_t)
	[RSP+708] 0x0                (size_t)
	[RSP+710] 0x0                (size_t)
	[RSP+718] 0x0                (size_t)
	[RSP+720] 0x0                (size_t)
	[RSP+728] 0x0                (size_t)
	[RSP+730] 0x0                (size_t)
	[RSP+738] 0x0                (size_t)
	[RSP+740] 0x0                (size_t)
	[RSP+748] 0x0                (size_t)
	[RSP+750] 0x0                (size_t)
	[RSP+758] 0x0                (size_t)
	[RSP+760] 0x0                (size_t)
	[RSP+768] 0x0                (size_t)
	[RSP+770] 0x0                (size_t)
	[RSP+778] 0x0                (size_t)
	[RSP+780] 0x0                (size_t)
	[RSP+788] 0x0                (size_t)
	[RSP+790] 0x0                (size_t)
	[RSP+798] 0x0                (size_t)
	[RSP+7A0] 0x0                (size_t)
	[RSP+7A8] 0x0                (size_t)
	[RSP+7B0] 0x0                (size_t)
	[RSP+7B8] 0x0                (size_t)
	[RSP+7C0] 0x0                (size_t)
	[RSP+7C8] 0x0                (size_t)
	[RSP+7D0] 0x0                (size_t)
	[RSP+7D8] 0x0                (size_t)
	[RSP+7E0] 0x0                (size_t)
	[RSP+7E8] 0x0                (size_t)
	[RSP+7F0] 0x0                (size_t)
	[RSP+7F8] 0x0                (size_t)
	[RSP+800] 0x0                (size_t)
	[RSP+808] 0x0                (size_t)
	[RSP+810] 0x0                (size_t)
	[RSP+818] 0x0                (size_t)
	[RSP+820] 0x0                (size_t)
	[RSP+828] 0x0                (size_t)
	[RSP+830] 0x0                (size_t)
	[RSP+838] 0x0                (size_t)
	[RSP+840] 0x0                (size_t)
	[RSP+848] 0x0                (size_t)
	[RSP+850] 0x0                (size_t)
	[RSP+858] 0x0                (size_t)
	[RSP+860] 0x0                (size_t)
	[RSP+868] 0x0                (size_t)
	[RSP+870] 0x0                (size_t)
	[RSP+878] 0x0                (size_t)
	[RSP+880] 0x0                (size_t)
	[RSP+888] 0x0                (size_t)
	[RSP+890] 0x0                (size_t)
	[RSP+898] 0x0                (size_t)
	[RSP+8A0] 0x0                (size_t)
	[RSP+8A8] 0x0                (size_t)
	[RSP+8B0] 0x0                (size_t)
	[RSP+8B8] 0x0                (size_t)
	[RSP+8C0] 0x0                (size_t)
	[RSP+8C8] 0x0                (size_t)
	[RSP+8D0] 0x0                (size_t)
	[RSP+8D8] 0x0                (size_t)
	[RSP+8E0] 0x0                (size_t)
	[RSP+8E8] 0x0                (size_t)
	[RSP+8F0] 0x0                (size_t)
	[RSP+8F8] 0x0                (size_t)
	[RSP+900] 0x0                (size_t)
	[RSP+908] 0x0                (size_t)
	[RSP+910] 0x0                (size_t)
	[RSP+918] 0x0                (size_t)
	[RSP+920] 0x0                (size_t)
	[RSP+928] 0x0                (size_t)
	[RSP+930] 0x0                (size_t)
	[RSP+938] 0x0                (size_t)
	[RSP+940] 0x0                (size_t)
	[RSP+948] 0x0                (size_t)
	[RSP+950] 0x0                (size_t)
	[RSP+958] 0x0                (size_t)
	[RSP+960] 0x0                (size_t)
	[RSP+968] 0x0                (size_t)
	[RSP+970] 0x0                (size_t)
	[RSP+978] 0x0                (size_t)
	[RSP+980] 0x0                (size_t)
	[RSP+988] 0x0                (size_t)
	[RSP+990] 0x0                (size_t)
	[RSP+998] 0x0                (size_t)
	[RSP+9A0] 0x0                (size_t)
	[RSP+9A8] 0x0                (size_t)
	[RSP+9B0] 0x0                (size_t)
	[RSP+9B8] 0x0                (size_t)
	[RSP+9C0] 0x0                (size_t)
	[RSP+9C8] 0x0                (size_t)
	[RSP+9D0] 0x0                (size_t)
	[RSP+9D8] 0x0                (size_t)
	[RSP+9E0] 0x0                (size_t)
	[RSP+9E8] 0x0                (size_t)
	[RSP+9F0] 0x0                (size_t)
	[RSP+9F8] 0x0                (size_t)
	[RSP+A00] 0x0                (size_t)
	[RSP+A08] 0x0                (size_t)
	[RSP+A10] 0x0                (size_t)
	[RSP+A18] 0x0                (size_t)
	[RSP+A20] 0x0                (size_t)
	[RSP+A28] 0x0                (size_t)
	[RSP+A30] 0x0                (size_t)
	[RSP+A38] 0x0                (size_t)
	[RSP+A40] 0x0                (size_t)
	[RSP+A48] 0x0                (size_t)
	[RSP+A50] 0x0                (size_t)
	[RSP+A58] 0x0                (size_t)
	[RSP+A60] 0x0                (size_t)
	[RSP+A68] 0x0                (size_t)
	[RSP+A70] 0x0                (size_t)
	[RSP+A78] 0x0                (size_t)
	[RSP+A80] 0x0                (size_t)
	[RSP+A88] 0x0                (size_t)
	[RSP+A90] 0x0                (size_t)
	[RSP+A98] 0x0                (size_t)
	[RSP+AA0] 0x0                (size_t)
	[RSP+AA8] 0x0                (size_t)
	[RSP+AB0] 0x0                (size_t)
	[RSP+AB8] 0x0                (size_t)
	[RSP+AC0] 0x0                (size_t)
	[RSP+AC8] 0x0                (size_t)
	[RSP+AD0] 0x0                (size_t)
	[RSP+AD8] 0x0                (size_t)
	[RSP+AE0] 0x0                (size_t)
	[RSP+AE8] 0x0                (size_t)
	[RSP+AF0] 0x0                (size_t)
	[RSP+AF8] 0x0                (size_t)
	[RSP+B00] 0x0                (size_t)
	[RSP+B08] 0x0                (size_t)
	[RSP+B10] 0x0                (size_t)
	[RSP+B18] 0x0                (size_t)
	[RSP+B20] 0x0                (size_t)
	[RSP+B28] 0x0                (size_t)
	[RSP+B30] 0x0                (size_t)
	[RSP+B38] 0x0                (size_t)
	[RSP+B40] 0x0                (size_t)
	[RSP+B48] 0x0                (size_t)
	[RSP+B50] 0x0                (size_t)
	[RSP+B58] 0x0                (size_t)
	[RSP+B60] 0x0                (size_t)
	[RSP+B68] 0x0                (size_t)
	[RSP+B70] 0x0                (size_t)
	[RSP+B78] 0x0                (size_t)
	[RSP+B80] 0x0                (size_t)
	[RSP+B88] 0x0                (size_t)
	[RSP+B90] 0x0                (size_t)
	[RSP+B98] 0x0                (size_t)
	[RSP+BA0] 0x0                (size_t)
	[RSP+BA8] 0x0                (size_t)
	[RSP+BB0] 0x0                (size_t)
	[RSP+BB8] 0x0                (size_t)
	[RSP+BC0] 0x0                (size_t)
	[RSP+BC8] 0x0                (size_t)
	[RSP+BD0] 0x0                (size_t)
	[RSP+BD8] 0x0                (size_t)
	[RSP+BE0] 0x0                (size_t)
	[RSP+BE8] 0x0                (size_t)
	[RSP+BF0] 0x0                (size_t)
	[RSP+BF8] 0x0                (size_t)
	[RSP+C00] 0x0                (size_t)
	[RSP+C08] 0x0                (size_t)
	[RSP+C10] 0x0                (size_t)
	[RSP+C18] 0x0                (size_t)
	[RSP+C20] 0x0                (size_t)
	[RSP+C28] 0x0                (size_t)
	[RSP+C30] 0x0                (size_t)
	[RSP+C38] 0x0                (size_t)

MODULES:
	XINPUT1_3.dll                    0x000000400000
	X3DAudio1_7.dll                  0x0000518C0000
	steam_api64.dll                  0x0000518D0000
	LL_fourPlay_1_10_163.dll         0x000180000000
	NSI.dll                          0x01787C7C0000
	Fallout4.exe                     0x7FF7D7870000
	BackportedBA2Support.dll         0x7FF8EA670000
	d3dcompiler_47_64.dll            0x7FF90AA70000
	steamclient64.dll                0x7FF90AE80000
	dxgi.dll                         0x7FF90C620000
	WINHTTP.dll                      0x7FF90DC30000
	NvCamera64.dll                   0x7FF9138B0000
	Buffout4.dll                     0x7FF914690000
	XAudio2_7.dll                    0x7FF916C20000
	gameoverlayrenderer64.dll        0x7FF91A0B0000
	f4ee.dll                         0x7FF91AC10000
	f4se_1_10_163.dll                0x7FF91AFC0000
	tier0_s64.dll                    0x7FF91BD10000
	place.dll                        0x7FF91C110000
	flexRelease_x64.dll              0x7FF91C950000
	MSVCR110.dll                     0x7FF92DF20000
	HighFPSPhysicsFix.dll            0x7FF92EAD0000
	GFSDK_SSAO_D3D11.win64.dll       0x7FF92EC40000
	MSVCP110.dll                     0x7FF92ECD0000
	bink2w64.dll                     0x7FF92F1C0000
	vstdlib_s64.dll                  0x7FF92F290000
	VoltekLib.Detours.dll            0x7FF92F6C0000
	UnlimitedFastTravel.dll          0x7FF92FAD0000
	cudart64_75.dll                  0x7FF931DF0000
	pppl.dll                         0x7FF932430000
	GFSDK_GodraysLib.x64.dll         0x7FF988D10000
	f4se_steam_loader.dll            0x7FF988E40000
	ESPExplorer.dll                  0x7FF9CDCD0000
	msdmo.dll                        0x7FF9CF930000
	ResampleDmo.DLL                  0x7FF9CF940000
	DSOUND.DLL                       0x7FF9CFA00000
	VoltekLib.RelocationDatabase.dll 0x7FF9E9470000
	VoltekLib.MemoryManager.dll      0x7FF9E9560000
	nvspcap64.dll                    0x7FF9F4320000
	VoltekLib.UnicodeConverter.dll   0x7FF9F8290000
	flexExtRelease_x64.dll           0x7FF9F8920000
	encounter_zone_recalculation.dll 0x7FF9F89B0000
	BetterConsole.dll                0x7FF9F89E0000
	nvppex.dll                       0x7FFA070E0000
	MessageBus.dll                   0x7FFA07600000
	DINPUT8.dll                      0x7FFA0D350000
	ncryptsslp.dll                   0x7FFA10050000
	MSVCP140.dll                     0x7FFA1C540000
	uiautomationcore.dll             0x7FFA1E4E0000
	threadpoolwinrt.dll              0x7FFA28C50000
	nvToolsExt64_1.dll               0x7FFA2E9D0000
	inputhost.dll                    0x7FFA35090000
	ondemandconnroutehelper.dll      0x7FFA35F70000
	winmmbase.dll                    0x7FFA39CE0000
	WININET.dll                      0x7FFA3A870000
	nvwgf2umx.dll                    0x7FFA3B200000
	MMDevApi.dll                     0x7FFA40080000
	OLEACC.dll                       0x7FFA40310000
	COMCTL32.dll                     0x7FFA40440000
	gdiplus.dll                      0x7FFA406E0000
	Windows.UI.dll                   0x7FFA40C50000
	VCRUNTIME140.dll                 0x7FFA410F0000
	textinputframework.dll           0x7FFA42FC0000
	AUDIOSES.DLL                     0x7FFA43420000
	srvcli.dll                       0x7FFA44020000
	iertutil.dll                     0x7FFA44050000
	urlmon.dll                       0x7FFA44EB0000
	nvgpucomp64.dll                  0x7FFA45470000
	XINPUT9_1_0.dll                  0x7FFA47460000
	nvldumdx.dll                     0x7FFA479E0000
	NvMessageBus.dll                 0x7FFA47D30000
	nvapi64.dll                      0x7FFA48E60000
	WINMM.dll                        0x7FFA49790000
	CoreUIComponents.dll             0x7FFA4BC30000
	avrt.dll                         0x7FFA4C290000
	MSIMG32.dll                      0x7FFA4C4B0000
	directxdatabasehelper.dll        0x7FFA4C540000
	dbghelp.dll                      0x7FFA4C5E0000
	drvstore.dll                     0x7FFA4CAD0000
	cryptnet.dll                     0x7FFA4D420000
	rasadhlp.dll                     0x7FFA4D460000
	VERSION.dll                      0x7FFA4D470000
	d3dcompiler_47.dll               0x7FFA4DAE0000
	d3d11.dll                        0x7FFA4E1D0000
	dcomp.dll                        0x7FFA4EA20000
	CoreMessaging.dll                0x7FFA4F1F0000
	VCRUNTIME140_1.dll               0x7FFA4F4B0000
	fwpuclnt.dll                     0x7FFA4FA30000
	dhcpcsvc.DLL                     0x7FFA501F0000
	WINHTTP.DLL                      0x7FFA50210000
	WindowsCodecs.dll                0x7FFA514C0000
	UxTheme.dll                      0x7FFA516C0000
	dxgi.dll                         0x7FFA51840000
	WINNSI.DLL                       0x7FFA51950000
	dwmapi.dll                       0x7FFA51960000
	dxcore.dll                       0x7FFA519C0000
	resourcepolicyclient.dll         0x7FFA51D50000
	wintypes.dll                     0x7FFA52070000
	windows.storage.dll              0x7FFA521B0000
	HID.DLL                          0x7FFA52AB0000
	netutils.dll                     0x7FFA52D00000
	IPHLPAPI.DLL                     0x7FFA52D80000
	DNSAPI.dll                       0x7FFA52DF0000
	UMPDC.dll                        0x7FFA530C0000
	powrprof.dll                     0x7FFA530E0000
	Secur32.dll                      0x7FFA53150000
	schannel.DLL                     0x7FFA531D0000
	rsaenh.dll                       0x7FFA532D0000
	kernel.appcore.dll               0x7FFA53370000
	ntmarta.dll                      0x7FFA53480000
	SSPICLI.DLL                      0x7FFA535D0000
	MSWSOCK.dll                      0x7FFA537D0000
	gpapi.dll                        0x7FFA53840000
	wldp.dll                         0x7FFA53A50000
	CRYPTBASE.DLL                    0x7FFA53B00000
	CRYPTSP.dll                      0x7FFA53B20000
	msasn1.dll                       0x7FFA53B70000
	NTASN1.dll                       0x7FFA53BF0000
	ncrypt.dll                       0x7FFA53C30000
	devobj.dll                       0x7FFA53F30000
	CFGMGR32.dll                     0x7FFA53F80000
	DPAPI.DLL                        0x7FFA53FD0000
	profapi.dll                      0x7FFA541A0000
	KERNELBASE.dll                   0x7FFA54270000
	ucrtbase.dll                     0x7FFA54620000
	wintrust.dll                     0x7FFA54740000
	msvcp_win.dll                    0x7FFA547B0000
	gdi32full.dll                    0x7FFA54850000
	bcrypt.dll                       0x7FFA54970000
	win32u.dll                       0x7FFA54A60000
	bcryptPrimitives.dll             0x7FFA54A90000
	CRYPT32.dll                      0x7FFA54B10000
	msvcrt.dll                       0x7FFA54C80000
	sechost.dll                      0x7FFA54D90000
	shcore.dll                       0x7FFA54E40000
	OLEAUT32.dll                     0x7FFA54F40000
	SETUPAPI.dll                     0x7FFA55020000
	SHLWAPI.dll                      0x7FFA554A0000
	COMDLG32.dll                     0x7FFA55500000
	IMM32.dll                        0x7FFA556C0000
	KERNEL32.DLL                     0x7FFA55700000
	MSCTF.dll                        0x7FFA557D0000
	clbcatq.dll                      0x7FFA55930000
	RPCRT4.dll                       0x7FFA559E0000
	ole32.dll                        0x7FFA55CD0000
	USER32.dll                       0x7FFA55E80000
	combase.dll                      0x7FFA56050000
	PSAPI.DLL                        0x7FFA563E0000
	WS2_32.dll                       0x7FFA563F0000
	GDI32.dll                        0x7FFA56500000
	SHELL32.dll                      0x7FFA565C0000
	imagehlp.dll                     0x7FFA56E30000
	ADVAPI32.dll                     0x7FFA56E50000
	ntdll.dll                        0x7FFA56F50000

F4SE PLUGINS:
	BackportedBA2Support.dll v1
	BetterConsole.dll
	Buffout4.dll v1.28.6
	encounter_zone_recalculation.dll
	ESPExplorer.dll
	f4ee.dll
	HighFPSPhysicsFix.dll
	LL_fourPlay_1_10_163.dll
	place.dll
	pppl.dll
	UnlimitedFastTravel.dll

PLUGINS:
