Fallout 4 v1.10.163
Buffout 4 v1.37.0 Mar 12 2025 22:11:48

Unhandled exception "EXCEPTION_ACCESS_VIOLATION" at 0x7FF76B828F6A Fallout4.exe+1AF8F6A	mov eax, [r8+0x0C] |  BSTSmartPointer<BSResource::AsyncStream,BSTSmartPointerIntrusiveRefCount>::operator=(BSResource::AsyncStream*)_1AF8F6A)
Exception Flags: 0x00000000
Number of Parameters: 2
Access Violation: Tried to read memory at 0xFFFFFFFFFFFFFFFF

	[Compatibility]
		F4EE: true
	[Debug]
		Symcache: c:symcache
		WaitForDebugger: false
	[Fixes]
		ActorIsHostileToActor: true
		BGSAIWorldLocationRefRadiusNull: true
		BSLightingShaderMaterialGlowmap: true
		BackportedBA2Support: true
		CellInit: true
		CreateD3DAndSwapChain: true
		EncounterZoneReset: true
		EscapeFreeze: true
		FixScriptPageAllocation: true
		FixToggleScriptsCommand: true
		FollowerStrayBullet: true
		GreyMovies: true
		InteriorNavCut: true
		MagicEffectApplyEvent: true
		MovementPlanner: true
		PackageAllocateLocation: true
		PipboyLightInvFix: true
		SafeExit: true
		TESObjectREFRGetEncounterZone: true
		UnalignedLoad: true
		UtilityShader: true
		WorkBenchSwap: true
	[Patches]
		Achievements: true
		BSMTAManager: true
		BSPreCulledObjects: true
		BSTextureStreamerLocalHeap: false
		HavokMemorySystem: false
		INISettingCollection: true
		InputSwitch: false
		MaxStdIO: 2048
		MemoryManager: false
		MemoryManagerDebug: false
		ScaleformAllocator: false
		SmallBlockAllocator: false
		WorkshopMenu: true
	[Tweaks]
		MaxPapyrusOpsPerFrame: 500
	[Warnings]
		CreateTexture2D: true
		ImageSpaceAdapter: true

SYSTEM SPECS:
	OS: Microsoft Windows 11 Pro v10.0.26100
	CPU: AuthenticAMD AMD Ryzen 7 7800X3D 8-Core Processor           
	GPU #1: Nvidia AD104 [GeForce RTX 4070]
	GPU #2: AMD Raphael
	GPU #3: Microsoft Basic Render Driver
	PHYSICAL MEMORY: 24.99 GB/63.10 GB


PROBABLE CALL STACK:
	[ 0] 0x7FF76B828F6A      Fallout4.exe+1AF8F6A	mov eax, [r8+0x0C] |  BSTSmartPointer<BSResource::AsyncStream,BSTSmartPointerIntrusiveRefCount>::operator=(BSResource::AsyncStream*)_1AF8F6A -> 1447818+0x3A	mov eax, [r8+0x0C]
	[ 1] 0x7FF76B8B3FC9      Fallout4.exe+1B83FC9	mov rcx, [rsp+0x1D0] |  BSResource::LooseFileLocation::CreateAsyncStreamFromNames(char*,char*,BSTSmartPointer<BSResource::AsyncStream,BSTSmartPointerIntrusiveRefCount>&,BSResource::Location*&,bool)_1B83FC9 -> 116219+0x1F9	mov rcx, [rsp+0x1D0]
	[ 2] 0x7FF76B8B5FD7      Fallout4.exe+1B85FD7	mov rbx, [rsp+0x48] |  BSResource::`anonymous_namespace'::LooseFileStream::DoCreateAsync(BSTSmartPointer<BSResource::AsyncStream,BSTSmartPointerIntrusiveRefCount>&)_1B85FD7 -> 847044+0x57	mov rbx, [rsp+0x48]
	[ 3] 0x7FF76B8A6832      Fallout4.exe+1B76832	cmp esi, [rdi+0x1C30] |  BSResource::Archive2::Index::AddDataFile(BSTSmartPointer<BSResource::Stream,BSTSmartPointerIntrusiveRefCount>&,BSResource::ID&,uint)_1B76832 -> 270048+0x42	cmp esi, [rdi+0x1C30]
	[ 4] 0x7FF76B8AA34B      Fallout4.exe+1B7A34B	mov rcx, [rsi+0x08] |  BSResource::Archive2::Index::ProcessEvent(BSResource::Archive2::ClearRegistryEvent&,BSTEventSource<BSResource::Archive2::ClearRegistryEvent>*)_1B7A34B -> 1309589+0x9B	mov rcx, [rsi+0x08]
	[ 5] 0x7FF76B8A9F44      Fallout4.exe+1B79F44	test eax, eax |  BSTEventSource<BSResource::Archive2::RegisteredEvent>::Notify(BSResource::Archive2::RegisteredEvent&)_1B79F44 -> 1285198+0x1C4	test eax, eax
	[ 6] 0x7FF76B89FCDC      Fallout4.exe+1B6FCDC	mov r15, [rbp+0x490] |  BSResource::Archive2::Register(char*,BSResource::Location*,BSResource::ArchiveFoundStreamCB*)_1B6FCDC -> 1566228+0x61C	mov r15, [rbp+0x490]
	[ 7] 0x7FF76B8AD93A      Fallout4.exe+1B7D93A	cmp byte ptr [rsp+0x28], 0x00 |  BSResource::RegisterArchive(char*,BSResource::Location*,BSResource::ArchiveFoundStreamCB*)_1B7D93A -> 1261045+0x3A	cmp byte ptr [rsp+0x28], 0x00
	[ 8] 0x7FF769E4D6C4      Fallout4.exe+011D6C4	call 0x00007FF769EC1DC0 |  TESDataHandler::RegisterAdditionalArchivesForFile(char*,uint)_11D6C4 -> 280736+0x2B4	call 0x00007FF769EC1DC0
	[ 9] 0x7FF769E46E9F      Fallout4.exe+0116E9F	mov r14, [r14+0x08] |  TESDataHandler::CompileFiles(bool)_116E9F -> 57137+0x27F	mov r14, [r14+0x08]
	[10] 0x7FF76AA67CD4      Fallout4.exe+0D37CD4	call 0x00007FF76B9DEE50 |  Main::InitTES(NiNode*)_D37CD4 -> 708657+0x2F4	call 0x00007FF76B9DEE50
	[11] 0x7FF76AA6F253      Fallout4.exe+0D3F253	call 0x00007FF76AA6E910 |  `anonymous_namespace'::Main_InitGameData(void)_D3F253 -> 407290+0x263	call 0x00007FF76AA6E910
	[12] 0x7FF76AA835A9      Fallout4.exe+0D535A9	call 0x00007FF76B88CBC0 |  `anonymous_namespace'::InitGameDataThread::ThreadProc(void)_D535A9 -> 1085735+0x29	call 0x00007FF76B88CBC0
	[13] 0x7FFB55ADA8AC f4se_1_10_163.dll+000A8AC
	[14] 0x7FF76B84CFED      Fallout4.exe+1B1CFED	mov rcx, [0x00007FF76F88BD38] |  BSThread::CallThreadProc(void)_1B1CFED -> 1079791+0x3D	mov rcx, [0x00007FF76F88BD38]
	[15] 0x7FFC744EE8D7      KERNEL32.DLL+002E8D7
	[16] 0x7FFC756FBF6C         ntdll.dll+00BBF6C

REGISTERS:
	RAX 0x0                (size_t) [0]
	RCX 0x1000             (size_t) [4096]
	RDX 0x0                (size_t) [0]
	RBX 0x7FF76F937038     (void* -> Fallout4.exe+5C07038	 |  aDiveBombChance_5C07038)
	RSP 0x73C43DE990       (void*)
	RBP 0x1                (size_t) [1]
	RSI 0x7FF76F937038     (void* -> Fallout4.exe+5C07038	 |  aDiveBombChance_5C07038)
	RDI 0x1DBD440E5A0      (BSResource::`anonymous namespace'::LooseFileAsyncStream*)
	R8  0x326162FA46A777   (size_t) [14180826569156471]
	R9  0x1DBD440E5A0      (BSResource::`anonymous namespace'::LooseFileAsyncStream*)
	R10 0x7FF76F897580     (void* -> Fallout4.exe+5B67580	sar byte ptr [rdx], 0x01 |  aDiveBombChance_5B67580)
	R11 0x7FFB452235B5     (void* -> x-cell-og.dll+00B35B5	 |  D:\a\_work\1\s\src\vctools\crt\vcruntime\src\string\amd64\memset.asm:317 memset)
	R12 0x1DBBEC894F8      (char*) "DATA\"
	R13 0x0                (size_t) [0]
	R14 0x1DBBEC893C0      (BSResource::LooseFileLocation*)
	R15 0x1DC514B33F0      (char*) "	"

STACK:
	[RSP+0   ] 0x73C43DEA00       (void*)
	[RSP+8   ] 0x1DBD440E5A0      (BSResource::`anonymous namespace'::LooseFileAsyncStream*)
	[RSP+10  ] 0x1                (size_t) [1]
	[RSP+18  ] 0x9                (size_t) [9]
	[RSP+20  ] 0x9                (size_t) [9]
	[RSP+28  ] 0x7FF76B8B3FC9     (void* -> Fallout4.exe+1B83FC9	mov rcx, [rsp+0x1D0] |  BSResource::LooseFileLocation::CreateAsyncStreamFromNames(char*,char*,BSTSmartPointer<BSResource::AsyncStream,BSTSmartPointerIntrusiveRefCount>&,BSResource::Location*&,bool)_1B83FC9)
	[RSP+30  ] 0x0                (size_t) [0]
	[RSP+38  ] 0x73C43DEA10       (void*)
	[RSP+40  ] 0x7FF76F897580     (void* -> Fallout4.exe+5B67580	sar byte ptr [rdx], 0x01 |  aDiveBombChance_5B67580)
	[RSP+48  ] 0x0                (size_t) [0]
	[RSP+50  ] 0x127D1EB1         (size_t) [310189745]
	[RSP+58  ] 0x0                (size_t) [0]
	[RSP+60  ] 0x1DBBEC893C0      (BSResource::LooseFileLocation*)
	[RSP+68  ] 0x0                (size_t) [0]
	[RSP+70  ] 0x0                (size_t) [0]
	[RSP+78  ] 0x1DBD440E5A0      (BSResource::`anonymous namespace'::LooseFileAsyncStream*)
	[RSP+80  ] 0x0                (size_t) [0]
	[RSP+88  ] 0x0                (size_t) [0]
	[RSP+90  ] 0x6D616574535C3A45 (size_t) [7881692373164243525]
	[RSP+98  ] 0x5C7972617262694C (size_t) [6663482886527805772]
	[RSP+A0  ] 0x7070616D61657473 (size_t) [8102082852052890739]
	[RSP+A8  ] 0x6E6F6D6D6F635C73 (size_t) [7957699383374601331]
	[RSP+B0  ] 0x74756F6C6C61465C (size_t) [8391735992140252764]
	[RSP+B8  ] 0x5C415441445C3420 (size_t) [6647687164272063520]
	[RSP+C0  ] 0x57616B754E434C44 (size_t) [6296431905609043012]
	[RSP+C8  ] 0x56202D20646C726F (size_t) [6206009903663575663]
	[RSP+D0  ] 0x6E655F736563696F (size_t) [7954869266046740847]
	[RSP+D8  ] 0x3261622E         (size_t) [845242926]
	[RSP+E0  ] 0x0                (size_t) [0]
	[RSP+E8  ] 0x0                (size_t) [0]
	[RSP+F0  ] 0x0                (size_t) [0]
	[RSP+F8  ] 0x0                (size_t) [0]
	[RSP+100 ] 0x0                (size_t) [0]
	[RSP+108 ] 0x0                (size_t) [0]
	[RSP+110 ] 0xDD05123641EF     (size_t) [243013850120687]
	[RSP+118 ] 0x0                (size_t) [0]
	[RSP+120 ] 0x1                (size_t) [1]
	[RSP+128 ] 0x7FF76B872FE8     (void* -> Fallout4.exe+1B42FE8	mov r10, rax |  BSStringPool::Entry::Release(BSStringPool::Entry*&)_1B42FE8)
	[RSP+130 ] 0x73C43DF2D0       (char*) "DLCNukaWorld - Voices_en.ba2"
	[RSP+138 ] 0x100              (size_t) [256]
	[RSP+140 ] 0x73C43DEF40       (void*)
	[RSP+148 ] 0x7FFC72C4D369     (void* -> KERNELBASE.dll+006D369	nop [rax+rax*1], eax)
	[RSP+150 ] 0xFFFFFFFFFFFFFFFF (size_t) [uint: 18446744073709551615 int: -1]
	[RSP+158 ] 0x1DBD440E5A0      (BSResource::`anonymous namespace'::LooseFileAsyncStream*)
	[RSP+160 ] 0x1                (size_t) [1]
	[RSP+168 ] 0x7FF76B872FE8     (void* -> Fallout4.exe+1B42FE8	mov r10, rax |  BSStringPool::Entry::Release(BSStringPool::Entry*&)_1B42FE8)
	[RSP+170 ] 0x7FFB45292C00     (void* -> x-cell-og.dll+0122C00	nop |  ??_7simple_scope_lock@_internal@core@voltek@@6B@_122C00)
	[RSP+178 ] 0x1DBA62347C0      (voltek::core::_internal::simple_lock*)
	[RSP+180 ] 0x608AD6771DF9     (size_t) [106149419884025]
	[RSP+188 ] 0x0                (size_t) [0]
	[RSP+190 ] 0x73C43DEF20       (void*)
	[RSP+198 ] 0x1DC514B33F0      (char*) "	"
	[RSP+1A0 ] 0x73C43DEF20       (void*)
	[RSP+1A8 ] 0x73C43DF2D0       (char*) "DLCNukaWorld - Voices_en.ba2"
	[RSP+1B0 ] 0x1DC514B33F0      (char*) "	"
	[RSP+1B8 ] 0x100              (size_t) [256]
	[RSP+1C0 ] 0x3000             (size_t) [12288]
	[RSP+1C8 ] 0x1DBBFDBAB48      (char*) "DLCNukaWorld - Voices_en.ba2"
	[RSP+1D0 ] 0x7FF76F937038     (void* -> Fallout4.exe+5C07038	 |  aDiveBombChance_5C07038)
	[RSP+1D8 ] 0x7FF76B8B5FD7     (void* -> Fallout4.exe+1B85FD7	mov rbx, [rsp+0x48] |  BSResource::`anonymous_namespace'::LooseFileStream::DoCreateAsync(BSTSmartPointer<BSResource::AsyncStream,BSTSmartPointerIntrusiveRefCount>&)_1B85FD7)
	[RSP+1E0 ] 0x7FF7127D1EB1     (size_t) [140699143839409]
	[RSP+1E8 ] 0x1DCC6707AD0      (BSResource::`anonymous namespace'::LooseFileStream*)
	[RSP+1F0 ] 0x7FF76F936838     (void* -> Fallout4.exe+5C06838	sar byte ptr [rdx+0x70], 0x01 |  aDiveBombChance_5C06838)
	[RSP+1F8 ] 0x7FF76F937038     (void* -> Fallout4.exe+5C07038	 |  aDiveBombChance_5C07038)
	[RSP+200 ] 0x73C43DEBB0       (void*)
	[RSP+208 ] 0x7FF76B878300     (void* -> Fallout4.exe+1B48300	movzx r9d, byte ptr [rsp+0x7C] |  BSSystemFileStreamer::ReadAt(BSSystemFile*,BSSystemFileStreamer::ID&,void*,unsigned___int64,unsigned___int64,unsigned___int64&,uint,bool,BSEventFlag*)_1B48300)
	[RSP+210 ] 0x7FF76F936008     (BSResource::Archive2::Index*)
	[RSP+218 ] 0x7FF76B8A6832     (void* -> Fallout4.exe+1B76832	cmp esi, [rdi+0x1C30] |  BSResource::Archive2::Index::AddDataFile(BSTSmartPointer<BSResource::Stream,BSTSmartPointerIntrusiveRefCount>&,BSResource::ID&,uint)_1B76832)
	[RSP+220 ] 0x1DC514B33F0      (char*) "	"
	[RSP+228 ] 0x73C43DEF20       (void*)
	[RSP+230 ] 0x73C43DEF40       (void*)
	[RSP+238 ] 0x100              (size_t) [256]
	[RSP+240 ] 0x1DC514B33F0      (char*) "	"
	[RSP+248 ] 0x9                (size_t) [9]
	[RSP+250 ] 0x73C43DEF20       (void*)
	[RSP+258 ] 0x7FF76B8AA34B     (void* -> Fallout4.exe+1B7A34B	mov rcx, [rsi+0x08] |  BSResource::Archive2::Index::ProcessEvent(BSResource::Archive2::ClearRegistryEvent&,BSTEventSource<BSResource::Archive2::ClearRegistryEvent>*)_1B7A34B)
	[RSP+260 ] 0x7FF76F936008     (BSResource::Archive2::Index*)
	[RSP+268 ] 0x7FF76F937C60     (void* -> Fallout4.exe+5C07C60	mov eax, 0x1000206 |  aDiveBombChance_5C07C60)
	[RSP+270 ] 0x7FF76F936008     (BSResource::Archive2::Index*)
	[RSP+278 ] 0xBF300            (size_t) [783104]
	[RSP+280 ] 0x73C43DEF20       (void*)
	[RSP+288 ] 0x1DBBFAB6710      (void*)
	[RSP+290 ] 0x73C43DEDC0       (char*) "ukaWorld.esm\RobotProtectron\0004BF32_1.fuz"
	[RSP+298 ] 0x7FF76B8A9F44     (void* -> Fallout4.exe+1B79F44	test eax, eax |  BSTEventSource<BSResource::Archive2::RegisteredEvent>::Notify(BSResource::Archive2::RegisteredEvent&)_1B79F44)
	[RSP+2A0 ] 0x1DBBFAB66F0      (void*)
	[RSP+2A8 ] 0x7FF76F937C68     (void* -> Fallout4.exe+5C07C68	mov eax, 0x1000206 |  aDiveBombChance_5C07C68)
	[RSP+2B0 ] 0x0                (size_t) [0]
	[RSP+2B8 ] 0x127D1EB1         (size_t) [310189745]
	[RSP+2C0 ] 0x0                (size_t) [0]
	[RSP+2C8 ] 0x7FF76B8A8A2B     (void* -> Fallout4.exe+1B78A2B	add [rbx+0x20], rdi |  BSResource::Archive2::DataReader::DataLoader::GetData(BSTSmartPointer<BSResource::Stream,BSTSmartPointerIntrusiveRefCount>&,void*,unsigned___int64)_1B78A2B)
	[RSP+2D0 ] 0x0                (size_t) [0]
	[RSP+2D8 ] 0x7FF76F936000     (void* -> Fallout4.exe+5C06000	add [rax], al |  aDiveBombChance_5C06000)
	[RSP+2E0 ] 0x4C524E47         (size_t) [1280462407]
	[RSP+2E8 ] 0x0                (size_t) [0]
	[RSP+2F0 ] 0x73C43DEF40       (void*)
	[RSP+2F8 ] 0x7FF76B89F0FB     (void* -> Fallout4.exe+1B6F0FB	mov rax, rbx |  BSResource::ID::ID(char*)_1B6F0FB)
	[RSP+300 ] 0x2F6E             (size_t) [12142]
	[RSP+308 ] 0x73C43DEDC0       (char*) "ukaWorld.esm\RobotProtectron\0004BF32_1.fuz"
	[RSP+310 ] 0x61               (size_t) [97]
	[RSP+318 ] 0x7FF76F936000     (void* -> Fallout4.exe+5C06000	add [rax], al |  aDiveBombChance_5C06000)
	[RSP+320 ] 0x4C524E47         (size_t) [1280462407]
	[RSP+328 ] 0x7FF76B89FCDC     (void* -> Fallout4.exe+1B6FCDC	mov r15, [rbp+0x490] |  BSResource::Archive2::Register(char*,BSResource::Location*,BSResource::ArchiveFoundStreamCB*)_1B6FCDC)
	[RSP+330 ] 0x0                (size_t) [0]
	[RSP+338 ] 0x73C43DEF20       (void*)
	[RSP+340 ] 0x1DBBFAB66F0      (void*)
	[RSP+348 ] 0x73C43DEEBC       (void*)
	[RSP+350 ] 0x73C43DED48       (void*)
	[RSP+358 ] 0x0                (size_t) [0]
	[RSP+360 ] 0x73C43DED18       (void*)
	[RSP+368 ] 0x1DBBFDBAB30      (void*)
	[RSP+370 ] 0x1DCC457B060      (void*)
	[RSP+378 ] 0x0                (size_t) [0]
	[RSP+380 ] 0x100000           (size_t) [1048576]
	[RSP+388 ] 0x100000           (size_t) [1048576]
	[RSP+390 ] 0x6AB90            (size_t) [437136]
	[RSP+398 ] 0x100000           (size_t) [1048576]
	[RSP+3A0 ] 0x158445442        (size_t) [5775840322]
	[RSP+3A8 ] 0x2F6E4C524E47     (size_t) [52150773370439]
	[RSP+3B0 ] 0x12712B44         (size_t) [309406532]
	[RSP+3B8 ] 0xBF36D            (size_t) [783213]
	[RSP+3C0 ] 0x0                (size_t) [0]
	[RSP+3C8 ] 0x0                (size_t) [0]
	[RSP+3D0 ] 0x0                (size_t) [0]
	[RSP+3D8 ] 0x100000           (size_t) [1048576]
	[RSP+3E0 ] 0x326162987657AF   (size_t) [14180824928114607]
	[RSP+3E8 ] 0x0                (size_t) [0]
	[RSP+3F0 ] 0x1DCC4687060      (char*) "8"
	[RSP+3F8 ] 0x0                (size_t) [0]
	[RSP+400 ] 0x12712B44         (size_t) [309406532]
	[RSP+408 ] 0x127D1EB1         (size_t) [310189745]
	[RSP+410 ] 0xBF36D            (size_t) [783213]
	[RSP+418 ] 0xBF36D            (size_t) [783213]
	[RSP+420 ] 0x6F565C646E756F00 (size_t) [8022701372626792192]
	[RSP+428 ] 0x4E434C445C656369 (size_t) [5639435014889628521]
	[RSP+430 ] 0x646C726F57616B75 (size_t) [7236284523810483061]
	[RSP+438 ] 0x626F525C6D73652E (size_t) [7092978495058568494]
	[RSP+440 ] 0x6365746F7250746F (size_t) [7162258804410709103]
	[RSP+448 ] 0x3030305C6E6F7274 (size_t) [3472328486250574452]
	[RSP+450 ] 0x2E315F3233464234 (size_t) [3328546268816753204]
	[RSP+458 ] 0x7A007A007A7566   (size_t) [34340471152735590]
	[RSP+460 ] 0x75662E315F334530 (size_t) [8459499739647526192]
	[RSP+468 ] 0x7A75662E315F007A (size_t) [8824071393485193338]
	[RSP+470 ] 0x3030305C44524F00 (size_t) [3472328485544021760]
	[RSP+478 ] 0x2E315F3444333833 (size_t) [3328546277690652723]
	[RSP+480 ] 0x2E315F46007A7566 (size_t) [3328546353863882086]
	[RSP+488 ] 0x7A7566           (size_t) [8025446]
	[RSP+490 ] 0x1DBBEC893C0      (BSResource::LooseFileLocation*)
	[RSP+498 ] 0x73C43DF240       (void*)
	[RSP+4A0 ] 0x1DC514B3129      (void*)
	[RSP+4A8 ] 0x0                (size_t) [0]
	[RSP+4B0 ] 0x73C43DF080       (char*) "DATA\DLCNukaWorld - Voices_en.ba2"
	[RSP+4B8 ] 0x7FFC72C4D369     (void* -> KERNELBASE.dll+006D369	nop [rax+rax*1], eax)
	[RSP+4C0 ] 0x6374             (size_t) [25460]
	[RSP+4C8 ] 0x0                (size_t) [0]
	[RSP+4D0 ] 0x0                (size_t) [0]
	[RSP+4D8 ] 0x0                (size_t) [0]
	[RSP+4E0 ] 0x7FF76F937EF4     (void* -> Fallout4.exe+5C07EF4	add [rax], al |  aDiveBombChance_5C07EF4)
	[RSP+4E8 ] 0x7FF76B8B47BC     (void* -> Fallout4.exe+1B847BC	lea r11, [rsp+0x190] |  BSResource::LooseFileLocation::DoGetInfo(char*,BSResource::Info&,BSResource::LocationTraverser*)_1B847BC)
	[RSP+4F0 ] 0x127D1EB1         (size_t) [310189745]
	[RSP+4F8 ] 0x7FF76F937EF4     (void* -> Fallout4.exe+5C07EF4	add [rax], al |  aDiveBombChance_5C07EF4)
	[RSP+500 ] 0x1                (size_t) [1]
	[RSP+508 ] 0x73C43DF240       (void*)
	[RSP+510 ] 0x400000000        (size_t) [17179869184]
	[RSP+518 ] 0x0                (size_t) [0]
	[RSP+520 ] 0x2F6E00000000     (size_t) [52149492908032]
	[RSP+528 ] 0x2F6E             (size_t) [12142]
	[RSP+530 ] 0x4                (size_t) [4]
	[RSP+538 ] 0x1DC514B33F0      (char*) "	"
	[RSP+540 ] 0x1DBBEC893C0      (BSResource::LooseFileLocation*)
	[RSP+548 ] 0x7FF76F936000     (void* -> Fallout4.exe+5C06000	add [rax], al |  aDiveBombChance_5C06000)
	[RSP+550 ] 0x1DB940FD75782B3  (size_t) [133863409695818419]
	[RSP+558 ] 0x127D1EB1         (size_t) [310189745]
	[RSP+560 ] 0x6D616574535C3A45 (size_t) [7881692373164243525]
	[RSP+568 ] 0x5C7972617262694C (size_t) [6663482886527805772]
	[RSP+570 ] 0x7070616D61657473 (size_t) [8102082852052890739]
	[RSP+578 ] 0x6E6F6D6D6F635C73 (size_t) [7957699383374601331]
	[RSP+580 ] 0x74756F6C6C61465C (size_t) [8391735992140252764]
	[RSP+588 ] 0x5C415441445C3420 (size_t) [6647687164272063520]
	[RSP+590 ] 0x1DCC6707AD0      (BSResource::`anonymous namespace'::LooseFileStream*)
	[RSP+598 ] 0x73C43DED00       (void*)
	[RSP+5A0 ] 0x73C43DED80       (void*)
	[RSP+5A8 ] 0x2F6E             (size_t) [12142]
	[RSP+5B0 ] 0x326162987657AF   (size_t) [14180824928114607]
	[RSP+5B8 ] 0x0                (size_t) [0]
	[RSP+5C0 ] 0x73C43DF2D0       (char*) "DLCNukaWorld - Voices_en.ba2"
	[RSP+5C8 ] 0x2F6E4C524E47     (size_t) [52150773370439]
	[RSP+5D0 ] 0x1DCC6707AD0      (BSResource::`anonymous namespace'::LooseFileStream*)
	[RSP+5D8 ] 0x0                (size_t) [0]
	[RSP+5E0 ] 0x1DCC6707AF0      (void*)
	[RSP+5E8 ] 0x1DCC6707AD0      (BSResource::`anonymous namespace'::LooseFileStream*)
	[RSP+5F0 ] 0xFFFFFFFFFFFFFFFF (size_t) [uint: 18446744073709551615 int: -1]
	[RSP+5F8 ] 0x1DCC6707AD0      (BSResource::`anonymous namespace'::LooseFileStream*)
	[RSP+600 ] 0x1                (size_t) [1]
	[RSP+608 ] 0x7FF76B872FE8     (void* -> Fallout4.exe+1B42FE8	mov r10, rax |  BSStringPool::Entry::Release(BSStringPool::Entry*&)_1B42FE8)
	[RSP+610 ] 0x1DCC6707AD0      (BSResource::`anonymous namespace'::LooseFileStream*)
	[RSP+618 ] 0x1DBA62347C0      (voltek::core::_internal::simple_lock*)
	[RSP+620 ] 0x608AD6771A59     (size_t) [106149419883097]
	[RSP+628 ] 0x4B8A             (size_t) [19338]
	[RSP+630 ] 0x7FF76C9796C8     (void* -> Fallout4.exe+2C496C8	 |  hkbInternal::hks::execute<0>(hkbInternal::lua_State*,hkbInternal::hksInstruction*,int)_2C496C8)
	[RSP+638 ] 0x73C43DF2A0       (void*)
	[RSP+640 ] 0x1DC514B3129      (void*)
	[RSP+648 ] 0x0                (size_t) [0]
	[RSP+650 ] 0x73C43DF0B9       (void*)
	[RSP+658 ] 0x7FF76B8B5B37     (void* -> Fallout4.exe+1B85B37	mov rax, rdi |  BSResource::`anonymous_namespace'::LooseFileStream::`vector_deleting_destructor'(uint)_1B85B37)
	[RSP+660 ] 0x1                (size_t) [1]
	[RSP+668 ] 0x73C43DF085       (char*) "DLCNukaWorld - Voices_en.ba2"
	[RSP+670 ] 0x73C43DF0A1       (void*)
	[RSP+678 ] 0x1DCC6707AD0      (BSResource::`anonymous namespace'::LooseFileStream*)
	[RSP+680 ] 0x7FF76C9796C8     (void* -> Fallout4.exe+2C496C8	 |  hkbInternal::hks::execute<0>(hkbInternal::lua_State*,hkbInternal::hksInstruction*,int)_2C496C8)
	[RSP+688 ] 0x73C43DF080       (char*) "DATA\DLCNukaWorld - Voices_en.ba2"
	[RSP+690 ] 0x1DBBEC89420      (void*)
	[RSP+698 ] 0x7FF76B8B1BEB     (void* -> Fallout4.exe+1B81BEB	mov rdi, [rdi] |  BSResource::`anonymous_namespace'::GlobalLocations::DoGetInfo(char*,BSResource::Info&,BSResource::LocationTraverser*)_1B81BEB)
	[RSP+6A0 ] 0x7FF76F937EF4     (void* -> Fallout4.exe+5C07EF4	add [rax], al |  aDiveBombChance_5C07EF4)
	[RSP+6A8 ] 0x73C43DF240       (void*)
	[RSP+6B0 ] 0x0                (size_t) [0]
	[RSP+6B8 ] 0x0                (size_t) [0]
	[RSP+6C0 ] 0x1DBBE4B0320      (void*)
	[RSP+6C8 ] 0x7FF76B8AF60D     (void* -> Fallout4.exe+1B7F60D	inc esi |  BSResource::`anonymous_namespace'::GlobalPaths::Traverse<BSResource::`anonymous_namespace'::GetInfoFunctor>(char*,BSResource::A0x91044a15::GetInfoFunctor&)_1B7F60D)
	[RSP+6D0 ] 0x7FF76F937F20     (BSResource::`anonymous namespace'::GlobalPaths*)
	[RSP+6D8 ] 0x73C43DF2D0       (char*) "DLCNukaWorld - Voices_en.ba2"
	[RSP+6E0 ] 0x0                (size_t) [0]
	[RSP+6E8 ] 0x73C43DF1C0       (void*)
	[RSP+6F0 ] 0x434C445C41544144 (size_t) [4849326061794902340]
	[RSP+6F8 ] 0x6C726F57616B754E (size_t) [7814430724528502094]
	[RSP+700 ] 0x63696F56202D2064 (size_t) [7163379098007183460]
	[RSP+708 ] 0x61622E6E655F7365 (size_t) [7017222221078688613]
	[RSP+710 ] 0x1DBDE040032      (void*)
	[RSP+718 ] 0x0                (size_t) [0]
	[RSP+720 ] 0x1DBDE072030      (void*)
	[RSP+728 ] 0x0                (size_t) [0]
	[RSP+730 ] 0x0                (size_t) [0]
	[RSP+738 ] 0x300000000        (size_t) [12884901888]
	[RSP+740 ] 0x3CFEC00A07       (size_t) [261972036103]
	[RSP+748 ] 0xD0557C2720F81A38 (size_t) [uint: 15012041440408115768 int: -3434702633301435848]
	[RSP+750 ] 0x7FF76C9796C8     (void* -> Fallout4.exe+2C496C8	 |  hkbInternal::hks::execute<0>(hkbInternal::lua_State*,hkbInternal::hksInstruction*,int)_2C496C8)
	[RSP+758 ] 0x73C43DF2A0       (void*)
	[RSP+760 ] 0x1DC514B3129      (void*)
	[RSP+768 ] 0x0                (size_t) [0]
	[RSP+770 ] 0x73C43DF2E1       (char*) "ices_en.ba2"
	[RSP+778 ] 0x73C43DF150       (void*)
	[RSP+780 ] 0x73C43DF390       (void*)
	[RSP+788 ] 0x7FF76A091FCC     (void* -> Fallout4.exe+0361FCC	mov rax, [r14] |  BSResource::TraverseNameTextList<_lambda_f75173361261fecfe4646eacd19d6132_>(char*,_lambda_f75173361261fecfe4646eacd19d6132_&)_361FCC)
	[RSP+790 ] 0x7FF76F6A5E30     (BGSCombinedCellGeometryDB::CDX*)
	[RSP+798 ] 0xFFAD52853D4F     (size_t) [281119878888783]
	[RSP+7A0 ] 0x7FFBB6E73698     (void* -> MSVCR110.dll+0053698	mov [rsp+0x18], rbx)
	[RSP+7A8 ] 0x104              (size_t) [260]
	[RSP+7B0 ] 0x1DC514B3129      (void*)
	[RSP+7B8 ] 0x0                (size_t) [0]
	[RSP+7C0 ] 0x7FF76C987A68     (char*) "%s%s%s%s"
	[RSP+7C8 ] 0x73C43DF2D0       (char*) "DLCNukaWorld - Voices_en.ba2"
	[RSP+7D0 ] 0x73C43DF1C0       (void*)
	[RSP+7D8 ] 0x7FFBB6E5416E     (void* -> MSVCR110.dll+003416E	mov edi, eax)
	[RSP+7E0 ] 0x73C43DF2E8       (char*) ".ba2"
	[RSP+7E8 ] 0x7FF76F937C40     (void* -> Fallout4.exe+5C07C40	add al, 0x60 |  aDiveBombChance_5C07C40)
	[RSP+7F0 ] 0x1DBC03267E0      (void*)
	[RSP+7F8 ] 0x7FF76B8A7B42     (void* -> Fallout4.exe+1B77B42	inc ebx |  BSBTreeFile::BPTree<BSResource::Archive2::Index::Pager,BSBTreeFile::PGFSEDL<BSResource::Archive2::Index::Entry,BSResource::ID,4096>,16>::CursorGoto(BSBTreeFile::BPTree<BSResource::Archive2::Index::Pager,BSBTreeFile::PGFSEDL<BSResource::Archive2::Index::Entry,BSResource::ID,4096>,16>::Cursor&,BSResource::ID&)_1B77B42)
	[RSP+800 ] 0x0                (size_t) [0]
	[RSP+808 ] 0x7FF76B8B1C78     (void* -> Fallout4.exe+1B81C78	add rsp, 0x38 |  BSResource::`anonymous_namespace'::GlobalPaths::DoGetInfo(char*,BSResource::Info&,BSResource::LocationTraverser*)_1B81C78)
	[RSP+810 ] 0x73C43DF258       (void*)
	[RSP+818 ] 0x73C43DF2D0       (char*) "DLCNukaWorld - Voices_en.ba2"
	[RSP+820 ] 0x73C43DF240       (void*)
	[RSP+828 ] 0x1DBBE4B0320      (void*)
	[RSP+830 ] 0x73C43DF240       (void*)
	[RSP+838 ] 0x0                (size_t) [0]
	[RSP+840 ] 0x1DBC03267E0      (void*)
	[RSP+848 ] 0x7FF76B8B1D3D     (void* -> Fallout4.exe+1B81D3D	mov rbx, [rsp+0x30] |  BSResource::`anonymous_namespace'::LocationTree::DoGetInfo(char*,BSResource::Info&,BSResource::LocationTraverser*)_1B81D3D)
	[RSP+850 ] 0x7FF76C97BB83     (void* -> Fallout4.exe+2C4BB83	add [rsi], ch |  hkbInternal::hks::execute<0>(hkbInternal::lua_State*,hkbInternal::hksInstruction*,int)_2C4BB83)
	[RSP+858 ] 0x73C43DF390       (void*)
	[RSP+860 ] 0x0                (size_t) [0]
	[RSP+868 ] 0x7FF769D544E3     (void* -> Fallout4.exe+00244E3	mov esi, eax |  BSSpinLock::Lock(char*)_244E3)
	[RSP+870 ] 0x7FF76C9796C8     (void* -> Fallout4.exe+2C496C8	 |  hkbInternal::hks::execute<0>(hkbInternal::lua_State*,hkbInternal::hksInstruction*,int)_2C496C8)
	[RSP+878 ] 0x1DBBE4B0320      (void*)
	[RSP+880 ] 0x0                (size_t) [0]
	[RSP+888 ] 0x7FF76C985B98     (char*) "en"
	[RSP+890 ] 0x1DC514B3129      (void*)
	[RSP+898 ] 0x7FF76C985B98     (char*) "en"
	[RSP+8A0 ] 0x73C43DF390       (void*)
	[RSP+8A8 ] 0x7FF76B8AD93A     (void* -> Fallout4.exe+1B7D93A	cmp byte ptr [rsp+0x28], 0x00 |  BSResource::RegisterArchive(char*,BSResource::Location*,BSResource::ArchiveFoundStreamCB*)_1B7D93A)
	[RSP+8B0 ] 0x1C93BEF58445442  (size_t) [128699963520865346]
	[RSP+8B8 ] 0x7FF76C97BB83     (void* -> Fallout4.exe+2C4BB83	add [rsi], ch |  hkbInternal::hks::execute<0>(hkbInternal::lua_State*,hkbInternal::hksInstruction*,int)_2C4BB83)
	[RSP+8C0 ] 0x0                (size_t) [0]
	[RSP+8C8 ] 0x1DCC6707AD0      (BSResource::`anonymous namespace'::LooseFileStream*)
	[RSP+8D0 ] 0x7FF76CB438C8     (void* -> Fallout4.exe+2E138C8	loopne 0x00007FF76CB438DB |  aDiveBombChance_2E138C8)
	[RSP+8D8 ] 0x0                (size_t) [0]
	[RSP+8E0 ] 0x0                (size_t) [0]
	[RSP+8E8 ] 0x7FF76F937F20     (BSResource::`anonymous namespace'::GlobalPaths*)
	[RSP+8F0 ] 0x7FF76C985B98     (char*) "en"
	[RSP+8F8 ] 0x7FF769E4D6C4     (void* -> Fallout4.exe+011D6C4	call 0x00007FF769EC1DC0 |  TESDataHandler::RegisterAdditionalArchivesForFile(char*,uint)_11D6C4)
	[RSP+900 ] 0x7FF76C97BB83     (void* -> Fallout4.exe+2C4BB83	add [rsi], ch |  hkbInternal::hks::execute<0>(hkbInternal::lua_State*,hkbInternal::hksInstruction*,int)_2C4BB83)
	[RSP+908 ] 0x7FF76C985B98     (char*) "en"
	[RSP+910 ] 0x1DBC03267E0      (void*)
	[RSP+918 ] 0x73C43DF3E0       (char*) "DLCNukaWorld"
	[RSP+920 ] 0x7FF76C9863D8     (char*) " - Voices_"
	[RSP+928 ] 0x7FF76C985B98     (char*) "en"
	[RSP+930 ] 0x7FF76C9863E4     (char*) ".ba2"
	[RSP+938 ] 0x1DC1BE80000      (void*)
	[RSP+940 ] 0x57616B754E434C44 (size_t) [6296431905609043012]
	[RSP+948 ] 0x56202D20646C726F (size_t) [6206009903663575663]
	[RSP+950 ] 0x6E655F736563696F (size_t) [7954869266046740847]
	[RSP+958 ] 0x3261622E         (size_t) [845242926]
	[RSP+960 ] 0x0                (size_t) [0]
	[RSP+968 ] 0x0                (size_t) [0]
	[RSP+970 ] 0x0                (size_t) [0]
	[RSP+978 ] 0x0                (size_t) [0]
	[RSP+980 ] 0x0                (size_t) [0]
	[RSP+988 ] 0x0                (size_t) [0]
	[RSP+990 ] 0x0                (size_t) [0]
	[RSP+998 ] 0x0                (size_t) [0]
	[RSP+9A0 ] 0x0                (size_t) [0]
	[RSP+9A8 ] 0x0                (size_t) [0]
	[RSP+9B0 ] 0x0                (size_t) [0]
	[RSP+9B8 ] 0x0                (size_t) [0]
	[RSP+9C0 ] 0x0                (size_t) [0]
	[RSP+9C8 ] 0x0                (size_t) [0]
	[RSP+9D0 ] 0x0                (size_t) [0]
	[RSP+9D8 ] 0x0                (size_t) [0]
	[RSP+9E0 ] 0x0                (size_t) [0]
	[RSP+9E8 ] 0x0                (size_t) [0]
	[RSP+9F0 ] 0x0                (size_t) [0]
	[RSP+9F8 ] 0x0                (size_t) [0]
	[RSP+A00 ] 0x0                (size_t) [0]
	[RSP+A08 ] 0x0                (size_t) [0]
	[RSP+A10 ] 0x0                (size_t) [0]
	[RSP+A18 ] 0x0                (size_t) [0]
	[RSP+A20 ] 0x0                (size_t) [0]
	[RSP+A28 ] 0x0                (size_t) [0]
	[RSP+A30 ] 0x0                (size_t) [0]
	[RSP+A38 ] 0x0                (size_t) [0]
	[RSP+A40 ] 0x0                (size_t) [0]
	[RSP+A48 ] 0x1DBBED05E90      (void*)
	[RSP+A50 ] 0x57616B754E434C44 (size_t) [6296431905609043012]
	[RSP+A58 ] 0x646C726F         (size_t) [1684828783]
	[RSP+A60 ] 0x73C43DF500       (char*) ".esm"
	[RSP+A68 ] 0x7FFB451E1A20     (void* -> x-cell-og.dll+0071A20	lea r11, [rsp+0x190] |  E:\Projects\X-Cell-FO4\depends\vmm\source\vmmmain.cpp:789 voltek::memory_manager::memory_manager::free (mangled: ?free@memory_manager@1voltek@@QEAA_NPEBX@Z))
	[RSP+A70 ] 0x2BA1             (size_t) [11169]
	[RSP+A78 ] 0x73C43DF500       (char*) ".esm"
	[RSP+A80 ] 0x1DBA3F4D260      (voltek::memory_manager::page_t<voltek::memory_manager::block_base_t<32>,voltek::core::bits_regions>*)
	[RSP+A88 ] 0x2B01             (size_t) [11009]
	[RSP+A90 ] 0x1DBA3F4D260      (voltek::memory_manager::page_t<voltek::memory_manager::block_base_t<32>,voltek::core::bits_regions>*)
	[RSP+A98 ] 0x2BA1             (size_t) [11169]
	[RSP+AA0 ] 0x0                (size_t) [0]
	[RSP+AA8 ] 0x7FFB451E3B06     (void* -> x-cell-og.dll+0073B06	mov al, 0x01 |  E:\Projects\X-Cell-FO4\depends\vmm\source\vmmpool.h:210 voltek::memory_manager::pool_t<voltek::memory_manager::block_base_t<32>,voltek::memory_manager::page_t<voltek::memory_manager::block_base_t<32>,voltek::core::bits_regions>,262144>::get_free_block (mangled: ?get_free_block@?$pool_t@U?$block_base_t@$0CA@@memory_manager@voltek@@V?$page_t@U?$block_base_t@$0CA@@memory_manager@voltek@@Vbits_regions@core@3@@23@$0EAAAA@@memory_manager@voltek@@QEAA_NAEAPEAU?$block_base_t@$0CA@@23@AEAPEAV?$page_t@U?$block_base_t@$0CA@@memory_manager@voltek@@Vbits_regions@core@3@@23@AEA_K@Z))
	[RSP+AB0 ] 0x73C43DF4D0       (void*)
	[RSP+AB8 ] 0x28               (size_t) [40]
	[RSP+AC0 ] 0x8                (size_t) [8]
	[RSP+AC8 ] 0x40               (size_t) [64]
	[RSP+AD0 ] 0x8                (size_t) [8]
	[RSP+AD8 ] 0x40               (size_t) [64]
	[RSP+AE0 ] 0x0                (size_t) [0]
	[RSP+AE8 ] 0x1DBA6234790      (voltek::memory_manager::memory_manager*)
	[RSP+AF0 ] 0x73C43DF4F0       (void*)
	[RSP+AF8 ] 0x7FFB451E0D58     (void* -> x-cell-og.dll+0070D58	lea r11, [rsp+0x60] |  E:\Projects\X-Cell-FO4\depends\vmm\source\vmmmain.cpp:482 voltek::memory_manager::memory_manager::alloc (mangled: ?alloc@memory_manager@1voltek@@QEAAPEAX_K@Z))
	[RSP+B00 ] 0x4                (size_t) [4]
	[RSP+B08 ] 0x73C43DF4C0       (void*)
	[RSP+B10 ] 0x4                (size_t) [4]
	[RSP+B18 ] 0x1DBBFDBAD10      (void*)
	[RSP+B20 ] 0x4                (size_t) [4]
	[RSP+B28 ] 0x1DBBED05E90      (void*)
	[RSP+B30 ] 0x1DBBFDBAD00      (void*)
	[RSP+B38 ] 0x1DBBDB2E750      (voltek::memory_manager::page_t<voltek::memory_manager::block_base_t<64>,voltek::core::bits_regions>*)
	[RSP+B40 ] 0x1058F            (size_t) [66959]
	[RSP+B48 ] 0x7FFB45292C00     (void* -> x-cell-og.dll+0122C00	nop |  ??_7simple_scope_lock@_internal@core@voltek@@6B@_122C00)
	[RSP+B50 ] 0x1DBA62347C0      (voltek::core::_internal::simple_lock*)
	[RSP+B58 ] 0x73C43DF3E0       (char*) "DLCNukaWorld"
	[RSP+B60 ] 0x104000C          (size_t) [17039372]
	[RSP+B68 ] 0x4                (size_t) [4]
	[RSP+B70 ] 0x1006D73652E      (size_t) [1101347906862]
	[RSP+B78 ] 0x0                (size_t) [0]
	[RSP+B80 ] 0x7FF76F600B00     (void* -> Fallout4.exe+58D0B00	add [rax], al |  aDiveBombChance_58D0B00)
	[RSP+B88 ] 0x7FFB4517B2CD     (void* -> x-cell-og.dll+000B2CD	mov rbx, [rsp+0xB0] |  E:\Projects\X-Cell-FO4\source\XCellModuleMemory.cpp:72 XCell::memory_manager::alloc (mangled: ?alloc@memory_manager@XCell@@SAPEAX_K0_N1@Z))
	[RSP+B90 ] 0x4                (size_t) [4]
	[RSP+B98 ] 0x7FFB4517B2CD     (void* -> x-cell-og.dll+000B2CD	mov rbx, [rsp+0xB0] |  E:\Projects\X-Cell-FO4\source\XCellModuleMemory.cpp:72 XCell::memory_manager::alloc (mangled: ?alloc@memory_manager@XCell@@SAPEAX_K0_N1@Z))
	[RSP+BA0 ] 0x1DBD5644BA0      (void*)
	[RSP+BA8 ] 0x40               (size_t) [64]
	[RSP+BB0 ] 0x7FFB4528C260     (char*) "(alignment != 0) && ((alignment % 2) == 0)"
	[RSP+BB8 ] 0x4                (size_t) [4]
	[RSP+BC0 ] 0x7FFB4528C260     (char*) "(alignment != 0) && ((alignment % 2) == 0)"
	[RSP+BC8 ] 0x4                (size_t) [4]
	[RSP+BD0 ] 0x7FFB45292C00     (void* -> x-cell-og.dll+0122C00	nop |  ??_7simple_scope_lock@_internal@core@voltek@@6B@_122C00)
	[RSP+BD8 ] 0x1DBA62347C0      (voltek::core::_internal::simple_lock*)
	[RSP+BE0 ] 0x7FFB45292C00     (void* -> x-cell-og.dll+0122C00	nop |  ??_7simple_scope_lock@_internal@core@voltek@@6B@_122C00)
	[RSP+BE8 ] 0x1DBA62347C0      (voltek::core::_internal::simple_lock*)
	[RSP+BF0 ] 0x608AD6770069     (size_t) [106149419876457]
	[RSP+BF8 ] 0x7FFBB6E56529     (void* -> MSVCR110.dll+0036529	xor eax, eax)
	[RSP+C00 ] 0x8                (size_t) [8]
	[RSP+C08 ] 0x1DBBED05E90      (void*)
	[RSP+C10 ] 0x1DC514B3129      (void*)
	[RSP+C18 ] 0x0                (size_t) [0]
	[RSP+C20 ] 0x1DBBFDBAD10      (void*)
	[RSP+C28 ] 0x7FF76B8411C2     (void* -> Fallout4.exe+1B111C2	mov [rbx], rbp |  BSTArrayHeapAllocator::Reallocate(uint,uint,uint,uint,uint)_1B111C2)
	[RSP+C30 ] 0x7FF76F601AC0     (void* -> Fallout4.exe+58D1AC0	adc [rbp+0x1DBBFDB], ch |  aDiveBombChance_58D1AC0)
	[RSP+C38 ] 0x7FF76B841042     (void* -> Fallout4.exe+1B11042	mov rcx, rax |  BSTArrayHeapAllocator::Allocate(uint,uint)_1B11042)
	[RSP+C40 ] 0x1DBD5644B01      (void*)
	[RSP+C48 ] 0x8                (size_t) [8]
	[RSP+C50 ] 0x1DBBE4BBCA0      (void*)
	[RSP+C58 ] 0x0                (size_t) [0]
	[RSP+C60 ] 0x7FF76C97A948     (void* -> Fallout4.exe+2C4A948	shl byte ptr [rdx], 0x01 |  hkbInternal::hks::execute<0>(hkbInternal::lua_State*,hkbInternal::hksInstruction*,int)_2C4A948)
	[RSP+C68 ] 0x7FF76B840DE3     (void* -> Fallout4.exe+1B10DE3	test al, al |  BSTArrayBase::AddUninitialized(BSTArrayBase::IAllocatorFunctor&,uint,uint)_1B10DE3)
	[RSP+C70 ] 0x6                (size_t) [6]
	[RSP+C78 ] 0x73C43DF500       (char*) ".esm"
	[RSP+C80 ] 0x1DB01040004      (size_t) [2040126504964]
	[RSP+C88 ] 0x1DBD5644BA0      (void*)
	[RSP+C90 ] 0x7FF76C97A948     (void* -> Fallout4.exe+2C4A948	shl byte ptr [rdx], 0x01 |  hkbInternal::hks::execute<0>(hkbInternal::lua_State*,hkbInternal::hksInstruction*,int)_2C4A948)
	[RSP+C98 ] 0x1DBD5643B60      (void*)
	[RSP+CA0 ] 0x7FF76F600B00     (void* -> Fallout4.exe+58D0B00	add [rax], al |  aDiveBombChance_58D0B00)
	[RSP+CA8 ] 0x7FF769E46E9F     (void* -> Fallout4.exe+0116E9F	mov r14, [r14+0x08] |  TESDataHandler::CompileFiles(bool)_116E9F)
	[RSP+CB0 ] 0x7FF76F601AC0     (void* -> Fallout4.exe+58D1AC0	adc [rbp+0x1DBBFDB], ch |  aDiveBombChance_58D1AC0)
	[RSP+CB8 ] 0x7FF76F600B00     (void* -> Fallout4.exe+58D0B00	add [rax], al |  aDiveBombChance_58D0B00)
	[RSP+CC0 ] 0x7FF76C986440     (void* -> Fallout4.exe+2C56440	and byte ptr [rax-0x1B], 0x69 |  hkbInternal::hks::execute<0>(hkbInternal::lua_State*,hkbInternal::hksInstruction*,int)_2C56440)
	[RSP+CC8 ] 0x7FF76C986470     (void* -> Fallout4.exe+2C56470	loopne 0x00007FF76C9864D5 |  hkbInternal::hks::execute<0>(hkbInternal::lua_State*,hkbInternal::hksInstruction*,int)_2C56470)
	[RSP+CD0 ] 0x1DC514B33F0      (char*) "	"
	[RSP+CD8 ] 0x7FF76A9BC018     (void* -> Fallout4.exe+0C8C018	mov [rdi], ebx |  TESAudio::InitSDM(BSTEventSource<BGSActorCellEvent>*)_C8C018)
	[RSP+CE0 ] 0x7FF76C9796C8     (void* -> Fallout4.exe+2C496C8	 |  hkbInternal::hks::execute<0>(hkbInternal::lua_State*,hkbInternal::hksInstruction*,int)_2C496C8)
	[RSP+CE8 ] 0x7FF76F601AC0     (void* -> Fallout4.exe+58D1AC0	adc [rbp+0x1DBBFDB], ch |  aDiveBombChance_58D1AC0)
	[RSP+CF0 ] 0x66               (size_t) [102]
	[RSP+CF8 ] 0x9C0              (size_t) [2496]
	[RSP+D00 ] 0x1DBC02DB360      (SceneGraph*)
		Name: "WorldRoot Node"
		RTTIName: "SceneGraph"
		Flags: 280e
		Name: "WorldRoot Node"
	[RSP+D08 ] 0x0                (size_t) [0]
	[RSP+D10 ] 0x0                (size_t) [0]
	[RSP+D18 ] 0x1DC514B2A00      (void*)
	[RSP+D20 ] 0x7FF76D4BE400     (void* -> Fallout4.exe+378E400	cmp [rdx+0x7FF76CA6], bh |  aDiveBombChance_378E400)
	[RSP+D28 ] 0x1DBC02E5A70      (NiNode*)
		Name: "ObjectLODRoot"
		RTTIName: "NiNode"
		Flags: 280e
		Checking Parent: 
			Name: "shadow scene node"
			RTTIName: "ShadowSceneNode"
			Flags: 280e
			Checking Parent: 
				Name: "WorldRoot Node"
				RTTIName: "SceneGraph"
				Flags: 280e
		Name: "ObjectLODRoot"
	[RSP+D30 ] 0x7FF76D4BE400     (void* -> Fallout4.exe+378E400	cmp [rdx+0x7FF76CA6], bh |  aDiveBombChance_378E400)
	[RSP+D38 ] 0x7FF76AA67CD4     (void* -> Fallout4.exe+0D37CD4	call 0x00007FF76B9DEE50 |  Main::InitTES(NiNode*)_D37CD4)
	[RSP+D40 ] 0x7FF700200000     (size_t) [140698835746816]
	[RSP+D48 ] 0x1DBDD295300      (void*)
	[RSP+D50 ] 0x7FF700000002     (size_t) [140698833649666]
	[RSP+D58 ] 0x1DC514B33F0      (char*) "	"
	[RSP+D60 ] 0x0                (size_t) [0]
	[RSP+D68 ] 0x1DBC02E5650      (NiNode*)
		Name: "WaterLOD"
		RTTIName: "NiNode"
		Flags: 280e
		Checking Parent: 
			Name: "LODRoot"
			RTTIName: "BSClearZNode"
			Flags: e
			Checking Parent: 
				Name: "shadow scene node"
				RTTIName: "ShadowSceneNode"
				Flags: 280e
				Checking Parent: 
					Name: "WorldRoot Node"
					RTTIName: "SceneGraph"
					Flags: 280e
		Name: "WaterLOD"
	[RSP+D70 ] 0x608A00000000     (size_t) [106145821753344]
	[RSP+D78 ] 0x0                (size_t) [0]
	[RSP+D80 ] 0x80000            (size_t) [524288]
	[RSP+D88 ] 0x7FF700000000     (size_t) [140698833649664]
	[RSP+D90 ] 0x0                (size_t) [0]
	[RSP+D98 ] 0x0                (size_t) [0]
	[RSP+DA0 ] 0x4                (size_t) [4]
	[RSP+DA8 ] 0x1DBBDC67EE0      (void*)
	[RSP+DB0 ] 0x7FF76F80D640     (GameScript::PathingCallbackMgr*)
	[RSP+DB8 ] 0x7FF76B840DBA     (void* -> Fallout4.exe+1B10DBA	test al, al |  BSTArrayBase::AddUninitialized(BSTArrayBase::IAllocatorFunctor&,uint,uint)_1B10DBA)
	[RSP+DC0 ] 0x7FF76F7D5178     (void* -> Fallout4.exe+5AA5178	add [rax], eax |  aDiveBombChance_5AA5178)
	[RSP+DC8 ] 0x7FF76F7D5168     (void* -> Fallout4.exe+5AA5168	jo 0x00007FF76F7D51BF |  aDiveBombChance_5AA5168)
	[RSP+DD0 ] 0x0                (size_t) [0]
	[RSP+DD8 ] 0x0                (size_t) [0]
	[RSP+DE0 ] 0x0                (size_t) [0]
	[RSP+DE8 ] 0x0                (size_t) [0]
	[RSP+DF0 ] 0x7FF76F7D5160     (void* -> Fallout4.exe+5AA5160	add [rax], al |  aDiveBombChance_5AA5160)
	[RSP+DF8 ] 0x7FF76B071B9B     (void* -> Fallout4.exe+1341B9B	cmp eax, 0xFFFFFFFF |  BSTEventSource<BSPathEvent>::RegisterSink(BSTEventSink<BSPathEvent>*)_1341B9B)
	[RSP+E00 ] 0x7FF76F7D5160     (void* -> Fallout4.exe+5AA5160	add [rax], al |  aDiveBombChance_5AA5160)
	[RSP+E08 ] 0x0                (size_t) [0]
	[RSP+E10 ] 0x1DC514B33F0      (char*) "	"
	[RSP+E18 ] 0x0                (size_t) [0]
	[RSP+E20 ] 0x0                (size_t) [0]
	[RSP+E28 ] 0x7FFC72C4D369     (void* -> KERNELBASE.dll+006D369	nop [rax+rax*1], eax)
	[RSP+E30 ] 0x0                (size_t) [0]
	[RSP+E38 ] 0x0                (size_t) [0]
	[RSP+E40 ] 0x7FF76C97A948     (void* -> Fallout4.exe+2C4A948	shl byte ptr [rdx], 0x01 |  hkbInternal::hks::execute<0>(hkbInternal::lua_State*,hkbInternal::hksInstruction*,int)_2C4A948)
	[RSP+E48 ] 0x7FF76F7D5168     (void* -> Fallout4.exe+5AA5168	jo 0x00007FF76F7D51BF |  aDiveBombChance_5AA5168)
	[RSP+E50 ] 0x7FF76F80D640     (GameScript::PathingCallbackMgr*)
	[RSP+E58 ] 0x7FF76B06FDE6     (void* -> Fallout4.exe+133FDE6	mov [rsi], ebx |  GameScript::PathingCallbackMgr::PathingCallbackMgr(void)_133FDE6)
	[RSP+E60 ] 0x0                (size_t) [0]
	[RSP+E68 ] 0x1DC514B33F0      (char*) "	"
	[RSP+E70 ] 0x2                (size_t) [2]
	[RSP+E78 ] 0x0                (size_t) [0]
	[RSP+E80 ] 0x1DC514B33F0      (char*) "	"
	[RSP+E88 ] 0x7FF76B0A1DAA     (void* -> Fallout4.exe+1371DAA	mov [0x00007FF76F80CF30], rax |  GameVM::PostThreadInit(void)_1371DAA)
	[RSP+E90 ] 0x2                (size_t) [2]
	[RSP+E98 ] 0x0                (size_t) [0]
	[RSP+EA0 ] 0x0                (size_t) [0]
	[RSP+EA8 ] 0x0                (size_t) [0]
	[RSP+EB0 ] 0x0                (size_t) [0]
	[RSP+EB8 ] 0x7FF76AA6F253     (void* -> Fallout4.exe+0D3F253	call 0x00007FF76AA6E910 |  `anonymous_namespace'::Main_InitGameData(void)_D3F253)
	[RSP+EC0 ] 0x2                (size_t) [2]
	[RSP+EC8 ] 0x0                (size_t) [0]
	[RSP+ED0 ] 0x0                (size_t) [0]
	[RSP+ED8 ] 0x1DC514B33F0      (char*) "	"
	[RSP+EE0 ] 0x0                (size_t) [0]
	[RSP+EE8 ] 0x7FF76AA835A9     (void* -> Fallout4.exe+0D535A9	call 0x00007FF76B88CBC0 |  `anonymous_namespace'::InitGameDataThread::ThreadProc(void)_D535A9)
	[RSP+EF0 ] 0x1DBC260A050      (`anonymous namespace'::InitGameDataThread*)
	[RSP+EF8 ] 0x0                (size_t) [0]
	[RSP+F00 ] 0x0                (size_t) [0]
	[RSP+F08 ] 0x0                (size_t) [0]
	[RSP+F10 ] 0x1DBC260A050      (`anonymous namespace'::InitGameDataThread*)
	[RSP+F18 ] 0x7FFB55ADA8AC     (void* -> f4se_1_10_163.dll+000A8AC	mov rcx, [0x00007FFB55B9F7D8])
	[RSP+F20 ] 0x0                (size_t) [0]
	[RSP+F28 ] 0x0                (size_t) [0]
	[RSP+F30 ] 0x0                (size_t) [0]
	[RSP+F38 ] 0x0                (size_t) [0]
	[RSP+F40 ] 0x0                (size_t) [0]
	[RSP+F48 ] 0x0                (size_t) [0]
	[RSP+F50 ] 0x1DBC260A050      (`anonymous namespace'::InitGameDataThread*)
	[RSP+F58 ] 0x0                (size_t) [0]
	[RSP+F60 ] 0x0                (size_t) [0]
	[RSP+F68 ] 0x7FF76B84CFED     (void* -> Fallout4.exe+1B1CFED	mov rcx, [0x00007FF76F88BD38] |  BSThread::CallThreadProc(void)_1B1CFED)
	[RSP+F70 ] 0x0                (size_t) [0]
	[RSP+F78 ] 0x73C43DF920       (void*)
	[RSP+F80 ] 0x1DBBEC894C0      (void*)
	[RSP+F88 ] 0x0                (size_t) [0]
	[RSP+F90 ] 0x1DBC260A050      (`anonymous namespace'::InitGameDataThread*)
	[RSP+F98 ] 0x0                (size_t) [0]
	[RSP+FA0 ] 0x0                (size_t) [0]
	[RSP+FA8 ] 0x7FFC744EE8D7     (void* -> KERNEL32.DLL+002E8D7	mov ecx, eax)
	[RSP+FB0 ] 0x0                (size_t) [0]
	[RSP+FB8 ] 0x0                (size_t) [0]
	[RSP+FC0 ] 0x0                (size_t) [0]
	[RSP+FC8 ] 0x0                (size_t) [0]
	[RSP+FD0 ] 0x0                (size_t) [0]
	[RSP+FD8 ] 0x7FFC756FBF6C     (void* -> ntdll.dll+00BBF6C	jmp 0x00007FFC756FBF96)
	[RSP+FE0 ] 0x0                (size_t) [0]
	[RSP+FE8 ] 0x0                (size_t) [0]
	[RSP+FF0 ] 0x4F0FFFFFB30      (size_t) [5433133628208]
	[RSP+FF8 ] 0x4D0FFFFFB30      (size_t) [5295694674736]
	[RSP+1000] 0x21               (size_t) [33]
	[RSP+1008] 0x7FFC72CFAD90     (void* -> KERNELBASE.dll+011AD90	mov [rsp+0x10], rbx)
	[RSP+1010] 0x73C43DD480       (void*)
	[RSP+1018] 0x73C43DD480       (void*)
	[RSP+1020] 0x0                (size_t) [0]
	[RSP+1028] 0x0                (size_t) [0]
	[RSP+1030] 0x0                (size_t) [0]
	[RSP+1038] 0x0                (size_t) [0]
	[RSP+1040] 0x0                (size_t) [0]
	[RSP+1048] 0x0                (size_t) [0]
	[RSP+1050] 0x0                (size_t) [0]
	[RSP+1058] 0x0                (size_t) [0]
	[RSP+1060] 0x0                (size_t) [0]
	[RSP+1068] 0x0                (size_t) [0]
	[RSP+1070] 0x0                (size_t) [0]
	[RSP+1078] 0x0                (size_t) [0]
	[RSP+1080] 0x0                (size_t) [0]
	[RSP+1088] 0x0                (size_t) [0]
	[RSP+1090] 0x0                (size_t) [0]
	[RSP+1098] 0x0                (size_t) [0]
	[RSP+10A0] 0x0                (size_t) [0]
	[RSP+10A8] 0x0                (size_t) [0]
	[RSP+10B0] 0x0                (size_t) [0]
	[RSP+10B8] 0x0                (size_t) [0]
	[RSP+10C0] 0x0                (size_t) [0]
	[RSP+10C8] 0x0                (size_t) [0]
	[RSP+10D0] 0x0                (size_t) [0]
	[RSP+10D8] 0x0                (size_t) [0]
	[RSP+10E0] 0x0                (size_t) [0]
	[RSP+10E8] 0x0                (size_t) [0]
	[RSP+10F0] 0x0                (size_t) [0]
	[RSP+10F8] 0x0                (size_t) [0]
	[RSP+1100] 0x0                (size_t) [0]
	[RSP+1108] 0x0                (size_t) [0]
	[RSP+1110] 0x0                (size_t) [0]
	[RSP+1118] 0x0                (size_t) [0]
	[RSP+1120] 0x0                (size_t) [0]
	[RSP+1128] 0x0                (size_t) [0]
	[RSP+1130] 0x0                (size_t) [0]
	[RSP+1138] 0x0                (size_t) [0]
	[RSP+1140] 0x0                (size_t) [0]
	[RSP+1148] 0x0                (size_t) [0]
	[RSP+1150] 0x0                (size_t) [0]
	[RSP+1158] 0x0                (size_t) [0]
	[RSP+1160] 0x0                (size_t) [0]
	[RSP+1168] 0x0                (size_t) [0]
	[RSP+1170] 0x0                (size_t) [0]
	[RSP+1178] 0x0                (size_t) [0]
	[RSP+1180] 0x0                (size_t) [0]
	[RSP+1188] 0x0                (size_t) [0]
	[RSP+1190] 0x0                (size_t) [0]
	[RSP+1198] 0x0                (size_t) [0]
	[RSP+11A0] 0x0                (size_t) [0]
	[RSP+11A8] 0x0                (size_t) [0]
	[RSP+11B0] 0x0                (size_t) [0]
	[RSP+11B8] 0x0                (size_t) [0]
	[RSP+11C0] 0x0                (size_t) [0]
	[RSP+11C8] 0x0                (size_t) [0]
	[RSP+11D0] 0x0                (size_t) [0]
	[RSP+11D8] 0x0                (size_t) [0]
	[RSP+11E0] 0x0                (size_t) [0]
	[RSP+11E8] 0x0                (size_t) [0]
	[RSP+11F0] 0x0                (size_t) [0]
	[RSP+11F8] 0x0                (size_t) [0]
	[RSP+1200] 0x0                (size_t) [0]
	[RSP+1208] 0x0                (size_t) [0]
	[RSP+1210] 0x0                (size_t) [0]
	[RSP+1218] 0x0                (size_t) [0]
	[RSP+1220] 0x0                (size_t) [0]
	[RSP+1228] 0x0                (size_t) [0]
	[RSP+1230] 0x0                (size_t) [0]
	[RSP+1238] 0x0                (size_t) [0]
	[RSP+1240] 0x0                (size_t) [0]
	[RSP+1248] 0x0                (size_t) [0]
	[RSP+1250] 0x0                (size_t) [0]
	[RSP+1258] 0x0                (size_t) [0]
	[RSP+1260] 0x0                (size_t) [0]
	[RSP+1268] 0x0                (size_t) [0]
	[RSP+1270] 0x0                (size_t) [0]
	[RSP+1278] 0x0                (size_t) [0]
	[RSP+1280] 0x0                (size_t) [0]
	[RSP+1288] 0x0                (size_t) [0]
	[RSP+1290] 0x0                (size_t) [0]
	[RSP+1298] 0x0                (size_t) [0]
	[RSP+12A0] 0x0                (size_t) [0]
	[RSP+12A8] 0x0                (size_t) [0]
	[RSP+12B0] 0x0                (size_t) [0]
	[RSP+12B8] 0x0                (size_t) [0]
	[RSP+12C0] 0x0                (size_t) [0]
	[RSP+12C8] 0x0                (size_t) [0]
	[RSP+12D0] 0x0                (size_t) [0]
	[RSP+12D8] 0x0                (size_t) [0]
	[RSP+12E0] 0x0                (size_t) [0]
	[RSP+12E8] 0x0                (size_t) [0]
	[RSP+12F0] 0x0                (size_t) [0]
	[RSP+12F8] 0x0                (size_t) [0]
	[RSP+1300] 0x0                (size_t) [0]
	[RSP+1308] 0x0                (size_t) [0]
	[RSP+1310] 0x0                (size_t) [0]
	[RSP+1318] 0x0                (size_t) [0]
	[RSP+1320] 0x0                (size_t) [0]
	[RSP+1328] 0x0                (size_t) [0]
	[RSP+1330] 0x0                (size_t) [0]
	[RSP+1338] 0x0                (size_t) [0]
	[RSP+1340] 0x0                (size_t) [0]
	[RSP+1348] 0x0                (size_t) [0]
	[RSP+1350] 0x0                (size_t) [0]
	[RSP+1358] 0x0                (size_t) [0]
	[RSP+1360] 0x0                (size_t) [0]
	[RSP+1368] 0x0                (size_t) [0]
	[RSP+1370] 0x0                (size_t) [0]
	[RSP+1378] 0x0                (size_t) [0]
	[RSP+1380] 0x0                (size_t) [0]
	[RSP+1388] 0x0                (size_t) [0]
	[RSP+1390] 0x0                (size_t) [0]
	[RSP+1398] 0x0                (size_t) [0]
	[RSP+13A0] 0x0                (size_t) [0]
	[RSP+13A8] 0x0                (size_t) [0]
	[RSP+13B0] 0x0                (size_t) [0]
	[RSP+13B8] 0x0                (size_t) [0]
	[RSP+13C0] 0x0                (size_t) [0]
	[RSP+13C8] 0x0                (size_t) [0]
	[RSP+13D0] 0x0                (size_t) [0]
	[RSP+13D8] 0x0                (size_t) [0]
	[RSP+13E0] 0x0                (size_t) [0]
	[RSP+13E8] 0x0                (size_t) [0]
	[RSP+13F0] 0x0                (size_t) [0]
	[RSP+13F8] 0x0                (size_t) [0]
	[RSP+1400] 0x0                (size_t) [0]
	[RSP+1408] 0x0                (size_t) [0]
	[RSP+1410] 0x0                (size_t) [0]
	[RSP+1418] 0x0                (size_t) [0]
	[RSP+1420] 0x0                (size_t) [0]
	[RSP+1428] 0x0                (size_t) [0]
	[RSP+1430] 0x0                (size_t) [0]
	[RSP+1438] 0x0                (size_t) [0]
	[RSP+1440] 0x0                (size_t) [0]
	[RSP+1448] 0x0                (size_t) [0]
	[RSP+1450] 0x0                (size_t) [0]
	[RSP+1458] 0x0                (size_t) [0]
	[RSP+1460] 0x0                (size_t) [0]
	[RSP+1468] 0x0                (size_t) [0]
	[RSP+1470] 0x0                (size_t) [0]
	[RSP+1478] 0x0                (size_t) [0]
	[RSP+1480] 0x0                (size_t) [0]
	[RSP+1488] 0x0                (size_t) [0]
	[RSP+1490] 0x0                (size_t) [0]
	[RSP+1498] 0x0                (size_t) [0]
	[RSP+14A0] 0x0                (size_t) [0]
	[RSP+14A8] 0x0                (size_t) [0]
	[RSP+14B0] 0x0                (size_t) [0]
	[RSP+14B8] 0x0                (size_t) [0]
	[RSP+14C0] 0x0                (size_t) [0]
	[RSP+14C8] 0x0                (size_t) [0]
	[RSP+14D0] 0x0                (size_t) [0]
	[RSP+14D8] 0x0                (size_t) [0]
	[RSP+14E0] 0x0                (size_t) [0]
	[RSP+14E8] 0x0                (size_t) [0]
	[RSP+14F0] 0x0                (size_t) [0]
	[RSP+14F8] 0x0                (size_t) [0]
	[RSP+1500] 0x0                (size_t) [0]
	[RSP+1508] 0x0                (size_t) [0]
	[RSP+1510] 0x0                (size_t) [0]
	[RSP+1518] 0x0                (size_t) [0]
	[RSP+1520] 0x0                (size_t) [0]
	[RSP+1528] 0x0                (size_t) [0]
	[RSP+1530] 0x0                (size_t) [0]
	[RSP+1538] 0x0                (size_t) [0]
	[RSP+1540] 0x0                (size_t) [0]
	[RSP+1548] 0x0                (size_t) [0]
	[RSP+1550] 0x0                (size_t) [0]
	[RSP+1558] 0x0                (size_t) [0]
	[RSP+1560] 0x0                (size_t) [0]
	[RSP+1568] 0x0                (size_t) [0]
	[RSP+1570] 0x0                (size_t) [0]
	[RSP+1578] 0x0                (size_t) [0]
	[RSP+1580] 0x0                (size_t) [0]
	[RSP+1588] 0x0                (size_t) [0]
	[RSP+1590] 0x0                (size_t) [0]
	[RSP+1598] 0x0                (size_t) [0]
	[RSP+15A0] 0x0                (size_t) [0]
	[RSP+15A8] 0x0                (size_t) [0]
	[RSP+15B0] 0x0                (size_t) [0]
	[RSP+15B8] 0x0                (size_t) [0]
	[RSP+15C0] 0x0                (size_t) [0]
	[RSP+15C8] 0x0                (size_t) [0]
	[RSP+15D0] 0x0                (size_t) [0]
	[RSP+15D8] 0x0                (size_t) [0]
	[RSP+15E0] 0x0                (size_t) [0]
	[RSP+15E8] 0x0                (size_t) [0]
	[RSP+15F0] 0x0                (size_t) [0]
	[RSP+15F8] 0x0                (size_t) [0]
	[RSP+1600] 0x0                (size_t) [0]
	[RSP+1608] 0x0                (size_t) [0]
	[RSP+1610] 0x0                (size_t) [0]
	[RSP+1618] 0x0                (size_t) [0]
	[RSP+1620] 0x0                (size_t) [0]
	[RSP+1628] 0x0                (size_t) [0]
	[RSP+1630] 0x0                (size_t) [0]
	[RSP+1638] 0x0                (size_t) [0]
	[RSP+1640] 0x0                (size_t) [0]
	[RSP+1648] 0x0                (size_t) [0]
	[RSP+1650] 0x0                (size_t) [0]
	[RSP+1658] 0x0                (size_t) [0]
	[RSP+1660] 0x0                (size_t) [0]
	[RSP+1668] 0x0                (size_t) [0]

MODULES:
	XINPUT1_3.dll                    0x000000400000
	X3DAudio1_7.dll                  0x00005F9C0000
	steam_api64.dll                  0x00005F9D0000
	SettlementOfUnlimitedSize.dll    0x01DBB76B0000
	Fallout4.exe                     0x7FF769D30000
	BackportedBA2Support.dll         0x7FFB39670000
	NvCamera64.dll                   0x7FFB3B0B0000
	XAudio2_7.dll                    0x7FFB3E140000
	d3dcompiler_47_64.dll            0x7FFB3E330000
	SUP_F4SE.dll                     0x7FFB409E0000
	gameoverlayrenderer64.dll        0x7FFB40D30000
	x-cell-og.dll                    0x7FFB45170000
	wsfw_identifier.dll              0x7FFB45CD0000
	RobCo_Patcher.dll                0x7FFB45DD0000
	po3_BaseObjectSwapperF4.dll      0x7FFB52370000
	XDI.dll                          0x7FFB52560000
	WhoseQuestIsItAnywayF4.dll       0x7FFB52940000
	mcm.dll                          0x7FFB529A0000
	Buffout4.dll                     0x7FFB52A40000
	place.dll                        0x7FFB54310000
	WeaponDebrisCrashFix.dll         0x7FFB54610000
	GardenOfEdenPapyrusExtender.dll  0x7FFB54660000
	UnlimitedFastTravel.dll          0x7FFB54E40000
	SprintStutteringFix.dll          0x7FFB556A0000
	HighFPSPhysicsFix.dll            0x7FFB556F0000
	f4ee.dll                         0x7FFB55800000
	BakaFramework.dll                0x7FFB55910000
	f4se_1_10_163.dll                0x7FFB55AD0000
	PowerGridTools.dll               0x7FFB56020000
	EscapeFreeze.dll                 0x7FFB561A0000
	MODExplorer.dll                  0x7FFB6BFA0000
	PlotUI.dll                       0x7FFB6C840000
	DisableCompanionCollision.dll    0x7FFB6C880000
	flexRelease_x64.dll              0x7FFB6C9C0000
	BetterConsole.dll                0x7FFB6FC10000
	Interior-NavCut-Fix.dll          0x7FFB6FE30000
	GFSDK_SSAO_D3D11.win64.dll       0x7FFB70840000
	cudart64_75.dll                  0x7FFB70D60000
	GFSDK_GodraysLib.x64.dll         0x7FFB72430000
	CONCRT140.dll                    0x7FFBAB450000
	steamclient64.dll                0x7FFBB0E90000
	MSVCP140_ATOMIC_WAIT.dll         0x7FFBB2D50000
	ResampleDmo.DLL                  0x7FFBB6660000
	DSOUND.DLL                       0x7FFBB6720000
	flexExtRelease_x64.dll           0x7FFBB6DC0000
	MSVCR110.dll                     0x7FFBB6E20000
	MSVCP110.dll                     0x7FFBB6F00000
	bink2w64.dll                     0x7FFBB6FB0000
	crafting_highlight_fix.dll       0x7FFBB7160000
	msdmo.dll                        0x7FFBB7DE0000
	ConsoleEx.dll                    0x7FFBB8330000
	encounter_zone_recalculation.dll 0x7FFBD0EA0000
	vstdlib_s64.dll                  0x7FFBE8C60000
	tier0_s64.dll                    0x7FFBE8D20000
	f4se_steam_loader.dll            0x7FFBEB300000
	MessageBus.dll                   0x7FFC18F50000
	DINPUT8.dll                      0x7FFC1A8F0000
	nvppex.dll                       0x7FFC33880000
	nvspcap64.dll                    0x7FFC38080000
	XINPUT9_1_0.dll                  0x7FFC42A50000
	nvToolsExt64_1.dll               0x7FFC455A0000
	winmmbase.dll                    0x7FFC47C10000
	inputhost.dll                    0x7FFC50CF0000
	OneCoreCommonProxyStub.dll       0x7FFC51800000
	textinputframework.dll           0x7FFC520A0000
	Windows.UI.dll                   0x7FFC53F80000
	MSVCP140.dll                     0x7FFC58830000
	WININET.dll                      0x7FFC58A90000
	VCRUNTIME140_1.dll               0x7FFC58D20000
	VCRUNTIME140.dll                 0x7FFC592D0000
	AUDIOSES.DLL                     0x7FFC5AFF0000
	COMCTL32.dll                     0x7FFC5D3C0000
	gdiplus.dll                      0x7FFC5D680000
	NvMessageBus.dll                 0x7FFC5E3C0000
	nvapi64.dll                      0x7FFC5E730000
	nvwgf2umx.dll                    0x7FFC5FA30000
	OneCoreUAPCommonProxyStub.dll    0x7FFC65360000
	WINMM.dll                        0x7FFC65E50000
	NvMemMapStoragex.dll             0x7FFC65E90000
	dbghelp.dll                      0x7FFC66300000
	nvgpucomp64.dll                  0x7FFC673E0000
	drvstore.dll                     0x7FFC6ADC0000
	cryptnet.dll                     0x7FFC6AF40000
	VERSION.dll                      0x7FFC6AF80000
	nvldumdx.dll                     0x7FFC6AFD0000
	dhcpcsvc.DLL                     0x7FFC6B430000
	WINHTTP.dll                      0x7FFC6B4B0000
	CoreUIComponents.dll             0x7FFC6B5E0000
	avrt.dll                         0x7FFC6BC70000
	MMDevApi.dll                     0x7FFC6C160000
	Microsoft.Internal.WarpPal.dll   0x7FFC6DB90000
	WindowsCodecs.dll                0x7FFC6DBB0000
	d3d11.dll                        0x7FFC6EC80000
	dcomp.dll                        0x7FFC6EEF0000
	CoreMessaging.dll                0x7FFC6F570000
	apphelp.dll                      0x7FFC6F9A0000
	Secur32.dll                      0x7FFC6FA40000
	uxtheme.dll                      0x7FFC6FAE0000
	directxdatabasehelper.dll        0x7FFC6FC70000
	dxcore.dll                       0x7FFC6FCD0000
	dxgi.dll                         0x7FFC6FD20000
	dwmapi.dll                       0x7FFC6FE80000
	resourcepolicyclient.dll         0x7FFC70200000
	windows.storage.dll              0x7FFC70500000
	HID.DLL                          0x7FFC70D50000
	IPHLPAPI.DLL                     0x7FFC71040000
	rsaenh.dll                       0x7FFC71580000
	kernel.appcore.dll               0x7FFC71620000
	ntmarta.dll                      0x7FFC717B0000
	SSPICLI.DLL                      0x7FFC71930000
	UMPDC.dll                        0x7FFC71B10000
	POWRPROF.dll                     0x7FFC71B30000
	MSWSOCK.dll                      0x7FFC71C30000
	gpapi.dll                        0x7FFC71CA0000
	CRYPTBASE.DLL                    0x7FFC71E60000
	wldp.dll                         0x7FFC71F00000
	CRYPTSP.dll                      0x7FFC71FE0000
	msasn1.dll                       0x7FFC72040000
	bcrypt.dll                       0x7FFC72170000
	devobj.dll                       0x7FFC724A0000
	CFGMGR32.dll                     0x7FFC724F0000
	profapi.dll                      0x7FFC72750000
	CRYPT32.dll                      0x7FFC72840000
	win32u.dll                       0x7FFC729C0000
	msvcp_win.dll                    0x7FFC729F0000
	gdi32full.dll                    0x7FFC72AA0000
	KERNELBASE.dll                   0x7FFC72BE0000
	wintypes.dll                     0x7FFC72FB0000
	ucrtbase.dll                     0x7FFC73120000
	wintrust.dll                     0x7FFC73270000
	bcryptPrimitives.dll             0x7FFC733C0000
	SHCORE.dll                       0x7FFC73460000
	msvcrt.dll                       0x7FFC73570000
	IMM32.DLL                        0x7FFC73620000
	SHELL32.dll                      0x7FFC736E0000
	USER32.dll                       0x7FFC73E70000
	MSCTF.dll                        0x7FFC74040000
	ADVAPI32.dll                     0x7FFC741A0000
	shlwapi.dll                      0x7FFC74260000
	ole32.dll                        0x7FFC74310000
	NSI.dll                          0x7FFC744B0000
	KERNEL32.DLL                     0x7FFC744C0000
	imagehlp.dll                     0x7FFC74590000
	PSAPI.DLL                        0x7FFC745D0000
	GDI32.dll                        0x7FFC74670000
	OLEAUT32.dll                     0x7FFC74720000
	clbcatq.dll                      0x7FFC749E0000
	WS2_32.dll                       0x7FFC74A90000
	sechost.dll                      0x7FFC74B10000
	SETUPAPI.dll                     0x7FFC74BC0000
	COMDLG32.dll                     0x7FFC75050000
	RPCRT4.dll                       0x7FFC75150000
	combase.dll                      0x7FFC75270000
	ntdll.dll                        0x7FFC75640000

F4SE PLUGINS:
	BackportedBA2Support.dll v1
	BakaFramework.dll v1.10
	BetterConsole.dll
	Buffout4.dll v1.37
	ConsoleEx.dll v1.2
	crafting_highlight_fix.dll
	DisableCompanionCollision.dll v1.0.1
	encounter_zone_recalculation.dll
	EscapeFreeze.dll v1
	f4ee.dll
	GardenOfEdenPapyrusExtender.dll v19.4
	HighFPSPhysicsFix.dll v0.8.11
	Interior-NavCut-Fix.dll v1.0.3
	mcm.dll
	MODExplorer.dll
	place.dll
	PlotUI.dll
	po3_BaseObjectSwapperF4.dll v1.1
	PowerGridTools.dll
	RobCo_Patcher.dll v3.6
	SettlementOfUnlimitedSize.dll
	SprintStutteringFix.dll v1.3
	SUP_F4SE.dll
	UnlimitedFastTravel.dll
	WeaponDebrisCrashFix.dll v1.3
	WhoseQuestIsItAnywayF4.dll v1
	wsfw_identifier.dll
	x-cell-og.dll v2
	XDI.dll

PLUGINS:
	Light: 0	Regular: 7	Total: 7
	[00] Fallout4.esm
	[01] DLCRobot.esm
	[02] DLCworkshop01.esm
	[03] DLCCoast.esm
	[04] DLCworkshop02.esm
	[05] DLCworkshop03.esm
	[06] DLCNukaWorld.esm
