Fallout 4 v1.10.163
Buffout 4 v1.35.1 Jul  5 2024 20:37:23

Unhandled exception "EXCEPTION_ACCESS_VIOLATION" at 0x7FF64BB1A512 Fallout4.exe+1B9A512	lock dec dword ptr [rcx+0x08]

	[Compatibility]
		F4EE: true
	[Debug]
		Symcache: c:symcache
		WaitForDebugger: false
	[Fixes]
		ActorIsHostileToActor: true
		BSLightingShaderMaterialGlowmap: true
		BackportedBA2Support: true
		CellInit: true
		CreateD3DAndSwapChain: true
		EncounterZoneReset: true
		FixScriptPageAllocation: true
		FixToggleScriptsCommand: true
		GameDataReady: true
		GreyMovies: true
		InteriorNavCut: true
		MagicEffectApplyEvent: true
		MovementPlanner: true
		PackageAllocateLocation: true
		PipboyLightInvFix: true
		SafeExit: true
		TESObjectREFRGetEncounterZone: true
		UnalignedLoad: true
		UtilityShader: true
		WorkBenchSwap: true
	[Patches]
		Achievements: true
		BSMTAManager: true
		BSPreCulledObjects: true
		BSTextureStreamerLocalHeap: false
		HavokMemorySystem: false
		INISettingCollection: true
		InputSwitch: false
		MaxStdIO: 2048
		MemoryManager: false
		MemoryManagerDebug: false
		ScaleformAllocator: false
		SmallBlockAllocator: false
		WorkshopMenu: true
	[Tweaks]
		MaxPapyrusOpsPerFrame: 2000
	[Warnings]
		CreateTexture2D: true
		ImageSpaceAdapter: true

SYSTEM SPECS:
	OS: Microsoft Windows 11 Pro v10.0.22621
	CPU: AuthenticAMD AMD Ryzen 7 7800X3D 8-Core Processor           
	GPU #1: Nvidia AD104 [GeForce RTX 4070]
	GPU #2: AMD Raphael
	GPU #3: Microsoft Basic Render Driver
	PHYSICAL MEMORY: 25.92 GB/63.15 GB


PROBABLE CALL STACK:
	[ 0] 0x7FF64BB1A512 Fallout4.exe+1B9A512 -> 1445982+0xB2	lock dec dword ptr [rcx+0x08]
	[ 1] 0x7FF64BB1A1A1 Fallout4.exe+1B9A1A1 -> 782736+0x81	mov eax, ebx
	[ 2] 0x7FF64BB18A60 Fallout4.exe+1B98A60 -> 273401+0x50	jmp 0x00007FF64BB18AA5
	[ 3] 0x7FF64A143FCC Fallout4.exe+01C3FCC -> 1575810+0x5BC	movzx r9d, byte ptr [rbp+0xB0]
	[ 4] 0x7FF64A142FE7 Fallout4.exe+01C2FE7 -> 224320+0x187	mov rsi, rax
	[ 5] 0x7FF64A13F6A9 Fallout4.exe+01BF6A9 -> 1115125+0x9F9	mov rbx, [rsp+0x40]
	[ 6] 0x7FF64A53963E Fallout4.exe+05B963E -> 203719+0x24E	test r13, r13
	[ 7] 0x7FF64A3882AB Fallout4.exe+04082AB -> 1419301+0x3B	mov rax, [rbx]
	[ 8] 0x7FF64ADE0EE5 Fallout4.exe+0E60EE5 -> 114457+0x685	movzx eax, byte ptr [0x00007FF64F854B00]
	[ 9] 0x7FF64ADECFCE Fallout4.exe+0E6CFCE -> 685791+0x1AE	mov rax, [r14+0x10]
	[10] 0x7FF64ACE2C8F Fallout4.exe+0D62C8F -> 1546751+0x284F	lock dec dword ptr [rbx+0x30]
	[11] 0x7FF64ACDEBB4 Fallout4.exe+0D5EBB4 -> 360114+0xA4	mov rbx, [rsp+0xB0]
	[12] 0x7FF64BC27E53 Fallout4.exe+1CA7E53 -> 1362677+0xA3	cmp qword ptr [rbx+0x48], 0x00
	[13] 0x7FF64BC249E0 Fallout4.exe+1CA49E0 -> 679918+0x20	mov rdx, rbx
	[14] 0x7FF64BC27701 Fallout4.exe+1CA7701 -> 1034198+0x261	jmp 0x00007FF64BC27790
	[15] 0x7FF64BA9CFED Fallout4.exe+1B1CFED -> 1079791+0x3D	mov rcx, [0x00007FF64FADBD38]
	[16] 0x7FF8780E257D KERNEL32.DLL+001257D
	[17] 0x7FF87950AF28    ntdll.dll+005AF28

REGISTERS:
	RAX 0x2658561ABF0      (BSSubIndexTriShape*)
		Name: "BaseMaleHands3rd:0"
		RTTIName: "BSSubIndexTriShape"
		Flags: e
		Checking TESObjectREFR: 
			Object Reference: 
			Flags: 0x00000008
			FormID: 0xFF00284E
			FormType: kNPC_ (45)
		Checking Parent: 
			Name: "skeleton.nif"
			RTTIName: "BSFadeNode"
			Flags: 230080400e
			Checking TESObjectREFR: 
				Object Reference: 
				Flags: 0x00000008
				FormID: 0xFF00284E
				FormType: kNPC_ (45)
		Name: "BaseMaleHands3rd:0"
	RCX 0x746E61           (size_t) [7630433]
	RDX 0x2654B20B3E0      (void*)
	RBX 0x26584E4BDE0      (NiTObjectArray<NiPointer<NiAVObject> >*)
	RSP 0xE6D4FEE9F0       (void*)
	RBP 0xE6D4FEEB90       (void*)
	RSI 0xE6D4FEEAA8       (void*)
	RDI 0x5                (size_t) [5]
	R8  0xE6D4FEEAA8       (void*)
	R9  0x0                (size_t) [0]
	R10 0xBDBDF2           (size_t) [12434930]
	R11 0xA96FFC35         (size_t) [2842688565]
	R12 0x26               (size_t) [38]
	R13 0x26301AE76E0      (void*)
	R14 0x26584E525F0      (NiNode*)
		Name: "Scene Root"
		RTTIName: "NiNode"
		Flags: 2088000e
		Name: "Scene Root"
	R15 0x2652AE7EEE0      (Actor*)
		Object Reference: 
		Flags: 0x00000008
		FormID: 0xFF00284E
		FormType: kNPC_ (45)
		Flags: 0x00400548
		FormID: 0xFF0021D6
		FormType: kACHR (65)

STACK:
	[RSP+0   ] 0xE600000005       (size_t) [987842478085]
	[RSP+8   ] 0x2658561ABF0      (BSSubIndexTriShape*)
		Name: "BaseMaleHands3rd:0"
		RTTIName: "BSSubIndexTriShape"
		Flags: e
		Checking TESObjectREFR: 
			Object Reference: 
			Flags: 0x00000008
			FormID: 0xFF00284E
			FormType: kNPC_ (45)
		Checking Parent: 
			Name: "skeleton.nif"
			RTTIName: "BSFadeNode"
			Flags: 230080400e
			Checking TESObjectREFR: 
				Object Reference: 
				Flags: 0x00000008
				FormID: 0xFF00284E
				FormType: kNPC_ (45)
		Name: "BaseMaleHands3rd:0"
	[RSP+10  ] 0xE6D4FEEB90       (void*)
	[RSP+18  ] 0x2658561ABF0      (BSSubIndexTriShape*)
		Name: "BaseMaleHands3rd:0"
		RTTIName: "BSSubIndexTriShape"
		Flags: e
		Checking TESObjectREFR: 
			Object Reference: 
			Flags: 0x00000008
			FormID: 0xFF00284E
			FormType: kNPC_ (45)
		Checking Parent: 
			Name: "skeleton.nif"
			RTTIName: "BSFadeNode"
			Flags: 230080400e
			Checking TESObjectREFR: 
				Object Reference: 
				Flags: 0x00000008
				FormID: 0xFF00284E
				FormType: kNPC_ (45)
		Name: "BaseMaleHands3rd:0"
	[RSP+20  ] 0x26584E4BDE0      (NiTObjectArray<NiPointer<NiAVObject> >*)
	[RSP+28  ] 0x7FF64BB1A1A1     (void* -> Fallout4.exe+1B9A1A1	mov eax, ebx)
	[RSP+30  ] 0x5                (size_t) [5]
	[RSP+38  ] 0x2636528C5B0      (BGSTextureSet*)
		File: "Fallout4.esm"
		Flags: 0x00000009
		EditorID: "SkinHandGhoulMale"
		FormID: 0x0004A833
		FormType: kTXST (09)
	[RSP+40  ] 0xE6D4FEEAA8       (void*)
	[RSP+48  ] 0x0                (size_t) [0]
	[RSP+50  ] 0x26584E4BCC0      (BSFadeNode*)
		Name: "skeleton.nif"
		RTTIName: "BSFadeNode"
		Flags: 230080400e
		Checking TESObjectREFR: 
			Object Reference: 
			Flags: 0x00000008
			FormID: 0xFF00284E
			FormType: kNPC_ (45)
		Name: "skeleton.nif"
	[RSP+58  ] 0x7FF64BB18A60     (void* -> Fallout4.exe+1B98A60	jmp 0x00007FF64BB18AA5)
	[RSP+60  ] 0x2658561ABF0      (BSSubIndexTriShape*)
		Name: "BaseMaleHands3rd:0"
		RTTIName: "BSSubIndexTriShape"
		Flags: e
		Checking TESObjectREFR: 
			Object Reference: 
			Flags: 0x00000008
			FormID: 0xFF00284E
			FormType: kNPC_ (45)
		Checking Parent: 
			Name: "skeleton.nif"
			RTTIName: "BSFadeNode"
			Flags: 230080400e
			Checking TESObjectREFR: 
				Object Reference: 
				Flags: 0x00000008
				FormID: 0xFF00284E
				FormType: kNPC_ (45)
		Name: "BaseMaleHands3rd:0"
	[RSP+68  ] 0x7FF64AD0E235     (void* -> Fallout4.exe+0D8E235	test al, al)
	[RSP+70  ] 0x1                (size_t) [1]
	[RSP+78  ] 0x26584E665A0      (BSFlattenedBoneTree*)
		Name: "Root"
		RTTIName: "BSFlattenedBoneTree"
		Flags: e
		Checking TESObjectREFR: 
			Object Reference: 
			Flags: 0x00000008
			FormID: 0xFF00284E
			FormType: kNPC_ (45)
		Checking Parent: 
			Name: "skeleton.nif"
			RTTIName: "BSFadeNode"
			Flags: 230080400e
			Checking TESObjectREFR: 
				Object Reference: 
				Flags: 0x00000008
				FormID: 0xFF00284E
				FormType: kNPC_ (45)
		Name: "Root"
	[RSP+80  ] 0x26584E5D120      (NiNode*)
		Name: "RArm_Hand"
		RTTIName: "NiNode"
		Flags: e
		Checking TESObjectREFR: 
			Object Reference: 
			Flags: 0x00000008
			FormID: 0xFF00284E
			FormType: kNPC_ (45)
		Checking Parent: 
			Name: "RArm_ForeArm3"
			RTTIName: "NiNode"
			Flags: e
			Checking TESObjectREFR: 
				Object Reference: 
				Flags: 0x00000008
				FormID: 0xFF00284E
				FormType: kNPC_ (45)
			Checking Parent: 
				Name: "RArm_ForeArm2"
				RTTIName: "NiNode"
				Flags: e
				Checking TESObjectREFR: 
					Object Reference: 
					Flags: 0x00000008
					FormID: 0xFF00284E
					FormType: kNPC_ (45)
				Checking Parent: 
					Name: "RArm_ForeArm1"
					RTTIName: "NiNode"
					Flags: e
					Checking TESObjectREFR: 
						Object Reference: 
						Flags: 0x00000008
						FormID: 0xFF00284E
						FormType: kNPC_ (45)
					Checking Parent: 
						Name: "RArm_UpperArm"
						RTTIName: "NiNode"
						Flags: e
						Checking TESObjectREFR: 
							Object Reference: 
							Flags: 0x00000008
							FormID: 0xFF00284E
							FormType: kNPC_ (45)
						Checking Parent: 
							Name: "RArm_Collarbone"
							RTTIName: "NiNode"
							Flags: e
							Checking TESObjectREFR: 
								Object Reference: 
								Flags: 0x00000008
								FormID: 0xFF00284E
								FormType: kNPC_ (45)
							Checking Parent: 
								Name: "Chest"
								RTTIName: "NiNode"
								Flags: e
								Checking TESObjectREFR: 
									Object Reference: 
									Flags: 0x00000008
									FormID: 0xFF00284E
									FormType: kNPC_ (45)
								Checking Parent: 
									Name: "SPINE2"
									RTTIName: "NiNode"
									Flags: e
									Checking TESObjectREFR: 
										Object Reference: 
										Flags: 0x00000008
										FormID: 0xFF00284E
										FormType: kNPC_ (45)
									Checking Parent: 
										Name: "SPINE1"
										RTTIName: "NiNode"
										Flags: e
										Checking TESObjectREFR: 
											Object Reference: 
											Flags: 0x00000008
											FormID: 0xFF00284E
											FormType: kNPC_ (45)
										Checking Parent: 
											Name: "COM"
											RTTIName: "NiNode"
											Flags: e
											Checking TESObjectREFR: 
												Object Reference: 
												Flags: 0x00000008
												FormID: 0xFF00284E
												FormType: kNPC_ (45)
											Checking Parent: 
												Name: "COM_Override"
												RTTIName: "NiNode"
												Flags: e
												Checking TESObjectREFR: 
													Object Reference: 
													Flags: 0x00000008
													FormID: 0xFF00284E
													FormType: kNPC_ (45)
												Checking Parent: 
													Name: "Root"
													RTTIName: "BSFlattenedBoneTree"
													Flags: e
													Checking TESObjectREFR: 
														Object Reference: 
														Flags: 0x00000008
														FormID: 0xFF00284E
														FormType: kNPC_ (45)
													Checking Parent: 
														Name: "skeleton.nif"
														RTTIName: "BSFadeNode"
														Flags: 230080400e
														Checking TESObjectREFR: 
															Object Reference: 
															Flags: 0x00000008
															FormID: 0xFF00284E
															FormType: kNPC_ (45)
		Name: "RArm_Hand"
	[RSP+88  ] 0xFFFFFFFF         (size_t) [4294967295]
	[RSP+90  ] 0x2658561ABF0      (BSSubIndexTriShape*)
		Name: "BaseMaleHands3rd:0"
		RTTIName: "BSSubIndexTriShape"
		Flags: e
		Checking TESObjectREFR: 
			Object Reference: 
			Flags: 0x00000008
			FormID: 0xFF00284E
			FormType: kNPC_ (45)
		Checking Parent: 
			Name: "skeleton.nif"
			RTTIName: "BSFadeNode"
			Flags: 230080400e
			Checking TESObjectREFR: 
				Object Reference: 
				Flags: 0x00000008
				FormID: 0xFF00284E
				FormType: kNPC_ (45)
		Name: "BaseMaleHands3rd:0"
	[RSP+98  ] 0x7FF64A143FCC     (void* -> Fallout4.exe+01C3FCC	movzx r9d, byte ptr [rbp+0xB0])
	[RSP+A0  ] 0x2658561B770      (void*)
	[RSP+A8  ] 0x2658561B768      (void*)
	[RSP+B0  ] 0x26584E4BCC0      (BSFadeNode*)
		Name: "skeleton.nif"
		RTTIName: "BSFadeNode"
		Flags: 230080400e
		Checking TESObjectREFR: 
			Object Reference: 
			Flags: 0x00000008
			FormID: 0xFF00284E
			FormType: kNPC_ (45)
		Name: "skeleton.nif"
	[RSP+B8  ] 0x2658561ABF0      (BSSubIndexTriShape*)
		Name: "BaseMaleHands3rd:0"
		RTTIName: "BSSubIndexTriShape"
		Flags: e
		Checking TESObjectREFR: 
			Object Reference: 
			Flags: 0x00000008
			FormID: 0xFF00284E
			FormType: kNPC_ (45)
		Checking Parent: 
			Name: "skeleton.nif"
			RTTIName: "BSFadeNode"
			Flags: 230080400e
			Checking TESObjectREFR: 
				Object Reference: 
				Flags: 0x00000008
				FormID: 0xFF00284E
				FormType: kNPC_ (45)
		Name: "BaseMaleHands3rd:0"
	[RSP+C0  ] 0x2658561ABF0      (BSSubIndexTriShape*)
		Name: "BaseMaleHands3rd:0"
		RTTIName: "BSSubIndexTriShape"
		Flags: e
		Checking TESObjectREFR: 
			Object Reference: 
			Flags: 0x00000008
			FormID: 0xFF00284E
			FormType: kNPC_ (45)
		Checking Parent: 
			Name: "skeleton.nif"
			RTTIName: "BSFadeNode"
			Flags: 230080400e
			Checking TESObjectREFR: 
				Object Reference: 
				Flags: 0x00000008
				FormID: 0xFF00284E
				FormType: kNPC_ (45)
		Name: "BaseMaleHands3rd:0"
	[RSP+C8  ] 0x7FFF47260460     (void* -> x-cell-fo4.dll+0010460	mov rbx, [rsp+0xB0])
	[RSP+D0  ] 0x2600000000       (size_t) [163208757248]
	[RSP+D8  ] 0x2652AE7EEE0      (Actor*)
		Object Reference: 
		Flags: 0x00000008
		FormID: 0xFF00284E
		FormType: kNPC_ (45)
		Flags: 0x00400548
		FormID: 0xFF0021D6
		FormType: kACHR (65)
	[RSP+E0  ] 0x265A7E89640      (BSSkin::Instance*)
	[RSP+E8  ] 0x2658561ABF0      (BSSubIndexTriShape*)
		Name: "BaseMaleHands3rd:0"
		RTTIName: "BSSubIndexTriShape"
		Flags: e
		Checking TESObjectREFR: 
			Object Reference: 
			Flags: 0x00000008
			FormID: 0xFF00284E
			FormType: kNPC_ (45)
		Checking Parent: 
			Name: "skeleton.nif"
			RTTIName: "BSFadeNode"
			Flags: 230080400e
			Checking TESObjectREFR: 
				Object Reference: 
				Flags: 0x00000008
				FormID: 0xFF00284E
				FormType: kNPC_ (45)
		Name: "BaseMaleHands3rd:0"
	[RSP+F0  ] 0x7FFF472FD098     (char*) "(alignment != 0 && alignment % 2 == 0)"
	[RSP+F8  ] 0x2652AE7EEE0      (Actor*)
		Object Reference: 
		Flags: 0x00000008
		FormID: 0xFF00284E
		FormType: kNPC_ (45)
		Flags: 0x00400548
		FormID: 0xFF0021D6
		FormType: kACHR (65)
	[RSP+100 ] 0x26               (size_t) [38]
	[RSP+108 ] 0x26584E4BCC0      (BSFadeNode*)
		Name: "skeleton.nif"
		RTTIName: "BSFadeNode"
		Flags: 230080400e
		Checking TESObjectREFR: 
			Object Reference: 
			Flags: 0x00000008
			FormID: 0xFF00284E
			FormType: kNPC_ (45)
		Name: "skeleton.nif"
	[RSP+110 ] 0x263B778B290      (void*)
	[RSP+118 ] 0x2658561BC70      (void*)
	[RSP+120 ] 0x27               (size_t) [39]
	[RSP+128 ] 0x7FFF00000026     (size_t) [140733193388070]
	[RSP+130 ] 0x7FF64CBC96C8     (void* -> Fallout4.exe+2C496C8	)
	[RSP+138 ] 0xE6D4FEEB00       (void*)
	[RSP+140 ] 0x26584E52710      (NiTObjectArray<NiPointer<NiAVObject> >*)
	[RSP+148 ] 0x25CB3D           (size_t) [2476861]
	[RSP+150 ] 0x80FF00000004     (size_t) [141832705015812]
	[RSP+158 ] 0x26301AE76F0      (void*)
	[RSP+160 ] 0x2650025CB3D      (void*)
	[RSP+168 ] 0x7FF64CBC9DB8     (void* -> Fallout4.exe+2C49DB8	loopne 0x00007FF64CBC9DD0)
	[RSP+170 ] 0xE6D4FEEB00       (void*)
	[RSP+178 ] 0x8C1024C1         (size_t) [2349868225]
	[RSP+180 ] 0x26               (size_t) [38]
	[RSP+188 ] 0x26301AE76E0      (void*)
	[RSP+190 ] 0xE6D4FEEAD0       (void*)
	[RSP+198 ] 0xE6D4FEEAF0       (char*) "&"
	[RSP+1A0 ] 0x3EFCE431BF5E97B8 (size_t) [4538753426797795256]
	[RSP+1A8 ] 0x0                (size_t) [0]
	[RSP+1B0 ] 0xBF5E97B8BEFCE431 (size_t) [uint: 13789625928789058609 int: -4657118144920493007]
	[RSP+1B8 ] 0x0                (size_t) [0]
	[RSP+1C0 ] 0x0                (size_t) [0]
	[RSP+1C8 ] 0x3F800000         (size_t) [1065353216]
	[RSP+1D0 ] 0xC48FF0334497DBA5 (size_t) [uint: 14163803456088300453 int: -4282940617621251163]
	[RSP+1D8 ] 0x3F8144BE4340FAB4 (size_t) [4576014280347941556]
	[RSP+1E0 ] 0xE6D4FEEC68       (void*)
	[RSP+1E8 ] 0x0                (size_t) [0]
	[RSP+1F0 ] 0x26301AE76E0      (void*)
	[RSP+1F8 ] 0xFFFFFFFF         (size_t) [4294967295]
	[RSP+200 ] 0x0                (size_t) [0]
	[RSP+208 ] 0x26584E525F0      (NiNode*)
		Name: "Scene Root"
		RTTIName: "NiNode"
		Flags: 2088000e
		Name: "Scene Root"
	[RSP+210 ] 0x26584E4BCC0      (BSFadeNode*)
		Name: "skeleton.nif"
		RTTIName: "BSFadeNode"
		Flags: 230080400e
		Checking TESObjectREFR: 
			Object Reference: 
			Flags: 0x00000008
			FormID: 0xFF00284E
			FormType: kNPC_ (45)
		Name: "skeleton.nif"
	[RSP+218 ] 0x26584E4BCC0      (BSFadeNode*)
		Name: "skeleton.nif"
		RTTIName: "BSFadeNode"
		Flags: 230080400e
		Checking TESObjectREFR: 
			Object Reference: 
			Flags: 0x00000008
			FormID: 0xFF00284E
			FormType: kNPC_ (45)
		Name: "skeleton.nif"
	[RSP+220 ] 0xE6D4FEEC69       (void*)
	[RSP+228 ] 0x7FF64A142FE7     (void* -> Fallout4.exe+01C2FE7	mov rsi, rax)
	[RSP+230 ] 0x26301AE76E0      (void*)
	[RSP+238 ] 0x26584E525F0      (NiNode*)
		Name: "Scene Root"
		RTTIName: "NiNode"
		Flags: 2088000e
		Name: "Scene Root"
	[RSP+240 ] 0x26584E4BCC0      (BSFadeNode*)
		Name: "skeleton.nif"
		RTTIName: "BSFadeNode"
		Flags: 230080400e
		Checking TESObjectREFR: 
			Object Reference: 
			Flags: 0x00000008
			FormID: 0xFF00284E
			FormType: kNPC_ (45)
		Name: "skeleton.nif"
	[RSP+248 ] 0x4                (size_t) [4]
	[RSP+250 ] 0x7FF64BCF1E00     (void* -> Fallout4.exe+1D71E00	or word ptr [rcx+0x18], 0x40)
	[RSP+258 ] 0x7FF649FD3142     (void* -> Fallout4.exe+0053142	test rsi, rsi)
	[RSP+260 ] 0x26584E525F0      (NiNode*)
		Name: "Scene Root"
		RTTIName: "NiNode"
		Flags: 2088000e
		Name: "Scene Root"
	[RSP+268 ] 0x0                (size_t) [0]
	[RSP+270 ] 0x2652AE7EEE0      (Actor*)
		Object Reference: 
		Flags: 0x00000008
		FormID: 0xFF00284E
		FormType: kNPC_ (45)
		Flags: 0x00400548
		FormID: 0xFF0021D6
		FormType: kACHR (65)
	[RSP+278 ] 0xE6D4FEECD8       (void*)
	[RSP+280 ] 0x0                (size_t) [0]
	[RSP+288 ] 0x8C1024C1         (size_t) [2349868225]
	[RSP+290 ] 0x0                (size_t) [0]
	[RSP+298 ] 0xE600000005       (size_t) [987842478085]
	[RSP+2A0 ] 0x4                (size_t) [4]
	[RSP+2A8 ] 0x26301AE76E0      (void*)
	[RSP+2B0 ] 0xEAFB8            (size_t) [962488]
	[RSP+2B8 ] 0x160              (size_t) [352]
	[RSP+2C0 ] 0x26584E525F0      (NiNode*)
		Name: "Scene Root"
		RTTIName: "NiNode"
		Flags: 2088000e
		Name: "Scene Root"
	[RSP+2C8 ] 0x2653AABC3C0      (NiNode*)
		Name: "Scene Root"
		RTTIName: "NiNode"
		Flags: 88000e
		Name: "Scene Root"
	[RSP+2D0 ] 0xE6D4FEEDD0       (void*)
	[RSP+2D8 ] 0x7FF64A13F6A9     (void* -> Fallout4.exe+01BF6A9	mov rbx, [rsp+0x40])
	[RSP+2E0 ] 0x2652AE7EEE0      (Actor*)
		Object Reference: 
		Flags: 0x00000008
		FormID: 0xFF00284E
		FormType: kNPC_ (45)
		Flags: 0x00400548
		FormID: 0xFF0021D6
		FormType: kACHR (65)
	[RSP+2E8 ] 0x2652AE7EE01      (void*)
	[RSP+2F0 ] 0xE600000004       (size_t) [987842478084]
	[RSP+2F8 ] 0x100              (size_t) [256]
	[RSP+300 ] 0x0                (size_t) [0]
	[RSP+308 ] 0x26300000000      (size_t) [2624225017856]
	[RSP+310 ] 0x264E77A5158      (char*) "SkinGhoulNaked"
	[RSP+318 ] 0x264000EAFB8      (void*)
	[RSP+320 ] 0x2652AE7EEE0      (Actor*)
		Object Reference: 
		Flags: 0x00000008
		FormID: 0xFF00284E
		FormType: kNPC_ (45)
		Flags: 0x00400548
		FormID: 0xFF0021D6
		FormType: kACHR (65)
	[RSP+328 ] 0x2652AE7EEE0      (Actor*)
		Object Reference: 
		Flags: 0x00000008
		FormID: 0xFF00284E
		FormType: kNPC_ (45)
		Flags: 0x00400548
		FormID: 0xFF0021D6
		FormType: kACHR (65)
	[RSP+330 ] 0x26301AE7840      (void*)
	[RSP+338 ] 0x4                (size_t) [4]
	[RSP+340 ] 0x0                (size_t) [0]
	[RSP+348 ] 0x26301AE76E0      (void*)
	[RSP+350 ] 0x26368E09250      (TESNPC*)
		File: "DiverseWastelandImmersionPack.esp"
		Modified by: DiverseWasteland.esp -> DiverseWastelandImmersionPack.esp
		Flags: 0x00040008
		FormID: 0x93000B55
		FormType: kNPC_ (45)
		File: "DiverseWastelandImmersionPack.esp"
		Modified by: DiverseWasteland.esp -> DiverseWastelandImmersionPack.esp
		Flags: 0x00040008
		FormID: 0x93000B55
		FormType: kNPC_ (45)
		GetFullName: "Settler"
	[RSP+358 ] 0x3                (size_t) [3]
	[RSP+360 ] 0x2C               (size_t) [44]
	[RSP+368 ] 0x7FF64A11855D     (void* -> Fallout4.exe+019855D	cmp dword ptr [rsp+0x30], 0x01)
	[RSP+370 ] 0x26584E525F0      (NiNode*)
		Name: "Scene Root"
		RTTIName: "NiNode"
		Flags: 2088000e
		Name: "Scene Root"
	[RSP+378 ] 0xE6D4FEF048       (void*)
	[RSP+380 ] 0x7FF64FDCFE60     (void* -> Fallout4.exe+5E4FE60	add [rax], al)
	[RSP+388 ] 0x160              (size_t) [352]
	[RSP+390 ] 0x0                (size_t) [0]
	[RSP+398 ] 0x4                (size_t) [4]
	[RSP+3A0 ] 0x0                (size_t) [0]
	[RSP+3A8 ] 0x26324F86770      (void*)
	[RSP+3B0 ] 0x26301AE7888      (void*)
	[RSP+3B8 ] 0x0                (size_t) [0]
	[RSP+3C0 ] 0x26301AE76E0      (void*)
	[RSP+3C8 ] 0xE6D4FEEFB8       (void*)
	[RSP+3D0 ] 0xE6D4FEF048       (void*)
	[RSP+3D8 ] 0x100D4FEEE50      (size_t) [1103085104720]
	[RSP+3E0 ] 0xFA000000D6       (size_t) [1073741824214]
	[RSP+3E8 ] 0x7FF64D658CA8     (void* -> Fallout4.exe+36D8CA8	fisubr st0, word ptr [rbp-0x52211042])
	[RSP+3F0 ] 0xE6D4FEEFC0       (void*)
	[RSP+3F8 ] 0x263022FF780      (void*)
	[RSP+400 ] 0x0                (size_t) [0]
	[RSP+408 ] 0x10000000001      (size_t) [1099511627777]
	[RSP+410 ] 0xFB000000D7       (size_t) [1078036791511]
	[RSP+418 ] 0x7FF64D658CAC     (void* -> Fallout4.exe+36D8CAC	fisubr st0, word ptr [rbp+0x2CD8EFBE])
	[RSP+420 ] 0x0                (size_t) [0]
	[RSP+428 ] 0x2630298ABC0      (void*)
	[RSP+430 ] 0x2400000001       (size_t) [154618822657]
	[RSP+438 ] 0x3F8000003F800000 (size_t) [4575657222473777152]
	[RSP+440 ] 0x2653F800000      (void*)
	[RSP+448 ] 0x1                (size_t) [1]
	[RSP+450 ] 0x6F684764656B614E (size_t) [8027744832311746894]
	[RSP+458 ] 0x2073646E61486C75 (size_t) [2338323056776735861]
	[RSP+460 ] 0x4246414530303028 (size_t) [4775576220290002984]
	[RSP+468 ] 0x6B532F5D305B2941 (size_t) [7733577062415018305]
	[RSP+470 ] 0x4E6C756F68476E69 (size_t) [5651020753794461289]
	[RSP+478 ] 0x3030282064656B61 (size_t) [3472319432291085153]
	[RSP+480 ] 0x29384246414530   (size_t) [11602331342816560]
	[RSP+488 ] 0x5F73656974696C69 (size_t) [6877952559523916905]
	[RSP+490 ] 0x3030304232282033 (size_t) [3472328373570117683]
	[RSP+498 ] 0x7265760029444246 (size_t) [8243124436035977798]
	[RSP+4A0 ] 0x52796D6D75445C73 (size_t) [5942901500178357363]
	[RSP+4A8 ] 0x2E72657665696365 (size_t) [3346849032271651685]
	[RSP+4B0 ] 0x2650066696E      (void*)
	[RSP+4B8 ] 0x7FF64BB1913C     (void* -> Fallout4.exe+1B9913C	test rax, rax)
	[RSP+4C0 ] 0x0                (size_t) [0]
	[RSP+4C8 ] 0x264F26B8B80      (void*)
	[RSP+4D0 ] 0x26584E4BCC0      (BSFadeNode*)
		Name: "skeleton.nif"
		RTTIName: "BSFadeNode"
		Flags: 230080400e
		Checking TESObjectREFR: 
			Object Reference: 
			Flags: 0x00000008
			FormID: 0xFF00284E
			FormType: kNPC_ (45)
		Name: "skeleton.nif"
	[RSP+4D8 ] 0x2652AE7EEE0      (Actor*)
		Object Reference: 
		Flags: 0x00000008
		FormID: 0xFF00284E
		FormType: kNPC_ (45)
		Flags: 0x00400548
		FormID: 0xFF0021D6
		FormType: kACHR (65)
	[RSP+4E0 ] 0x26584E63000      (NiNode*)
		Name: "Bone_Cloth_L_002"
		RTTIName: "NiNode"
		Flags: e
		Checking TESObjectREFR: 
			Object Reference: 
			Flags: 0x00000008
			FormID: 0xFF00284E
			FormType: kNPC_ (45)
		Checking Parent: 
			Name: "Bone_Cloth_L_001"
			RTTIName: "NiNode"
			Flags: e
			Checking TESObjectREFR: 
				Object Reference: 
				Flags: 0x00000008
				FormID: 0xFF00284E
				FormType: kNPC_ (45)
			Checking Parent: 
				Name: "Spine1_skin"
				RTTIName: "NiNode"
				Flags: e
				Checking TESObjectREFR: 
					Object Reference: 
					Flags: 0x00000008
					FormID: 0xFF00284E
					FormType: kNPC_ (45)
				Checking Parent: 
					Name: "SPINE1"
					RTTIName: "NiNode"
					Flags: e
					Checking TESObjectREFR: 
						Object Reference: 
						Flags: 0x00000008
						FormID: 0xFF00284E
						FormType: kNPC_ (45)
					Checking Parent: 
						Name: "COM"
						RTTIName: "NiNode"
						Flags: e
						Checking TESObjectREFR: 
							Object Reference: 
							Flags: 0x00000008
							FormID: 0xFF00284E
							FormType: kNPC_ (45)
						Checking Parent: 
							Name: "COM_Override"
							RTTIName: "NiNode"
							Flags: e
							Checking TESObjectREFR: 
								Object Reference: 
								Flags: 0x00000008
								FormID: 0xFF00284E
								FormType: kNPC_ (45)
							Checking Parent: 
								Name: "Root"
								RTTIName: "BSFlattenedBoneTree"
								Flags: e
								Checking TESObjectREFR: 
									Object Reference: 
									Flags: 0x00000008
									FormID: 0xFF00284E
									FormType: kNPC_ (45)
								Checking Parent: 
									Name: "skeleton.nif"
									RTTIName: "BSFadeNode"
									Flags: 230080400e
									Checking TESObjectREFR: 
										Object Reference: 
										Flags: 0x00000008
										FormID: 0xFF00284E
										FormType: kNPC_ (45)
		Name: "Bone_Cloth_L_002"
	[RSP+4E8 ] 0x7FF64BB1913C     (void* -> Fallout4.exe+1B9913C	test rax, rax)
	[RSP+4F0 ] 0x0                (size_t) [0]
	[RSP+4F8 ] 0x264F26B8B80      (void*)
	[RSP+500 ] 0xE6D4FEF010       (void*)
	[RSP+508 ] 0x7FF649FA44E3     (void* -> Fallout4.exe+00244E3	mov esi, eax)
	[RSP+510 ] 0x26584E62DF0      (NiNode*)
		Name: "Bone_Cloth_L_001"
		RTTIName: "NiNode"
		Flags: e
		Checking TESObjectREFR: 
			Object Reference: 
			Flags: 0x00000008
			FormID: 0xFF00284E
			FormType: kNPC_ (45)
		Checking Parent: 
			Name: "Spine1_skin"
			RTTIName: "NiNode"
			Flags: e
			Checking TESObjectREFR: 
				Object Reference: 
				Flags: 0x00000008
				FormID: 0xFF00284E
				FormType: kNPC_ (45)
			Checking Parent: 
				Name: "SPINE1"
				RTTIName: "NiNode"
				Flags: e
				Checking TESObjectREFR: 
					Object Reference: 
					Flags: 0x00000008
					FormID: 0xFF00284E
					FormType: kNPC_ (45)
				Checking Parent: 
					Name: "COM"
					RTTIName: "NiNode"
					Flags: e
					Checking TESObjectREFR: 
						Object Reference: 
						Flags: 0x00000008
						FormID: 0xFF00284E
						FormType: kNPC_ (45)
					Checking Parent: 
						Name: "COM_Override"
						RTTIName: "NiNode"
						Flags: e
						Checking TESObjectREFR: 
							Object Reference: 
							Flags: 0x00000008
							FormID: 0xFF00284E
							FormType: kNPC_ (45)
						Checking Parent: 
							Name: "Root"
							RTTIName: "BSFlattenedBoneTree"
							Flags: e
							Checking TESObjectREFR: 
								Object Reference: 
								Flags: 0x00000008
								FormID: 0xFF00284E
								FormType: kNPC_ (45)
							Checking Parent: 
								Name: "skeleton.nif"
								RTTIName: "BSFadeNode"
								Flags: 230080400e
								Checking TESObjectREFR: 
									Object Reference: 
									Flags: 0x00000008
									FormID: 0xFF00284E
									FormType: kNPC_ (45)
		Name: "Bone_Cloth_L_001"
	[RSP+518 ] 0x7FF64BB1913C     (void* -> Fallout4.exe+1B9913C	test rax, rax)
	[RSP+520 ] 0x0                (size_t) [0]
	[RSP+528 ] 0x264F26B8B80      (void*)
	[RSP+530 ] 0x7FF64FA33D20     (void* -> Fallout4.exe+5AB3D20	add [rax], al)
	[RSP+538 ] 0x7FF64AE8DED5     (void* -> Fallout4.exe+0F0DED5	cmp eax, 0x0A)
	[RSP+540 ] 0x7FF64FA33BF0     (ProcessLists*)
	[RSP+548 ] 0x7FF64FA33BF0     (ProcessLists*)
	[RSP+550 ] 0x25CB3D           (size_t) [2476861]
	[RSP+558 ] 0x264F26B8B80      (void*)
	[RSP+560 ] 0xFFFFFFFF         (size_t) [4294967295]
	[RSP+568 ] 0x0                (size_t) [0]
	[RSP+570 ] 0xF20              (size_t) [3872]
	[RSP+578 ] 0x26584E4BCC0      (BSFadeNode*)
		Name: "skeleton.nif"
		RTTIName: "BSFadeNode"
		Flags: 230080400e
		Checking TESObjectREFR: 
			Object Reference: 
			Flags: 0x00000008
			FormID: 0xFF00284E
			FormType: kNPC_ (45)
		Name: "skeleton.nif"
	[RSP+580 ] 0x0                (size_t) [0]
	[RSP+588 ] 0x2652AE7EEE0      (Actor*)
		Object Reference: 
		Flags: 0x00000008
		FormID: 0xFF00284E
		FormType: kNPC_ (45)
		Flags: 0x00400548
		FormID: 0xFF0021D6
		FormType: kACHR (65)
	[RSP+590 ] 0xC                (size_t) [12]
	[RSP+598 ] 0x2652AE7EEE0      (Actor*)
		Object Reference: 
		Flags: 0x00000008
		FormID: 0xFF00284E
		FormType: kNPC_ (45)
		Flags: 0x00400548
		FormID: 0xFF0021D6
		FormType: kACHR (65)
	[RSP+5A0 ] 0xE6D4FEF049       (void*)
	[RSP+5A8 ] 0x7FF64A53963E     (void* -> Fallout4.exe+05B963E	test r13, r13)
	[RSP+5B0 ] 0x26301AE76E0      (void*)
	[RSP+5B8 ] 0x2640025CB00      (void*)
	[RSP+5C0 ] 0xE6D4FEF000       (void*)
	[RSP+5C8 ] 0x2652AE7EE01      (void*)
	[RSP+5D0 ] 0x300000000        (size_t) [12884901888]
	[RSP+5D8 ] 0x7FF64BB19129     (void* -> Fallout4.exe+1B99129	or al, 0xD8)
	[RSP+5E0 ] 0x26584E4BCC0      (BSFadeNode*)
		Name: "skeleton.nif"
		RTTIName: "BSFadeNode"
		Flags: 230080400e
		Checking TESObjectREFR: 
			Object Reference: 
			Flags: 0x00000008
			FormID: 0xFF00284E
			FormType: kNPC_ (45)
		Name: "skeleton.nif"
	[RSP+5E8 ] 0x2652AE7EEE0      (Actor*)
		Object Reference: 
		Flags: 0x00000008
		FormID: 0xFF00284E
		FormType: kNPC_ (45)
		Flags: 0x00400548
		FormID: 0xFF0021D6
		FormType: kACHR (65)
	[RSP+5F0 ] 0x2652CB06501      (void*)
	[RSP+5F8 ] 0x0                (size_t) [0]
	[RSP+600 ] 0x26584E665A0      (BSFlattenedBoneTree*)
		Name: "Root"
		RTTIName: "BSFlattenedBoneTree"
		Flags: e
		Checking TESObjectREFR: 
			Object Reference: 
			Flags: 0x00000008
			FormID: 0xFF00284E
			FormType: kNPC_ (45)
		Checking Parent: 
			Name: "skeleton.nif"
			RTTIName: "BSFadeNode"
			Flags: 230080400e
			Checking TESObjectREFR: 
				Object Reference: 
				Flags: 0x00000008
				FormID: 0xFF00284E
				FormType: kNPC_ (45)
		Name: "Root"
	[RSP+608 ] 0x7FF64BA9093F     (void* -> Fallout4.exe+1B1093F	cmp [rdi], eax)
	[RSP+610 ] 0x0                (size_t) [0]
	[RSP+618 ] 0x0                (size_t) [0]
	[RSP+620 ] 0x0                (size_t) [0]
	[RSP+628 ] 0x0                (size_t) [0]
	[RSP+630 ] 0x0                (size_t) [0]
	[RSP+638 ] 0x0                (size_t) [0]
	[RSP+640 ] 0x0                (size_t) [0]
	[RSP+648 ] 0x0                (size_t) [0]
	[RSP+650 ] 0x0                (size_t) [0]
	[RSP+658 ] 0x2651DFB4C60      (void*)
	[RSP+660 ] 0x0                (size_t) [0]
	[RSP+668 ] 0x0                (size_t) [0]
	[RSP+670 ] 0x0                (size_t) [0]
	[RSP+678 ] 0xFFFFFFFF         (size_t) [4294967295]
	[RSP+680 ] 0x2652AE7EEE0      (Actor*)
		Object Reference: 
		Flags: 0x00000008
		FormID: 0xFF00284E
		FormType: kNPC_ (45)
		Flags: 0x00400548
		FormID: 0xFF0021D6
		FormType: kACHR (65)
	[RSP+688 ] 0x26541C9E040      (void*)
	[RSP+690 ] 0x13               (size_t) [19]
	[RSP+698 ] 0x26522292B20      (TESNPC*)
		Flags: 0x00000008
		FormID: 0xFF00284E
		FormType: kNPC_ (45)
		Flags: 0x00000008
		FormID: 0xFF00284E
		FormType: kNPC_ (45)
		GetFullName: "Concord Volunteer"
	[RSP+6A0 ] 0x56               (size_t) [86]
	[RSP+6A8 ] 0x2652AE7EEE0      (Actor*)
		Object Reference: 
		Flags: 0x00000008
		FormID: 0xFF00284E
		FormType: kNPC_ (45)
		Flags: 0x00400548
		FormID: 0xFF0021D6
		FormType: kACHR (65)
	[RSP+6B0 ] 0x26584E4BCC0      (BSFadeNode*)
		Name: "skeleton.nif"
		RTTIName: "BSFadeNode"
		Flags: 230080400e
		Checking TESObjectREFR: 
			Object Reference: 
			Flags: 0x00000008
			FormID: 0xFF00284E
			FormType: kNPC_ (45)
		Name: "skeleton.nif"
	[RSP+6B8 ] 0x7FF64A3882AB     (void* -> Fallout4.exe+04082AB	mov rax, [rbx])
	[RSP+6C0 ] 0x26522292B20      (TESNPC*)
		Flags: 0x00000008
		FormID: 0xFF00284E
		FormType: kNPC_ (45)
		Flags: 0x00000008
		FormID: 0xFF00284E
		FormType: kNPC_ (45)
		GetFullName: "Concord Volunteer"
	[RSP+6C8 ] 0x2652AE7EEE0      (Actor*)
		Object Reference: 
		Flags: 0x00000008
		FormID: 0xFF00284E
		FormType: kNPC_ (45)
		Flags: 0x00400548
		FormID: 0xFF0021D6
		FormType: kACHR (65)
	[RSP+6D0 ] 0xE600000001       (size_t) [987842478081]
	[RSP+6D8 ] 0x26301AE76E0      (void*)
	[RSP+6E0 ] 0x0                (size_t) [0]
	[RSP+6E8 ] 0x7FF64ADE0EE5     (void* -> Fallout4.exe+0E60EE5	movzx eax, byte ptr [0x00007FF64F854B00])
	[RSP+6F0 ] 0x26584E4BCC0      (BSFadeNode*)
		Name: "skeleton.nif"
		RTTIName: "BSFadeNode"
		Flags: 230080400e
		Checking TESObjectREFR: 
			Object Reference: 
			Flags: 0x00000008
			FormID: 0xFF00284E
			FormType: kNPC_ (45)
		Name: "skeleton.nif"
	[RSP+6F8 ] 0x26541C9E040      (void*)
	[RSP+700 ] 0xE6D4FEF6F0       (char*) "l"
	[RSP+708 ] 0x0                (size_t) [0]
	[RSP+710 ] 0x2652B358C30      (void*)
	[RSP+718 ] 0x7FF64ADE2A7C     (void* -> Fallout4.exe+0E62A7C	mov rax, [0x00007FF64FB88FD8])
	[RSP+720 ] 0x26584D5B840      (BSFaceGenNiNode*)
		Name: "BSFaceGenNiNodeSkinned"
		RTTIName: "BSFaceGenNiNode"
		Flags: e
		Name: "BSFaceGenNiNodeSkinned"
	[RSP+728 ] 0x26541C9E040      (void*)
	[RSP+730 ] 0x265226D3310      (BSFaceGenAnimationData*)
	[RSP+738 ] 0x26541C9E040      (void*)
	[RSP+740 ] 0x26585619750      (BSDynamicTriShape*)
		Name: "DLC04MaleEyesGhoulGlowing"
		RTTIName: "BSDynamicTriShape"
		Flags: e
		Checking TESObjectREFR: 
			Object Reference: 
			Flags: 0x00000008
			FormID: 0xFF00284E
			FormType: kNPC_ (45)
		Checking Parent: 
			Name: "BSFaceGenNiNodeSkinned"
			RTTIName: "BSFaceGenNiNode"
			Flags: e
			Checking TESObjectREFR: 
				Object Reference: 
				Flags: 0x00000008
				FormID: 0xFF00284E
				FormType: kNPC_ (45)
			Checking Parent: 
				Name: "skeleton.nif"
				RTTIName: "BSFadeNode"
				Flags: 230080400e
				Checking TESObjectREFR: 
					Object Reference: 
					Flags: 0x00000008
					FormID: 0xFF00284E
					FormType: kNPC_ (45)
		Name: "DLC04MaleEyesGhoulGlowing"
	[RSP+748 ] 0x26584E5B230      (NiNode*)
		Name: "Head"
		RTTIName: "NiNode"
		Flags: e
		Checking TESObjectREFR: 
			Object Reference: 
			Flags: 0x00000008
			FormID: 0xFF00284E
			FormType: kNPC_ (45)
		Checking Parent: 
			Name: "Neck"
			RTTIName: "NiNode"
			Flags: e
			Checking TESObjectREFR: 
				Object Reference: 
				Flags: 0x00000008
				FormID: 0xFF00284E
				FormType: kNPC_ (45)
			Checking Parent: 
				Name: "Chest"
				RTTIName: "NiNode"
				Flags: e
				Checking TESObjectREFR: 
					Object Reference: 
					Flags: 0x00000008
					FormID: 0xFF00284E
					FormType: kNPC_ (45)
				Checking Parent: 
					Name: "SPINE2"
					RTTIName: "NiNode"
					Flags: e
					Checking TESObjectREFR: 
						Object Reference: 
						Flags: 0x00000008
						FormID: 0xFF00284E
						FormType: kNPC_ (45)
					Checking Parent: 
						Name: "SPINE1"
						RTTIName: "NiNode"
						Flags: e
						Checking TESObjectREFR: 
							Object Reference: 
							Flags: 0x00000008
							FormID: 0xFF00284E
							FormType: kNPC_ (45)
						Checking Parent: 
							Name: "COM"
							RTTIName: "NiNode"
							Flags: e
							Checking TESObjectREFR: 
								Object Reference: 
								Flags: 0x00000008
								FormID: 0xFF00284E
								FormType: kNPC_ (45)
							Checking Parent: 
								Name: "COM_Override"
								RTTIName: "NiNode"
								Flags: e
								Checking TESObjectREFR: 
									Object Reference: 
									Flags: 0x00000008
									FormID: 0xFF00284E
									FormType: kNPC_ (45)
								Checking Parent: 
									Name: "Root"
									RTTIName: "BSFlattenedBoneTree"
									Flags: e
									Checking TESObjectREFR: 
										Object Reference: 
										Flags: 0x00000008
										FormID: 0xFF00284E
										FormType: kNPC_ (45)
									Checking Parent: 
										Name: "skeleton.nif"
										RTTIName: "BSFadeNode"
										Flags: 230080400e
										Checking TESObjectREFR: 
											Object Reference: 
											Flags: 0x00000008
											FormID: 0xFF00284E
											FormType: kNPC_ (45)
		Name: "Head"
	[RSP+750 ] 0x263B778A970      (void*)
	[RSP+758 ] 0x265226D3310      (BSFaceGenAnimationData*)
	[RSP+760 ] 0x265A7E829E0      (AIProcess::PendingActorHeadData*)
	[RSP+768 ] 0x2652AE7EEE0      (Actor*)
		Object Reference: 
		Flags: 0x00000008
		FormID: 0xFF00284E
		FormType: kNPC_ (45)
		Flags: 0x00400548
		FormID: 0xFF0021D6
		FormType: kACHR (65)
	[RSP+770 ] 0x26584E4BCC0      (BSFadeNode*)
		Name: "skeleton.nif"
		RTTIName: "BSFadeNode"
		Flags: 230080400e
		Checking TESObjectREFR: 
			Object Reference: 
			Flags: 0x00000008
			FormID: 0xFF00284E
			FormType: kNPC_ (45)
		Name: "skeleton.nif"
	[RSP+778 ] 0x26541C9E040      (void*)
	[RSP+780 ] 0x263641080F0      (IOManagerThread*)
	[RSP+788 ] 0xE6D4FEF6F0       (char*) "l"
	[RSP+790 ] 0x2652AE7EEE0      (Actor*)
		Object Reference: 
		Flags: 0x00000008
		FormID: 0xFF00284E
		FormType: kNPC_ (45)
		Flags: 0x00400548
		FormID: 0xFF0021D6
		FormType: kACHR (65)
	[RSP+798 ] 0x7FF64ADECFCE     (void* -> Fallout4.exe+0E6CFCE	mov rax, [r14+0x10])
	[RSP+7A0 ] 0x2652AE70013      (void*)
	[RSP+7A8 ] 0xFFFFFFFF         (size_t) [4294967295]
	[RSP+7B0 ] 0x26584D5B801      (void*)
	[RSP+7B8 ] 0x2630025CB3D      (void*)
	[RSP+7C0 ] 0x263B778A970      (void*)
	[RSP+7C8 ] 0x2                (size_t) [2]
	[RSP+7D0 ] 0x4000239383938    (size_t) [1125909456763192]
	[RSP+7D8 ] 0x7FF649F80000     (void*)
	[RSP+7E0 ] 0x265A7E829E0      (AIProcess::PendingActorHeadData*)
	[RSP+7E8 ] 0x7FF64ACE2C8F     (void* -> Fallout4.exe+0D62C8F	lock dec dword ptr [rbx+0x30])
	[RSP+7F0 ] 0x2630025CB3D      (void*)
	[RSP+7F8 ] 0x263641080F0      (IOManagerThread*)
	[RSP+800 ] 0x2652AE7EEE0      (Actor*)
		Object Reference: 
		Flags: 0x00000008
		FormID: 0xFF00284E
		FormType: kNPC_ (45)
		Flags: 0x00400548
		FormID: 0xFF0021D6
		FormType: kACHR (65)
	[RSP+808 ] 0xE6D4FEF2E0       (void*)
	[RSP+810 ] 0x0                (size_t) [0]
	[RSP+818 ] 0xE6D4FEF368       (void*)
	[RSP+820 ] 0x26302982B01      (void*)
	[RSP+828 ] 0x7FF8794D1AD2     (void* -> ntdll.dll+0021AD2	jmp 0x00007FF8794D1AB6)
	[RSP+830 ] 0x0                (size_t) [0]
	[RSP+838 ] 0x1                (size_t) [1]
	[RSP+840 ] 0x263B778A970      (void*)
	[RSP+848 ] 0x0                (size_t) [0]
	[RSP+850 ] 0x26343C3A230      (voltek::memory_manager::page_t<voltek::memory_manager::block_base_t<8192> >*)
	[RSP+858 ] 0x7FFF47269D55     (void* -> x-cell-fo4.dll+0019D55	movzx eax, bl)
	[RSP+860 ] 0x26302982B01      (void*)
	[RSP+868 ] 0x0                (size_t) [0]
	[RSP+870 ] 0x26302982B01      (void*)
	[RSP+878 ] 0x0                (size_t) [0]
	[RSP+880 ] 0x0                (size_t) [0]
	[RSP+888 ] 0x265A7E82A58      (void*)
	[RSP+890 ] 0xFFFFFFFF         (size_t) [4294967295]
	[RSP+898 ] 0x7FF64A1152B7     (void* -> Fallout4.exe+01952B7	mov [rbp+0x04], rsi)
	[RSP+8A0 ] 0x26302982B80      (void*)
	[RSP+8A8 ] 0x26549BD7B40      (void*)
	[RSP+8B0 ] 0xE6D4FEF368       (void*)
	[RSP+8B8 ] 0x265A7E82A50      (void*)
	[RSP+8C0 ] 0x265A7E82A50      (void*)
	[RSP+8C8 ] 0x7FF64A60B682     (void* -> Fallout4.exe+068B682	jmp 0x00007FF64A60B68E)
	[RSP+8D0 ] 0xFFFFFFFF         (size_t) [4294967295]
	[RSP+8D8 ] 0x265226D3310      (BSFaceGenAnimationData*)
	[RSP+8E0 ] 0xE6D4FEF3C0       (void*)
	[RSP+8E8 ] 0xE600000000       (size_t) [987842478080]
	[RSP+8F0 ] 0x7FF64CD97100     (char*) "H"
	[RSP+8F8 ] 0x26584D5B840      (BSFaceGenNiNode*)
		Name: "BSFaceGenNiNodeSkinned"
		RTTIName: "BSFaceGenNiNode"
		Flags: e
		Name: "BSFaceGenNiNodeSkinned"
	[RSP+900 ] 0x26585309730      (void*)
	[RSP+908 ] 0x70CC59BA0F       (size_t) [484464769551]
	[RSP+910 ] 0x10000334C5208    (size_t) [281475837350408]
	[RSP+918 ] 0xE6D4FEF3E0       (char*) "Meshes\Actors\Character\FaceGenData\FaceGeom\DiverseWasteland.esp\00000B55.NIF"
	[RSP+920 ] 0xE6D4FEF2E8       (void*)
	[RSP+928 ] 0x265A7E82A58      (void*)
	[RSP+930 ] 0xE6D4FEF740       (void*)
	[RSP+938 ] 0xE6D4FEF758       (void*)
	[RSP+940 ] 0xE6D4FEF2E0       (void*)
	[RSP+948 ] 0x0                (size_t) [0]
	[RSP+950 ] 0x0                (size_t) [0]
	[RSP+958 ] 0x0                (size_t) [0]
	[RSP+960 ] 0x0                (size_t) [0]
	[RSP+968 ] 0x0                (size_t) [0]
	[RSP+970 ] 0x0                (size_t) [0]
	[RSP+978 ] 0x0                (size_t) [0]
	[RSP+980 ] 0x0                (size_t) [0]
	[RSP+988 ] 0x7FF64D658CA8     (void* -> Fallout4.exe+36D8CA8	fisubr st0, word ptr [rbp-0x52211042])
	[RSP+990 ] 0x0                (size_t) [0]
	[RSP+998 ] 0x0                (size_t) [0]
	[RSP+9A0 ] 0x0                (size_t) [0]
	[RSP+9A8 ] 0x0                (size_t) [0]
	[RSP+9B0 ] 0x0                (size_t) [0]
	[RSP+9B8 ] 0x7FF64D658CAC     (void* -> Fallout4.exe+36D8CAC	fisubr st0, word ptr [rbp+0x2CD8EFBE])
	[RSP+9C0 ] 0x0                (size_t) [0]
	[RSP+9C8 ] 0x0                (size_t) [0]
	[RSP+9D0 ] 0x2400000001       (size_t) [154618822657]
	[RSP+9D8 ] 0x3F8000003F800000 (size_t) [4575657222473777152]
	[RSP+9E0 ] 0x3F800000         (size_t) [1065353216]
	[RSP+9E8 ] 0x0                (size_t) [0]
	[RSP+9F0 ] 0x415C73656873654D (size_t) [4709766189703980365]
	[RSP+9F8 ] 0x68435C73726F7463 (size_t) [7512950254295020643]
	[RSP+A00 ] 0x5C72657463617261 (size_t) [6661498349392327265]
	[RSP+A08 ] 0x446E654765636146 (size_t) [4930989999335366982]
	[RSP+A10 ] 0x656361465C617461 (size_t) [7305789975350572129]
	[RSP+A18 ] 0x7669445C6D6F6547 (size_t) [8532426132793812295]
	[RSP+A20 ] 0x7473615765737265 (size_t) [8391157558713479781]
	[RSP+A28 ] 0x73652E646E616C65 (size_t) [8315103295892974693]
	[RSP+A30 ] 0x4230303030305C70 (size_t) [4769364988910394480]
	[RSP+A38 ] 0x46494E2E3535     (size_t) [77280658208053]
	[RSP+A40 ] 0x7FF64FB67580     (void* -> Fallout4.exe+5BE7580	add [rax], al)
	[RSP+A48 ] 0x265852CFDC9      (void*)
	[RSP+A50 ] 0xE60000001F       (size_t) [987842478111]
	[RSP+A58 ] 0x2654B3022C0      (void*)
	[RSP+A60 ] 0x265852C0BF0      (void*)
	[RSP+A68 ] 0x0                (size_t) [0]
	[RSP+A70 ] 0xE6D4FEF618       (char*) "FaceGenData\FaceGeom\DiverseWasteland.esp\00000B55.NIF.p"
	[RSP+A78 ] 0x7FF64BAC2FE8     (void* -> Fallout4.exe+1B42FE8	mov r10, rax)
	[RSP+A80 ] 0x265852C0C48      (void*)
	[RSP+A88 ] 0xE6D4FEF370       (void*)
	[RSP+A90 ] 0xE60104003B       (size_t) [987859517499]
	[RSP+A98 ] 0x7FF64BAC1D5D     (void* -> Fallout4.exe+1B41D5D	mov rax, rbx)
	[RSP+AA0 ] 0x42636972656E6547 (size_t) [4783783169246520647]
	[RSP+AA8 ] 0x73726F6976616865 (size_t) [8318833960455071845]
	[RSP+AB0 ] 0x616C706F7475415C (size_t) [7020109543161282908]
	[RSP+AB8 ] 0xE6D4FE0079       (void*)
	[RSP+AC0 ] 0x265852C0C48      (void*)
	[RSP+AC8 ] 0x7FF64C749E47     (void* -> Fallout4.exe+27C9E47	mov eax, [rsp+0x30])
	[RSP+AD0 ] 0xE6D4FEF500       (void*)
	[RSP+AD8 ] 0x7FF64CC12DA8     (void* -> Fallout4.exe+2C92DA8	nop)
	[RSP+AE0 ] 0xE6D4FEF589       (void*)
	[RSP+AE8 ] 0x264EA453830      (BSShaderTextureSet*)
	[RSP+AF0 ] 0xE6D4FEF618       (char*) "FaceGenData\FaceGeom\DiverseWasteland.esp\00000B55.NIF.p"
	[RSP+AF8 ] 0x7FF64BA9093F     (void* -> Fallout4.exe+1B1093F	cmp [rdi], eax)
	[RSP+B00 ] 0x26400000000      (size_t) [2628519985152]
	[RSP+B08 ] 0x264EA453830      (BSShaderTextureSet*)
	[RSP+B10 ] 0x7FF64FAE7580     (void* -> Fallout4.exe+5B67580	add [rdi], ch)
	[RSP+B18 ] 0xE6D4FEF710       (void*)
	[RSP+B20 ] 0x0                (size_t) [0]
	[RSP+B28 ] 0x7FF64BB16A8F     (void* -> Fallout4.exe+1B96A8F	mov eax, ebp)
	[RSP+B30 ] 0x0                (size_t) [0]
	[RSP+B38 ] 0x0                (size_t) [0]
	[RSP+B40 ] 0x0                (size_t) [0]
	[RSP+B48 ] 0x0                (size_t) [0]
	[RSP+B50 ] 0x0                (size_t) [0]
	[RSP+B58 ] 0x0                (size_t) [0]
	[RSP+B60 ] 0x0                (size_t) [0]
	[RSP+B68 ] 0x0                (size_t) [0]
	[RSP+B70 ] 0x0                (size_t) [0]
	[RSP+B78 ] 0x0                (size_t) [0]
	[RSP+B80 ] 0x0                (size_t) [0]
	[RSP+B88 ] 0x0                (size_t) [0]
	[RSP+B90 ] 0x0                (size_t) [0]
	[RSP+B98 ] 0x0                (size_t) [0]
	[RSP+BA0 ] 0x0                (size_t) [0]
	[RSP+BA8 ] 0x0                (size_t) [0]
	[RSP+BB0 ] 0x0                (size_t) [0]
	[RSP+BB8 ] 0x7FF649F8E2D0     (void* -> Fallout4.exe+000E2D0	test al, al)
	[RSP+BC0 ] 0x7FF64FDF8520     (void* -> Fallout4.exe+5E78520	)
	[RSP+BC8 ] 0x0                (size_t) [0]
	[RSP+BD0 ] 0x0                (size_t) [0]
	[RSP+BD8 ] 0x0                (size_t) [0]
	[RSP+BE0 ] 0x7FF64FDF84E0     (void* -> Fallout4.exe+5E784E0	)
	[RSP+BE8 ] 0x0                (size_t) [0]
	[RSP+BF0 ] 0x7                (size_t) [7]
	[RSP+BF8 ] 0xE6D4FEF6E0       (void*)
	[RSP+C00 ] 0x0                (size_t) [0]
	[RSP+C08 ] 0xE6D4FEF600       (char*) "Meshes\Actors\Character\FaceGenData\FaceGeom\DiverseWasteland.esp\00000B55.NIF.p"
	[RSP+C10 ] 0x415C73656873654D (size_t) [4709766189703980365]
	[RSP+C18 ] 0x68435C73726F7463 (size_t) [7512950254295020643]
	[RSP+C20 ] 0x5C72657463617261 (size_t) [6661498349392327265]
	[RSP+C28 ] 0x446E654765636146 (size_t) [4930989999335366982]
	[RSP+C30 ] 0x656361465C617461 (size_t) [7305789975350572129]
	[RSP+C38 ] 0x7669445C6D6F6547 (size_t) [8532426132793812295]
	[RSP+C40 ] 0x7473615765737265 (size_t) [8391157558713479781]
	[RSP+C48 ] 0x73652E646E616C65 (size_t) [8315103295892974693]
	[RSP+C50 ] 0x4230303030305C70 (size_t) [4769364988910394480]
	[RSP+C58 ] 0x702E46494E2E3535 (size_t) [8083475661834827061]
	[RSP+C60 ] 0x26364108000      (void*)
	[RSP+C68 ] 0x7FF64A159D80     (void* -> Fallout4.exe+01D9D80	mov rbx, rax)
	[RSP+C70 ] 0x0                (size_t) [0]
	[RSP+C78 ] 0x0                (size_t) [0]
	[RSP+C80 ] 0x0                (size_t) [0]
	[RSP+C88 ] 0x0                (size_t) [0]
	[RSP+C90 ] 0xE6D4FEF710       (void*)
	[RSP+C98 ] 0x4000239383938    (size_t) [1125909456763192]
	[RSP+CA0 ] 0x263641080F0      (IOManagerThread*)
	[RSP+CA8 ] 0x265A7E829E0      (AIProcess::PendingActorHeadData*)
	[RSP+CB0 ] 0x0                (size_t) [0]
	[RSP+CB8 ] 0x7FFFFFFFFFFFFFF  (size_t) [576460752303423487]
	[RSP+CC0 ] 0x263606E7630      (void*)
	[RSP+CC8 ] 0x5                (size_t) [5]
	[RSP+CD0 ] 0x4                (size_t) [4]
	[RSP+CD8 ] 0x7FF64ACDEBB4     (void* -> Fallout4.exe+0D5EBB4	mov rbx, [rsp+0xB0])
	[RSP+CE0 ] 0x1                (size_t) [1]
	[RSP+CE8 ] 0x0                (size_t) [0]
	[RSP+CF0 ] 0x7FF64F85BCB0     (void* -> Fallout4.exe+58DBCB0	and [rdi-0x48], bh)
	[RSP+CF8 ] 0x7FF64A15AD0A     (void* -> Fallout4.exe+01DAD0A	mov rbx, [rsp+0x40])
	[RSP+D00 ] 0x6C               (size_t) [108]
	[RSP+D08 ] 0x265A7E829E0      (AIProcess::PendingActorHeadData*)
	[RSP+D10 ] 0x0                (size_t) [0]
	[RSP+D18 ] 0x0                (size_t) [0]
	[RSP+D20 ] 0x0                (size_t) [0]
	[RSP+D28 ] 0x0                (size_t) [0]
	[RSP+D30 ] 0x0                (size_t) [0]
	[RSP+D38 ] 0x0                (size_t) [0]
	[RSP+D40 ] 0x0                (size_t) [0]
	[RSP+D48 ] 0x0                (size_t) [0]
	[RSP+D50 ] 0x0                (size_t) [0]
	[RSP+D58 ] 0x0                (size_t) [0]
	[RSP+D60 ] 0x0                (size_t) [0]
	[RSP+D68 ] 0x0                (size_t) [0]
	[RSP+D70 ] 0x0                (size_t) [0]
	[RSP+D78 ] 0x0                (size_t) [0]
	[RSP+D80 ] 0x7FF649F80000     (void*)
	[RSP+D88 ] 0x7FF64BC27E53     (void* -> Fallout4.exe+1CA7E53	cmp qword ptr [rbx+0x48], 0x00)
	[RSP+D90 ] 0x265A7E829E0      (AIProcess::PendingActorHeadData*)
	[RSP+D98 ] 0x0                (size_t) [0]
	[RSP+DA0 ] 0x0                (size_t) [0]
	[RSP+DA8 ] 0x7FF64A5FB33F     (void* -> Fallout4.exe+067B33F	mov rax, [rsp+0x40])
	[RSP+DB0 ] 0x26300182C20      (IOManager*)
	[RSP+DB8 ] 0x7FF64BC249E0     (void* -> Fallout4.exe+1CA49E0	mov rdx, rbx)
	[RSP+DC0 ] 0x3                (size_t) [3]
	[RSP+DC8 ] 0x265A7E829E0      (AIProcess::PendingActorHeadData*)
	[RSP+DD0 ] 0x3                (size_t) [3]
	[RSP+DD8 ] 0x1                (size_t) [1]
	[RSP+DE0 ] 0x265A7E829E0      (AIProcess::PendingActorHeadData*)
	[RSP+DE8 ] 0x7FF64BC27701     (void* -> Fallout4.exe+1CA7701	jmp 0x00007FF64BC27790)
	[RSP+DF0 ] 0xFFFFFFFF         (size_t) [4294967295]
	[RSP+DF8 ] 0xFFFFFFFF         (size_t) [4294967295]
	[RSP+E00 ] 0x26300182C20      (IOManager*)
	[RSP+E08 ] 0x8                (size_t) [8]
	[RSP+E10 ] 0x26300021D6C      (void*)
	[RSP+E18 ] 0x0                (size_t) [0]
	[RSP+E20 ] 0x7FFFFFFFFFFFFFF  (size_t) [576460752303423487]
	[RSP+E28 ] 0x26360BC5310      (void*)
	[RSP+E30 ] 0x26360BC5310      (void*)
	[RSP+E38 ] 0x0                (size_t) [0]
	[RSP+E40 ] 0x0                (size_t) [0]
	[RSP+E48 ] 0x0                (size_t) [0]
	[RSP+E50 ] 0x0                (size_t) [0]
	[RSP+E58 ] 0x0                (size_t) [0]
	[RSP+E60 ] 0x0                (size_t) [0]
	[RSP+E68 ] 0x0                (size_t) [0]
	[RSP+E70 ] 0x0                (size_t) [0]
	[RSP+E78 ] 0x0                (size_t) [0]
	[RSP+E80 ] 0x263641080F0      (IOManagerThread*)
	[RSP+E88 ] 0x7FF64BA9CFED     (void* -> Fallout4.exe+1B1CFED	mov rcx, [0x00007FF64FADBD38])
	[RSP+E90 ] 0x263641080F0      (IOManagerThread*)
	[RSP+E98 ] 0xE6D4FEF800       (void*)
	[RSP+EA0 ] 0x263606E4400      (void*)
	[RSP+EA8 ] 0xFFFFFFFF         (size_t) [4294967295]
	[RSP+EB0 ] 0x263641080F0      (IOManagerThread*)
	[RSP+EB8 ] 0x0                (size_t) [0]
	[RSP+EC0 ] 0x0                (size_t) [0]
	[RSP+EC8 ] 0x7FF8780E257D     (void* -> KERNEL32.DLL+001257D	mov ecx, eax)
	[RSP+ED0 ] 0x0                (size_t) [0]
	[RSP+ED8 ] 0x0                (size_t) [0]
	[RSP+EE0 ] 0x0                (size_t) [0]
	[RSP+EE8 ] 0x0                (size_t) [0]
	[RSP+EF0 ] 0x0                (size_t) [0]
	[RSP+EF8 ] 0x7FF87950AF28     (void* -> ntdll.dll+005AF28	jmp 0x00007FF87950AF49)
	[RSP+F00 ] 0x0                (size_t) [0]
	[RSP+F08 ] 0x0                (size_t) [0]
	[RSP+F10 ] 0x0                (size_t) [0]
	[RSP+F18 ] 0x0                (size_t) [0]
	[RSP+F20 ] 0x0                (size_t) [0]
	[RSP+F28 ] 0x0                (size_t) [0]
	[RSP+F30 ] 0xB2CEA39600000000 (size_t) [uint: 12884415448593989632 int: -5562328625115561984]
	[RSP+F38 ] 0x0                (size_t) [0]
	[RSP+F40 ] 0x4F0FFFFFB30      (size_t) [5433133628208]
	[RSP+F48 ] 0x7FF876F209D0     (void* -> KERNELBASE.dll+01609D0	mov [rsp+0x10], rbx)
	[RSP+F50 ] 0xE6D4FED4C0       (void*)
	[RSP+F58 ] 0xF2A9180001FFE310 (size_t) [uint: 17485533416555275024 int: -961210657154276592]
	[RSP+F60 ] 0x7FF8C43CAA46     (size_t) [140706420927046]
	[RSP+F68 ] 0xE6D4FED4C0       (void*)
	[RSP+F70 ] 0x0                (size_t) [0]
	[RSP+F78 ] 0x0                (size_t) [0]
	[RSP+F80 ] 0x0                (size_t) [0]
	[RSP+F88 ] 0x0                (size_t) [0]
	[RSP+F90 ] 0x0                (size_t) [0]
	[RSP+F98 ] 0x0                (size_t) [0]
	[RSP+FA0 ] 0x0                (size_t) [0]
	[RSP+FA8 ] 0x0                (size_t) [0]
	[RSP+FB0 ] 0x0                (size_t) [0]
	[RSP+FB8 ] 0x0                (size_t) [0]
	[RSP+FC0 ] 0x0                (size_t) [0]
	[RSP+FC8 ] 0x0                (size_t) [0]
	[RSP+FD0 ] 0x0                (size_t) [0]
	[RSP+FD8 ] 0x0                (size_t) [0]
	[RSP+FE0 ] 0x0                (size_t) [0]
	[RSP+FE8 ] 0x0                (size_t) [0]
	[RSP+FF0 ] 0x0                (size_t) [0]
	[RSP+FF8 ] 0x0                (size_t) [0]
	[RSP+1000] 0x0                (size_t) [0]
	[RSP+1008] 0x0                (size_t) [0]
	[RSP+1010] 0x0                (size_t) [0]
	[RSP+1018] 0x0                (size_t) [0]
	[RSP+1020] 0x0                (size_t) [0]
	[RSP+1028] 0x0                (size_t) [0]
	[RSP+1030] 0x0                (size_t) [0]
	[RSP+1038] 0x0                (size_t) [0]
	[RSP+1040] 0x0                (size_t) [0]
	[RSP+1048] 0x0                (size_t) [0]
	[RSP+1050] 0x0                (size_t) [0]
	[RSP+1058] 0x0                (size_t) [0]
	[RSP+1060] 0x0                (size_t) [0]
	[RSP+1068] 0x0                (size_t) [0]
	[RSP+1070] 0x0                (size_t) [0]
	[RSP+1078] 0x0                (size_t) [0]
	[RSP+1080] 0x0                (size_t) [0]
	[RSP+1088] 0x0                (size_t) [0]
	[RSP+1090] 0x0                (size_t) [0]
	[RSP+1098] 0x0                (size_t) [0]
	[RSP+10A0] 0x0                (size_t) [0]
	[RSP+10A8] 0x0                (size_t) [0]
	[RSP+10B0] 0x0                (size_t) [0]
	[RSP+10B8] 0x0                (size_t) [0]
	[RSP+10C0] 0x0                (size_t) [0]
	[RSP+10C8] 0x0                (size_t) [0]
	[RSP+10D0] 0x0                (size_t) [0]
	[RSP+10D8] 0x0                (size_t) [0]
	[RSP+10E0] 0x0                (size_t) [0]
	[RSP+10E8] 0x0                (size_t) [0]
	[RSP+10F0] 0x0                (size_t) [0]
	[RSP+10F8] 0x0                (size_t) [0]
	[RSP+1100] 0x0                (size_t) [0]
	[RSP+1108] 0x0                (size_t) [0]
	[RSP+1110] 0x0                (size_t) [0]
	[RSP+1118] 0x0                (size_t) [0]
	[RSP+1120] 0x0                (size_t) [0]
	[RSP+1128] 0x0                (size_t) [0]
	[RSP+1130] 0x0                (size_t) [0]
	[RSP+1138] 0x0                (size_t) [0]
	[RSP+1140] 0x0                (size_t) [0]
	[RSP+1148] 0x0                (size_t) [0]
	[RSP+1150] 0x0                (size_t) [0]
	[RSP+1158] 0x0                (size_t) [0]
	[RSP+1160] 0x0                (size_t) [0]
	[RSP+1168] 0x0                (size_t) [0]
	[RSP+1170] 0x0                (size_t) [0]
	[RSP+1178] 0x0                (size_t) [0]
	[RSP+1180] 0x0                (size_t) [0]
	[RSP+1188] 0x0                (size_t) [0]
	[RSP+1190] 0x0                (size_t) [0]
	[RSP+1198] 0x0                (size_t) [0]
	[RSP+11A0] 0x0                (size_t) [0]
	[RSP+11A8] 0x0                (size_t) [0]
	[RSP+11B0] 0x0                (size_t) [0]
	[RSP+11B8] 0x0                (size_t) [0]
	[RSP+11C0] 0x0                (size_t) [0]
	[RSP+11C8] 0x0                (size_t) [0]
	[RSP+11D0] 0x0                (size_t) [0]
	[RSP+11D8] 0x0                (size_t) [0]
	[RSP+11E0] 0x0                (size_t) [0]
	[RSP+11E8] 0x0                (size_t) [0]
	[RSP+11F0] 0x0                (size_t) [0]
	[RSP+11F8] 0x0                (size_t) [0]
	[RSP+1200] 0x0                (size_t) [0]
	[RSP+1208] 0x0                (size_t) [0]
	[RSP+1210] 0x0                (size_t) [0]
	[RSP+1218] 0x0                (size_t) [0]
	[RSP+1220] 0x0                (size_t) [0]
	[RSP+1228] 0x0                (size_t) [0]
	[RSP+1230] 0x0                (size_t) [0]
	[RSP+1238] 0x0                (size_t) [0]
	[RSP+1240] 0x0                (size_t) [0]
	[RSP+1248] 0x0                (size_t) [0]
	[RSP+1250] 0x0                (size_t) [0]
	[RSP+1258] 0x0                (size_t) [0]
	[RSP+1260] 0x0                (size_t) [0]
	[RSP+1268] 0x0                (size_t) [0]
	[RSP+1270] 0x0                (size_t) [0]
	[RSP+1278] 0x0                (size_t) [0]
	[RSP+1280] 0x0                (size_t) [0]
	[RSP+1288] 0x0                (size_t) [0]
	[RSP+1290] 0x0                (size_t) [0]
	[RSP+1298] 0x0                (size_t) [0]
	[RSP+12A0] 0x0                (size_t) [0]
	[RSP+12A8] 0x0                (size_t) [0]
	[RSP+12B0] 0x0                (size_t) [0]
	[RSP+12B8] 0x0                (size_t) [0]
	[RSP+12C0] 0x0                (size_t) [0]
	[RSP+12C8] 0x0                (size_t) [0]
	[RSP+12D0] 0x0                (size_t) [0]
	[RSP+12D8] 0x0                (size_t) [0]
	[RSP+12E0] 0x0                (size_t) [0]
	[RSP+12E8] 0x0                (size_t) [0]
	[RSP+12F0] 0x0                (size_t) [0]
	[RSP+12F8] 0x0                (size_t) [0]
	[RSP+1300] 0x0                (size_t) [0]
	[RSP+1308] 0x0                (size_t) [0]
	[RSP+1310] 0x0                (size_t) [0]
	[RSP+1318] 0x0                (size_t) [0]
	[RSP+1320] 0x0                (size_t) [0]
	[RSP+1328] 0x0                (size_t) [0]
	[RSP+1330] 0x0                (size_t) [0]
	[RSP+1338] 0x0                (size_t) [0]
	[RSP+1340] 0x0                (size_t) [0]
	[RSP+1348] 0x0                (size_t) [0]
	[RSP+1350] 0x0                (size_t) [0]
	[RSP+1358] 0x0                (size_t) [0]
	[RSP+1360] 0x0                (size_t) [0]
	[RSP+1368] 0x0                (size_t) [0]
	[RSP+1370] 0x0                (size_t) [0]
	[RSP+1378] 0x0                (size_t) [0]
	[RSP+1380] 0x0                (size_t) [0]
	[RSP+1388] 0x0                (size_t) [0]
	[RSP+1390] 0x0                (size_t) [0]
	[RSP+1398] 0x0                (size_t) [0]
	[RSP+13A0] 0x0                (size_t) [0]
	[RSP+13A8] 0x0                (size_t) [0]
	[RSP+13B0] 0x0                (size_t) [0]
	[RSP+13B8] 0x0                (size_t) [0]
	[RSP+13C0] 0x0                (size_t) [0]
	[RSP+13C8] 0x0                (size_t) [0]
	[RSP+13D0] 0x0                (size_t) [0]
	[RSP+13D8] 0x0                (size_t) [0]
	[RSP+13E0] 0x0                (size_t) [0]
	[RSP+13E8] 0x0                (size_t) [0]
	[RSP+13F0] 0x0                (size_t) [0]
	[RSP+13F8] 0x0                (size_t) [0]
	[RSP+1400] 0x0                (size_t) [0]
	[RSP+1408] 0x0                (size_t) [0]
	[RSP+1410] 0x0                (size_t) [0]
	[RSP+1418] 0x0                (size_t) [0]
	[RSP+1420] 0x0                (size_t) [0]
	[RSP+1428] 0x0                (size_t) [0]
	[RSP+1430] 0x0                (size_t) [0]
	[RSP+1438] 0x0                (size_t) [0]
	[RSP+1440] 0x0                (size_t) [0]
	[RSP+1448] 0x0                (size_t) [0]
	[RSP+1450] 0x0                (size_t) [0]
	[RSP+1458] 0x0                (size_t) [0]
	[RSP+1460] 0x0                (size_t) [0]
	[RSP+1468] 0x0                (size_t) [0]
	[RSP+1470] 0x0                (size_t) [0]
	[RSP+1478] 0x0                (size_t) [0]
	[RSP+1480] 0x0                (size_t) [0]
	[RSP+1488] 0x0                (size_t) [0]
	[RSP+1490] 0x0                (size_t) [0]
	[RSP+1498] 0x0                (size_t) [0]
	[RSP+14A0] 0x0                (size_t) [0]
	[RSP+14A8] 0x0                (size_t) [0]
	[RSP+14B0] 0x0                (size_t) [0]
	[RSP+14B8] 0x0                (size_t) [0]
	[RSP+14C0] 0x0                (size_t) [0]
	[RSP+14C8] 0x0                (size_t) [0]
	[RSP+14D0] 0x0                (size_t) [0]
	[RSP+14D8] 0x0                (size_t) [0]
	[RSP+14E0] 0x0                (size_t) [0]
	[RSP+14E8] 0x0                (size_t) [0]
	[RSP+14F0] 0x0                (size_t) [0]
	[RSP+14F8] 0x0                (size_t) [0]
	[RSP+1500] 0x0                (size_t) [0]
	[RSP+1508] 0x0                (size_t) [0]
	[RSP+1510] 0x0                (size_t) [0]
	[RSP+1518] 0x0                (size_t) [0]
	[RSP+1520] 0x0                (size_t) [0]
	[RSP+1528] 0x0                (size_t) [0]
	[RSP+1530] 0x0                (size_t) [0]
	[RSP+1538] 0x0                (size_t) [0]
	[RSP+1540] 0x0                (size_t) [0]
	[RSP+1548] 0x0                (size_t) [0]
	[RSP+1550] 0x0                (size_t) [0]
	[RSP+1558] 0x0                (size_t) [0]
	[RSP+1560] 0x0                (size_t) [0]
	[RSP+1568] 0x0                (size_t) [0]
	[RSP+1570] 0x0                (size_t) [0]
	[RSP+1578] 0x0                (size_t) [0]
	[RSP+1580] 0x0                (size_t) [0]
	[RSP+1588] 0x0                (size_t) [0]
	[RSP+1590] 0x0                (size_t) [0]
	[RSP+1598] 0x0                (size_t) [0]
	[RSP+15A0] 0x0                (size_t) [0]
	[RSP+15A8] 0x0                (size_t) [0]
	[RSP+15B0] 0x0                (size_t) [0]
	[RSP+15B8] 0x0                (size_t) [0]
	[RSP+15C0] 0x0                (size_t) [0]
	[RSP+15C8] 0x0                (size_t) [0]
	[RSP+15D0] 0x0                (size_t) [0]
	[RSP+15D8] 0x0                (size_t) [0]
	[RSP+15E0] 0x0                (size_t) [0]
	[RSP+15E8] 0x0                (size_t) [0]
	[RSP+15F0] 0x0                (size_t) [0]
	[RSP+15F8] 0x0                (size_t) [0]
	[RSP+1600] 0x0                (size_t) [0]
	[RSP+1608] 0x0                (size_t) [0]

MODULES:
	XINPUT1_3.dll                           0x000000400000
	X3DAudio1_7.dll                         0x00005B810000
	steam_api64.dll                         0x00005B820000
	LL_fourPlay_1_10_163.dll                0x000180000000
	imagehlp.dll                            0x026324D70000
	WINTRUST.DLL                            0x02639E1B0000
	Fallout4.exe                            0x7FF649F80000
	nvdxgdmal64.dll                         0x7FF804CC0000
	nvcuda64.dll                            0x7FF804DA0000
	nvcuda.dll                              0x7FF8057C0000
	msdmo.dll                               0x7FF805C20000
	ResampleDmo.DLL                         0x7FF805C30000
	DSOUND.DLL                              0x7FF805CF0000
	encounter_zone_recalculation.dll        0x7FF81DB50000
	VoltekLib.MemoryManager.dll             0x7FF81F550000
	BetterConsole.dll                       0x7FF81F580000
	nvppex.dll                              0x7FF82C290000
	nvspcap64.dll                           0x7FF82C3F0000
	VoltekLib.UnicodeConverter.dll          0x7FF82FF50000
	ncryptsslp.dll                          0x7FF834090000
	ESPExplorer.dll                         0x7FF8340C0000
	NvTelemetryBridge64.dll                 0x7FF8344A0000
	uiautomationcore.dll                    0x7FF83EE50000
	WeaponDebrisCrashFix.dll                0x7FF842210000
	threadpoolwinrt.dll                     0x7FF842660000
	nvwgf2umx.dll                           0x7FF852760000
	nvgpucomp64.dll                         0x7FF856880000
	inputhost.dll                           0x7FF858DD0000
	d3d12.dll                               0x7FF858FE0000
	NvTelemetryAPI64.dll                    0x7FF85A1E0000
	Windows.UI.dll                          0x7FF85A740000
	nvldumdx.dll                            0x7FF85AA00000
	OLEACC.dll                              0x7FF85AF00000
	gdiplus.dll                             0x7FF85AF70000
	MSIMG32.dll                             0x7FF85B270000
	directxdatabasehelper.dll               0x7FF85BFE0000
	textinputframework.dll                  0x7FF85C220000
	dbgcore.DLL                             0x7FF860420000
	COMCTL32.dll                            0x7FF861330000
	AUDIOSES.DLL                            0x7FF862060000
	ondemandconnroutehelper.dll             0x7FF8629D0000
	webio.dll                               0x7FF863640000
	D3DSCache.dll                           0x7FF863990000
	AddFFFFFix.dll                          0x7FF863D70000
	nvToolsExt64_1.dll                      0x7FF863D90000
	SPINF.dll                               0x7FF864940000
	pppl.dll                                0x7FF865080000
	iertutil.dll                            0x7FF8651C0000
	WININET.dll                             0x7FF866C80000
	winmmbase.dll                           0x7FF867840000
	avrt.dll                                0x7FF867A40000
	srvcli.dll                              0x7FF867AB0000
	VCRUNTIME140_1.dll                      0x7FF867D70000
	VCRUNTIME140.dll                        0x7FF8683F0000
	MSVCP140.dll                            0x7FF868410000
	urlmon.dll                              0x7FF868F70000
	MpOav.dll                               0x7FF86A760000
	amsi.dll                                0x7FF86A7F0000
	wbemsvc.dll                             0x7FF86A950000
	MMDevApi.dll                            0x7FF86A9A0000
	fastprox.dll                            0x7FF86AA40000
	NvMessageBus.dll                        0x7FF86AFF0000
	nvapi64.dll                             0x7FF86B830000
	WINMM.dll                               0x7FF86BFC0000
	CoreUIComponents.dll                    0x7FF86DC80000
	twinapi.appcore.dll                     0x7FF86DFF0000
	wbemcomn.dll                            0x7FF86E3A0000
	wbemprox.dll                            0x7FF86E420000
	rasadhlp.dll                            0x7FF86E6F0000
	dbghelp.dll                             0x7FF86E700000
	DEVRTL.dll                              0x7FF86EA70000
	drvstore.dll                            0x7FF86EC50000
	cryptnet.dll                            0x7FF86F5E0000
	VERSION.dll                             0x7FF86F670000
	fwpuclnt.dll                            0x7FF86FD20000
	D3DCOMPILER_47.dll                      0x7FF86FDB0000
	d3d11.dll                               0x7FF870420000
	dcomp.dll                               0x7FF870CF0000
	CoreMessaging.dll                       0x7FF871650000
	WINHTTP.DLL                             0x7FF872090000
	dhcpcsvc.DLL                            0x7FF872410000
	dhcpcsvc6.DLL                           0x7FF872430000
	UxTheme.dll                             0x7FF873B10000
	dxgi.dll                                0x7FF873C80000
	dwmapi.dll                              0x7FF873D90000
	WINNSI.DLL                              0x7FF873DC0000
	dxcore.dll                              0x7FF873E00000
	resourcepolicyclient.dll                0x7FF8740C0000
	wintypes.dll                            0x7FF8745A0000
	windows.storage.dll                     0x7FF8746E0000
	HID.DLL                                 0x7FF874FE0000
	netutils.dll                            0x7FF8752A0000
	IPHLPAPI.DLL                            0x7FF8752B0000
	DNSAPI.dll                              0x7FF875320000
	UMPDC.dll                               0x7FF875600000
	POWRPROF.dll                            0x7FF875620000
	Secur32.dll                             0x7FF8756A0000
	schannel.DLL                            0x7FF875710000
	rsaenh.dll                              0x7FF875810000
	kernel.appcore.dll                      0x7FF8758B0000
	ntmarta.dll                             0x7FF8758D0000
	SSPICLI.DLL                             0x7FF875B10000
	MSWSOCK.dll                             0x7FF875D10000
	gpapi.dll                               0x7FF875D80000
	USERENV.dll                             0x7FF875DB0000
	wldp.dll                                0x7FF875F90000
	CRYPTBASE.DLL                           0x7FF876040000
	CRYPTSP.dll                             0x7FF876060000
	msasn1.dll                              0x7FF8760B0000
	NTASN1.dll                              0x7FF876140000
	ncrypt.dll                              0x7FF876180000
	devobj.dll                              0x7FF876480000
	CFGMGR32.dll                            0x7FF8764D0000
	DPAPI.DLL                               0x7FF876520000
	profapi.dll                             0x7FF876700000
	bcryptPrimitives.dll                    0x7FF8767D0000
	msvcp_win.dll                           0x7FF876910000
	win32u.dll                              0x7FF8769B0000
	ucrtbase.dll                            0x7FF8769E0000
	CRYPT32.dll                             0x7FF876B00000
	bcrypt.dll                              0x7FF876C70000
	gdi32full.dll                           0x7FF876CA0000
	KERNELBASE.dll                          0x7FF876DC0000
	ole32.dll                               0x7FF8771E0000
	RPCRT4.dll                              0x7FF877390000
	OLEAUT32.dll                            0x7FF8774B0000
	SHELL32.dll                             0x7FF877590000
	msvcrt.dll                              0x7FF877E60000
	MSCTF.dll                               0x7FF877F10000
	SHLWAPI.dll                             0x7FF878070000
	KERNEL32.DLL                            0x7FF8780D0000
	sechost.dll                             0x7FF8781A0000
	ADVAPI32.dll                            0x7FF878250000
	GDI32.dll                               0x7FF878390000
	shcore.dll                              0x7FF8784A0000
	NSI.dll                                 0x7FF8785A0000
	COMDLG32.dll                            0x7FF878780000
	combase.dll                             0x7FF8788A0000
	USER32.dll                              0x7FF878C30000
	PSAPI.DLL                               0x7FF878DF0000
	WS2_32.dll                              0x7FF878E00000
	IMM32.dll                               0x7FF878E80000
	clbcatq.dll                             0x7FF878EC0000
	SETUPAPI.dll                            0x7FF878F70000
	ntdll.dll                               0x7FF8794B0000
	libxess.dll                             0x7FFF3EE70000
	nvngx_dlssg.dll                         0x7FFF441E0000
	XAudio2_7.dll                           0x7FFF45790000
	nvofapi64.dll                           0x7FFF45900000
	ReshadeEffectShaderToggler.addon64      0x7FFF45B40000
	_nvngx.dll                              0x7FFF46D60000
	sl.dlss_g.dll                           0x7FFF46F00000
	sl.common.dll                           0x7FFF46F90000
	gameoverlayrenderer64.dll               0x7FFF47040000
	XDI.dll                                 0x7FFF471E0000
	x-cell-fo4.dll                          0x7FFF47250000
	wsfw_identifier.dll                     0x7FFF47340000
	WhoseQuestIsItAnywayF4.dll              0x7FFF47440000
	WeightlessItems.dll                     0x7FFF474A0000
	UnlimitedFastTravel.dll                 0x7FFF474F0000
	SUP_F4SE.dll                            0x7FFF47540000
	SprintStutteringFix.dll                 0x7FFF47770000
	nvngx_dlss.dll                          0x7FFF477C0000
	ShadowBoostFO4.dll                      0x7FFF4AA50000
	SettlementOfUnlimitedSize.dll           0x7FFF4AB20000
	ScaleformCopyPaste.dll                  0x7FFF4AB70000
	RobCo_Patcher.dll                       0x7FFF4ABC0000
	PRKF.dll                                0x7FFF4ACA0000
	po3_SpellPerkItemDistributorF4.dll      0x7FFF4AD30000
	po3_SimpleOffenceSuppressionF4.dll      0x7FFF4AE40000
	BackportedBA2Support.dll                0x7FFF4AED0000
	PowerGridTools.dll                      0x7FFF4C120000
	po3_BaseObjectSwapperF4.dll             0x7FFF4C190000
	place.dll                               0x7FFF4C290000
	RustyFaceFix.dll                        0x7FFF4E220000
	PipboyTabs.dll                          0x7FFF4E270000
	usvfs_x64.dll                           0x7FFF5C360000
	Outfit-ReDress-Fix.dll                  0x7FFF5C560000
	mcm.dll                                 0x7FFF5C5B0000
	Fallout4Upscaler.dll                    0x7FFF5C650000
	amd_fidelityfx_dx12.dll                 0x7FFF68CC0000
	MODExplorer.dll                         0x7FFF69330000
	MagicSystemFixes.dll                    0x7FFF693B0000
	LongLoadingTimesFix.dll                 0x7FFF69440000
	dxilconv.dll                            0x7FFF6A760000
	VCOMP140.DLL                            0x7FFF6C850000
	MSVCP140_ATOMIC_WAIT.dll                0x7FFF6C880000
	MGEFConditionFix.dll                    0x7FFF6E510000
	LighthousePapyrusExtender.dll           0x7FFF6E560000
	HHS.dll                                 0x7FFF6E690000
	GCBugFix.dll                            0x7FFF6E780000
	steamclient64.dll                       0x7FFF6E7E0000
	dxgi.dll                                0x7FFF6FEF0000
	WINHTTP.dll                             0x7FFF70420000
	GardenOfEdenPapyrusExtender.dll         0x7FFF70860000
	sl.interposer.dll                       0x7FFF70B10000
	vulkan-1.dll                            0x7FFF70B90000
	Buffout4.dll                            0x7FFF70D00000
	PDPerfPlugin.dll                        0x7FFF72140000
	F4z Ro D'oh.dll                         0x7FFF721B0000
	f4ee.dll                                0x7FFF751A0000
	EscapeFreeze.dll                        0x7FFF752B0000
	BakaPowerArmorStorage.dll               0x7FFF75370000
	GLXRM_NoInteriorFog.dll                 0x7FFF75720000
	DynamicMusicOverhaulRedux.dll           0x7FFF75770000
	BakaFullscreenPipboy.dll                0x7FFF757D0000
	tier0_s64.dll                           0x7FFF758B0000
	DirectHit.dll                           0x7FFF75B10000
	flexRelease_x64.dll                     0x7FFF75B70000
	crafting_highlight_fix.dll              0x7FFF770E0000
	ConsoleUtilF4.dll                       0x7FFF77130000
	BakaFramework.dll                       0x7FFF771B0000
	BakaAutoLockpicking.dll                 0x7FFF77650000
	cbp.dll                                 0x7FFF777B0000
	f4se_1_10_163.dll                       0x7FFF77D70000
	HighFPSPhysicsFix.dll                   0x7FFF784C0000
	CONCRT140.dll                           0x7FFF78A10000
	cudart64_75.dll                         0x7FFF78A60000
	VoltekLib.Detours.dll                   0x7FFF78AC0000
	GFSDK_GodraysLib.x64.dll                0x7FFF78BA0000
	MSVCR110.dll                            0x7FFF78C00000
	GFSDK_SSAO_D3D11.win64.dll              0x7FFF791D0000
	MSVCP110.dll                            0x7FFF79260000
	D3D12Core.dll                           0x7FFF89B20000
	ArmorPenetrationBugFix.dll              0x7FFF8EA40000
	xinput1_4.dll                           0x7FFFA3E10000
	ReShade64-AdjustDepth-By-seri14.addon64 0x7FFFA43B0000
	PlotUI.dll                              0x7FFFA47D0000
	sl.reflex.dll                           0x7FFFA4D00000
	f4se_steam_loader.dll                   0x7FFFA4D70000
	bink2w64.dll                            0x7FFFA4E00000
	VoltekLib.RelocationDatabase.dll        0x7FFFFA770000
	ConsoleEx.dll                           0x7FFFFA7B0000
	vstdlib_s64.dll                         0x7FFFFA7F0000
	flexExtRelease_x64.dll                  0x7FFFFAA00000

F4SE PLUGINS:
	AddFFFFFix.dll
	ArmorPenetrationBugFix.dll v1
	BackportedBA2Support.dll v1
	BakaAutoLockpicking.dll v2
	BakaFramework.dll v1.10
	BakaFullscreenPipboy.dll v1.8
	BakaPowerArmorStorage.dll v1.3
	BetterConsole.dll
	Buffout4.dll v1.35.1
	cbp.dll
	ConsoleEx.dll v1.2
	ConsoleUtilF4.dll v1.0.1
	crafting_highlight_fix.dll
	DirectHit.dll v1
	DynamicMusicOverhaulRedux.dll v1.0.2
	encounter_zone_recalculation.dll
	EscapeFreeze.dll v1
	ESPExplorer.dll
	f4ee.dll
	F4z Ro D'oh.dll v1.1.6.1030
	Fallout4Upscaler.dll v1
	GardenOfEdenPapyrusExtender.dll v18.5
	GCBugFix.dll v1
	GLXRM_NoInteriorFog.dll v1
	HHS.dll
	HighFPSPhysicsFix.dll
	LighthousePapyrusExtender.dll v1.4
	LL_fourPlay_1_10_163.dll
	LongLoadingTimesFix.dll v1.1.1
	MagicSystemFixes.dll v1
	mcm.dll
	MGEFConditionFix.dll v1
	MODExplorer.dll
	Outfit-ReDress-Fix.dll v1
	PipboyTabs.dll
	place.dll
	PlotUI.dll
	po3_BaseObjectSwapperF4.dll v1.1
	po3_SimpleOffenceSuppressionF4.dll v1
	po3_SpellPerkItemDistributorF4.dll v2
	PowerGridTools.dll
	pppl.dll
	PRKF.dll
	RobCo_Patcher.dll v3.6
	RustyFaceFix.dll v2.0.2
	ScaleformCopyPaste.dll v1
	SettlementOfUnlimitedSize.dll
	ShadowBoostFO4.dll
	SprintStutteringFix.dll v1.3
	SUP_F4SE.dll
	UnlimitedFastTravel.dll
	WeaponDebrisCrashFix.dll
	WeightlessItems.dll
	WhoseQuestIsItAnywayF4.dll v1
	wsfw_identifier.dll
	x-cell-fo4.dll v1.4
	XDI.dll

PLUGINS:
	[00]     Fallout4.esm
	[01]     DLCRobot.esm
	[02]     DLCworkshop01.esm
	[03]     DLCCoast.esm
	[04]     DLCworkshop02.esm
	[05]     DLCworkshop03.esm
	[06]     DLCNukaWorld.esm
	[07]     ccrzrfo4001-tunnelsnakes.esm
	[08]     ccswkfo4001-astronautpowerarmor.esm
	[09]     cczsef04001-bhouse.esm
	[0A]     cctosfo4001-neosky.esm
	[0B]     cczsefo4002-smanor.esm
	[0C]     cctosfo4002_neonflats.esm
	[0D]     ccfsvfo4004-vrworkshopgnrplaza.esm
	[0E]     ccfsvfo4005-vrdesertisland.esm
	[0F]     ccfsvfo4006-vrwasteland.esm
	[10]     Unofficial Fallout 4 Patch.esp
	[11]     HUDFramework.esm
	[12]     WorkshopFramework.esm
	[13]     PPF.esm
	[14]     SubwayRunnnerDynamicLighting.esp
	[15]     MFC2023_EndAlz_Trunk.esm
	[16]     SouthOfTheSea.esm
	[17]     Random Robots - True Leveled.esm
	[18]     XDI.esm
	[19]     Games.esm
	[1A]     BarstoolGames.esm
	[1B]     AshlandStationSettlement.esp
	[1C]     AmericaRising2.esm
	[1D]     YouAndWhatArmy2.esm
	[1E]     Settlement Electricity Overhaul.esm
	[1F]     SelectMarksman.esp
	[20]     SelectRapidMG.esp
	[21]     SelectShotgun.esp
	[22]     Homemaker.esm
	[23]     MFC2024_EndAlz_ShadyMotives.esm
	[24]     SS2.esm
	[25]     LobotomitePack.esm
	[26]     INE_BoonIsland.esp
	[27]     SS2_XPAC_Chapter2.esm
	[28]     SS2_XPAC_Chapter3.esm
	[29]     ccbgsfo4117-capmerc.esm
	[2A]     ccbgsfo4040-vrworkshop01.esm
	[2B]     SS2Extended.esp
	[2C]     NukaWorldReborn.esp
	[2D]     VivaNukaWorldQuests.esp
	[2E]     Useful_Companions.esp
	[2F]     Vault 88 Template - Optimised.esp
	[30]     ImprovedMinutemen.esp
	[31]     ImprovedMinutemenEncounters.esp
	[32]     WorkshopPlus.esp
	[33]     Vault-Tec Workshop Overhaul Redux.esp
	[34]     SettlementMenuManager.esp
	[35]     Vault88 - Essentials.esp
	[36]     The Eyes Of Beauty.esp
	[37]     LooksMenu Customization Compendium.esp
	[38]     PoseidonOffices.esp
	[39]     10MMTF.esp
	[3A]     AGNISNikaCola01.esp
	[3B]     Alex's Settlement Power Pylon.esp
	[3C]     Enclave-X02.esp
	[3D]     AutomatronUnlockedNukaParts.esp
	[3E]     BarstoolGames_FH.esp
	[3F]     BarstoolGames_NW.esp
	[40]     Better Randomized Robots - vanilla loot patch.esp
	[41]     Better_Settlement_Defence.esp
	[42]     CheatTerminal.esp
	[43]     CompanionStatus.esp
	[44]     Configurable Artillery.esp
	[45]     EnclaveX02.esp
	[46]     ESPExplorerFO4.esp
	[47]     Hellfirenew.esp
	[48]     HoloTime_2.esp
	[49]     llamaCompanionHeatherv2.esp
	[4A]     MercerRescuedSynths.esp
	[4B]     Mors Shortcut to Curie.esp
	[4C]     NoSharedDogmeatTemplate.esp
	[4D]     PersistentVolumeSliders.esp
	[4E]     PoseidonOffices_NoBugs.esp
	[4F]     SKKFastBOS.esp
	[50]     SKKFastReunions.esp
	[51]     SRV_StopRadioVoice.esp
	[52]     SKKFastMinutemen.esp
	[53]     Q_Lore_MQ106_Cryolator.esp
	[54]     [SS2 Addon] SimSettlements SuperStructures.esp
	[55]     Cho1_ss2_Barmod_Conversion.esp
	[56]     DZK_1x1_Pack.esp
	[57]     GarageHomesAndSensibleSecurity.esp
	[58]     GtN_SettlersatPlay.esp
	[59]     JunkTownTwo.esp
	[5A]     MS Contraptions - SS2 ASAM Builder.esp
	[5B]     ohSIM_Sim2_Settlements_Scrappers_Addon.esp
	[5C]     Shadow Wastelands SS2 World Repopulation Cells.esp
	[5D]     SS2-Jampads2.esp
	[5E]     SS2-PraRandomAddon.esp
	[5F]     SS2_Addon_Favelabulous.esp
	[60]     SS2_Addon_FHE.esp
	[61]     SS2_Addon_NWE.esp
	[62]     SS2_Addon_PSC_Plots.esp
	[63]     SS2_Addon_R2R.esp
	[64]     SS2_CityPlanContestAssistant.esp
	[65]     SS2_FDK_TinyLiving.esp
	[66]     SS2_MsB_PlainPlans.esp
	[67]     SS2_ruined_simsettlement_addonpack.esp
	[68]     SS2_SIMPDDDD.esp
	[69]     SS2_STRA_Buildings_and_Skins.esp
	[6A]     SS2_STRA_Support_Buildings.esp
	[6B]     SS2_WastelandDefense.esp
	[6C]     SS2CaravanSnatex.esp
	[6D]     SS2HappyTrails.esp
	[6E]     SS2UI.esp
	[6F]     SS2WastelandVenturers.esp
	[70]     TheRon_MapMarker.esp
	[71]     ImprovedRR.esp
	[72]     ImprovedRREncounters.esp
	[73]     creativeclutter.esp
	[74]     dinoshelf.esp
	[75]     OWR.esp
	[76]     OWR2.esp
	[77]     ImprovedBoS.esp
	[78]     ImprovedBoSEncounters.esp
	[79]     ImprovedInstitute.esp
	[7A]     ImprovedInstituteEncounters.esp
	[7B]     SS2WastelandReconstructionKit.esp
	[7C]     SS2_NCRP.esp
	[7D]     ImprovedHostileFactions.esp
	[7E]     ImprovedHostileFactionsEncounters.esp
	[7F]     ImprovedNukaRaiders.esp
	[80]     ImprovedNukaRaidersEncounters.esp
	[81]     SKKSynthVision.esp
	[82]     T65PA.esp
	[83]     ECV_RemnantsArmor.esp
	[84]     Secret Service Armor.esp
	[85]     SKKFastStartNewGame.esp
	[86]     SS2_ruined_plotapalooza_messhall.esp
	[87]     CreationClubDelay.esp
	[88]     g2m_Workshop_Nexus.esp
	[89]     BostonLibrarySettlement.esp
	[8A]     ImprovedAREnclave.esp
	[8B]     ImprovedAREncounters.esp
	[8C]     Vault88AreaExtension.esp
	[8D]     Rebuild_Settlements.esp
	[8E]     SS2 Settlement Management Terminal.esp
	[8F]     MYS_RogueSS2AddOnPack.esp
	[90]     Nuka Nuke Minigun.esp
	[91]     Eli_Armour_Compendium.esp
	[92]     SGOWastelandExpansion.esp
	[93]     DiverseWasteland.esp
	[94]     NAC.esp
	[95]     FusionGirl.esp
	[96]     IKAROS-Androids.esp
	[97]     LooksMirror.esp
	[98]     VtawOveralls.esp
	[99]     VtawDoctorCurie.esp
	[9A]     HHFootsteps.esp
	[9B]     TBOS-AntoHairPack.esp
	[9C]     HN66-SiriusArmor.esp
	[9D]     VtawAcademy.esp
	[9E]     VtawSynthHMS.esp
	[9F]     VtawWardrobe9.esp
	[A0]     Clothes Pack 6 by DonEb14n.esp
	[A1]     VtawGothicDressNe.esp
	[A2]     VtawWardrobe8.esp
	[A3]     VtawSchoolGirl2023.esp
	[A4]     VtawOfficer.esp
	[A5]     VtawMarchDress.esp
	[A6]     VtawLana.esp
	[A7]     VtawGothicDress.esp
	[A8]     VtawClubDress.esp
	[A9]     VtawTraveler.esp
	[AA]     VtawBodyconDress.esp
	[AB]     F4NVLaserPistol.esp
	[FE:000] ccbgsfo4018-gaussrifleprototype.esl
	[FE:001] ccbgsfo4019-chinesestealtharmor.esl
	[FE:002] ccBGSFO4044-HellfirePowerArmor.esl
	[FE:003] ccfsvfo4002-midcenturymodern.esl
	[FE:004] cceejfo4001-decorationpack.esl
	[FE:005] ccbgsfo4045-advarccab.esl
	[FE:006] ccfsvfo4003-slocum.esl
	[FE:007] ccfrsfo4002-antimaterielrifle.esl
	[FE:008] cceejfo4002-nuka.esl
	[FE:009] cckgjfo4001-bastion.esl
	[FE:00A] ccqdrfo4001_powerarmorai.esl
	[FE:00B] ccBGSFO4115-X02.esl
	[FE:00C] ccrzrfo4002-disintegrate.esl
	[FE:00D] ccBGSFO4116-HeavyFlamer.esl
	[FE:00E] ccBGSFO4110-WS_Enclave.esl
	[FE:00F] ccBGSFO4096-AS_Enclave.esl
	[FE:010] ccjvdfo4001-holiday.esl
	[FE:011] ccfrsfo4003-cr75l.esl
	[FE:012] ccacxfo4001-vsuit.esl
	[FE:013] ccFSVFO4007-Halloween.esl
	[FE:014] ccsbjfo4002_manwellrifle.esl
	[FE:015] ccBGSFO4046-TesCan.esl
	[FE:016] ccSBJFO4003-Grenade.esl
	[FE:017] ccOTMFO4001-Remnants.esl
	[FE:018] Community Fixes Merged.esp
	[FE:019] CanarySaveFileMonitor.esl
	[FE:01A] BakaFramework.esm
	[FE:01B] LIF.esl
	[FE:01C] ConfigurableHotkeys.esl
	[FE:01D] ImmersiveTeleportation.esl
	[FE:01E] BakaPowerArmorStorage.esm
	[FE:01F] FixRobotVisualEffects.esl
	[FE:020] BakaFullscreenPipboy.esm
	[FE:021] REFramework.esm
	[FE:022] Munitions - An Ammo Expansion.esl
	[FE:023] Munitions - Vanilla Ammo Addon.esl
	[FE:024] UniversalDisassembler.esl
	[FE:025] Gris_WSFWLayouts_RedRockets_V4.esl
	[FE:026] HoloGlowNS21.esl
	[FE:027] PPF-HeavyFlamer-CR.esm
	[FE:028] PPF-NeonFlats-CR.esm
	[FE:029] AmericaRising2-Hellfire-CC.esl
	[FE:02A] AmericaRising2-Incinerator-CC.esl
	[FE:02B] AmericaRising2-TeslaCannon-CC.esl
	[FE:02C] AmericaRising2-X02-CC.esl
	[FE:02D] VCM_CoastalCottage_GarageFloorFix_F-ESL.esl
	[FE:02E] VCM_CoastalCottage_Navmesh_Update.esl
	[FE:02F] VCM_KingsportLighthouse_Vanilla_Navmesh_Update.esl
	[FE:030] VCM_Murkwater_Navmesh_Update.esl
	[FE:031] VCM_CountyCrossing_Vanilla_NavmeshUpdate.esl
	[FE:032] VCM_EgretTours_Navmesh_Update.esl
	[FE:033] VCM_GreentopNursery_Navmesh_Update.esl
	[FE:034] VCM_Sanctuary_Navmesh_Update_W_Roof.esl
	[FE:035] VCM_StarlightDrivein_Navmesh_Update.esl
	[FE:036] VCM_TheSlog_Navmesh_Update.esl
	[FE:037] VCM_RedRocket_Navmesh_Update.esl
	[FE:038] Rebuild_SharedResources.esm
	[FE:039] HeavySelectShotgun.esl
	[FE:03A] SelectAssaultRifle.esl
	[FE:03B] SelectRevolver.esl
	[FE:03C] DualGun.esl
	[FE:03D] PhotonDisruptor.esl
	[FE:03E] BakaAutoLockpicking.esm
	[FE:03F] Dual44.esl
	[FE:040] DDLL.esl
	[FE:041] AmericaRising2-Remnants.esl
	[FE:042] 4estGimp - HDTP.esl
	[FE:043] Natural Landscapes.esl
	[FE:044] nukes_denerfed.esl
	[FE:045] SEThrowingKnife.esl
	[FE:046] ZJ-Starlight-PerfPlan.esl
	[FE:047] ZJ PerfPlan - Zimonja.esl
	[FE:048] Abernathy Farmtress Updated.esl
	[FE:049] ZJ PerfPlan - Tenpines.esl
	[FE:04A] DundeeStoryWealthCityPlansPack01.esl
	[FE:04B] CC_OberlandPlanetX_Ch2Update.esl
	[FE:04C] Vee_SS2_SettlersEssentialPatch.esl
	[FE:04D] ZJ PerfPlan - Taffington.esl
	[FE:04E] ZJ PerfPlan - Sunshine.esl
	[FE:04F] ZJ PerfPlan - Sanctuary.esl
	[FE:050] ZJ PerfPlan - RedRocket.esl
	[FE:051] ZJ PerfPlan - Abernathy.esl
	[FE:052] WG City Plans Pack ESL.esl
	[FE:053] UNDRCVR_SimplySettled2022.esl
	[FE:054] ThrowMoneyAtSS2.esl
	[FE:055] MysticRogue_AbernathyFarm and Outpost.esl
	[FE:056] GavMan_Somerville_CityPlan.esl
	[FE:057] GavMan_RedRocket_Outpost_CityPlan.esl
	[FE:058] GavMan_LongfellowsJun21_CityPlan.esl
	[FE:059] GavMan_Greentop_CityPlan.esl
	[FE:05A] LIF_RandomPA.esl
	[FE:05B] Papyrus Script Runner.esp
	[FE:05C] GavMan_CastleMar22_CityPlan.esl
	[FE:05D] GavMan_AbernathyJan22_CityPlan.esl
	[FE:05E] DundeeStoryWealthCityPlansPack02.esl
	[FE:05F] GavMan_Finch_Feb22_CityPlan.esl
	[FE:060] Cho1_Vault88_Metro_Plan.esl
	[FE:061] Vee_SS2_Chapter2_SettlersEssentialPatch.esl
	[FE:062] DundeesStorywealthLeaderPack.esl
	[FE:063] fakeInt.esp
	[FE:064] fakeInt_Boston.esp
	[FE:065] fakeInt_DLC.esp
	[FE:066] Jinga Closet 2.esl
	[FE:067] FO4LODGen.esp
	[FE:068] LOD Fixes and Additons.esp
	[FE:069] FO4LODGen-DLCCoast-WindTurbines.esp
	[FE:06A] WestonWaterLOD.esp
	[FE:06B] Optimized Vanilla Tree LODs.esp
	[FE:06C] Far Harbor 3d Tree LODs.esp
	[FE:06D] FOLIP - New LODs.esp
	[FE:06E] SuperAffinity.esp
	[FE:06F] StealthBoyBuffWithRecipe.esp
	[FE:070] SuperAffinitySeason.esp
	[FE:071] UnlimitedStimpakForNPCs.esp
	[FE:072] V88-MoleRatsDisabled.esp
	[FE:073] WhoIsTheGeneral.esp
	[FE:074] Dank_ECO.esp
	[FE:075] Dank_LAB.esp
	[FE:076] Dank_LEO.esp
	[FE:077] Wireless Workshop Items.esp
	[FE:078] 10SPECIAL.esp
	[FE:079] Actual Legendary Rust Devils.esp
	[FE:07A] AGNISNikaCola01-XDI patch.esp
	[FE:07B] AmericaRising2-Armaments-Marine.esp
	[FE:07C] AmericaRising2-Armaments-X02.esp
	[FE:07D] ArtilleryChanges.esp
	[FE:07E] AutomatronUnlocked.esp
	[FE:07F] Chemfluence AI Combat Dynamics.esp
	[FE:080] Companions Use Companion Perk Overhaul.esp
	[FE:081] Computer Console illuminated.esp
	[FE:082] Dank_ECO_DisablePlacedItems.esp
	[FE:083] Dank_ECO_DLCCoast.esp
	[FE:084] Dank_ECO_DLCNukaWorld.esp
	[FE:085] Dank_ECO_DLCRobot.esp
	[FE:086] Dank_LAB_LEO.esp
	[FE:087] Dank_LEO-Automatron.esp
	[FE:088] More Legendary Effects.esp
	[FE:089] Dank_LEO-MLE.esp
	[FE:08A] Dank_LEO_DLCCoast.esp
	[FE:08B] Dank_LEO_DLCNukaWorld.esp
	[FE:08C] DCRE.esp
	[FE:08D] DCRE-FixRadio.esp
	[FE:08E] Dead Settlement Brahmin Despawn.esp
	[FE:08F] Diamond City Owns It's Crops.esp
	[FE:090] Esk_NoTeleportingCreatures.esp
	[FE:091] FS_FarHarborBoatFastTravel.esp
	[FE:092] FS_NukaWorldTramFastTravel.esp
	[FE:093] GaS2BVTurretsBroke.esp
	[FE:094] HuntingRifle.esp
	[FE:095] ImmersiveTeleportation_lessPower.esp
	[FE:096] ImmersiveTeleportation_lessRads.esp
	[FE:097] ImmersiveTeleportation_quickstart.esp
	[FE:098] ImprovedMinutemenEncountersPatch.esp
	[FE:099] Legendary Mod Additions.esp
	[FE:09A] Long Time No Speak.esp
	[FE:09B] LooksMenu1stPersonViewItemsFix.esp
	[FE:09C] MS SPECIAL Zapper.esp
	[FE:09D] NewtonsRegards.esp
	[FE:09E] NO MORE HAMMERS.esp
	[FE:09F] NoAffinityCooldown.esp
	[FE:0A0] NoVault88Radiation.esp
	[FE:0A1] NPCRespawnFix.esp
	[FE:0A2] nukacherryfix.esp
	[FE:0A3] Operator Edits - Companion Fall Damage Immunity.esp
	[FE:0A4] PA-Quick Animations.esp
	[FE:0A5] Pistol Reanimation Pack - REBORN.esp
	[FE:0A6] PoseidonEnergyCanHaveRadarTransmitter.esp
	[FE:0A7] PR_Automatron.esp
	[FE:0A8] Radium Rifle Improvements.esp
	[FE:0A9] Radium.esp
	[FE:0AA] SaveAcadiaFromBoS.esp
	[FE:0AB] Skip DIMA memories.esp
	[FE:0AC] SmokeHomingBeaconGrenadeThrowArc.esp
	[FE:0AD] ConsoleEx.esp
	[FE:0AE] MinimalMinutemenRadiants.esp
	[FE:0AF] MMR_NoRadiantsForOwnedSettlements.esp
	[FE:0B0] Burst Impact Blast FX.esp
	[FE:0B1] WCLI_North_Point_Park.esp
	[FE:0B2] Mechanist's Lair without robobrain in chair.esp
	[FE:0B3] LongerPowerLinesInf.esp
	[FE:0B4] AccessibleBridges.esp
	[FE:0B5] WCLINPP_AB_Patch.esp
	[FE:0B6] WCLI_NatickSubstation.esp
	[FE:0B7] WCLI_RockIslandLighthouse.esp
	[FE:0B8] PoseidonOffices_AB_Patch.esp
	[FE:0B9] LegendariesTheyCanUse.esp
	[FE:0BA] [SS2 Addon] BloodMoonRaiders.esp
	[FE:0BB] [SS2] BBVault 88.esp
	[FE:0BC] GtN_DivisionCityPlan_CPC_03.23.esp
	[FE:0BD] JunkTown-FENCES2.esp
	[FE:0BE] JunkTown2 - EXTREME.esp
	[FE:0BF] NukaWorldRedRocket Sim Settlements 2 Plan.esp
	[FE:0C0] SimHomestead2.esp
	[FE:0C1] SimSettlements2_AddOnPack_ApocalypticAdditions_SirLach.esp
	[FE:0C2] SS2 Lexington Underground Fix.esp
	[FE:0C3] SS2 Sanctuary Green Hills.esp
	[FE:0C4] SS2-AUR-HangmansAlleyCityPlan.esp
	[FE:0C5] SS2-AUR-HangmansAlleyCityPlanTweaks.esp
	[FE:0C6] SS2_Addon_ShazbotsCots.esp
	[FE:0C7] SS2_DLCSettlerPatch.esp
	[FE:0C8] SS2_NobodysLeaders2.esp
	[FE:0C9] SS2_NobodysLeaders2_Automatron.esp
	[FE:0CA] SS2_NobodysLeaders2_VaultTecWorkshop.esp
	[FE:0CB] SS2_RobotMod.esp
	[FE:0CC] SS2_StarlightTradeHubAndTheater.esp
	[FE:0CD] SS2Addon_MS_BareEssentials.esp
	[FE:0CE] SS2AOP_VaultTecTools.esp
	[FE:0CF] Faster Upfront Training SS2.esp
	[FE:0D0] EasyStartCheatBox_FO4.esp
	[FE:0D1] AdvPortableTurretSet.esp
	[FE:0D2] AdvPortableTurretSet-Extension.esp
	[FE:0D3] AdvSettleTurretSet.esp
	[FE:0D4] ImprovedRRBoss.esp
	[FE:0D5] ImprovedRREncountersPatch.esp
	[FE:0D6] doityourshelftexturepack.esp
	[FE:0D7] ImprovedBoSBoss.esp
	[FE:0D8] ImprovedInstituteBoss.esp
	[FE:0D9] Cho1_SS2_Nuka_Plot.esp
	[FE:0DA] ScrapZapper2.esp
	[FE:0DB] ImTalkingToYou.esp
	[FE:0DC] ImprovedRRStatAgents.esp
	[FE:0DD] HuntressIslandSettlement.esp
	[FE:0DE] hardened auto_attackdamage zero.esp
	[FE:0DF] ImprovedHostileFactionsEncountersFast.esp
	[FE:0E0] ImprovedHostileForged.esp
	[FE:0E1] ImprovedHostileSuperMutants.esp
	[FE:0E2] GhoulishRank4Fix.esp
	[FE:0E3] IT_SS2.esp
	[FE:0E4] CommonwealthEncounterPack.esp
	[FE:0E5] WCLI_PoseidonEnergyTurbine.esp
	[FE:0E6] UncappedSettlementSurplus.esp
	[FE:0E7] HeavyGunnerBuffs.esp
	[FE:0E8] AshlandEssentialNPC.esp
	[FE:0E9] AshlandStation_PowerArmorPatch.esp
	[FE:0EA] ImprovedNukaRaidersBeast.esp
	[FE:0EB] ImprovedNukaRaidersBoss.esp
	[FE:0EC] BL Faction Pack Injector.esp
	[FE:0ED] Enclave Lite Faction Pack for SS2.esp
	[FE:0EE] Wetness Shader Fix.esp
	[FE:0EF] Keeper of the Commonwealth Radiants.esp
	[FE:0F0] LostSoulExpanded.esp
	[FE:0F1] Lost Soul No Hostility.esp
	[FE:0F2] Lost Soul No Hostility Expanded.esp
	[FE:0F3] Lost Soul No Hostility - Rescued Synths Go to Mercer Safehouse Patch.esp
	[FE:0F4] Fixed Gobo Effects.esp
	[FE:0F5] MechLairPathfindingFix.esp
	[FE:0F6] Yagisan_PP_Mar_2024.esp
	[FE:0F7] PrasPlotapaloozaEntry.esp
	[FE:0F8] SS2TinuviaGameJam.esp
	[FE:0F9] ccTeslaCannon Patch.esp
	[FE:0FA] Classic 10mm Pistol - Unofficial Update.esp
	[FE:0FB] CR-74L - Unofficial Update.esp
	[FE:0FC] Manwell Rifle - Unofficial Update.esp
	[FE:0FD] AutomatronCaravanFixes.esp
	[FE:0FE] AutomatronFactoryFix.esp
	[FE:0FF] V's Stylish Decor2.esp
	[FE:100] V's Stylish Decor2_BOS.esp
	[FE:101] NukaRaiderDeclutter.esp
	[FE:102] OCsFungusFarming.esp
	[FE:103] BostonLibrarySettlementSS2.esp
	[FE:104] BostonLibrarySettlementRobots.esp
	[FE:105] SS2BadNeighbors.esp
	[FE:106] REPatch_AmericaRising2LegacyOfTheEnclave.esp
	[FE:107] MS RazeSettlement.esp
	[FE:108] MS Raze Settlement - Sim Settlements 2 Patch.esp
	[FE:109] MerchantOfDrethFix.esp
	[FE:10A] BoS_HagenFix.esp
	[FE:10B] EHC_FastTravelFix.esp
	[FE:10C] RadioInAJunkPileFix.esp
	[FE:10D] StashAndCoFix.esp
	[FE:10E] LOST Audio Tweaks.esp
	[FE:10F] LAT - Radium Patch.esp
	[FE:110] PV_AR2TextureImprovements.esp
	[FE:111] Vault88LightFix.esp
	[FE:112] Remove_Unscrapable_Desk.esp
	[FE:113] Rebuild_Workshop.esp
	[FE:114] Rebuild_Settlements_Sanctuary_ScrapRuinedHouses.esp
	[FE:115] Face Fixes - All in One.esp
	[FE:116] DynamicMusicOverhaulRedux.esp
	[FE:117] WITG-KOCWR Patch.esp
	[FE:118] ImprovedBoSVertibirdGunPA.esp
	[FE:119] birds.esp
	[FE:11A] SubwayRunnnerDynamicLighting OE - NPC Addon.esp
	[FE:11B] ImprovedMinutemenNWT65ESPPatch.esp
	[FE:11C] ImprovedMinutemenYAWA2Patch.esp
	[FE:11D] OCsNukaIsland.esp
	[FE:11E] OCsShovelMuseum.esp
	[FE:11F] Em_VivaNWReborn_UFO4P_Patch.esp
	[FE:120] AshlandStationSubwayRunnerCompatDL.esp
	[FE:121] ImprovedAREnclaveCWX02Patch.esp
	[FE:122] ImprovedAREnclaveSigmaPatch.esp
	[FE:123] ImprovedCaravanGuards.esp
	[FE:124] ImprovedGuardEncounters.esp
	[FE:125] ImprovedGuards.esp
	[FE:126] ImprovedMMDiversePatch.esp
	[FE:127] ImprovedHostileGunners.esp
	[FE:128] CurieTweaks.esp
	[FE:129] LorenzoSerum.esp
	[FE:12A] craftable nuka mines & grenades.esp
	[FE:12B] courser relay.esp
	[FE:12C] Thaylar Lighting 3.2 - Shadow.esp
	[FE:12D] AR2AltOutfits.esp
	[FE:12E] AnimatedCandles.esp
	[FE:12F] ScrapZapper2_RebuildAIO.esp
	[FE:130] EliArmorCompendium_Previsibines.esp
	[FE:131] SS2_CLB_DLCSuppliesPatch.esp
	[FE:132] SS2_CLB_MunitionsPatch.esp
	[FE:133] XDI-AR2 patch.esp
	[FE:134] RemoteExplosives.esp
	[FE:135] SkipHSH1_6.esp
	[FE:136] Cho1_ShadyMotives_SS2_Patch.esp
	[FE:137] Cho1_Trunk_SS2_Patch.esp
	[FE:138] FakeInterior_RebuildPatch.esp
	[FE:139] DiverseEnclaveAR2.esp
	[FE:13A] DiverseWastelandImmersionPack.esp
	[FE:13B] Faster Terminal Displays (20x).esp
	[FE:13C] PA_UnderwearPerks.esp
	[FE:13D] Colored Workshop Lights.esp
	[FE:13E] NAC-NW.esp
	[FE:13F] NAC-RemoveMenuItem.esp
	[FE:140] NAC-FH.esp
	[FE:141] NACskintonefix.esp
	[FE:142] WTG_KCR_Patch.esp
	[FE:143] SelectBlaster.esp
	[FE:144] Select Blaster -- TOMES ENERGY FIX.esp
	[FE:145] IKAROS-Androids 4K Textures.esp
	[FE:146] FO4HHS.esp
	[FE:147] Institute Suit.esp
	[FE:148] Institute Suit IKAROS.esp
	[FE:149] Vault-Tec Armor.esp
	[FE:14A] MS06f_Jetpack.esp
	[FE:14B] MS06f_Jetpack IKAROS.esp
	[FE:14C] VtawOveralls IKAROS.esp
	[FE:14D] VtawDoctorCurie IKAROS.esp
	[FE:14E] HHFootsteps_extended.esp
	[FE:14F] Curie IKAROS Doll.esp
	[FE:150] BoS Suit.esp
	[FE:151] BOS Armor REDUX.esp
	[FE:152] BOS Armor REDUX IKAROS.esp
	[FE:153] DX_NaughtySecretary.esp
	[FE:154] DX_NaughtySecretary IKAROS.esp
	[FE:155] IKAROS Hand Glow Chip.esp
	[FE:156] HN66-SiriusArmor IKAROS.esp
	[FE:157] Handmade Armor.esp
	[FE:158] Handmade Armor IKAROS.esp
	[FE:159] Skeggjald Suit.esp
	[FE:15A] Skeggjald Suit IKAROS.esp
	[FE:15B] VtawAcademy IKAROS.esp
	[FE:15C] VtawWardrobe9 IKAROS.esp
	[FE:15D] Vault-Tec Armor Redux - Modular Expansion & Fixes.esp
	[FE:15E] Clothes Pack 6 by DonEb14n IKAROS.esp
	[FE:15F] Jinga Closet 2 IKAROS.esp
	[FE:160] Obi's GothGFOutfit.esp
	[FE:161] Obi's GothGFOutfit IKAROS.esp
	[FE:162] Vault-Tec Armor Redux - IKAROS.esp
	[FE:163] VtawGothicDressNe IKAROS.esp
	[FE:164] VtawSynthHMS IKAROS.esp
	[FE:165] VtawWardrobe8 IKAROS.esp
	[FE:166] VtawSweetRebel.esp
	[FE:167] VtawSweetRebel IKAROS.esp
	[FE:168] VtawSchoolGirl2023 IKAROS.esp
	[FE:169] VtawPrincessBodysuit.esp
	[FE:16A] VtawPrincessBodysuit IKAROS.esp
	[FE:16B] VtawOfficer IKAROS.esp
	[FE:16C] VtawMarchDress IKAROS.esp
	[FE:16D] VtawLana IKAROS.esp
	[FE:16E] VtawTreasureHunter.esp
	[FE:16F] VtawTonkinese.esp
	[FE:170] VtawClubDress IKAROS.esp
	[FE:171] VtawTreasureHunter IKAROS.esp
	[FE:172] VtawTraveler IKAROS.esp
	[FE:173] VtawBodyconDress IKAROS.esp
	[FE:174] VtawCheeky.esp
	[FE:175] VtawCheeky IKAROS.esp
	[FE:176] VtawGothicDress IKAROS.esp
	[FE:177] VtawTonkinese IKAROS.esp
	[FE:178] ZeX-InGameSliders.esp
	[FE:179] Rusty Face Fix.esp
	[FE:17A] PRP-SS2-Fixes-Ch1.esp
	[FE:17B] PRP-SS2-Fixes-Ch2.esp
	[FE:17C] PRP.esp
	[FE:17D] CC_Previsibines.esp
	[FE:17E] AmericaRising2_Previsibines.esp
	[FE:17F] FlickerFixer-eXofied.esp
	[FE:180] Rebuild_Settlements_Previs.esp
	[FE:181] SubwayRunner_Previsibines.esp
	[FE:182] SouthOfTheSea[Previs].esp
	[FE:183] SouthOfTheSea-Atomic.esp
	[FE:184] SouthOfTheSea-Atomic-Ashland.esp
	[FE:185] CambridgePoliceStationSettlement.esp
	[FE:186] Em_AGNIS_Previs.esp
	[FE:187] ClearableFortHagenSatelliteArray.esp
	[FE:188] Vault-Tec Wall Lights(colored).esp
	[FE:189] WCLIRIL_Previs.esp
	[FE:18A] fairlinesettlement.esp
	[FE:18B] WCLIPET18F_Previs.esp
	[FE:18C] WCLINPP_Previs.esp
	[FE:18D] Yagisan_SSSL_Red_Rocket_Settlements.esp
	[FE:18E] Yagisan_SSSL_Quick_Fill_Settlements.esp
	[FE:18F] Settlement_CoA_Crater_of_Atom.esp
	[FE:190] Yagisan_SSSL_Reeb_Marina_Settlement.esp
	[FE:191] Settlement_CoA_Ruined_Church.esp
	[FE:192] Settlement_CoA_Radiant_Crest_Shrine.esp
	[FE:193] Settlement_BoS_Fort_Strong.esp
	[FE:194] Yagisan_SSSL_Lakeside_Cabin_Settlement.esp
	[FE:195] Yagisan_SSSL_Bridgeport_Settlement.esp
	[FE:196] AUR_CleanRRHQ.esp
	[FE:197] Em_VivaNWReborn_Previs.esp
	[FE:198] NukaWorldFarmSettlement.esp
	[FE:199] PondSettlement.esp
	[FE:19A] WCLINS_Previs.esp
	[FE:19B] EdenMeadowsSettlement.esp
	[FE:19C] LibraryExtras.esp
	[FE:19D] AtomsRadiance_veelynnlove.esp
	[FE:19E] NorthPointSpawnFix.esp
	[FE:19F] LiveLove - Heather.esp
	[FE:1A0] SF Valentine.esp
	[FE:1A1] Valentine Reconciliation.esp
	[FE:1A2] Munitions-Additional Ammo.esp
	[FE:1A3] UNDRCVR_RuinedChurchPhiOutpost.esp
	[FE:1A4] UNDRCVR_SimplySettledFairlineOutpost.esp
	[FE:1A5] UNDRCVR_SimplySettledLakesideCabin.esp
	[FE:1A6] UNDRCVR_SimplySettledNPointPark.esp
	[FE:1A7] Companion Affinity Pip-Boy Tab.esp
	[FE:1A8] Invisible M-Sat and Radar Beacon.esp
	[FE:1A9] OCsVault88Fixes.esp
	[FE:1AA] Vault 88 Generator Unlock.esp
	[FE:1AB] 10mm HD.esp
	[FE:1AC] Better Computer Terminals - 4K Standard.esp
	[FE:1AD] Black Codsworth and windows fix.esp
	[FE:1AE] Clean 4k Pre-War Retextures.esp
	[FE:1AF] Dpillari's 10mm HD - No Engravings.esp
	[FE:1B0] Dpillari's 10mm HD - No Laser Sticker.esp
	[FE:1B1] Enhanced Vanilla Plants.esp
	[FE:1B2] Enhanced Vanilla Rocks.esp
	[FE:1B3] Enhanced Vanilla Vines.esp
	[FE:1B4] Far Harbor Satellite Map.esp
	[FE:1B5] HighlightConsoleReference.esp
	[FE:1B6] LooksMenu.esp
	[FE:1B7] Nuka-World Satellite Map.esp
	[FE:1B8] Satellite World Map Fixed.esp
	[FE:1B9] TeoB Fallout Remastered - Vanilla eyes replacer 2k.esp
	[FE:1BA] U.S. Covert Operations Manual Redux - Magazine Retexture.esp
	[FE:1BB] Fairline_veelynnlove.esp
	[FE:1BC] OCsBreakHeartBanks.esp
	[FE:1BD] OCsCochituate.esp
	[FE:1BE] OCsCharlesviewAmpitheater.esp
	[FE:1BF] OCsProspectPark.esp
	[FE:1C0] OCsOldPondHouse.esp
	[FE:1C1] OCsSunkenGarage.esp
	[FE:1C2] OCsFiddlersGreen.esp
	[FE:1C3] OCsBreakheartBanksSS2QuestPatch.esp
	[FE:1C4] OCsHubologistCamp.esp
	[FE:1C5] OCsCochituateReducedGrass.esp
	[FE:1C6] OCsLakeQ.esp
	[FE:1C7] CharlesviewHappyCult.esp
	[FE:1C8] CharlesviewGrowCult.esp
	[FE:1C9] OCsProspectParkEBA.esp
	[FE:1CA] OCsNukaTransitCenter.esp
	[FE:1CB] OCsNorthpointDam.esp
	[FE:1CC] OCsWindTower.esp
	[FE:1CD] OCsOldPondHouseAltName.esp
	[FE:1CE] OCsDartmouthSkyscraper.esp
	[FE:1CF] OCsKStation.esp
	[FE:1D0] OCsSunkenGarageCoASettlers.esp
	[FE:1D1] FiddlersGreenTarberrySwap.esp
	[FE:1D2] OCsV81TradeCamp.esp
	[FE:1D3] OCsV81TradeCampEarlyUnlock.esp
	[FE:1D4] OCsV81TradeCampGrassReduced.esp
	[FE:1D5] OCsHubologistCampNameSwap.esp
	[FE:1D6] ListeningPostBravo.esp
	[FE:1D7] Grass Is Always Greener.esp
	[FE:1D8] Power_Armors_Redone.esp
	[FE:1D9] OCsUniversityPoint.esp
	[FE:1DA] Eli_Armour_Compendium_LIF.esp
	[FE:1DB] Eli_Armour_Compendium_Tweaks_ECO.esp
	[FE:1DC] Fluorescent Light reposition.esp
	[FE:1DD] CC_SlocumCoffee_Overhaul.esp
	[FE:1DE] YAWA2_BridgeportPatch.esp
	[FE:1DF] YAWA2_AmericaRising2_Patch.esp
	[FE:1E0] YAWA2_NoArtillery.esp
	[FE:1E1] Stealth Field Stability, C.esp
	[FE:1E2] BostonPublicLibrarySettlement_Previsibines.esp
	[FE:1E3] PRP-SS2.esp
	[FE:1E4] F4NVLaserPistol_Edits.esp
	[FE:1E5] Settlement_Lobotomites.esp
	[FE:1E6] [Leader] Lobotomites.esp
	[FE:1E7] GavMan_V81TC_CityPlan.esp
	[FE:1E8] F4NVLaserPistol_Edits - ECO Redux Patch.esp
	[FE:1E9] Dank_ECO-LEO.esp
	[FE:1EA] Dank_LEO-LMA.esp
	[FE:1EB] Dank_LEO-MLM.esp
	[FE:1EC] Dank_ECO-UniversalDisassembler.esp
	[FE:1ED] Dank_LEO_ChipCraft_Mats_ECO.esp
	[FE:1EE] Dank_LEO-LME.esp
	[FE:1EF] Dank_ECO-Munitions.esp
	[FE:1F0] Dank_LEO-NeoSky.esp
	[FE:1F1] Dank_LEO-AmericaRising2.esp
	[FE:1F2] FOLIP - After Generation.esp
	[FE:1F3] xLODGen_Output.esp
	[FE:1F4] VirgilFastTravel.esp
	[FE:1F5] LO_Previsibines.esp
	[FE:1F6] Dank_ECO-INNR.esp
	[FE:1F7] Dank_LEO-MLE_INNR_CS.esp
	[FE:1F8] Dank_ECO-Munitions_INNR_CS.esp
	[FE:1F9] FinalCellPatch.esp
	[FE:1FA] Ultimate Window Overhaul.esp
	[FE:1FB] RealHD Face 2K - ba2 and guide.esp
	[FE:1FC] LMCC 2k Face Textures.esp
	[FE:1FD] FaceGen Output.esp
	[FE:1FE] M8r Complex Sorter.esp
	[FE:1FF] M8r Complex Sorter-part2.esp
	[FE:200] AR2 Quest Fix.esp
