Fallout 4 v1.10.163
Buffout 4 v1.37.0 Mar 12 2025 22:11:48

Unhandled exception "EXCEPTION_ACCESS_VIOLATION" at 0x7FF6327D5B45 Fallout4.exe+22E5B45	mov r8, [r13+0x48] |  BSScaleformImageLoader::LoadProtocolImage(Scaleform::GFx::ImageCreateInfo&,Scaleform::String&)_22E5B45)
Exception Flags: 0x00000000
Number of Parameters: 2
Access Violation: Tried to read memory at 0x000000000048

	[Compatibility]
		F4EE: true
	[Debug]
		Symcache: c:symcache
		WaitForDebugger: false
	[Fixes]
		ActorIsHostileToActor: true
		BGSAIWorldLocationRefRadiusNull: true
		BSLightingShaderMaterialGlowmap: true
		BackportedBA2Support: true
		CellInit: true
		CreateD3DAndSwapChain: true
		EncounterZoneReset: true
		EscapeFreeze: true
		FixScriptPageAllocation: true
		FixToggleScriptsCommand: true
		FollowerStrayBullet: true
		GreyMovies: true
		InteriorNavCut: true
		MagicEffectApplyEvent: true
		MovementPlanner: true
		PackageAllocateLocation: true
		PipboyLightInvFix: true
		SafeExit: true
		TESObjectREFRGetEncounterZone: true
		UnalignedLoad: true
		UtilityShader: true
		WorkBenchSwap: true
	[Patches]
		Achievements: true
		BSMTAManager: true
		BSPreCulledObjects: true
		BSTextureStreamerLocalHeap: false
		HavokMemorySystem: false
		INISettingCollection: true
		InputSwitch: false
		MaxStdIO: 2048
		MemoryManager: false
		MemoryManagerDebug: false
		ScaleformAllocator: false
		SmallBlockAllocator: false
		WorkshopMenu: true
	[Tweaks]
		MaxPapyrusOpsPerFrame: 1000
	[Warnings]
		CreateTexture2D: true
		ImageSpaceAdapter: true

SYSTEM SPECS:
	OS: Microsoft Windows 11 Pro v10.0.26100
	CPU: AuthenticAMD AMD Ryzen 7 7800X3D 8-Core Processor           
	GPU #1: Nvidia AD104 [GeForce RTX 4070]
	GPU #2: AMD Raphael
	GPU #3: Microsoft Basic Render Driver
	PHYSICAL MEMORY: 28.60 GB/63.10 GB


PROBABLE CALL STACK:
	[0] 0x7FF6327D5B45 Fallout4.exe+22E5B45	mov r8, [r13+0x48] |  BSScaleformImageLoader::LoadProtocolImage(Scaleform::GFx::ImageCreateInfo&,Scaleform::String&)_22E5B45 -> 142311+0x75	mov r8, [r13+0x48]
	[1] 0x7FF63179051A Fallout4.exe+12A051A	lea rcx, [rbp+0x150] |  MainMenu::MainMenu(UIMessage&)_12A051A -> 1079380+0x5EA	lea rcx, [rbp+0x150]
	[2] 0x7FF631796C1A Fallout4.exe+12A6C1A	mov [rdi], ebx |  nsMainMenu::NoDurangoUserSignedInCallback::`scalar_deleting_destructor'(uint)_12A6C1A -> 543460+0x5A	mov [rdi], ebx
	[3] 0x7FF632532D1C Fallout4.exe+2042D1C	mov rcx, [rsp+0x40] |  UI::ProcessMessages(void)_2042D1C -> 239710+0x8EC	mov rcx, [rsp+0x40]
	[4] 0x7FF6311AFF35 Fallout4.exe+0CBFF35	mov rcx, [0x00007FF635DC0898] |  long (mangled: JobListManager::ServingThread::DisplayLoadingScreen(void))_CBFF35 -> 132841+0x105	mov rcx, [0x00007FF635DC0898]
	[5] 0x7FF6311B079D Fallout4.exe+0CC079D	jmp 0x00007FF6311B07A7 |  long (mangled: JobListManager::ServingThread::ThreadProc(void))_CC079D -> 1166392+0x7D	jmp 0x00007FF6311B07A7
	[6] 0x7FF63200CFED Fallout4.exe+1B1CFED	mov rcx, [0x00007FF63604BD38] |  BSThread::CallThreadProc(void)_1B1CFED -> 1079791+0x3D	mov rcx, [0x00007FF63604BD38]
	[7] 0x7FFC744EE8D7 KERNEL32.DLL+002E8D7
	[8] 0x7FFC756FBF6C    ntdll.dll+00BBF6C

REGISTERS:
	RAX 0xD6465A81         (size_t) [3594934913]
	RCX 0xF                (size_t) [15]
	RDX 0x467409           (size_t) [4617225]
	RBX 0x0                (size_t) [0]
	RSP 0x1F6E44F520       (void*)
	RBP 0x1F6E44F598       (void*)
	RSI 0x15A64CDCAA8      (void*)
	RDI 0x0                (size_t) [0]
	R8  0x90F969           (size_t) [9501033]
	R9  0x90F969A0         (size_t) [2432264608]
	R10 0x3866             (size_t) [14438]
	R11 0x1F6E44F5D0       (void*)
	R12 0x15A64CDCA38      (MainMenu*)
	R13 0x0                (size_t) [0]
	R14 0x15A64CDC810      (MainMenu*)
	R15 0x0                (size_t) [0]

STACK:
	[RSP+0  ] 0x0                (size_t) [0]
	[RSP+8  ] 0x0                (size_t) [0]
	[RSP+10 ] 0x15A64CDCAA8      (void*)
	[RSP+18 ] 0x0                (size_t) [0]
	[RSP+20 ] 0x1F6E44F6C0       (void*)
	[RSP+28 ] 0x15A64CDCAB8      (void*)
	[RSP+30 ] 0x1597F7B0BC0      (NiTexture*)
		Name: "Textures\Interface\DLCBannerDLC01.DDS"
		RTTIName: "NiTexture"
	[RSP+38 ] 0x7FF632031EB2     (void* -> Fallout4.exe+1B41EB2	mov rax, rbx |  BSFixedString::operator<<(char*)_1B41EB2)
	[RSP+40 ] 0x0                (size_t) [0]
	[RSP+48 ] 0x0                (size_t) [0]
	[RSP+50 ] 0x7FF600000000     (size_t) [140694538682368]
	[RSP+58 ] 0x1F6E44F920       (char*) "Textures\Interface\DLCBannerDLC01.dds"
	[RSP+60 ] 0x15A64CDC810      (MainMenu*)
	[RSP+68 ] 0x7FF6326044C4     (void* -> Fallout4.exe+21144C4	mov rcx, [rbx] |  BSScaleformExternalTexture::SetTexture(NiTexture*)_21144C4)
	[RSP+70 ] 0x0                (size_t) [0]
	[RSP+78 ] 0x1                (size_t) [1]
	[RSP+80 ] 0xFFFFFFFFFFFFFFFF (size_t) [uint: 18446744073709551615 int: -1]
	[RSP+88 ] 0x7FF63327B1F4     (char*) "Grey"
	[RSP+90 ] 0x1F6E44F6C0       (void*)
	[RSP+98 ] 0x7FF63179051A     (void* -> Fallout4.exe+12A051A	lea rcx, [rbp+0x150] |  MainMenu::MainMenu(UIMessage&)_12A051A)
	[RSP+A0 ] 0x0                (size_t) [0]
	[RSP+A8 ] 0x0                (size_t) [0]
	[RSP+B0 ] 0xD6465A81         (size_t) [3594934913]
	[RSP+B8 ] 0x7FF63866CB10     (size_t) [140695484943120]
	[RSP+C0 ] 0x7FF600000000     (size_t) [140694538682368]
	[RSP+C8 ] 0x0                (size_t) [0]
	[RSP+D0 ] 0x1F6E44F600       (void*)
	[RSP+D8 ] 0x1                (size_t) [1]
	[RSP+E0 ] 0x1597A3783A0      (void*)
	[RSP+E8 ] 0x10000            (size_t) [65536]
	[RSP+F0 ] 0x0                (size_t) [0]
	[RSP+F8 ] 0x20               (size_t) [32]
	[RSP+100] 0x0                (size_t) [0]
	[RSP+108] 0x15968E6B100      (voltek::memory_manager::memory_manager*)
	[RSP+110] 0x1F6E44F6A0       (void*)
	[RSP+118] 0x7FFB59100D58     (void* -> x-cell-og.dll+0070D58	lea r11, [rsp+0x60] |  E:\Projects\X-Cell-FO4\depends\vmm\source\vmmmain.cpp:482 voltek::memory_manager::memory_manager::alloc (mangled: ?alloc@memory_manager@1voltek@@QEAAPEAX_K@Z))
	[RSP+120] 0x4                (size_t) [4]
	[RSP+128] 0x1F6E44F670       (void*)
	[RSP+130] 0x0                (size_t) [0]
	[RSP+138] 0x15900000002      (size_t) [1481763717122]
	[RSP+140] 0x0                (size_t) [0]
	[RSP+148] 0x7FFB5909B2CD     (void* -> x-cell-og.dll+000B2CD	mov rbx, [rsp+0xB0] |  E:\Projects\X-Cell-FO4\source\XCellModuleMemory.cpp:72 XCell::memory_manager::alloc (mangled: ?alloc@memory_manager@XCell@@SAPEAX_K0_N1@Z))
	[RSP+150] 0x0                (size_t) [0]
	[RSP+158] 0x15900000002      (size_t) [1481763717122]
	[RSP+160] 0x0                (size_t) [0]
	[RSP+168] 0x15A648D2EF0      (ButtonBarMenu*)
	[RSP+170] 0x15968E6B130      (voltek::core::_internal::simple_lock*)
	[RSP+178] 0xF3D3826C5423     (size_t) [268089751786531]
	[RSP+180] 0x0                (size_t) [0]
	[RSP+188] 0x15A648D2EF0      (ButtonBarMenu*)
	[RSP+190] 0x7FF635F56DD0     (UI*)
	[RSP+198] 0x1597B3D00A8      (void*)
	[RSP+1A0] 0x0                (size_t) [0]
	[RSP+1A8] 0x7FFB5909B2CD     (void* -> x-cell-og.dll+000B2CD	mov rbx, [rsp+0xB0] |  E:\Projects\X-Cell-FO4\source\XCellModuleMemory.cpp:72 XCell::memory_manager::alloc (mangled: ?alloc@memory_manager@XCell@@SAPEAX_K0_N1@Z))
	[RSP+1B0] 0x4                (size_t) [4]
	[RSP+1B8] 0x0                (size_t) [0]
	[RSP+1C0] 0x8                (size_t) [8]
	[RSP+1C8] 0x20               (size_t) [32]
	[RSP+1D0] 0x7FFB591AC260     (char*) "(alignment != 0) && ((alignment % 2) == 0)"
	[RSP+1D8] 0x4                (size_t) [4]
	[RSP+1E0] 0x4074A00000000000 (size_t) [4644513037586268160]
	[RSP+1E8] 0x1F6E44F610       (void*)
	[RSP+1F0] 0x1597F0EEA80      (void*)
	[RSP+1F8] 0x159693DB6B0      (voltek::memory_manager::page_t<voltek::memory_manager::block_base_t<128>,voltek::core::bits_regions>*)
	[RSP+200] 0x0                (size_t) [0]
	[RSP+208] 0x15A648D2EF0      (ButtonBarMenu*)
	[RSP+210] 0x7FF635F56DD0     (UI*)
	[RSP+218] 0x1597B3D00A8      (void*)
	[RSP+220] 0x1597F0EEA90      (BSGFxDisplayObject*)
	[RSP+228] 0x7FF63320AD40     (char*) "textField"
	[RSP+230] 0xF3D3826C54B3     (size_t) [268089751786675]
	[RSP+238] 0x0                (size_t) [0]
	[RSP+240] 0x7FF635F57058     (void* -> Fallout4.exe+5A67058	adc [rbx], al |  aDiveBombChance_5A67058)
	[RSP+248] 0x7FF632001042     (void* -> Fallout4.exe+1B11042	mov rcx, rax |  BSTArrayHeapAllocator::Allocate(uint,uint)_1B11042)
	[RSP+250] 0x1F6E44F350       (void*)
	[RSP+258] 0x7FF6305144E3     (void* -> Fallout4.exe+00244E3	mov esi, eax |  BSSpinLock::Lock(char*)_244E3)
	[RSP+260] 0x4                (size_t) [4]
	[RSP+268] 0x200              (size_t) [512]
	[RSP+270] 0x15A648D2FD0      (ButtonBarMenu*)
	[RSP+278] 0x7FF632000DBA     (void* -> Fallout4.exe+1B10DBA	test al, al |  BSTArrayBase::AddUninitialized(BSTArrayBase::IAllocatorFunctor&,uint,uint)_1B10DBA)
	[RSP+280] 0x7FF635F57068     (void* -> Fallout4.exe+5A67068	add [rax], eax |  aDiveBombChance_5A67068)
	[RSP+288] 0x7FF635F57058     (void* -> Fallout4.exe+5A67058	adc [rbx], al |  aDiveBombChance_5A67058)
	[RSP+290] 0x7FF63604BC70     (void* -> Fallout4.exe+5B5BC70	add [rax], al |  aDiveBombChance_5B5BC70)
	[RSP+298] 0x1F6E44FBB0       (void*)
	[RSP+2A0] 0x7FF63604BC70     (void* -> Fallout4.exe+5B5BC70	add [rax], al |  aDiveBombChance_5B5BC70)
	[RSP+2A8] 0x15A64E03000      (void*)
	[RSP+2B0] 0x7FF635F57050     (void* -> Fallout4.exe+5A67050	add [rax], al |  aDiveBombChance_5A67050)
	[RSP+2B8] 0x7FF630FF8D0B     (void* -> Fallout4.exe+0B08D0B	cmp eax, 0xFFFFFFFF |  BSTEventSource<ButtonBarMenuUpdateEvent>::RegisterSink(BSTEventSink<ButtonBarMenuUpdateEvent>*)_B08D0B)
	[RSP+2C0] 0x7FF635F57050     (void* -> Fallout4.exe+5A67050	add [rax], al |  aDiveBombChance_5A67050)
	[RSP+2C8] 0x1F6E44FBB0       (void*)
	[RSP+2D0] 0x1597B3D00A0      (void*)
	[RSP+2D8] 0x7FF63604BC78     (void* -> Fallout4.exe+5B5BC78	loopne 0x00007FF63604BC3F |  aDiveBombChance_5B5BC78)
	[RSP+2E0] 0x7FF635F57040     (BSTGlobalEvent::EventSource<ButtonBarMenuUpdateEvent>*)
	[RSP+2E8] 0x7FF630FF7297     (void* -> Fallout4.exe+0B07297	mov rbx, [rsp+0x30] |  BSTGlobalEvent::EventSource<ButtonBarMenuUpdateEvent>::EventSource<ButtonBarMenuUpdateEvent>(BSTGlobalEvent::KillSDMEventSource*)_B07297)
	[RSP+2F0] 0x1F6E44FBB0       (void*)
	[RSP+2F8] 0x7FF63604BC70     (void* -> Fallout4.exe+5B5BC70	add [rax], al |  aDiveBombChance_5B5BC70)
	[RSP+300] 0x7FF63313A948     (void* -> Fallout4.exe+2C4A948	shl byte ptr [rdx], 0x01 |  hkbInternal::hks::execute<0>(hkbInternal::lua_State*,hkbInternal::hksInstruction*,int)_2C4A948)
	[RSP+308] 0x7FF635F57058     (void* -> Fallout4.exe+5A67058	adc [rbx], al |  aDiveBombChance_5A67058)
	[RSP+310] 0x1591064DE50      (BSGFxShaderFXTarget*)
	[RSP+318] 0x7FF630FF5C63     (void* -> Fallout4.exe+0B05C63	lea r11, [rsp+0x220] |  ButtonBarMenu::ButtonBarMenu(UIMessage&)_B05C63)
	[RSP+320] 0x1F6E44FBB0       (void*)
	[RSP+328] 0x1597B3D00A0      (void*)
	[RSP+330] 0x15A648D2F60      (void*)
	[RSP+338] 0x1591064DE50      (BSGFxShaderFXTarget*)
	[RSP+340] 0x7FF63320ACD8     (char*) "root1"
	[RSP+348] 0x15900000002      (size_t) [1481763717122]
	[RSP+350] 0x1F00000000       (size_t) [133143986176]
	[RSP+358] 0x7FFC7565BE86     (void* -> ntdll.dll+001BE86	mov r14, rax)
	[RSP+360] 0x7FF63313A948     (void* -> Fallout4.exe+2C4A948	shl byte ptr [rdx], 0x01 |  hkbInternal::hks::execute<0>(hkbInternal::lua_State*,hkbInternal::hksInstruction*,int)_2C4A948)
	[RSP+368] 0x15A648D2F60      (void*)
	[RSP+370] 0x2                (size_t) [2]
	[RSP+378] 0x1597B3D00A0      (void*)
	[RSP+380] 0x15968F922B0      (voltek::memory_manager::pool_t<voltek::memory_manager::block_base_t<32>,voltek::memory_manager::page_t<voltek::memory_manager::block_base_t<32>,voltek::core::bits_regions>,262144>*)
	[RSP+388] 0x1593FADF1B0      (voltek::memory_manager::page_t<voltek::memory_manager::block_base_t<32>,voltek::core::bits_regions>*)
	[RSP+390] 0x1F6E44F9C0       (void*)
	[RSP+398] 0x7FFB59101A20     (void* -> x-cell-og.dll+0071A20	lea r11, [rsp+0x190] |  E:\Projects\X-Cell-FO4\depends\vmm\source\vmmmain.cpp:789 voltek::memory_manager::memory_manager::free (mangled: ?free@memory_manager@1voltek@@QEAA_NPEBX@Z))
	[RSP+3A0] 0x11AC             (size_t) [4524]
	[RSP+3A8] 0x1F6E44F9C0       (void*)
	[RSP+3B0] 0x1593FADF1B0      (voltek::memory_manager::page_t<voltek::memory_manager::block_base_t<32>,voltek::core::bits_regions>*)
	[RSP+3B8] 0x1101             (size_t) [4353]
	[RSP+3C0] 0x1593FADF1B0      (voltek::memory_manager::page_t<voltek::memory_manager::block_base_t<32>,voltek::core::bits_regions>*)
	[RSP+3C8] 0x40590000000011AC (size_t) [4636737291354640812]
	[RSP+3D0] 0x7FF635F56200     (void* -> Fallout4.exe+5A66200	add [rax], al |  aDiveBombChance_5A66200)
	[RSP+3D8] 0x7FF63106D76D     (void* -> Fallout4.exe+0B7D76D	xor r12d, r12d |  BSTEventSource<MultiActivateUseRolloverEvent>::Notify(MultiActivateUseRolloverEvent&)_B7D76D)
	[RSP+3E0] 0x7FF635FA38B8     (void* -> Fallout4.exe+5AB38B8	add [rax], al |  aDiveBombChance_5AB38B8)
	[RSP+3E8] 0x1F6E44FBB0       (void*)
	[RSP+3F0] 0x7FF635FA37E0     (MultiActivateManager*)
	[RSP+3F8] 0x1F6E44F920       (char*) "Textures\Interface\DLCBannerDLC01.dds"
	[RSP+400] 0x7365727574786554 (size_t) [8315178135800276308]
	[RSP+408] 0x61667265746E495C (size_t) [7018422849374144860]
	[RSP+410] 0x6142434C445C6563 (size_t) [7008237964985394531]
	[RSP+418] 0x30434C4472656E6E (size_t) [3477707194120892014]
	[RSP+420] 0x3F80007364642E31 (size_t) [4575657717013950001]
	[RSP+428] 0x7FF6327E244A     (void* -> Fallout4.exe+22F244A	movzx eax, al |  Scaleform::HeapPT::TreeBin::FindBest(unsigned___int64)_22F244A)
	[RSP+430] 0x0                (size_t) [0]
	[RSP+438] 0x7FF6305144E3     (void* -> Fallout4.exe+00244E3	mov esi, eax |  BSSpinLock::Lock(char*)_244E3)
	[RSP+440] 0x7FF635FA37E0     (MultiActivateManager*)
	[RSP+448] 0x1F6E44FBB0       (void*)
	[RSP+450] 0x3F               (size_t) [63]
	[RSP+458] 0x7FF6327E2FD7     (void* -> Fallout4.exe+22F2FD7	mov rdx, rdi |  Scaleform::HeapPT::FreeBin::Push(uchar*)_22F2FD7)
	[RSP+460] 0x15A644321D0      (char*) "
"
	[RSP+468] 0x0                (size_t) [0]
	[RSP+470] 0x1                (size_t) [1]
	[RSP+478] 0x1F6E44F9C8       (void*)
	[RSP+480] 0x15A64CDC810      (MainMenu*)
	[RSP+488] 0x7FF63290EEFB     (void* -> Fallout4.exe+241EEFB	mov rax, [rsp+0x60] |  Scaleform::HeapPT::AllocBitSet2::Alloc(unsigned___int64,Scaleform::Heap::HeapSegment**)_241EEFB)
	[RSP+490] 0x140              (size_t) [320]
	[RSP+498] 0x3F               (size_t) [63]
	[RSP+4A0] 0x15A64CDC810      (MainMenu*)
	[RSP+4A8] 0x0                (size_t) [0]
	[RSP+4B0] 0x0                (size_t) [0]
	[RSP+4B8] 0x1597B3D02E8      (void*)
	[RSP+4C0] 0x3F0              (size_t) [1008]
	[RSP+4C8] 0x3E8              (size_t) [1000]
	[RSP+4D0] 0x1F6E44FBB0       (void*)
	[RSP+4D8] 0x7FF6327E5781     (void* -> Fallout4.exe+22F5781	mov rcx, rax |  Scaleform::HeapPT::AllocEngine::allocBitSet(unsigned___int64,unsigned___int64)_22F5781)
	[RSP+4E0] 0x15A64432198      (void*)
	[RSP+4E8] 0x7FF635F56DD0     (UI*)
	[RSP+4F0] 0x1F6E44FA60       (void*)
	[RSP+4F8] 0x0                (size_t) [0]
	[RSP+500] 0x0                (size_t) [0]
	[RSP+508] 0x0                (size_t) [0]
	[RSP+510] 0x0                (size_t) [0]
	[RSP+518] 0x0                (size_t) [0]
	[RSP+520] 0x7FF635F56DD0     (UI*)
	[RSP+528] 0x1597B3D02E8      (void*)
	[RSP+530] 0x0                (size_t) [0]
	[RSP+538] 0x0                (size_t) [0]
	[RSP+540] 0x15A61589770      (char*) "B"
	[RSP+548] 0x42               (size_t) [66]
	[RSP+550] 0x1F6E44FBB0       (void*)
	[RSP+558] 0x7FF631796C1A     (void* -> Fallout4.exe+12A6C1A	mov [rdi], ebx |  nsMainMenu::NoDurangoUserSignedInCallback::`scalar_deleting_destructor'(uint)_12A6C1A)
	[RSP+560] 0x42               (size_t) [66]
	[RSP+568] 0x1597B3D02E0      (UIMessage*)
	[RSP+570] 0x1597F7B0BC0      (NiTexture*)
		Name: "Textures\Interface\DLCBannerDLC01.DDS"
		RTTIName: "NiTexture"
	[RSP+578] 0x7FF635F56DD0     (UI*)
	[RSP+580] 0x1597B3D02E0      (UIMessage*)
	[RSP+588] 0x7FF632532D1C     (void* -> Fallout4.exe+2042D1C	mov rcx, [rsp+0x40] |  UI::ProcessMessages(void)_2042D1C)
	[RSP+590] 0x0                (size_t) [0]
	[RSP+598] 0x7FF635F56F80     (void* -> Fallout4.exe+5A66F80	add [rax], al |  aDiveBombChance_5A66F80)
	[RSP+5A0] 0x1F6E44FBB0       (void*)
	[RSP+5A8] 0x7FF635F56F80     (void* -> Fallout4.exe+5A66F80	add [rax], al |  aDiveBombChance_5A66F80)
	[RSP+5B0] 0x1F6E44FAF0       (void*)
	[RSP+5B8] 0x1F6E44FE88       (void*)
	[RSP+5C0] 0x1597B3D02E0      (UIMessage*)
	[RSP+5C8] 0x0                (size_t) [0]
	[RSP+5D0] 0x0                (size_t) [0]
	[RSP+5D8] 0x7FF631796BC0     (void* -> Fallout4.exe+12A6BC0	mov [rsp+0x08], rbx |  nsMainMenu::NoDurangoUserSignedInCallback::`scalar_deleting_destructor'(uint)_12A6BC0)
	[RSP+5E0] 0x0                (size_t) [0]
	[RSP+5E8] 0x15A53A0E0A0      (void*)
	[RSP+5F0] 0x15A00000001      (void*)
	[RSP+5F8] 0x6E8B918700       (size_t) [474787972864]
	[RSP+600] 0x1F6E44FC28       (void*)
	[RSP+608] 0x998744B4         (size_t) [2575778996]
	[RSP+610] 0x0                (size_t) [0]
	[RSP+618] 0x0                (size_t) [0]
	[RSP+620] 0x15A61589770      (char*) "B"
	[RSP+628] 0x998744B4         (size_t) [2575778996]
	[RSP+630] 0xFEAFACA2         (size_t) [4272925858]
	[RSP+638] 0x1F6E44FC30       (void*)
	[RSP+640] 0x1F6E44FCC0       (void*)
	[RSP+648] 0x1F6E44FCC8       (void*)
	[RSP+650] 0x1F6E44FD19       (void*)
	[RSP+658] 0x1597B3D01A0      (void*)
	[RSP+660] 0x0                (size_t) [0]
	[RSP+668] 0x0                (size_t) [0]
	[RSP+670] 0x206              (size_t) [518]
	[RSP+678] 0x0                (size_t) [0]
	[RSP+680] 0x5401             (size_t) [21505]
	[RSP+688] 0x1F00000000       (size_t) [133143986176]
	[RSP+690] 0x15A00000000      (void*)
	[RSP+698] 0x7FFB00000000     (size_t) [140716013518848]
	[RSP+6A0] 0x1F6E44FC08       (void*)
	[RSP+6A8] 0x7FFB0011400C     (size_t) [140716014649356]
	[RSP+6B0] 0x0                (size_t) [0]
	[RSP+6B8] 0x7FFB00000000     (size_t) [140716013518848]
	[RSP+6C0] 0x15A53A0E2E0      (ScaleformMCM::SetPropertyValueEx*)
	[RSP+6C8] 0x15               (size_t) [21]
	[RSP+6D0] 0x7FFB00000000     (size_t) [140716013518848]
	[RSP+6D8] 0x54FC             (size_t) [21756]
	[RSP+6E0] 0x0                (size_t) [0]
	[RSP+6E8] 0x0                (size_t) [0]
	[RSP+6F0] 0x10               (size_t) [16]
	[RSP+6F8] 0x30               (size_t) [48]
	[RSP+700] 0x80000040         (size_t) [2147483712]
	[RSP+708] 0x1597B3D02E0      (UIMessage*)
	[RSP+710] 0x0                (size_t) [0]
	[RSP+718] 0x0                (size_t) [0]
	[RSP+720] 0x0                (size_t) [0]
	[RSP+728] 0x7FFBD198A78B     (void* -> tier0_s64.dll+000A78B	jmp 0x00007FFBD198A7A1)
	[RSP+730] 0x0                (size_t) [0]
	[RSP+738] 0x15951B10480      (void*)
	[RSP+740] 0x0                (size_t) [0]
	[RSP+748] 0x7FFBBEE839CB     (void* -> steamclient64.dll+08839CB	test eax, eax)
	[RSP+750] 0x1F6E44FD80       (void*)
	[RSP+758] 0x15951B105D0      (void*)
	[RSP+760] 0x0                (size_t) [0]
	[RSP+768] 0x15951B10480      (void*)
	[RSP+770] 0x1F6E44FE10       (void*)
	[RSP+778] 0x15951B105D0      (void*)
	[RSP+780] 0x1F6E44FD19       (void*)
	[RSP+788] 0x7FFBBEE805D0     (void* -> steamclient64.dll+08805D0	movzx eax, bl)
	[RSP+790] 0x15900000000      (size_t) [1481763717120]
	[RSP+798] 0x1F00000000       (size_t) [133143986176]
	[RSP+7A0] 0x15900000000      (size_t) [1481763717120]
	[RSP+7A8] 0x1F6E44FE00       (void*)
	[RSP+7B0] 0x15951B10500      (void*)
	[RSP+7B8] 0x7FFBBEE2DB5D     (void* -> steamclient64.dll+082DB5D	movsxd rcx, dword ptr [rbx+0x28])
	[RSP+7C0] 0x15951AD17E0      (void*)
	[RSP+7C8] 0x9B0001           (size_t) [10158081]
	[RSP+7D0] 0x7FFBD19E10F0     (void* -> tier0_s64.dll+00610F0	rcl byte ptr [rdi], 0xAD)
	[RSP+7D8] 0x7FFBD198C384     (void* -> tier0_s64.dll+000C384	mov rbx, [rsp+0x40])
	[RSP+7E0] 0x15951AD17C0      (void*)
	[RSP+7E8] 0x7FFBD198C4BE     (void* -> tier0_s64.dll+000C4BE	test rax, rax)
	[RSP+7F0] 0x0                (size_t) [0]
	[RSP+7F8] 0x0                (size_t) [0]
	[RSP+800] 0x0                (size_t) [0]
	[RSP+808] 0x7FF6305144E3     (void* -> Fallout4.exe+00244E3	mov esi, eax |  BSSpinLock::Lock(char*)_244E3)
	[RSP+810] 0x15951B60070      (void*)
	[RSP+818] 0x7FFBBEE2FC86     (void* -> steamclient64.dll+082FC86	mov [rdi], r15)
	[RSP+820] 0x0                (size_t) [0]
	[RSP+828] 0x15951AC1920      (char*) "p"
	[RSP+830] 0x7FF635FAD378     (void* -> Fallout4.exe+5ABD378	add [rax], al |  aDiveBombChance_5ABD378)
	[RSP+838] 0x7FF6310F56ED     (void* -> Fallout4.exe+0C056ED	xor r12d, r12d |  BSTEventSource<PipboyValueChangedEvent>::Notify(PipboyValueChangedEvent&)_C056ED)
	[RSP+840] 0x7FF635FAD450     (void* -> Fallout4.exe+5ABD450	xor al, cl |  aDiveBombChance_5ABD450)
	[RSP+848] 0x1                (size_t) [1]
	[RSP+850] 0xB                (size_t) [11]
	[RSP+858] 0x7FFBBEE2EF43     (void* -> steamclient64.dll+082EF43	cmp dword ptr [rbx+0x08], 0x20)
	[RSP+860] 0x1F6E44FE19       (char*) "	"
	[RSP+868] 0x7FF6310F43B4     (void* -> Fallout4.exe+0C043B4	inc ebx |  PipboyArray::ClearDirtyToGame(void)_C043B4)
	[RSP+870] 0x0                (size_t) [0]
	[RSP+878] 0x5F9CFC50         (void* -> steam_api64.dll+002FC50	shl byte ptr [rdi+0x1593FBE], 0x00)
	[RSP+880] 0x1                (size_t) [1]
	[RSP+888] 0x0                (size_t) [0]
	[RSP+890] 0x1597C9F9150      (void*)
	[RSP+898] 0x7FF6311215E6     (void* -> Fallout4.exe+0C315E6	add rbx, 0x18 |  PipboyObject::ClearDirtyToGame(void)_C315E6)
	[RSP+8A0] 0x1597C9F90C0      (void*)
	[RSP+8A8] 0x1                (size_t) [1]
	[RSP+8B0] 0x7FF635FAD450     (void* -> Fallout4.exe+5ABD450	xor al, cl |  aDiveBombChance_5ABD450)
	[RSP+8B8] 0x0                (size_t) [0]
	[RSP+8C0] 0x1597C9F8F40      (void*)
	[RSP+8C8] 0x7FF6311215E6     (void* -> Fallout4.exe+0C315E6	add rbx, 0x18 |  PipboyObject::ClearDirtyToGame(void)_C315E6)
	[RSP+8D0] 0x0                (size_t) [0]
	[RSP+8D8] 0x7FF635FAC790     (void* -> Fallout4.exe+5ABC790	add [rax], al |  aDiveBombChance_5ABC790)
	[RSP+8E0] 0x7FF635FAD4A8     (void* -> Fallout4.exe+5ABD4A8	add [rax], al |  aDiveBombChance_5ABD4A8)
	[RSP+8E8] 0x1                (size_t) [1]
	[RSP+8F0] 0x0                (size_t) [0]
	[RSP+8F8] 0x7FF63200093F     (void* -> Fallout4.exe+1B1093F	cmp [rdi], eax |  BSReadWriteLock::LockForRead(void)_1B1093F)
	[RSP+900] 0x7FF635FAD450     (void* -> Fallout4.exe+5ABD450	xor al, cl |  aDiveBombChance_5ABD450)
	[RSP+908] 0x1                (size_t) [1]
	[RSP+910] 0x0                (size_t) [0]
	[RSP+918] 0x0                (size_t) [0]
	[RSP+920] 0x0                (size_t) [0]
	[RSP+928] 0x0                (size_t) [0]
	[RSP+930] 0x0                (size_t) [0]
	[RSP+938] 0x7FF635F5BDC0     (JobListManager::ServingThread*)
	[RSP+940] 0x15A61588DB0      (void*)
	[RSP+948] 0x2                (size_t) [2]
	[RSP+950] 0x9C0              (size_t) [2496]
	[RSP+958] 0x7FF6311AFF35     (void* -> Fallout4.exe+0CBFF35	mov rcx, [0x00007FF635DC0898] |  long (mangled: JobListManager::ServingThread::DisplayLoadingScreen(void))_CBFF35)
	[RSP+960] 0x15A00000001      (void*)
	[RSP+968] 0x1                (size_t) [1]
	[RSP+970] 0x0                (size_t) [0]
	[RSP+978] 0x45               (size_t) [69]
	[RSP+980] 0x0                (size_t) [0]
	[RSP+988] 0x7FF6311B079D     (void* -> Fallout4.exe+0CC079D	jmp 0x00007FF6311B07A7 |  long (mangled: JobListManager::ServingThread::ThreadProc(void))_CC079D)
	[RSP+990] 0x7FF635F5BDC0     (JobListManager::ServingThread*)
	[RSP+998] 0x0                (size_t) [0]
	[RSP+9A0] 0x0                (size_t) [0]
	[RSP+9A8] 0x53E4             (size_t) [21476]
	[RSP+9B0] 0x7FF635F5BDC0     (JobListManager::ServingThread*)
	[RSP+9B8] 0x7FF63200CFED     (void* -> Fallout4.exe+1B1CFED	mov rcx, [0x00007FF63604BD38] |  BSThread::CallThreadProc(void)_1B1CFED)
	[RSP+9C0] 0x5470             (size_t) [21616]
	[RSP+9C8] 0x1F6E44FF00       (void*)
	[RSP+9D0] 0x1597B3A14C0      (void*)
	[RSP+9D8] 0x0                (size_t) [0]
	[RSP+9E0] 0x7FF635F5BDC0     (JobListManager::ServingThread*)
	[RSP+9E8] 0x0                (size_t) [0]
	[RSP+9F0] 0x0                (size_t) [0]
	[RSP+9F8] 0x7FFC744EE8D7     (void* -> KERNEL32.DLL+002E8D7	mov ecx, eax)
	[RSP+A00] 0x0                (size_t) [0]
	[RSP+A08] 0x0                (size_t) [0]
	[RSP+A10] 0x0                (size_t) [0]
	[RSP+A18] 0x0                (size_t) [0]
	[RSP+A20] 0x0                (size_t) [0]
	[RSP+A28] 0x7FFC756FBF6C     (void* -> ntdll.dll+00BBF6C	jmp 0x00007FFC756FBF96)
	[RSP+A30] 0x0                (size_t) [0]
	[RSP+A38] 0x0                (size_t) [0]
	[RSP+A40] 0x4F0FFFFFB30      (size_t) [5433133628208]
	[RSP+A48] 0x4D0FFFFFB30      (size_t) [5295694674736]
	[RSP+A50] 0x21               (size_t) [33]
	[RSP+A58] 0x7FFC72CFAD90     (void* -> KERNELBASE.dll+011AD90	mov [rsp+0x10], rbx)
	[RSP+A60] 0x1F6E44E000       (void*)
	[RSP+A68] 0x1F6E44E000       (void*)
	[RSP+A70] 0x0                (size_t) [0]
	[RSP+A78] 0x0                (size_t) [0]
	[RSP+A80] 0x0                (size_t) [0]
	[RSP+A88] 0x0                (size_t) [0]
	[RSP+A90] 0x0                (size_t) [0]
	[RSP+A98] 0x0                (size_t) [0]
	[RSP+AA0] 0x0                (size_t) [0]
	[RSP+AA8] 0x0                (size_t) [0]
	[RSP+AB0] 0x0                (size_t) [0]
	[RSP+AB8] 0x0                (size_t) [0]
	[RSP+AC0] 0x0                (size_t) [0]
	[RSP+AC8] 0x0                (size_t) [0]
	[RSP+AD0] 0x0                (size_t) [0]
	[RSP+AD8] 0x0                (size_t) [0]

MODULES:
	XINPUT1_3.dll                      0x000000400000
	steam_api64.dll                    0x00005F9A0000
	X3DAudio1_7.dll                    0x00005FA20000
	d3d11.dll                          0x000180000000
	ConsoleUtilF4.dll                  0x01594F450000
	LL_fourPlay_1_10_163.dll           0x015967550000
	Fallout4.exe                       0x7FF6304F0000
	XAudio2_7.dll                      0x7FFB556A0000
	d3dcompiler_47_64.dll              0x7FFB55860000
	NvCamera64.dll                     0x7FFB567F0000
	d3dcompiler_46e.dll                0x7FFB57060000
	BackportedBA2Support.dll           0x7FFB57420000
	gameoverlayrenderer64.dll          0x7FFB584A0000
	SUP_F4SE.dll                       0x7FFB586B0000
	PapyrusCommonLibrary.dll           0x7FFB588E0000
	x-cell-og.dll                      0x7FFB59090000
	WINHTTP.dll                        0x7FFB59EB0000
	wsfw_identifier.dll                0x7FFB5A450000
	Buffout4.dll                       0x7FFB5A550000
	XDI.dll                            0x7FFB5C180000
	D3DCOMPILER_43.dll                 0x7FFB5C1F0000
	GardenOfEdenPapyrusExtender.dll    0x7FFB5C4C0000
	WhoseQuestIsItAnywayF4.dll         0x7FFB5D7E0000
	po3_SpellPerkItemDistributorF4.dll 0x7FFB5D840000
	RobCo_Patcher.dll                  0x7FFB6C140000
	WeaponDebrisCrashFix.dll           0x7FFB6C3C0000
	MentatsF4SE.dll                    0x7FFB6C410000
	LighthousePapyrusExtender.dll      0x7FFB6C520000
	UnlimitedFastTravel.dll            0x7FFB6CB30000
	HighFPSPhysicsFix.dll              0x7FFB6CB80000
	flexRelease_x64.dll                0x7FFB6F330000
	po3_BaseObjectSwapperF4.dll        0x7FFB6F480000
	HHS.dll                            0x7FFB6F580000
	SprintStutteringFix.dll            0x7FFB6FC30000
	SettlementOfUnlimitedSize.dll      0x7FFB6FD40000
	PowerGridTools.dll                 0x7FFB71F50000
	CONCRT140.dll                      0x7FFB7FB10000
	f4ee.dll                           0x7FFB847E0000
	po3_SimpleOffenceSuppressionF4.dll 0x7FFB88FF0000
	EscapeFreeze.dll                   0x7FFB898B0000
	BakaFramework.dll                  0x7FFB89AE0000
	place.dll                          0x7FFB89CB0000
	MODExplorer.dll                    0x7FFB8AE20000
	mcm.dll                            0x7FFB8BB60000
	MSVCR110.dll                       0x7FFB8BC00000
	MagicSystemFixes.dll               0x7FFB8C2E0000
	FollowerStrayBulletFix.dll         0x7FFB8C5E0000
	MeleeAndThrow.dll                  0x7FFB8C8E0000
	Interior-NavCut-Fix.dll            0x7FFB8C960000
	FollowerAIApproachReactionFix.dll  0x7FFB8C9B0000
	GFSDK_SSAO_D3D11.win64.dll         0x7FFB8CC30000
	MSVCP110.dll                       0x7FFB8CCC0000
	DisableCompanionCollision.dll      0x7FFBAC310000
	crafting_highlight_fix.dll         0x7FFBB07E0000
	ResampleDmo.DLL                    0x7FFBB6660000
	DSOUND.DLL                         0x7FFBB6720000
	cbp.dll                            0x7FFBB6900000
	bink2w64.dll                       0x7FFBB6980000
	f4se_1_10_163.dll                  0x7FFBB6DC0000
	msdmo.dll                          0x7FFBB7DE0000
	PlotUI.dll                         0x7FFBB7F50000
	VoltekLib.Detours.dll              0x7FFBBA360000
	encounter_zone_recalculation.dll   0x7FFBBBCB0000
	f4se_steam_loader.dll              0x7FFBBD210000
	d3dx11_43.dll                      0x7FFBBD2D0000
	cudart64_75.dll                    0x7FFBBDB50000
	VCOMP140.DLL                       0x7FFBBDF30000
	BetterConsole.dll                  0x7FFBBE200000
	GFSDK_GodraysLib.x64.dll           0x7FFBBE3C0000
	steamclient64.dll                  0x7FFBBE600000
	VoltekLib.RelocationDatabase.dll   0x7FFBC0530000
	flexExtRelease_x64.dll             0x7FFBC0630000
	ArmorPenetrationBugFix.dll         0x7FFBC0690000
	ConsoleEx.dll                      0x7FFBC2C80000
	tier0_s64.dll                      0x7FFBD1980000
	vstdlib_s64.dll                    0x7FFBD24A0000
	MSVCP140_ATOMIC_WAIT.dll           0x7FFBE4670000
	VoltekLib.MemoryManager.dll        0x7FFBF1B80000
	VoltekLib.UnicodeConverter.dll     0x7FFBF1E10000
	nvToolsExt64_1.dll                 0x7FFBF89C0000
	XINPUT9_1_0.dll                    0x7FFBF8C90000
	usvfs_x64.dll                      0x7FFC00E50000
	DINPUT8.dll                        0x7FFC28B50000
	nvppex.dll                         0x7FFC3E9B0000
	winmmbase.dll                      0x7FFC47C10000
	nvspcap64.dll                      0x7FFC4A4C0000
	textinputframework.dll             0x7FFC4A7D0000
	inputhost.dll                      0x7FFC50CF0000
	OneCoreCommonProxyStub.dll         0x7FFC51800000
	Windows.UI.dll                     0x7FFC53F80000
	MSVCP140.dll                       0x7FFC58830000
	WININET.dll                        0x7FFC58A90000
	VCRUNTIME140_1.dll                 0x7FFC58D20000
	VCRUNTIME140.dll                   0x7FFC592D0000
	AUDIOSES.DLL                       0x7FFC5AFF0000
	COMCTL32.dll                       0x7FFC5D3C0000
	gdiplus.dll                        0x7FFC5D680000
	NvMessageBus.dll                   0x7FFC5E3C0000
	nvapi64.dll                        0x7FFC5E730000
	nvwgf2umx.dll                      0x7FFC5FA30000
	OneCoreUAPCommonProxyStub.dll      0x7FFC65360000
	WINMM.dll                          0x7FFC65E50000
	NvMemMapStoragex.dll               0x7FFC65E90000
	dbghelp.dll                        0x7FFC66300000
	nvgpucomp64.dll                    0x7FFC673E0000
	drvstore.dll                       0x7FFC6ADC0000
	cryptnet.dll                       0x7FFC6AF40000
	VERSION.dll                        0x7FFC6AF80000
	nvldumdx.dll                       0x7FFC6AFD0000
	WINHTTP.DLL                        0x7FFC6B4B0000
	CoreUIComponents.dll               0x7FFC6B5E0000
	avrt.dll                           0x7FFC6BC70000
	MMDevApi.dll                       0x7FFC6C160000
	MSIMG32.dll                        0x7FFC6CCF0000
	Microsoft.Internal.WarpPal.dll     0x7FFC6DB90000
	WindowsCodecs.dll                  0x7FFC6DBB0000
	d3d11.dll                          0x7FFC6EC80000
	dcomp.dll                          0x7FFC6EEF0000
	CoreMessaging.dll                  0x7FFC6F570000
	apphelp.dll                        0x7FFC6F9A0000
	Secur32.dll                        0x7FFC6FA40000
	UxTheme.dll                        0x7FFC6FAE0000
	directxdatabasehelper.dll          0x7FFC6FC70000
	dxcore.dll                         0x7FFC6FCD0000
	dxgi.dll                           0x7FFC6FD20000
	dwmapi.dll                         0x7FFC6FE80000
	resourcepolicyclient.dll           0x7FFC70200000
	windows.storage.dll                0x7FFC70500000
	HID.DLL                            0x7FFC70D50000
	IPHLPAPI.DLL                       0x7FFC71040000
	rsaenh.dll                         0x7FFC71580000
	kernel.appcore.dll                 0x7FFC71620000
	ntmarta.dll                        0x7FFC717B0000
	SSPICLI.DLL                        0x7FFC71930000
	UMPDC.dll                          0x7FFC71B10000
	POWRPROF.dll                       0x7FFC71B30000
	MSWSOCK.dll                        0x7FFC71C30000
	gpapi.dll                          0x7FFC71CA0000
	CRYPTBASE.DLL                      0x7FFC71E60000
	wldp.dll                           0x7FFC71F00000
	CRYPTSP.dll                        0x7FFC71FE0000
	msasn1.dll                         0x7FFC72040000
	bcrypt.dll                         0x7FFC72170000
	devobj.dll                         0x7FFC724A0000
	CFGMGR32.dll                       0x7FFC724F0000
	profapi.dll                        0x7FFC72750000
	CRYPT32.dll                        0x7FFC72840000
	win32u.dll                         0x7FFC729C0000
	msvcp_win.dll                      0x7FFC729F0000
	gdi32full.dll                      0x7FFC72AA0000
	KERNELBASE.dll                     0x7FFC72BE0000
	wintypes.dll                       0x7FFC72FB0000
	ucrtbase.dll                       0x7FFC73120000
	wintrust.dll                       0x7FFC73270000
	bcryptPrimitives.dll               0x7FFC733C0000
	shcore.dll                         0x7FFC73460000
	msvcrt.dll                         0x7FFC73570000
	IMM32.DLL                          0x7FFC73620000
	SHELL32.dll                        0x7FFC736E0000
	USER32.dll                         0x7FFC73E70000
	MSCTF.dll                          0x7FFC74040000
	ADVAPI32.dll                       0x7FFC741A0000
	SHLWAPI.dll                        0x7FFC74260000
	ole32.dll                          0x7FFC74310000
	KERNEL32.DLL                       0x7FFC744C0000
	imagehlp.dll                       0x7FFC74590000
	PSAPI.DLL                          0x7FFC745D0000
	GDI32.dll                          0x7FFC74670000
	OLEAUT32.dll                       0x7FFC74720000
	clbcatq.dll                        0x7FFC749E0000
	WS2_32.dll                         0x7FFC74A90000
	sechost.dll                        0x7FFC74B10000
	SETUPAPI.dll                       0x7FFC74BC0000
	COMDLG32.dll                       0x7FFC75050000
	RPCRT4.dll                         0x7FFC75150000
	combase.dll                        0x7FFC75270000
	ntdll.dll                          0x7FFC75640000

F4SE PLUGINS:
	ArmorPenetrationBugFix.dll v1
	BackportedBA2Support.dll v1
	BakaFramework.dll v1.10
	BetterConsole.dll
	Buffout4.dll v1.37
	cbp.dll
	ConsoleEx.dll v1.2
	ConsoleUtilF4.dll v1.0.1
	crafting_highlight_fix.dll
	DisableCompanionCollision.dll v1.0.1
	encounter_zone_recalculation.dll
	EscapeFreeze.dll v1
	f4ee.dll
	FollowerAIApproachReactionFix.dll v1
	FollowerStrayBulletFix.dll v1
	GardenOfEdenPapyrusExtender.dll v19.4
	HHS.dll
	HighFPSPhysicsFix.dll v0.8.11
	Interior-NavCut-Fix.dll v1.0.3
	LighthousePapyrusExtender.dll v1.13
	LL_fourPlay_1_10_163.dll
	MagicSystemFixes.dll v1.1
	mcm.dll
	MeleeAndThrow.dll v1
	MentatsF4SE.dll v1
	MODExplorer.dll
	PapyrusCommonLibrary.dll v1.6.1
	place.dll
	PlotUI.dll
	po3_BaseObjectSwapperF4.dll v1.1
	po3_SimpleOffenceSuppressionF4.dll v1
	po3_SpellPerkItemDistributorF4.dll v2
	PowerGridTools.dll
	RobCo_Patcher.dll v3.6
	SettlementOfUnlimitedSize.dll
	SprintStutteringFix.dll v1.3
	SUP_F4SE.dll
	UnlimitedFastTravel.dll
	WeaponDebrisCrashFix.dll v1.3
	WhoseQuestIsItAnywayF4.dll v1
	wsfw_identifier.dll
	x-cell-og.dll v2
	XDI.dll

PLUGINS:
