Fallout 4 v1.10.163
Buffout 4 v1.37.0 Mar 12 2025 22:11:48

Unhandled exception "EXCEPTION_ACCESS_VIOLATION" at 0x7FF71F825B45 Fallout4.exe+22E5B45	mov r8, [r13+0x48] |  BSScaleformImageLoader::LoadProtocolImage(Scaleform::GFx::ImageCreateInfo&,Scaleform::String&)_22E5B45)
Exception Flags: 0x00000000
Number of Parameters: 2
Access Violation: Tried to read memory at 0x000000000048

	[Compatibility]
		F4EE: true
	[Debug]
		Symcache: c:symcache
		WaitForDebugger: false
	[Fixes]
		ActorIsHostileToActor: true
		BGSAIWorldLocationRefRadiusNull: true
		BSLightingShaderMaterialGlowmap: true
		BackportedBA2Support: true
		CellInit: true
		CreateD3DAndSwapChain: true
		EncounterZoneReset: true
		EscapeFreeze: true
		FixScriptPageAllocation: true
		FixToggleScriptsCommand: true
		FollowerStrayBullet: true
		GreyMovies: true
		InteriorNavCut: true
		MagicEffectApplyEvent: true
		MovementPlanner: true
		PackageAllocateLocation: true
		PipboyLightInvFix: true
		SafeExit: true
		TESObjectREFRGetEncounterZone: true
		UnalignedLoad: true
		UtilityShader: true
		WorkBenchSwap: true
	[Patches]
		Achievements: true
		BSMTAManager: true
		BSPreCulledObjects: true
		BSTextureStreamerLocalHeap: false
		HavokMemorySystem: false
		INISettingCollection: true
		InputSwitch: false
		MaxStdIO: 2048
		MemoryManager: false
		MemoryManagerDebug: false
		ScaleformAllocator: false
		SmallBlockAllocator: false
		WorkshopMenu: true
	[Tweaks]
		MaxPapyrusOpsPerFrame: 1000
	[Warnings]
		CreateTexture2D: true
		ImageSpaceAdapter: true

SYSTEM SPECS:
	OS: Microsoft Windows 11 Pro v10.0.26100
	CPU: AuthenticAMD AMD Ryzen 7 7800X3D 8-Core Processor           
	GPU #1: Nvidia AD104 [GeForce RTX 4070]
	GPU #2: AMD Raphael
	GPU #3: Microsoft Basic Render Driver
	PHYSICAL MEMORY: 27.62 GB/63.10 GB


PROBABLE CALL STACK:
	[0] 0x7FF71F825B45 Fallout4.exe+22E5B45	mov r8, [r13+0x48] |  BSScaleformImageLoader::LoadProtocolImage(Scaleform::GFx::ImageCreateInfo&,Scaleform::String&)_22E5B45 -> 142311+0x75	mov r8, [r13+0x48]
	[1] 0x7FF71E7E051A Fallout4.exe+12A051A	lea rcx, [rbp+0x150] |  MainMenu::MainMenu(UIMessage&)_12A051A -> 1079380+0x5EA	lea rcx, [rbp+0x150]
	[2] 0x7FF71E7E6C1A Fallout4.exe+12A6C1A	mov [rdi], ebx |  nsMainMenu::NoDurangoUserSignedInCallback::`scalar_deleting_destructor'(uint)_12A6C1A -> 543460+0x5A	mov [rdi], ebx
	[3] 0x7FF71F582D1C Fallout4.exe+2042D1C	mov rcx, [rsp+0x40] |  UI::ProcessMessages(void)_2042D1C -> 239710+0x8EC	mov rcx, [rsp+0x40]
	[4] 0x7FF71E1FFF35 Fallout4.exe+0CBFF35	mov rcx, [0x00007FF722E10898] |  long (mangled: JobListManager::ServingThread::DisplayLoadingScreen(void))_CBFF35 -> 132841+0x105	mov rcx, [0x00007FF722E10898]
	[5] 0x7FF71E20079D Fallout4.exe+0CC079D	jmp 0x00007FF71E2007A7 |  long (mangled: JobListManager::ServingThread::ThreadProc(void))_CC079D -> 1166392+0x7D	jmp 0x00007FF71E2007A7
	[6] 0x7FF71F05CFED Fallout4.exe+1B1CFED	mov rcx, [0x00007FF72309BD38] |  BSThread::CallThreadProc(void)_1B1CFED -> 1079791+0x3D	mov rcx, [0x00007FF72309BD38]
	[7] 0x7FFE3CE2E8D7 KERNEL32.DLL+002E8D7
	[8] 0x7FFE3E59BF6C    ntdll.dll+00BBF6C

REGISTERS:
	RAX 0xD6465A81         (size_t) [3594934913]
	RCX 0xF                (size_t) [15]
	RDX 0x467409           (size_t) [4617225]
	RBX 0x0                (size_t) [0]
	RSP 0xB151FCF420       (void*)
	RBP 0xB151FCF498       (void*)
	RSI 0x1B44698CAA8      (void*)
	RDI 0x0                (size_t) [0]
	R8  0x90F969           (size_t) [9501033]
	R9  0x90F969A0         (size_t) [2432264608]
	R10 0x3866             (size_t) [14438]
	R11 0xB151FCF4D0       (void*)
	R12 0x1B44698CA38      (MainMenu*)
	R13 0x0                (size_t) [0]
	R14 0x1B44698C810      (MainMenu*)
	R15 0x0                (size_t) [0]

STACK:
	[RSP+0  ] 0x0                (size_t) [0]
	[RSP+8  ] 0x0                (size_t) [0]
	[RSP+10 ] 0x1B44698CAA8      (void*)
	[RSP+18 ] 0x0                (size_t) [0]
	[RSP+20 ] 0xB151FCF5C0       (void*)
	[RSP+28 ] 0x1B44698CAB8      (void*)
	[RSP+30 ] 0x1B35D955C90      (NiTexture*)
		Name: "Textures\Interface\DLCBannerDLC01.DDS"
		RTTIName: "NiTexture"
	[RSP+38 ] 0x7FF71F081EB2     (void* -> Fallout4.exe+1B41EB2	mov rax, rbx |  BSFixedString::operator<<(char*)_1B41EB2)
	[RSP+40 ] 0x0                (size_t) [0]
	[RSP+48 ] 0x0                (size_t) [0]
	[RSP+50 ] 0x7FF700000000     (size_t) [140698833649664]
	[RSP+58 ] 0xB151FCF820       (char*) "Textures\Interface\DLCBannerDLC01.dds"
	[RSP+60 ] 0x1B44698C810      (MainMenu*)
	[RSP+68 ] 0x7FF71F6544C4     (void* -> Fallout4.exe+21144C4	mov rcx, [rbx] |  BSScaleformExternalTexture::SetTexture(NiTexture*)_21144C4)
	[RSP+70 ] 0x0                (size_t) [0]
	[RSP+78 ] 0x1                (size_t) [1]
	[RSP+80 ] 0xFFFFFFFFFFFFFFFF (size_t) [uint: 18446744073709551615 int: -1]
	[RSP+88 ] 0x7FF7202CB1F4     (char*) "Grey"
	[RSP+90 ] 0xB151FCF5C0       (void*)
	[RSP+98 ] 0x7FF71E7E051A     (void* -> Fallout4.exe+12A051A	lea rcx, [rbp+0x150] |  MainMenu::MainMenu(UIMessage&)_12A051A)
	[RSP+A0 ] 0x0                (size_t) [0]
	[RSP+A8 ] 0x0                (size_t) [0]
	[RSP+B0 ] 0xD6465A81         (size_t) [3594934913]
	[RSP+B8 ] 0x7FF73866CB10     (size_t) [140699779910416]
	[RSP+C0 ] 0x7FF700000000     (size_t) [140698833649664]
	[RSP+C8 ] 0x0                (size_t) [0]
	[RSP+D0 ] 0xB151FCF500       (void*)
	[RSP+D8 ] 0x1                (size_t) [1]
	[RSP+E0 ] 0x1B358497380      (void*)
	[RSP+E8 ] 0x10000            (size_t) [65536]
	[RSP+F0 ] 0x0                (size_t) [0]
	[RSP+F8 ] 0x20               (size_t) [32]
	[RSP+100] 0x0                (size_t) [0]
	[RSP+108] 0x1B328F85D30      (voltek::memory_manager::memory_manager*)
	[RSP+110] 0xB151FCF5A0       (void*)
	[RSP+118] 0x7FFCDA0C0D58     (void* -> x-cell-og.dll+0070D58	lea r11, [rsp+0x60] |  E:\Projects\X-Cell-FO4\depends\vmm\source\vmmmain.cpp:482 voltek::memory_manager::memory_manager::alloc (mangled: ?alloc@memory_manager@1voltek@@QEAAPEAX_K@Z))
	[RSP+120] 0x4                (size_t) [4]
	[RSP+128] 0xB151FCF570       (void*)
	[RSP+130] 0x0                (size_t) [0]
	[RSP+138] 0x1B300000002      (void*)
	[RSP+140] 0x0                (size_t) [0]
	[RSP+148] 0x7FFCDA05B2CD     (void* -> x-cell-og.dll+000B2CD	mov rbx, [rsp+0xB0] |  E:\Projects\X-Cell-FO4\source\XCellModuleMemory.cpp:72 XCell::memory_manager::alloc (mangled: ?alloc@memory_manager@XCell@@SAPEAX_K0_N1@Z))
	[RSP+150] 0x0                (size_t) [0]
	[RSP+158] 0x1B300000002      (void*)
	[RSP+160] 0x0                (size_t) [0]
	[RSP+168] 0x1B446582EF0      (ButtonBarMenu*)
	[RSP+170] 0x1B328F85D60      (voltek::core::_internal::simple_lock*)
	[RSP+178] 0xE96B69BF8C40     (size_t) [256647544933440]
	[RSP+180] 0x0                (size_t) [0]
	[RSP+188] 0x1B446582EF0      (ButtonBarMenu*)
	[RSP+190] 0x7FF722FA6DD0     (UI*)
	[RSP+198] 0x1B3594EB3A8      (void*)
	[RSP+1A0] 0x0                (size_t) [0]
	[RSP+1A8] 0x7FFCDA05B2CD     (void* -> x-cell-og.dll+000B2CD	mov rbx, [rsp+0xB0] |  E:\Projects\X-Cell-FO4\source\XCellModuleMemory.cpp:72 XCell::memory_manager::alloc (mangled: ?alloc@memory_manager@XCell@@SAPEAX_K0_N1@Z))
	[RSP+1B0] 0x4                (size_t) [4]
	[RSP+1B8] 0x0                (size_t) [0]
	[RSP+1C0] 0x8                (size_t) [8]
	[RSP+1C8] 0x20               (size_t) [32]
	[RSP+1D0] 0x7FFCDA16C260     (char*) "(alignment != 0) && ((alignment % 2) == 0)"
	[RSP+1D8] 0x4                (size_t) [4]
	[RSP+1E0] 0x4074A00000000000 (size_t) [4644513037586268160]
	[RSP+1E8] 0xB151FCF510       (void*)
	[RSP+1F0] 0x1B35D207150      (void*)
	[RSP+1F8] 0x1B35815C5D0      (voltek::memory_manager::page_t<voltek::memory_manager::block_base_t<128>,voltek::core::bits_regions>*)
	[RSP+200] 0x0                (size_t) [0]
	[RSP+208] 0x1B446582EF0      (ButtonBarMenu*)
	[RSP+210] 0x7FF722FA6DD0     (UI*)
	[RSP+218] 0x1B3594EB3A8      (void*)
	[RSP+220] 0x1B35D207160      (BSGFxDisplayObject*)
	[RSP+228] 0x7FF72025AD40     (char*) "textField"
	[RSP+230] 0xE96B69BF8CD0     (size_t) [256647544933584]
	[RSP+238] 0x0                (size_t) [0]
	[RSP+240] 0x7FF722FA7058     (void* -> Fallout4.exe+5A67058	adc [rsi+0x1B3594E], dh |  aDiveBombChance_5A67058)
	[RSP+248] 0x7FF71F051042     (void* -> Fallout4.exe+1B11042	mov rcx, rax |  BSTArrayHeapAllocator::Allocate(uint,uint)_1B11042)
	[RSP+250] 0xB151FCF250       (void*)
	[RSP+258] 0x7FF71D5644E3     (void* -> Fallout4.exe+00244E3	mov esi, eax |  BSSpinLock::Lock(char*)_244E3)
	[RSP+260] 0x4                (size_t) [4]
	[RSP+268] 0x200              (size_t) [512]
	[RSP+270] 0x1B446582FD0      (ButtonBarMenu*)
	[RSP+278] 0x7FF71F050DBA     (void* -> Fallout4.exe+1B10DBA	test al, al |  BSTArrayBase::AddUninitialized(BSTArrayBase::IAllocatorFunctor&,uint,uint)_1B10DBA)
	[RSP+280] 0x7FF722FA7068     (void* -> Fallout4.exe+5A67068	add [rax], eax |  aDiveBombChance_5A67068)
	[RSP+288] 0x7FF722FA7058     (void* -> Fallout4.exe+5A67058	adc [rsi+0x1B3594E], dh |  aDiveBombChance_5A67058)
	[RSP+290] 0x7FF72309BC70     (void* -> Fallout4.exe+5B5BC70	add [rax], al |  aDiveBombChance_5B5BC70)
	[RSP+298] 0xB151FCFAB0       (void*)
	[RSP+2A0] 0x7FF72309BC70     (void* -> Fallout4.exe+5B5BC70	add [rax], al |  aDiveBombChance_5B5BC70)
	[RSP+2A8] 0x1B446ABB000      (void*)
	[RSP+2B0] 0x7FF722FA7050     (void* -> Fallout4.exe+5A67050	add [rax], al |  aDiveBombChance_5A67050)
	[RSP+2B8] 0x7FF71E048D0B     (void* -> Fallout4.exe+0B08D0B	cmp eax, 0xFFFFFFFF |  BSTEventSource<ButtonBarMenuUpdateEvent>::RegisterSink(BSTEventSink<ButtonBarMenuUpdateEvent>*)_B08D0B)
	[RSP+2C0] 0x7FF722FA7050     (void* -> Fallout4.exe+5A67050	add [rax], al |  aDiveBombChance_5A67050)
	[RSP+2C8] 0xB151FCFAB0       (void*)
	[RSP+2D0] 0x1B3594EB3A0      (void*)
	[RSP+2D8] 0x7FF72309BC78     (void* -> Fallout4.exe+5B5BC78	 |  aDiveBombChance_5B5BC78)
	[RSP+2E0] 0x7FF722FA7040     (BSTGlobalEvent::EventSource<ButtonBarMenuUpdateEvent>*)
	[RSP+2E8] 0x7FF71E047297     (void* -> Fallout4.exe+0B07297	mov rbx, [rsp+0x30] |  BSTGlobalEvent::EventSource<ButtonBarMenuUpdateEvent>::EventSource<ButtonBarMenuUpdateEvent>(BSTGlobalEvent::KillSDMEventSource*)_B07297)
	[RSP+2F0] 0xB151FCFAB0       (void*)
	[RSP+2F8] 0x7FF72309BC70     (void* -> Fallout4.exe+5B5BC70	add [rax], al |  aDiveBombChance_5B5BC70)
	[RSP+300] 0x7FF72018A948     (void* -> Fallout4.exe+2C4A948	shl byte ptr [rdx], 0x01 |  hkbInternal::hks::execute<0>(hkbInternal::lua_State*,hkbInternal::hksInstruction*,int)_2C4A948)
	[RSP+308] 0x7FF722FA7058     (void* -> Fallout4.exe+5A67058	adc [rsi+0x1B3594E], dh |  aDiveBombChance_5A67058)
	[RSP+310] 0x1B36E447F60      (BSGFxShaderFXTarget*)
	[RSP+318] 0x7FF71E045C63     (void* -> Fallout4.exe+0B05C63	lea r11, [rsp+0x220] |  ButtonBarMenu::ButtonBarMenu(UIMessage&)_B05C63)
	[RSP+320] 0xB151FCFAB0       (void*)
	[RSP+328] 0x1B3594EB3A0      (void*)
	[RSP+330] 0x1B446582F60      (void*)
	[RSP+338] 0x1B36E447F60      (BSGFxShaderFXTarget*)
	[RSP+340] 0x7FF72025ACD8     (char*) "root1"
	[RSP+348] 0x1B300000002      (void*)
	[RSP+350] 0xB100000000       (size_t) [760209211392]
	[RSP+358] 0x7FFE3E4FBE86     (void* -> ntdll.dll+001BE86	mov r14, rax)
	[RSP+360] 0x7FF72018A948     (void* -> Fallout4.exe+2C4A948	shl byte ptr [rdx], 0x01 |  hkbInternal::hks::execute<0>(hkbInternal::lua_State*,hkbInternal::hksInstruction*,int)_2C4A948)
	[RSP+368] 0x1B446582F60      (void*)
	[RSP+370] 0x2                (size_t) [2]
	[RSP+378] 0x1B3594EB3A0      (void*)
	[RSP+380] 0x1B328F57450      (voltek::memory_manager::pool_t<voltek::memory_manager::block_base_t<32>,voltek::memory_manager::page_t<voltek::memory_manager::block_base_t<32>,voltek::core::bits_regions>,262144>*)
	[RSP+388] 0x1B32790DAA0      (voltek::memory_manager::page_t<voltek::memory_manager::block_base_t<32>,voltek::core::bits_regions>*)
	[RSP+390] 0xB151FCF8C0       (void*)
	[RSP+398] 0x7FFCDA0C1A20     (void* -> x-cell-og.dll+0071A20	lea r11, [rsp+0x190] |  E:\Projects\X-Cell-FO4\depends\vmm\source\vmmmain.cpp:789 voltek::memory_manager::memory_manager::free (mangled: ?free@memory_manager@1voltek@@QEAA_NPEBX@Z))
	[RSP+3A0] 0x11BC             (size_t) [4540]
	[RSP+3A8] 0xB151FCF8C0       (void*)
	[RSP+3B0] 0x1B32790DAA0      (voltek::memory_manager::page_t<voltek::memory_manager::block_base_t<32>,voltek::core::bits_regions>*)
	[RSP+3B8] 0x1101             (size_t) [4353]
	[RSP+3C0] 0x1B32790DAA0      (voltek::memory_manager::page_t<voltek::memory_manager::block_base_t<32>,voltek::core::bits_regions>*)
	[RSP+3C8] 0x40590000000011BC (size_t) [4636737291354640828]
	[RSP+3D0] 0x7FF722FA6200     (void* -> Fallout4.exe+5A66200	add [rax], al |  aDiveBombChance_5A66200)
	[RSP+3D8] 0x7FF71E0BD76D     (void* -> Fallout4.exe+0B7D76D	xor r12d, r12d |  BSTEventSource<MultiActivateUseRolloverEvent>::Notify(MultiActivateUseRolloverEvent&)_B7D76D)
	[RSP+3E0] 0x7FF722FF38B8     (void* -> Fallout4.exe+5AB38B8	add [rax], al |  aDiveBombChance_5AB38B8)
	[RSP+3E8] 0xB151FCFAB0       (void*)
	[RSP+3F0] 0x7FF722FF37E0     (MultiActivateManager*)
	[RSP+3F8] 0xB151FCF820       (char*) "Textures\Interface\DLCBannerDLC01.dds"
	[RSP+400] 0x7365727574786554 (size_t) [8315178135800276308]
	[RSP+408] 0x61667265746E495C (size_t) [7018422849374144860]
	[RSP+410] 0x6142434C445C6563 (size_t) [7008237964985394531]
	[RSP+418] 0x30434C4472656E6E (size_t) [3477707194120892014]
	[RSP+420] 0x3F80007364642E31 (size_t) [4575657717013950001]
	[RSP+428] 0x7FF71F83244A     (void* -> Fallout4.exe+22F244A	movzx eax, al |  Scaleform::HeapPT::TreeBin::FindBest(unsigned___int64)_22F244A)
	[RSP+430] 0x0                (size_t) [0]
	[RSP+438] 0x7FF71D5644E3     (void* -> Fallout4.exe+00244E3	mov esi, eax |  BSSpinLock::Lock(char*)_244E3)
	[RSP+440] 0x7FF722FF37E0     (MultiActivateManager*)
	[RSP+448] 0xB151FCFAB0       (void*)
	[RSP+450] 0x3F               (size_t) [63]
	[RSP+458] 0x7FF71F832FD7     (void* -> Fallout4.exe+22F2FD7	mov rdx, rdi |  Scaleform::HeapPT::FreeBin::Push(uchar*)_22F2FD7)
	[RSP+460] 0x1B4460E21D0      (void*)
	[RSP+468] 0x0                (size_t) [0]
	[RSP+470] 0x1                (size_t) [1]
	[RSP+478] 0xB151FCF8C8       (void*)
	[RSP+480] 0x1B44698C810      (MainMenu*)
	[RSP+488] 0x7FF71F95EEFB     (void* -> Fallout4.exe+241EEFB	mov rax, [rsp+0x60] |  Scaleform::HeapPT::AllocBitSet2::Alloc(unsigned___int64,Scaleform::Heap::HeapSegment**)_241EEFB)
	[RSP+490] 0x140              (size_t) [320]
	[RSP+498] 0x3F               (size_t) [63]
	[RSP+4A0] 0x1B44698C810      (MainMenu*)
	[RSP+4A8] 0x0                (size_t) [0]
	[RSP+4B0] 0x0                (size_t) [0]
	[RSP+4B8] 0x1B3594EB5E8      (void*)
	[RSP+4C0] 0x3F0              (size_t) [1008]
	[RSP+4C8] 0x3E8              (size_t) [1000]
	[RSP+4D0] 0xB151FCFAB0       (void*)
	[RSP+4D8] 0x7FF71F835781     (void* -> Fallout4.exe+22F5781	mov rcx, rax |  Scaleform::HeapPT::AllocEngine::allocBitSet(unsigned___int64,unsigned___int64)_22F5781)
	[RSP+4E0] 0x1B4460E2198      (void*)
	[RSP+4E8] 0x7FF722FA6DD0     (UI*)
	[RSP+4F0] 0xB151FCF960       (void*)
	[RSP+4F8] 0x0                (size_t) [0]
	[RSP+500] 0x0                (size_t) [0]
	[RSP+508] 0x0                (size_t) [0]
	[RSP+510] 0x0                (size_t) [0]
	[RSP+518] 0x0                (size_t) [0]
	[RSP+520] 0x7FF722FA6DD0     (UI*)
	[RSP+528] 0x1B3594EB5E8      (void*)
	[RSP+530] 0x0                (size_t) [0]
	[RSP+538] 0x0                (size_t) [0]
	[RSP+540] 0x1B3E378BAA0      (char*) "B"
	[RSP+548] 0x42               (size_t) [66]
	[RSP+550] 0xB151FCFAB0       (void*)
	[RSP+558] 0x7FF71E7E6C1A     (void* -> Fallout4.exe+12A6C1A	mov [rdi], ebx |  nsMainMenu::NoDurangoUserSignedInCallback::`scalar_deleting_destructor'(uint)_12A6C1A)
	[RSP+560] 0x42               (size_t) [66]
	[RSP+568] 0x1B3594EB5E0      (UIMessage*)
	[RSP+570] 0x1B35D955C90      (NiTexture*)
		Name: "Textures\Interface\DLCBannerDLC01.DDS"
		RTTIName: "NiTexture"
	[RSP+578] 0x7FF722FA6DD0     (UI*)
	[RSP+580] 0x1B3594EB5E0      (UIMessage*)
	[RSP+588] 0x7FF71F582D1C     (void* -> Fallout4.exe+2042D1C	mov rcx, [rsp+0x40] |  UI::ProcessMessages(void)_2042D1C)
	[RSP+590] 0x0                (size_t) [0]
	[RSP+598] 0x7FF722FA6F80     (void* -> Fallout4.exe+5A66F80	add [rax], al |  aDiveBombChance_5A66F80)
	[RSP+5A0] 0xB151FCFAB0       (void*)
	[RSP+5A8] 0x7FF722FA6F80     (void* -> Fallout4.exe+5A66F80	add [rax], al |  aDiveBombChance_5A66F80)
	[RSP+5B0] 0xB151FCF9F0       (void*)
	[RSP+5B8] 0xB151FCFD88       (void*)
	[RSP+5C0] 0x1B3594EB5E0      (UIMessage*)
	[RSP+5C8] 0x0                (size_t) [0]
	[RSP+5D0] 0x0                (size_t) [0]
	[RSP+5D8] 0x7FF71E7E6BC0     (void* -> Fallout4.exe+12A6BC0	mov [rsp+0x08], rbx |  nsMainMenu::NoDurangoUserSignedInCallback::`scalar_deleting_destructor'(uint)_12A6BC0)
	[RSP+5E0] 0x0                (size_t) [0]
	[RSP+5E8] 0x1B43D9203A0      (void*)
	[RSP+5F0] 0x1B400000001      (void*)
	[RSP+5F8] 0x6D57918700       (size_t) [469620590336]
	[RSP+600] 0xB151FCFB28       (void*)
	[RSP+608] 0x8B199F99         (size_t) [2333712281]
	[RSP+610] 0x0                (size_t) [0]
	[RSP+618] 0x0                (size_t) [0]
	[RSP+620] 0x1B3E378BAA0      (char*) "B"
	[RSP+628] 0x8B199F99         (size_t) [2333712281]
	[RSP+630] 0x276DA42A         (size_t) [661496874]
	[RSP+638] 0xB151FCFB30       (void*)
	[RSP+640] 0xB151FCFBC0       (void*)
	[RSP+648] 0xB151FCFBC8       (void*)
	[RSP+650] 0xB151FCFC19       (void*)
	[RSP+658] 0x1B3594EB4A0      (void*)
	[RSP+660] 0x0                (size_t) [0]
	[RSP+668] 0x0                (size_t) [0]
	[RSP+670] 0x206              (size_t) [518]
	[RSP+678] 0x0                (size_t) [0]
	[RSP+680] 0x5501             (size_t) [21761]
	[RSP+688] 0xB100000000       (size_t) [760209211392]
	[RSP+690] 0x1B400000000      (void*)
	[RSP+698] 0x7FFD00000000     (size_t) [140724603453440]
	[RSP+6A0] 0xB151FCFB08       (void*)
	[RSP+6A8] 0x7FFD0011400C     (size_t) [140724604583948]
	[RSP+6B0] 0x0                (size_t) [0]
	[RSP+6B8] 0x7FFD00000000     (size_t) [140724603453440]
	[RSP+6C0] 0x1B43D9203A0      (void*)
	[RSP+6C8] 0x15               (size_t) [21]
	[RSP+6D0] 0x7FFD00000000     (size_t) [140724603453440]
	[RSP+6D8] 0x554C             (size_t) [21836]
	[RSP+6E0] 0x0                (size_t) [0]
	[RSP+6E8] 0x0                (size_t) [0]
	[RSP+6F0] 0x10               (size_t) [16]
	[RSP+6F8] 0x30               (size_t) [48]
	[RSP+700] 0x80000040         (size_t) [2147483712]
	[RSP+708] 0x1B3594EB5E0      (UIMessage*)
	[RSP+710] 0x0                (size_t) [0]
	[RSP+718] 0x0                (size_t) [0]
	[RSP+720] 0x0                (size_t) [0]
	[RSP+728] 0x7FFD69A9A79E     (void* -> tier0_s64.dll+000A79E	jmp 0x00007FFD69A9A7B4)
	[RSP+730] 0x0                (size_t) [0]
	[RSP+738] 0x1B32FDE0480      (void*)
	[RSP+740] 0x0                (size_t) [0]
	[RSP+748] 0x7FFD6690E7CB     (void* -> steamclient64.dll+087E7CB	test eax, eax)
	[RSP+750] 0xB151FCFC80       (void*)
	[RSP+758] 0x1B32FDE05D0      (void*)
	[RSP+760] 0x0                (size_t) [0]
	[RSP+768] 0x1B32FDE0480      (void*)
	[RSP+770] 0xB151FCFD10       (void*)
	[RSP+778] 0x1B32FDE05D0      (void*)
	[RSP+780] 0xB151FCFC19       (void*)
	[RSP+788] 0x7FFD6690B3D0     (void* -> steamclient64.dll+087B3D0	movzx eax, bl)
	[RSP+790] 0x1B300000000      (void*)
	[RSP+798] 0xB100000000       (size_t) [760209211392]
	[RSP+7A0] 0x1B300000000      (void*)
	[RSP+7A8] 0xB151FCFD00       (void*)
	[RSP+7B0] 0x1B32FDE0500      (void*)
	[RSP+7B8] 0x7FFD668B88FD     (void* -> steamclient64.dll+08288FD	movsxd rcx, dword ptr [rbx+0x28])
	[RSP+7C0] 0x1B32FDA17A0      (void*)
	[RSP+7C8] 0x990001           (size_t) [10027009]
	[RSP+7D0] 0x7FFD69AF10F0     (void* -> tier0_s64.dll+00610F0	adc byte ptr [rdi], 0xDA)
	[RSP+7D8] 0x7FFD69A9C3A4     (void* -> tier0_s64.dll+000C3A4	mov rbx, [rsp+0x40])
	[RSP+7E0] 0x1B32FDA1780      (void*)
	[RSP+7E8] 0x7FFD69A9C4DE     (void* -> tier0_s64.dll+000C4DE	test rax, rax)
	[RSP+7F0] 0x0                (size_t) [0]
	[RSP+7F8] 0x0                (size_t) [0]
	[RSP+800] 0x0                (size_t) [0]
	[RSP+808] 0x7FF71D5644E3     (void* -> Fallout4.exe+00244E3	mov esi, eax |  BSSpinLock::Lock(char*)_244E3)
	[RSP+810] 0x1B32FE30070      (void*)
	[RSP+818] 0x7FFD668BAA26     (void* -> steamclient64.dll+082AA26	mov [rdi], r15)
	[RSP+820] 0x0                (size_t) [0]
	[RSP+828] 0x1B32FD91920      (char*) "p"
	[RSP+830] 0x7FF722FFD378     (void* -> Fallout4.exe+5ABD378	add [rax], al |  aDiveBombChance_5ABD378)
	[RSP+838] 0x7FF71E1456ED     (void* -> Fallout4.exe+0C056ED	xor r12d, r12d |  BSTEventSource<PipboyValueChangedEvent>::Notify(PipboyValueChangedEvent&)_C056ED)
	[RSP+840] 0x7FF722FFD450     (void* -> Fallout4.exe+5ABD450	xor al, cl |  aDiveBombChance_5ABD450)
	[RSP+848] 0x1                (size_t) [1]
	[RSP+850] 0xB                (size_t) [11]
	[RSP+858] 0x7FFD668B9CE3     (void* -> steamclient64.dll+0829CE3	cmp dword ptr [rbx+0x08], 0x20)
	[RSP+860] 0xB151FCFD19       (void*)
	[RSP+868] 0x7FF71E1443B4     (void* -> Fallout4.exe+0C043B4	inc ebx |  PipboyArray::ClearDirtyToGame(void)_C043B4)
	[RSP+870] 0x0                (size_t) [0]
	[RSP+878] 0x7125FC50         (void* -> steam_api64.dll+002FC50	xor [rbx-0x1E], cl)
	[RSP+880] 0x1                (size_t) [1]
	[RSP+888] 0x0                (size_t) [0]
	[RSP+890] 0x1B35AB18150      (void*)
	[RSP+898] 0x7FF71E1715E6     (void* -> Fallout4.exe+0C315E6	add rbx, 0x18 |  PipboyObject::ClearDirtyToGame(void)_C315E6)
	[RSP+8A0] 0x1B35AB18048      (void*)
	[RSP+8A8] 0x1                (size_t) [1]
	[RSP+8B0] 0x7FF722FFD450     (void* -> Fallout4.exe+5ABD450	xor al, cl |  aDiveBombChance_5ABD450)
	[RSP+8B8] 0x0                (size_t) [0]
	[RSP+8C0] 0x1B35AB17F40      (void*)
	[RSP+8C8] 0x7FF71E1715E6     (void* -> Fallout4.exe+0C315E6	add rbx, 0x18 |  PipboyObject::ClearDirtyToGame(void)_C315E6)
	[RSP+8D0] 0x0                (size_t) [0]
	[RSP+8D8] 0x7FF722FFC790     (void* -> Fallout4.exe+5ABC790	add [rax], al |  aDiveBombChance_5ABC790)
	[RSP+8E0] 0x7FF722FFD4A8     (void* -> Fallout4.exe+5ABD4A8	add [rax], al |  aDiveBombChance_5ABD4A8)
	[RSP+8E8] 0x1                (size_t) [1]
	[RSP+8F0] 0x0                (size_t) [0]
	[RSP+8F8] 0x7FF71F05093F     (void* -> Fallout4.exe+1B1093F	cmp [rdi], eax |  BSReadWriteLock::LockForRead(void)_1B1093F)
	[RSP+900] 0x7FF722FFD450     (void* -> Fallout4.exe+5ABD450	xor al, cl |  aDiveBombChance_5ABD450)
	[RSP+908] 0x1                (size_t) [1]
	[RSP+910] 0x0                (size_t) [0]
	[RSP+918] 0x0                (size_t) [0]
	[RSP+920] 0x0                (size_t) [0]
	[RSP+928] 0x0                (size_t) [0]
	[RSP+930] 0x0                (size_t) [0]
	[RSP+938] 0x7FF722FABDC0     (JobListManager::ServingThread*)
	[RSP+940] 0x1B3E378B0E0      (void*)
	[RSP+948] 0x2                (size_t) [2]
	[RSP+950] 0x9C0              (size_t) [2496]
	[RSP+958] 0x7FF71E1FFF35     (void* -> Fallout4.exe+0CBFF35	mov rcx, [0x00007FF722E10898] |  long (mangled: JobListManager::ServingThread::DisplayLoadingScreen(void))_CBFF35)
	[RSP+960] 0x1B300000001      (void*)
	[RSP+968] 0x1                (size_t) [1]
	[RSP+970] 0x0                (size_t) [0]
	[RSP+978] 0x45               (size_t) [69]
	[RSP+980] 0x0                (size_t) [0]
	[RSP+988] 0x7FF71E20079D     (void* -> Fallout4.exe+0CC079D	jmp 0x00007FF71E2007A7 |  long (mangled: JobListManager::ServingThread::ThreadProc(void))_CC079D)
	[RSP+990] 0x7FF722FABDC0     (JobListManager::ServingThread*)
	[RSP+998] 0x0                (size_t) [0]
	[RSP+9A0] 0x0                (size_t) [0]
	[RSP+9A8] 0x5434             (size_t) [21556]
	[RSP+9B0] 0x7FF722FABDC0     (JobListManager::ServingThread*)
	[RSP+9B8] 0x7FF71F05CFED     (void* -> Fallout4.exe+1B1CFED	mov rcx, [0x00007FF72309BD38] |  BSThread::CallThreadProc(void)_1B1CFED)
	[RSP+9C0] 0x54C0             (size_t) [21696]
	[RSP+9C8] 0xB151FCFE00       (void*)
	[RSP+9D0] 0x1B3594BC4C0      (void*)
	[RSP+9D8] 0x0                (size_t) [0]
	[RSP+9E0] 0x7FF722FABDC0     (JobListManager::ServingThread*)
	[RSP+9E8] 0x0                (size_t) [0]
	[RSP+9F0] 0x0                (size_t) [0]
	[RSP+9F8] 0x7FFE3CE2E8D7     (void* -> KERNEL32.DLL+002E8D7	mov ecx, eax)
	[RSP+A00] 0x0                (size_t) [0]
	[RSP+A08] 0x0                (size_t) [0]
	[RSP+A10] 0x0                (size_t) [0]
	[RSP+A18] 0x0                (size_t) [0]
	[RSP+A20] 0x0                (size_t) [0]
	[RSP+A28] 0x7FFE3E59BF6C     (void* -> ntdll.dll+00BBF6C	jmp 0x00007FFE3E59BF96)
	[RSP+A30] 0x0                (size_t) [0]
	[RSP+A38] 0x0                (size_t) [0]
	[RSP+A40] 0x4F0FFFFFB30      (size_t) [5433133628208]
	[RSP+A48] 0x4D0FFFFFB30      (size_t) [5295694674736]
	[RSP+A50] 0x21               (size_t) [33]
	[RSP+A58] 0x7FFE3BE1AD90     (void* -> KERNELBASE.dll+011AD90	mov [rsp+0x10], rbx)
	[RSP+A60] 0xB151FCDF00       (void*)
	[RSP+A68] 0xB151FCDF00       (void*)
	[RSP+A70] 0x0                (size_t) [0]
	[RSP+A78] 0x0                (size_t) [0]
	[RSP+A80] 0x0                (size_t) [0]
	[RSP+A88] 0x0                (size_t) [0]
	[RSP+A90] 0x0                (size_t) [0]
	[RSP+A98] 0x0                (size_t) [0]
	[RSP+AA0] 0x0                (size_t) [0]
	[RSP+AA8] 0x0                (size_t) [0]
	[RSP+AB0] 0x0                (size_t) [0]
	[RSP+AB8] 0x0                (size_t) [0]
	[RSP+AC0] 0x0                (size_t) [0]
	[RSP+AC8] 0x0                (size_t) [0]
	[RSP+AD0] 0x0                (size_t) [0]
	[RSP+AD8] 0x0                (size_t) [0]
	[RSP+AE0] 0x0                (size_t) [0]
	[RSP+AE8] 0x0                (size_t) [0]
	[RSP+AF0] 0x0                (size_t) [0]
	[RSP+AF8] 0x0                (size_t) [0]
	[RSP+B00] 0x0                (size_t) [0]
	[RSP+B08] 0x0                (size_t) [0]
	[RSP+B10] 0x0                (size_t) [0]
	[RSP+B18] 0x0                (size_t) [0]
	[RSP+B20] 0x0                (size_t) [0]
	[RSP+B28] 0x0                (size_t) [0]
	[RSP+B30] 0x0                (size_t) [0]
	[RSP+B38] 0x0                (size_t) [0]
	[RSP+B40] 0x0                (size_t) [0]
	[RSP+B48] 0x0                (size_t) [0]
	[RSP+B50] 0x0                (size_t) [0]
	[RSP+B58] 0x0                (size_t) [0]
	[RSP+B60] 0x0                (size_t) [0]
	[RSP+B68] 0x0                (size_t) [0]
	[RSP+B70] 0x0                (size_t) [0]
	[RSP+B78] 0x0                (size_t) [0]
	[RSP+B80] 0x0                (size_t) [0]
	[RSP+B88] 0x0                (size_t) [0]
	[RSP+B90] 0x0                (size_t) [0]
	[RSP+B98] 0x0                (size_t) [0]
	[RSP+BA0] 0x0                (size_t) [0]
	[RSP+BA8] 0x0                (size_t) [0]
	[RSP+BB0] 0x0                (size_t) [0]
	[RSP+BB8] 0x0                (size_t) [0]
	[RSP+BC0] 0x0                (size_t) [0]
	[RSP+BC8] 0x0                (size_t) [0]
	[RSP+BD0] 0x0                (size_t) [0]
	[RSP+BD8] 0x0                (size_t) [0]

MODULES:
	XINPUT1_3.dll                      0x000000400000
	X3DAudio1_7.dll                    0x000071220000
	steam_api64.dll                    0x000071230000
	LL_fourPlay_1_10_163.dll           0x000180000000
	BakaFramework.dll                  0x01B334DF0000
	wintrust.dll                       0x01B3CD600000
	Fallout4.exe                       0x7FF71D540000
	NvCamera64.dll                     0x7FFCD5A00000
	d3dcompiler_47_64.dll              0x7FFCD92A0000
	gameoverlayrenderer64.dll          0x7FFCD96B0000
	XAudio2_7.dll                      0x7FFCD9F50000
	XDI.dll                            0x7FFCD9FE0000
	x-cell-og.dll                      0x7FFCDA050000
	wsfw_identifier.dll                0x7FFCDA1A0000
	WhoseQuestIsItAnywayF4.dll         0x7FFCDA2A0000
	WeaponDebrisCrashFix.dll           0x7FFCDA300000
	UnlimitedFastTravel.dll            0x7FFCDA350000
	SUP_F4SE.dll                       0x7FFCDA3A0000
	SprintStutteringFix.dll            0x7FFCDA5D0000
	SettlementOfUnlimitedSize.dll      0x7FFCDA620000
	RobCo_Patcher.dll                  0x7FFCDA670000
	PowerGridTools.dll                 0x7FFCDA750000
	po3_SpellPerkItemDistributorF4.dll 0x7FFCDA7C0000
	po3_SimpleOffenceSuppressionF4.dll 0x7FFCDA8D0000
	po3_BaseObjectSwapperF4.dll        0x7FFCDA960000
	place.dll                          0x7FFCDAA60000
	MODExplorer.dll                    0x7FFCDAAE0000
	MentatsF4SE.dll                    0x7FFCDAB60000
	MeleeAndThrow.dll                  0x7FFCDAC70000
	mcm.dll                            0x7FFCDACC0000
	LighthousePapyrusExtender.dll      0x7FFCDAD60000
	HighFPSPhysicsFix.dll              0x7FFCDAEB0000
	HHS.dll                            0x7FFCDAFC0000
	Buffout4.dll                       0x7FFCDB0B0000
	GardenOfEdenPapyrusExtender.dll    0x7FFCE0350000
	BackportedBA2Support.dll           0x7FFCE0650000
	WINHTTP.dll                        0x7FFCE1310000
	MagicSystemFixes.dll               0x7FFCE1640000
	Interior-NavCut-Fix.dll            0x7FFCE16C0000
	GCBugFix.dll                       0x7FFCE1710000
	FollowerStrayBulletFix.dll         0x7FFCE1800000
	PlotUI.dll                         0x7FFCE6530000
	FollowerAIApproachReactionFix.dll  0x7FFCE6570000
	VoltekLib.Detours.dll              0x7FFCE65C0000
	f4se_steam_loader.dll              0x7FFCE67B0000
	MSVCR110.dll                       0x7FFCE67F0000
	f4ee.dll                           0x7FFCE68F0000
	EscapeFreeze.dll                   0x7FFCE6A00000
	DisableCompanionCollision.dll      0x7FFCE6AC0000
	crafting_highlight_fix.dll         0x7FFCE6B20000
	ConsoleUtilF4.dll                  0x7FFCE6B70000
	cbp.dll                            0x7FFCE6BC0000
	f4se_1_10_163.dll                  0x7FFCE6D30000
	encounter_zone_recalculation.dll   0x7FFCE6F20000
	VoltekLib.RelocationDatabase.dll   0x7FFCF6720000
	flexRelease_x64.dll                0x7FFCF6760000
	VoltekLib.MemoryManager.dll        0x7FFCF6930000
	GFSDK_SSAO_D3D11.win64.dll         0x7FFCF6960000
	cudart64_75.dll                    0x7FFCF7240000
	MSVCP110.dll                       0x7FFCF72A0000
	GFSDK_GodraysLib.x64.dll           0x7FFCF75F0000
	bink2w64.dll                       0x7FFCF7650000
	flexExtRelease_x64.dll             0x7FFCF77F0000
	CONCRT140.dll                      0x7FFD32B30000
	VoltekLib.UnicodeConverter.dll     0x7FFD405F0000
	BetterConsole.dll                  0x7FFD40630000
	steamclient64.dll                  0x7FFD66090000
	tier0_s64.dll                      0x7FFD69A90000
	vstdlib_s64.dll                    0x7FFD6A710000
	MSVCP140_ATOMIC_WAIT.dll           0x7FFD961F0000
	msdmo.dll                          0x7FFD962D0000
	ResampleDmo.DLL                    0x7FFD962F0000
	DSOUND.DLL                         0x7FFD963B0000
	DINPUT8.dll                        0x7FFDBEA70000
	MessageBus.dll                     0x7FFDBEBF0000
	nvppex.dll                         0x7FFDDEDB0000
	ConsoleEx.dll                      0x7FFDF9A90000
	ArmorPenetrationBugFix.dll         0x7FFDF9AD0000
	usvfs_x64.dll                      0x7FFE039B0000
	nvspcap64.dll                      0x7FFE0BB50000
	winmmbase.dll                      0x7FFE0D740000
	inputhost.dll                      0x7FFE1A820000
	textinputframework.dll             0x7FFE1B100000
	OneCoreCommonProxyStub.dll         0x7FFE1BB10000
	Windows.UI.dll                     0x7FFE1CDE0000
	nvToolsExt64_1.dll                 0x7FFE1D0A0000
	XINPUT9_1_0.dll                    0x7FFE1D0D0000
	MSVCP140.dll                       0x7FFE221D0000
	VCRUNTIME140.dll                   0x7FFE22260000
	VCRUNTIME140_1.dll                 0x7FFE22280000
	WININET.dll                        0x7FFE227D0000
	AUDIOSES.DLL                       0x7FFE238B0000
	COMCTL32.dll                       0x7FFE262E0000
	gdiplus.dll                        0x7FFE26580000
	MSIMG32.dll                        0x7FFE26760000
	NvMessageBus.dll                   0x7FFE27260000
	nvapi64.dll                        0x7FFE275D0000
	nvwgf2umx.dll                      0x7FFE288D0000
	OneCoreUAPCommonProxyStub.dll      0x7FFE2DF80000
	WINMM.dll                          0x7FFE2EAD0000
	NvMemMapStoragex.dll               0x7FFE2EB10000
	dbghelp.dll                        0x7FFE2F150000
	nvgpucomp64.dll                    0x7FFE2FEA0000
	drvstore.dll                       0x7FFE33B60000
	cryptnet.dll                       0x7FFE33D70000
	VERSION.dll                        0x7FFE33E60000
	nvldumdx.dll                       0x7FFE33E70000
	CoreUIComponents.dll               0x7FFE342E0000
	WINHTTP.DLL                        0x7FFE34A70000
	dhcpcsvc.DLL                       0x7FFE34D10000
	avrt.dll                           0x7FFE34D40000
	MMDevApi.dll                       0x7FFE35040000
	Microsoft.Internal.WarpPal.dll     0x7FFE36730000
	WindowsCodecs.dll                  0x7FFE36830000
	d3d11.dll                          0x7FFE37120000
	dcomp.dll                          0x7FFE37B40000
	CoreMessaging.dll                  0x7FFE383D0000
	apphelp.dll                        0x7FFE38800000
	Secur32.dll                        0x7FFE388A0000
	UxTheme.dll                        0x7FFE38940000
	dxcore.dll                         0x7FFE38AF0000
	directxdatabasehelper.dll          0x7FFE38B60000
	dxgi.dll                           0x7FFE38BC0000
	dwmapi.dll                         0x7FFE38D20000
	resourcepolicyclient.dll           0x7FFE390A0000
	windows.storage.dll                0x7FFE393A0000
	HID.DLL                            0x7FFE39BF0000
	IPHLPAPI.DLL                       0x7FFE39EE0000
	rsaenh.dll                         0x7FFE3A420000
	kernel.appcore.dll                 0x7FFE3A4C0000
	ntmarta.dll                        0x7FFE3A5E0000
	SSPICLI.DLL                        0x7FFE3A7D0000
	MSWSOCK.dll                        0x7FFE3AA30000
	gpapi.dll                          0x7FFE3AAC0000
	UMPDC.dll                          0x7FFE3AB20000
	POWRPROF.dll                       0x7FFE3AB40000
	CRYPTBASE.DLL                      0x7FFE3AD00000
	wldp.dll                           0x7FFE3ADA0000
	CRYPTSP.dll                        0x7FFE3AE80000
	msasn1.dll                         0x7FFE3AEE0000
	bcrypt.dll                         0x7FFE3B010000
	devobj.dll                         0x7FFE3B340000
	CFGMGR32.dll                       0x7FFE3B370000
	profapi.dll                        0x7FFE3B5F0000
	msvcp_win.dll                      0x7FFE3B6E0000
	gdi32full.dll                      0x7FFE3B790000
	ucrtbase.dll                       0x7FFE3B8D0000
	CRYPT32.dll                        0x7FFE3BA20000
	bcryptPrimitives.dll               0x7FFE3BC60000
	KERNELBASE.dll                     0x7FFE3BD00000
	wintypes.dll                       0x7FFE3C0D0000
	win32u.dll                         0x7FFE3C2D0000
	imagehlp.dll                       0x7FFE3C300000
	NSI.dll                            0x7FFE3C330000
	clbcatq.dll                        0x7FFE3C340000
	OLEAUT32.dll                       0x7FFE3C3F0000
	IMM32.DLL                          0x7FFE3C4D0000
	SHELL32.dll                        0x7FFE3C510000
	USER32.dll                         0x7FFE3CC30000
	KERNEL32.DLL                       0x7FFE3CE00000
	MSCTF.dll                          0x7FFE3D0B0000
	ole32.dll                          0x7FFE3D210000
	GDI32.dll                          0x7FFE3D3B0000
	msvcrt.dll                         0x7FFE3D3E0000
	shcore.dll                         0x7FFE3D4A0000
	PSAPI.DLL                          0x7FFE3D6C0000
	combase.dll                        0x7FFE3D6D0000
	WS2_32.dll                         0x7FFE3DA60000
	sechost.dll                        0x7FFE3DAE0000
	RPCRT4.dll                         0x7FFE3DC10000
	SHLWAPI.dll                        0x7FFE3DD30000
	ADVAPI32.dll                       0x7FFE3DD90000
	SETUPAPI.dll                       0x7FFE3DE70000
	COMDLG32.dll                       0x7FFE3E300000
	ntdll.dll                          0x7FFE3E4E0000

F4SE PLUGINS:
	ArmorPenetrationBugFix.dll v1
	BackportedBA2Support.dll v1
	BakaFramework.dll v1.10
	BetterConsole.dll
	Buffout4.dll v1.37
	cbp.dll
	ConsoleEx.dll v1.2
	ConsoleUtilF4.dll v1.0.1
	crafting_highlight_fix.dll
	DisableCompanionCollision.dll v1.0.1
	encounter_zone_recalculation.dll
	EscapeFreeze.dll v1
	f4ee.dll
	FollowerAIApproachReactionFix.dll v1
	FollowerStrayBulletFix.dll v1
	GardenOfEdenPapyrusExtender.dll v19.5
	GCBugFix.dll
	HHS.dll
	HighFPSPhysicsFix.dll v0.8.11
	Interior-NavCut-Fix.dll v1.0.3
	LighthousePapyrusExtender.dll v1.13
	LL_fourPlay_1_10_163.dll
	MagicSystemFixes.dll v1.1
	mcm.dll
	MeleeAndThrow.dll v1
	MentatsF4SE.dll v1
	MODExplorer.dll
	place.dll
	PlotUI.dll
	po3_BaseObjectSwapperF4.dll v1.1
	po3_SimpleOffenceSuppressionF4.dll v1
	po3_SpellPerkItemDistributorF4.dll v2
	PowerGridTools.dll
	RobCo_Patcher.dll v3.6
	SettlementOfUnlimitedSize.dll
	SprintStutteringFix.dll v1.3
	SUP_F4SE.dll
	UnlimitedFastTravel.dll
	WeaponDebrisCrashFix.dll v1.3
	WhoseQuestIsItAnywayF4.dll v1
	wsfw_identifier.dll
	x-cell-og.dll v2
	XDI.dll

PLUGINS:
